[2025-10-20 03:14:03] This is codeql database index-files --include-extension=.xml --include-extension=.wsdd --size-limit 10m --language xml -- C:\Sidd all in one\Unsafe\Lab6\CodeQL-Databases\gson-codeql-db
[2025-10-20 03:14:03] Log file was started late.
[2025-10-20 03:14:03] Using index-files script C:\Sidd all in one\Unsafe\Lab6\Tools\codeql\xml\tools\index-files.cmd.
[2025-10-20 03:14:03] [PROGRESS] database index-files> Scanning for files in C:\Sidd all in one\Unsafe\Lab6\Repos\gson...
[2025-10-20 03:14:03] Calling plumbing command: codeql resolve files --include-extension=.xml --include-extension=.wsdd --size-limit=10m C:\Sidd all in one\Unsafe\Lab6\Repos\gson --format=json
[2025-10-20 03:14:03] [PROGRESS] resolve files> Scanning C:\Sidd all in one\Unsafe\Lab6\Repos\gson...
[2025-10-20 03:14:03] [PROGRESS] resolve files> Scanning C:\Sidd all in one\Unsafe\Lab6\Repos\gson\.git...
[2025-10-20 03:14:03] [PROGRESS] resolve files> Scanning C:\Sidd all in one\Unsafe\Lab6\Repos\gson\.git\hooks...
[2025-10-20 03:14:03] [PROGRESS] resolve files> Scanning C:\Sidd all in one\Unsafe\Lab6\Repos\gson\.git\info...
[2025-10-20 03:14:03] [PROGRESS] resolve files> Scanning C:\Sidd all in one\Unsafe\Lab6\Repos\gson\.git\logs...
[2025-10-20 03:14:03] [PROGRESS] resolve files> Scanning C:\Sidd all in one\Unsafe\Lab6\Repos\gson\.git\logs\refs...
[2025-10-20 03:14:03] [PROGRESS] resolve files> Scanning C:\Sidd all in one\Unsafe\Lab6\Repos\gson\.git\logs\refs\heads...
[2025-10-20 03:14:03] [PROGRESS] resolve files> Scanning C:\Sidd all in one\Unsafe\Lab6\Repos\gson\.git\logs\refs\remotes...
[2025-10-20 03:14:03] [PROGRESS] resolve files> Scanning C:\Sidd all in one\Unsafe\Lab6\Repos\gson\.git\logs\refs\remotes\origin...
[2025-10-20 03:14:03] [PROGRESS] resolve files> Scanning C:\Sidd all in one\Unsafe\Lab6\Repos\gson\.git\objects...
[2025-10-20 03:14:03] [PROGRESS] resolve files> Scanning C:\Sidd all in one\Unsafe\Lab6\Repos\gson\.git\objects\info...
[2025-10-20 03:14:03] [PROGRESS] resolve files> Scanning C:\Sidd all in one\Unsafe\Lab6\Repos\gson\.git\objects\pack...
[2025-10-20 03:14:03] [PROGRESS] resolve files> Scanning C:\Sidd all in one\Unsafe\Lab6\Repos\gson\.git\refs...
[2025-10-20 03:14:03] [PROGRESS] resolve files> Scanning C:\Sidd all in one\Unsafe\Lab6\Repos\gson\.git\refs\heads...
[2025-10-20 03:14:03] [PROGRESS] resolve files> Scanning C:\Sidd all in one\Unsafe\Lab6\Repos\gson\.git\refs\remotes...
[2025-10-20 03:14:03] [PROGRESS] resolve files> Scanning C:\Sidd all in one\Unsafe\Lab6\Repos\gson\.git\refs\remotes\origin...
[2025-10-20 03:14:03] [PROGRESS] resolve files> Scanning C:\Sidd all in one\Unsafe\Lab6\Repos\gson\.git\refs\tags...
[2025-10-20 03:14:03] [PROGRESS] resolve files> Scanning C:\Sidd all in one\Unsafe\Lab6\Repos\gson\.github...
[2025-10-20 03:14:03] [PROGRESS] resolve files> Scanning C:\Sidd all in one\Unsafe\Lab6\Repos\gson\.github\ISSUE_TEMPLATE...
[2025-10-20 03:14:03] [PROGRESS] resolve files> Scanning C:\Sidd all in one\Unsafe\Lab6\Repos\gson\.github\workflows...
[2025-10-20 03:14:03] [PROGRESS] resolve files> Scanning C:\Sidd all in one\Unsafe\Lab6\Repos\gson\.mvn...
[2025-10-20 03:14:03] [PROGRESS] resolve files> Scanning C:\Sidd all in one\Unsafe\Lab6\Repos\gson\extras...
[2025-10-20 03:14:03] [PROGRESS] resolve files> Scanning C:\Sidd all in one\Unsafe\Lab6\Repos\gson\extras\src...
[2025-10-20 03:14:03] [PROGRESS] resolve files> Scanning C:\Sidd all in one\Unsafe\Lab6\Repos\gson\extras\src\main...
[2025-10-20 03:14:03] [PROGRESS] resolve files> Scanning C:\Sidd all in one\Unsafe\Lab6\Repos\gson\extras\src\main\java...
[2025-10-20 03:14:03] [PROGRESS] resolve files> Scanning C:\Sidd all in one\Unsafe\Lab6\Repos\gson\extras\src\main\java\com...
[2025-10-20 03:14:03] [PROGRESS] resolve files> Scanning C:\Sidd all in one\Unsafe\Lab6\Repos\gson\extras\src\main\java\com\google...
[2025-10-20 03:14:03] [PROGRESS] resolve files> Scanning C:\Sidd all in one\Unsafe\Lab6\Repos\gson\extras\src\main\java\com\google\gson...
[2025-10-20 03:14:03] [PROGRESS] resolve files> Scanning C:\Sidd all in one\Unsafe\Lab6\Repos\gson\extras\src\main\java\com\google\gson\extras...
[2025-10-20 03:14:03] [PROGRESS] resolve files> Scanning C:\Sidd all in one\Unsafe\Lab6\Repos\gson\extras\src\main\java\com\google\gson\extras\examples...
[2025-10-20 03:14:03] [PROGRESS] resolve files> Scanning C:\Sidd all in one\Unsafe\Lab6\Repos\gson\extras\src\main\java\com\google\gson\extras\examples\rawcollections...
[2025-10-20 03:14:03] [PROGRESS] resolve files> Scanning C:\Sidd all in one\Unsafe\Lab6\Repos\gson\extras\src\main\java\com\google\gson\graph...
[2025-10-20 03:14:03] [PROGRESS] resolve files> Scanning C:\Sidd all in one\Unsafe\Lab6\Repos\gson\extras\src\main\java\com\google\gson\interceptors...
[2025-10-20 03:14:03] [PROGRESS] resolve files> Scanning C:\Sidd all in one\Unsafe\Lab6\Repos\gson\extras\src\main\java\com\google\gson\typeadapters...
[2025-10-20 03:14:03] [PROGRESS] resolve files> Scanning C:\Sidd all in one\Unsafe\Lab6\Repos\gson\extras\src\test...
[2025-10-20 03:14:03] [PROGRESS] resolve files> Scanning C:\Sidd all in one\Unsafe\Lab6\Repos\gson\extras\src\test\java...
[2025-10-20 03:14:03] [PROGRESS] resolve files> Scanning C:\Sidd all in one\Unsafe\Lab6\Repos\gson\extras\src\test\java\com...
[2025-10-20 03:14:03] [PROGRESS] resolve files> Scanning C:\Sidd all in one\Unsafe\Lab6\Repos\gson\extras\src\test\java\com\google...
[2025-10-20 03:14:03] [PROGRESS] resolve files> Scanning C:\Sidd all in one\Unsafe\Lab6\Repos\gson\extras\src\test\java\com\google\gson...
[2025-10-20 03:14:03] [PROGRESS] resolve files> Scanning C:\Sidd all in one\Unsafe\Lab6\Repos\gson\extras\src\test\java\com\google\gson\graph...
[2025-10-20 03:14:03] [PROGRESS] resolve files> Scanning C:\Sidd all in one\Unsafe\Lab6\Repos\gson\extras\src\test\java\com\google\gson\interceptors...
[2025-10-20 03:14:03] [PROGRESS] resolve files> Scanning C:\Sidd all in one\Unsafe\Lab6\Repos\gson\extras\src\test\java\com\google\gson\typeadapters...
[2025-10-20 03:14:03] [PROGRESS] resolve files> Scanning C:\Sidd all in one\Unsafe\Lab6\Repos\gson\extras\target...
[2025-10-20 03:14:03] [PROGRESS] resolve files> Scanning C:\Sidd all in one\Unsafe\Lab6\Repos\gson\extras\target\classes...
[2025-10-20 03:14:03] [PROGRESS] resolve files> Scanning C:\Sidd all in one\Unsafe\Lab6\Repos\gson\extras\target\classes\com...
[2025-10-20 03:14:03] [PROGRESS] resolve files> Scanning C:\Sidd all in one\Unsafe\Lab6\Repos\gson\extras\target\classes\com\google...
[2025-10-20 03:14:03] [PROGRESS] resolve files> Scanning C:\Sidd all in one\Unsafe\Lab6\Repos\gson\extras\target\classes\com\google\gson...
[2025-10-20 03:14:03] [PROGRESS] resolve files> Scanning C:\Sidd all in one\Unsafe\Lab6\Repos\gson\extras\target\classes\com\google\gson\extras...
[2025-10-20 03:14:03] [PROGRESS] resolve files> Scanning C:\Sidd all in one\Unsafe\Lab6\Repos\gson\extras\target\classes\com\google\gson\extras\examples...
[2025-10-20 03:14:03] [PROGRESS] resolve files> Scanning C:\Sidd all in one\Unsafe\Lab6\Repos\gson\extras\target\classes\com\google\gson\extras\examples\rawcollections...
[2025-10-20 03:14:03] [PROGRESS] resolve files> Scanning C:\Sidd all in one\Unsafe\Lab6\Repos\gson\extras\target\classes\com\google\gson\graph...
[2025-10-20 03:14:03] [PROGRESS] resolve files> Scanning C:\Sidd all in one\Unsafe\Lab6\Repos\gson\extras\target\classes\com\google\gson\interceptors...
[2025-10-20 03:14:03] [PROGRESS] resolve files> Scanning C:\Sidd all in one\Unsafe\Lab6\Repos\gson\extras\target\classes\com\google\gson\typeadapters...
[2025-10-20 03:14:03] [PROGRESS] resolve files> Scanning C:\Sidd all in one\Unsafe\Lab6\Repos\gson\extras\target\generated-sources...
[2025-10-20 03:14:03] [PROGRESS] resolve files> Scanning C:\Sidd all in one\Unsafe\Lab6\Repos\gson\extras\target\generated-sources\annotations...
[2025-10-20 03:14:03] [PROGRESS] resolve files> Scanning C:\Sidd all in one\Unsafe\Lab6\Repos\gson\extras\target\generated-test-sources...
[2025-10-20 03:14:03] [PROGRESS] resolve files> Scanning C:\Sidd all in one\Unsafe\Lab6\Repos\gson\extras\target\generated-test-sources\test-annotations...
[2025-10-20 03:14:03] [PROGRESS] resolve files> Scanning C:\Sidd all in one\Unsafe\Lab6\Repos\gson\extras\target\maven-archiver...
[2025-10-20 03:14:03] [PROGRESS] resolve files> Scanning C:\Sidd all in one\Unsafe\Lab6\Repos\gson\extras\target\maven-status...
[2025-10-20 03:14:03] [PROGRESS] resolve files> Scanning C:\Sidd all in one\Unsafe\Lab6\Repos\gson\extras\target\maven-status\maven-compiler-plugin...
[2025-10-20 03:14:03] [PROGRESS] resolve files> Scanning C:\Sidd all in one\Unsafe\Lab6\Repos\gson\extras\target\maven-status\maven-compiler-plugin\compile...
[2025-10-20 03:14:03] [PROGRESS] resolve files> Scanning C:\Sidd all in one\Unsafe\Lab6\Repos\gson\extras\target\maven-status\maven-compiler-plugin\compile\default-compile...
[2025-10-20 03:14:03] [PROGRESS] resolve files> Scanning C:\Sidd all in one\Unsafe\Lab6\Repos\gson\extras\target\maven-status\maven-compiler-plugin\testCompile...
[2025-10-20 03:14:03] [PROGRESS] resolve files> Scanning C:\Sidd all in one\Unsafe\Lab6\Repos\gson\extras\target\maven-status\maven-compiler-plugin\testCompile\default-testCompile...
[2025-10-20 03:14:03] [PROGRESS] resolve files> Scanning C:\Sidd all in one\Unsafe\Lab6\Repos\gson\extras\target\surefire-reports...
[2025-10-20 03:14:03] [PROGRESS] resolve files> Scanning C:\Sidd all in one\Unsafe\Lab6\Repos\gson\extras\target\test-classes...
[2025-10-20 03:14:03] [PROGRESS] resolve files> Scanning C:\Sidd all in one\Unsafe\Lab6\Repos\gson\extras\target\test-classes\com...
[2025-10-20 03:14:03] [PROGRESS] resolve files> Scanning C:\Sidd all in one\Unsafe\Lab6\Repos\gson\extras\target\test-classes\com\google...
[2025-10-20 03:14:03] [PROGRESS] resolve files> Scanning C:\Sidd all in one\Unsafe\Lab6\Repos\gson\extras\target\test-classes\com\google\gson...
[2025-10-20 03:14:03] [PROGRESS] resolve files> Scanning C:\Sidd all in one\Unsafe\Lab6\Repos\gson\extras\target\test-classes\com\google\gson\graph...
[2025-10-20 03:14:03] [PROGRESS] resolve files> Scanning C:\Sidd all in one\Unsafe\Lab6\Repos\gson\extras\target\test-classes\com\google\gson\interceptors...
[2025-10-20 03:14:03] [PROGRESS] resolve files> Scanning C:\Sidd all in one\Unsafe\Lab6\Repos\gson\extras\target\test-classes\com\google\gson\typeadapters...
[2025-10-20 03:14:03] [PROGRESS] resolve files> Scanning C:\Sidd all in one\Unsafe\Lab6\Repos\gson\gson...
[2025-10-20 03:14:03] [PROGRESS] resolve files> Scanning C:\Sidd all in one\Unsafe\Lab6\Repos\gson\gson\src...
[2025-10-20 03:14:03] [PROGRESS] resolve files> Scanning C:\Sidd all in one\Unsafe\Lab6\Repos\gson\gson\src\main...
[2025-10-20 03:14:03] [PROGRESS] resolve files> Scanning C:\Sidd all in one\Unsafe\Lab6\Repos\gson\gson\src\main\java...
[2025-10-20 03:14:03] [PROGRESS] resolve files> Scanning C:\Sidd all in one\Unsafe\Lab6\Repos\gson\gson\src\main\java\com...
[2025-10-20 03:14:03] [PROGRESS] resolve files> Scanning C:\Sidd all in one\Unsafe\Lab6\Repos\gson\gson\src\main\java\com\google...
[2025-10-20 03:14:03] [PROGRESS] resolve files> Scanning C:\Sidd all in one\Unsafe\Lab6\Repos\gson\gson\src\main\java\com\google\gson...
[2025-10-20 03:14:03] [PROGRESS] resolve files> Scanning C:\Sidd all in one\Unsafe\Lab6\Repos\gson\gson\src\main\java\com\google\gson\annotations...
[2025-10-20 03:14:03] [PROGRESS] resolve files> Scanning C:\Sidd all in one\Unsafe\Lab6\Repos\gson\gson\src\main\java\com\google\gson\internal...
[2025-10-20 03:14:03] [PROGRESS] resolve files> Scanning C:\Sidd all in one\Unsafe\Lab6\Repos\gson\gson\src\main\java\com\google\gson\internal\bind...
[2025-10-20 03:14:03] [PROGRESS] resolve files> Scanning C:\Sidd all in one\Unsafe\Lab6\Repos\gson\gson\src\main\java\com\google\gson\internal\bind\util...
[2025-10-20 03:14:03] [PROGRESS] resolve files> Scanning C:\Sidd all in one\Unsafe\Lab6\Repos\gson\gson\src\main\java\com\google\gson\internal\reflect...
[2025-10-20 03:14:03] [PROGRESS] resolve files> Scanning C:\Sidd all in one\Unsafe\Lab6\Repos\gson\gson\src\main\java\com\google\gson\internal\sql...
[2025-10-20 03:14:03] [PROGRESS] resolve files> Scanning C:\Sidd all in one\Unsafe\Lab6\Repos\gson\gson\src\main\java\com\google\gson\reflect...
[2025-10-20 03:14:03] [PROGRESS] resolve files> Scanning C:\Sidd all in one\Unsafe\Lab6\Repos\gson\gson\src\main\java\com\google\gson\stream...
[2025-10-20 03:14:03] [PROGRESS] resolve files> Scanning C:\Sidd all in one\Unsafe\Lab6\Repos\gson\gson\src\main\java-templates...
[2025-10-20 03:14:03] [PROGRESS] resolve files> Scanning C:\Sidd all in one\Unsafe\Lab6\Repos\gson\gson\src\main\java-templates\com...
[2025-10-20 03:14:03] [PROGRESS] resolve files> Scanning C:\Sidd all in one\Unsafe\Lab6\Repos\gson\gson\src\main\java-templates\com\google...
[2025-10-20 03:14:03] [PROGRESS] resolve files> Scanning C:\Sidd all in one\Unsafe\Lab6\Repos\gson\gson\src\main\java-templates\com\google\gson...
[2025-10-20 03:14:03] [PROGRESS] resolve files> Scanning C:\Sidd all in one\Unsafe\Lab6\Repos\gson\gson\src\main\java-templates\com\google\gson\internal...
[2025-10-20 03:14:03] [PROGRESS] resolve files> Scanning C:\Sidd all in one\Unsafe\Lab6\Repos\gson\gson\src\main\resources...
[2025-10-20 03:14:03] [PROGRESS] resolve files> Scanning C:\Sidd all in one\Unsafe\Lab6\Repos\gson\gson\src\main\resources\META-INF...
[2025-10-20 03:14:03] [PROGRESS] resolve files> Scanning C:\Sidd all in one\Unsafe\Lab6\Repos\gson\gson\src\main\resources\META-INF\proguard...
[2025-10-20 03:14:03] [PROGRESS] resolve files> Scanning C:\Sidd all in one\Unsafe\Lab6\Repos\gson\gson\src\test...
[2025-10-20 03:14:03] [PROGRESS] resolve files> Scanning C:\Sidd all in one\Unsafe\Lab6\Repos\gson\gson\src\test\java...
[2025-10-20 03:14:03] [PROGRESS] resolve files> Scanning C:\Sidd all in one\Unsafe\Lab6\Repos\gson\gson\src\test\java\com...
[2025-10-20 03:14:03] [PROGRESS] resolve files> Scanning C:\Sidd all in one\Unsafe\Lab6\Repos\gson\gson\src\test\java\com\google...
[2025-10-20 03:14:03] [PROGRESS] resolve files> Scanning C:\Sidd all in one\Unsafe\Lab6\Repos\gson\gson\src\test\java\com\google\gson...
[2025-10-20 03:14:03] [PROGRESS] resolve files> Scanning C:\Sidd all in one\Unsafe\Lab6\Repos\gson\gson\src\test\java\com\google\gson\common...
[2025-10-20 03:14:03] [PROGRESS] resolve files> Scanning C:\Sidd all in one\Unsafe\Lab6\Repos\gson\gson\src\test\java\com\google\gson\functional...
[2025-10-20 03:14:03] [PROGRESS] resolve files> Scanning C:\Sidd all in one\Unsafe\Lab6\Repos\gson\gson\src\test\java\com\google\gson\integration...
[2025-10-20 03:14:03] [PROGRESS] resolve files> Scanning C:\Sidd all in one\Unsafe\Lab6\Repos\gson\gson\src\test\java\com\google\gson\internal...
[2025-10-20 03:14:03] [PROGRESS] resolve files> Scanning C:\Sidd all in one\Unsafe\Lab6\Repos\gson\gson\src\test\java\com\google\gson\internal\bind...
[2025-10-20 03:14:03] [PROGRESS] resolve files> Scanning C:\Sidd all in one\Unsafe\Lab6\Repos\gson\gson\src\test\java\com\google\gson\internal\bind\util...
[2025-10-20 03:14:03] [PROGRESS] resolve files> Scanning C:\Sidd all in one\Unsafe\Lab6\Repos\gson\gson\src\test\java\com\google\gson\internal\reflect...
[2025-10-20 03:14:03] [PROGRESS] resolve files> Scanning C:\Sidd all in one\Unsafe\Lab6\Repos\gson\gson\src\test\java\com\google\gson\internal\sql...
[2025-10-20 03:14:03] [PROGRESS] resolve files> Scanning C:\Sidd all in one\Unsafe\Lab6\Repos\gson\gson\src\test\java\com\google\gson\metrics...
[2025-10-20 03:14:03] [PROGRESS] resolve files> Scanning C:\Sidd all in one\Unsafe\Lab6\Repos\gson\gson\src\test\java\com\google\gson\reflect...
[2025-10-20 03:14:03] [PROGRESS] resolve files> Scanning C:\Sidd all in one\Unsafe\Lab6\Repos\gson\gson\src\test\java\com\google\gson\stream...
[2025-10-20 03:14:03] [PROGRESS] resolve files> Scanning C:\Sidd all in one\Unsafe\Lab6\Repos\gson\gson\src\test\resources...
[2025-10-20 03:14:03] [PROGRESS] resolve files> Scanning C:\Sidd all in one\Unsafe\Lab6\Repos\gson\gson\target...
[2025-10-20 03:14:03] [PROGRESS] resolve files> Scanning C:\Sidd all in one\Unsafe\Lab6\Repos\gson\gson\target\classes...
[2025-10-20 03:14:03] [PROGRESS] resolve files> Scanning C:\Sidd all in one\Unsafe\Lab6\Repos\gson\gson\target\classes\com...
[2025-10-20 03:14:03] [PROGRESS] resolve files> Scanning C:\Sidd all in one\Unsafe\Lab6\Repos\gson\gson\target\classes\com\google...
[2025-10-20 03:14:03] [PROGRESS] resolve files> Scanning C:\Sidd all in one\Unsafe\Lab6\Repos\gson\gson\target\classes\com\google\gson...
[2025-10-20 03:14:03] [PROGRESS] resolve files> Scanning C:\Sidd all in one\Unsafe\Lab6\Repos\gson\gson\target\classes\com\google\gson\annotations...
[2025-10-20 03:14:03] [PROGRESS] resolve files> Scanning C:\Sidd all in one\Unsafe\Lab6\Repos\gson\gson\target\classes\com\google\gson\internal...
[2025-10-20 03:14:03] [PROGRESS] resolve files> Scanning C:\Sidd all in one\Unsafe\Lab6\Repos\gson\gson\target\classes\com\google\gson\internal\bind...
[2025-10-20 03:14:03] [PROGRESS] resolve files> Scanning C:\Sidd all in one\Unsafe\Lab6\Repos\gson\gson\target\classes\com\google\gson\internal\bind\util...
[2025-10-20 03:14:03] [PROGRESS] resolve files> Scanning C:\Sidd all in one\Unsafe\Lab6\Repos\gson\gson\target\classes\com\google\gson\internal\reflect...
[2025-10-20 03:14:03] [PROGRESS] resolve files> Scanning C:\Sidd all in one\Unsafe\Lab6\Repos\gson\gson\target\classes\com\google\gson\internal\sql...
[2025-10-20 03:14:03] [PROGRESS] resolve files> Scanning C:\Sidd all in one\Unsafe\Lab6\Repos\gson\gson\target\classes\com\google\gson\reflect...
[2025-10-20 03:14:03] [PROGRESS] resolve files> Scanning C:\Sidd all in one\Unsafe\Lab6\Repos\gson\gson\target\classes\com\google\gson\stream...
[2025-10-20 03:14:03] [PROGRESS] resolve files> Scanning C:\Sidd all in one\Unsafe\Lab6\Repos\gson\gson\target\classes\META-INF...
[2025-10-20 03:14:03] [PROGRESS] resolve files> Scanning C:\Sidd all in one\Unsafe\Lab6\Repos\gson\gson\target\classes\META-INF\proguard...
[2025-10-20 03:14:03] [PROGRESS] resolve files> Scanning C:\Sidd all in one\Unsafe\Lab6\Repos\gson\gson\target\failsafe-reports...
[2025-10-20 03:14:03] [PROGRESS] resolve files> Scanning C:\Sidd all in one\Unsafe\Lab6\Repos\gson\gson\target\generated-sources...
[2025-10-20 03:14:03] [PROGRESS] resolve files> Scanning C:\Sidd all in one\Unsafe\Lab6\Repos\gson\gson\target\generated-sources\annotations...
[2025-10-20 03:14:03] [PROGRESS] resolve files> Scanning C:\Sidd all in one\Unsafe\Lab6\Repos\gson\gson\target\generated-sources\java-templates...
[2025-10-20 03:14:03] [PROGRESS] resolve files> Scanning C:\Sidd all in one\Unsafe\Lab6\Repos\gson\gson\target\generated-sources\java-templates\com...
[2025-10-20 03:14:03] [PROGRESS] resolve files> Scanning C:\Sidd all in one\Unsafe\Lab6\Repos\gson\gson\target\generated-sources\java-templates\com\google...
[2025-10-20 03:14:03] [PROGRESS] resolve files> Scanning C:\Sidd all in one\Unsafe\Lab6\Repos\gson\gson\target\generated-sources\java-templates\com\google\gson...
[2025-10-20 03:14:03] [PROGRESS] resolve files> Scanning C:\Sidd all in one\Unsafe\Lab6\Repos\gson\gson\target\generated-sources\java-templates\com\google\gson\internal...
[2025-10-20 03:14:03] [PROGRESS] resolve files> Scanning C:\Sidd all in one\Unsafe\Lab6\Repos\gson\gson\target\generated-test-sources...
[2025-10-20 03:14:03] [PROGRESS] resolve files> Scanning C:\Sidd all in one\Unsafe\Lab6\Repos\gson\gson\target\generated-test-sources\test-annotations...
[2025-10-20 03:14:03] [PROGRESS] resolve files> Scanning C:\Sidd all in one\Unsafe\Lab6\Repos\gson\gson\target\maven-archiver...
[2025-10-20 03:14:03] [PROGRESS] resolve files> Scanning C:\Sidd all in one\Unsafe\Lab6\Repos\gson\gson\target\maven-status...
[2025-10-20 03:14:03] [PROGRESS] resolve files> Scanning C:\Sidd all in one\Unsafe\Lab6\Repos\gson\gson\target\maven-status\maven-compiler-plugin...
[2025-10-20 03:14:03] [PROGRESS] resolve files> Scanning C:\Sidd all in one\Unsafe\Lab6\Repos\gson\gson\target\maven-status\maven-compiler-plugin\compile...
[2025-10-20 03:14:03] [PROGRESS] resolve files> Scanning C:\Sidd all in one\Unsafe\Lab6\Repos\gson\gson\target\maven-status\maven-compiler-plugin\compile\default-compile...
[2025-10-20 03:14:03] [PROGRESS] resolve files> Scanning C:\Sidd all in one\Unsafe\Lab6\Repos\gson\gson\target\maven-status\maven-compiler-plugin\testCompile...
[2025-10-20 03:14:03] [PROGRESS] resolve files> Scanning C:\Sidd all in one\Unsafe\Lab6\Repos\gson\gson\target\maven-status\maven-compiler-plugin\testCompile\default-testCompile...
[2025-10-20 03:14:03] [PROGRESS] resolve files> Scanning C:\Sidd all in one\Unsafe\Lab6\Repos\gson\gson\target\moditect...
[2025-10-20 03:14:03] [PROGRESS] resolve files> Scanning C:\Sidd all in one\Unsafe\Lab6\Repos\gson\gson\target\moditect\generated-sources...
[2025-10-20 03:14:03] [PROGRESS] resolve files> Scanning C:\Sidd all in one\Unsafe\Lab6\Repos\gson\gson\target\modules...
[2025-10-20 03:14:03] [PROGRESS] resolve files> Scanning C:\Sidd all in one\Unsafe\Lab6\Repos\gson\gson\target\surefire-reports...
[2025-10-20 03:14:03] [PROGRESS] resolve files> Scanning C:\Sidd all in one\Unsafe\Lab6\Repos\gson\gson\target\test-classes...
[2025-10-20 03:14:03] [PROGRESS] resolve files> Scanning C:\Sidd all in one\Unsafe\Lab6\Repos\gson\gson\target\test-classes\com...
[2025-10-20 03:14:03] [PROGRESS] resolve files> Scanning C:\Sidd all in one\Unsafe\Lab6\Repos\gson\gson\target\test-classes\com\google...
[2025-10-20 03:14:03] [PROGRESS] resolve files> Scanning C:\Sidd all in one\Unsafe\Lab6\Repos\gson\gson\target\test-classes\com\google\gson...
[2025-10-20 03:14:03] [PROGRESS] resolve files> Scanning C:\Sidd all in one\Unsafe\Lab6\Repos\gson\gson\target\test-classes\com\google\gson\common...
[2025-10-20 03:14:03] [PROGRESS] resolve files> Scanning C:\Sidd all in one\Unsafe\Lab6\Repos\gson\gson\target\test-classes\com\google\gson\functional...
[2025-10-20 03:14:03] [PROGRESS] resolve files> Scanning C:\Sidd all in one\Unsafe\Lab6\Repos\gson\gson\target\test-classes\com\google\gson\integration...
[2025-10-20 03:14:03] [PROGRESS] resolve files> Scanning C:\Sidd all in one\Unsafe\Lab6\Repos\gson\gson\target\test-classes\com\google\gson\internal...
[2025-10-20 03:14:03] [PROGRESS] resolve files> Scanning C:\Sidd all in one\Unsafe\Lab6\Repos\gson\gson\target\test-classes\com\google\gson\internal\bind...
[2025-10-20 03:14:03] [PROGRESS] resolve files> Scanning C:\Sidd all in one\Unsafe\Lab6\Repos\gson\gson\target\test-classes\com\google\gson\internal\bind\util...
[2025-10-20 03:14:03] [PROGRESS] resolve files> Scanning C:\Sidd all in one\Unsafe\Lab6\Repos\gson\gson\target\test-classes\com\google\gson\internal\reflect...
[2025-10-20 03:14:03] [PROGRESS] resolve files> Scanning C:\Sidd all in one\Unsafe\Lab6\Repos\gson\gson\target\test-classes\com\google\gson\internal\sql...
[2025-10-20 03:14:03] [PROGRESS] resolve files> Scanning C:\Sidd all in one\Unsafe\Lab6\Repos\gson\gson\target\test-classes\com\google\gson\metrics...
[2025-10-20 03:14:03] [PROGRESS] resolve files> Scanning C:\Sidd all in one\Unsafe\Lab6\Repos\gson\gson\target\test-classes\com\google\gson\reflect...
[2025-10-20 03:14:03] [PROGRESS] resolve files> Scanning C:\Sidd all in one\Unsafe\Lab6\Repos\gson\gson\target\test-classes\com\google\gson\stream...
[2025-10-20 03:14:03] [PROGRESS] resolve files> Scanning C:\Sidd all in one\Unsafe\Lab6\Repos\gson\gson\target\test-classes-obfuscated-injar...
[2025-10-20 03:14:03] [PROGRESS] resolve files> Scanning C:\Sidd all in one\Unsafe\Lab6\Repos\gson\gson\target\test-classes-obfuscated-injar\com...
[2025-10-20 03:14:03] [PROGRESS] resolve files> Scanning C:\Sidd all in one\Unsafe\Lab6\Repos\gson\gson\target\test-classes-obfuscated-injar\com\google...
[2025-10-20 03:14:03] [PROGRESS] resolve files> Scanning C:\Sidd all in one\Unsafe\Lab6\Repos\gson\gson\target\test-classes-obfuscated-injar\com\google\gson...
[2025-10-20 03:14:03] [PROGRESS] resolve files> Scanning C:\Sidd all in one\Unsafe\Lab6\Repos\gson\gson\target\test-classes-obfuscated-injar\com\google\gson\functional...
[2025-10-20 03:14:03] [PROGRESS] resolve files> Scanning C:\Sidd all in one\Unsafe\Lab6\Repos\gson\gson\target\test-classes-obfuscated-outjar...
[2025-10-20 03:14:03] [PROGRESS] resolve files> Scanning C:\Sidd all in one\Unsafe\Lab6\Repos\gson\gson\target\test-classes-obfuscated-outjar\com...
[2025-10-20 03:14:03] [PROGRESS] resolve files> Scanning C:\Sidd all in one\Unsafe\Lab6\Repos\gson\gson\target\test-classes-obfuscated-outjar\com\google...
[2025-10-20 03:14:03] [PROGRESS] resolve files> Scanning C:\Sidd all in one\Unsafe\Lab6\Repos\gson\gson\target\test-classes-obfuscated-outjar\com\google\gson...
[2025-10-20 03:14:03] [PROGRESS] resolve files> Scanning C:\Sidd all in one\Unsafe\Lab6\Repos\gson\gson\target\test-classes-obfuscated-outjar\com\google\gson\functional...
[2025-10-20 03:14:03] [PROGRESS] resolve files> Scanning C:\Sidd all in one\Unsafe\Lab6\Repos\gson\metrics...
[2025-10-20 03:14:03] [PROGRESS] resolve files> Scanning C:\Sidd all in one\Unsafe\Lab6\Repos\gson\metrics\src...
[2025-10-20 03:14:03] [PROGRESS] resolve files> Scanning C:\Sidd all in one\Unsafe\Lab6\Repos\gson\metrics\src\main...
[2025-10-20 03:14:03] [PROGRESS] resolve files> Scanning C:\Sidd all in one\Unsafe\Lab6\Repos\gson\metrics\src\main\java...
[2025-10-20 03:14:03] [PROGRESS] resolve files> Scanning C:\Sidd all in one\Unsafe\Lab6\Repos\gson\metrics\src\main\java\com...
[2025-10-20 03:14:03] [PROGRESS] resolve files> Scanning C:\Sidd all in one\Unsafe\Lab6\Repos\gson\metrics\src\main\java\com\google...
[2025-10-20 03:14:03] [PROGRESS] resolve files> Scanning C:\Sidd all in one\Unsafe\Lab6\Repos\gson\metrics\src\main\java\com\google\gson...
[2025-10-20 03:14:03] [PROGRESS] resolve files> Scanning C:\Sidd all in one\Unsafe\Lab6\Repos\gson\metrics\src\main\java\com\google\gson\metrics...
[2025-10-20 03:14:03] [PROGRESS] resolve files> Scanning C:\Sidd all in one\Unsafe\Lab6\Repos\gson\metrics\src\main\resources...
[2025-10-20 03:14:03] [PROGRESS] resolve files> Scanning C:\Sidd all in one\Unsafe\Lab6\Repos\gson\metrics\target...
[2025-10-20 03:14:03] [PROGRESS] resolve files> Scanning C:\Sidd all in one\Unsafe\Lab6\Repos\gson\metrics\target\classes...
[2025-10-20 03:14:03] [PROGRESS] resolve files> Scanning C:\Sidd all in one\Unsafe\Lab6\Repos\gson\metrics\target\classes\com...
[2025-10-20 03:14:03] [PROGRESS] resolve files> Scanning C:\Sidd all in one\Unsafe\Lab6\Repos\gson\metrics\target\classes\com\google...
[2025-10-20 03:14:03] [PROGRESS] resolve files> Scanning C:\Sidd all in one\Unsafe\Lab6\Repos\gson\metrics\target\classes\com\google\gson...
[2025-10-20 03:14:03] [PROGRESS] resolve files> Scanning C:\Sidd all in one\Unsafe\Lab6\Repos\gson\metrics\target\classes\com\google\gson\metrics...
[2025-10-20 03:14:03] [PROGRESS] resolve files> Scanning C:\Sidd all in one\Unsafe\Lab6\Repos\gson\metrics\target\generated-sources...
[2025-10-20 03:14:03] [PROGRESS] resolve files> Scanning C:\Sidd all in one\Unsafe\Lab6\Repos\gson\metrics\target\generated-sources\annotations...
[2025-10-20 03:14:03] [PROGRESS] resolve files> Scanning C:\Sidd all in one\Unsafe\Lab6\Repos\gson\metrics\target\maven-archiver...
[2025-10-20 03:14:03] [PROGRESS] resolve files> Scanning C:\Sidd all in one\Unsafe\Lab6\Repos\gson\metrics\target\maven-status...
[2025-10-20 03:14:03] [PROGRESS] resolve files> Scanning C:\Sidd all in one\Unsafe\Lab6\Repos\gson\metrics\target\maven-status\maven-compiler-plugin...
[2025-10-20 03:14:03] [PROGRESS] resolve files> Scanning C:\Sidd all in one\Unsafe\Lab6\Repos\gson\metrics\target\maven-status\maven-compiler-plugin\compile...
[2025-10-20 03:14:03] [PROGRESS] resolve files> Scanning C:\Sidd all in one\Unsafe\Lab6\Repos\gson\metrics\target\maven-status\maven-compiler-plugin\compile\default-compile...
[2025-10-20 03:14:03] [PROGRESS] resolve files> Scanning C:\Sidd all in one\Unsafe\Lab6\Repos\gson\proto...
[2025-10-20 03:14:03] [PROGRESS] resolve files> Scanning C:\Sidd all in one\Unsafe\Lab6\Repos\gson\proto\src...
[2025-10-20 03:14:03] [PROGRESS] resolve files> Scanning C:\Sidd all in one\Unsafe\Lab6\Repos\gson\proto\src\main...
[2025-10-20 03:14:03] [PROGRESS] resolve files> Scanning C:\Sidd all in one\Unsafe\Lab6\Repos\gson\proto\src\main\java...
[2025-10-20 03:14:03] [PROGRESS] resolve files> Scanning C:\Sidd all in one\Unsafe\Lab6\Repos\gson\proto\src\main\java\com...
[2025-10-20 03:14:03] [PROGRESS] resolve files> Scanning C:\Sidd all in one\Unsafe\Lab6\Repos\gson\proto\src\main\java\com\google...
[2025-10-20 03:14:03] [PROGRESS] resolve files> Scanning C:\Sidd all in one\Unsafe\Lab6\Repos\gson\proto\src\main\java\com\google\gson...
[2025-10-20 03:14:03] [PROGRESS] resolve files> Scanning C:\Sidd all in one\Unsafe\Lab6\Repos\gson\proto\src\main\java\com\google\gson\protobuf...
[2025-10-20 03:14:03] [PROGRESS] resolve files> Scanning C:\Sidd all in one\Unsafe\Lab6\Repos\gson\proto\src\test...
[2025-10-20 03:14:03] [PROGRESS] resolve files> Scanning C:\Sidd all in one\Unsafe\Lab6\Repos\gson\proto\src\test\java...
[2025-10-20 03:14:03] [PROGRESS] resolve files> Scanning C:\Sidd all in one\Unsafe\Lab6\Repos\gson\proto\src\test\java\com...
[2025-10-20 03:14:03] [PROGRESS] resolve files> Scanning C:\Sidd all in one\Unsafe\Lab6\Repos\gson\proto\src\test\java\com\google...
[2025-10-20 03:14:03] [PROGRESS] resolve files> Scanning C:\Sidd all in one\Unsafe\Lab6\Repos\gson\proto\src\test\java\com\google\gson...
[2025-10-20 03:14:03] [PROGRESS] resolve files> Scanning C:\Sidd all in one\Unsafe\Lab6\Repos\gson\proto\src\test\java\com\google\gson\protobuf...
[2025-10-20 03:14:03] [PROGRESS] resolve files> Scanning C:\Sidd all in one\Unsafe\Lab6\Repos\gson\proto\src\test\java\com\google\gson\protobuf\functional...
[2025-10-20 03:14:03] [PROGRESS] resolve files> Scanning C:\Sidd all in one\Unsafe\Lab6\Repos\gson\proto\src\test\protobuf...
[2025-10-20 03:14:03] [PROGRESS] resolve files> Scanning C:\Sidd all in one\Unsafe\Lab6\Repos\gson\proto\target...
[2025-10-20 03:14:03] [PROGRESS] resolve files> Scanning C:\Sidd all in one\Unsafe\Lab6\Repos\gson\proto\target\classes...
[2025-10-20 03:14:03] [PROGRESS] resolve files> Scanning C:\Sidd all in one\Unsafe\Lab6\Repos\gson\proto\target\classes\com...
[2025-10-20 03:14:03] [PROGRESS] resolve files> Scanning C:\Sidd all in one\Unsafe\Lab6\Repos\gson\proto\target\classes\com\google...
[2025-10-20 03:14:03] [PROGRESS] resolve files> Scanning C:\Sidd all in one\Unsafe\Lab6\Repos\gson\proto\target\classes\com\google\gson...
[2025-10-20 03:14:03] [PROGRESS] resolve files> Scanning C:\Sidd all in one\Unsafe\Lab6\Repos\gson\proto\target\classes\com\google\gson\protobuf...
[2025-10-20 03:14:03] [PROGRESS] resolve files> Scanning C:\Sidd all in one\Unsafe\Lab6\Repos\gson\proto\target\generated-sources...
[2025-10-20 03:14:03] [PROGRESS] resolve files> Scanning C:\Sidd all in one\Unsafe\Lab6\Repos\gson\proto\target\generated-sources\annotations...
[2025-10-20 03:14:03] [PROGRESS] resolve files> Scanning C:\Sidd all in one\Unsafe\Lab6\Repos\gson\proto\target\generated-test-sources...
[2025-10-20 03:14:03] [PROGRESS] resolve files> Scanning C:\Sidd all in one\Unsafe\Lab6\Repos\gson\proto\target\generated-test-sources\protobuf...
[2025-10-20 03:14:03] [PROGRESS] resolve files> Scanning C:\Sidd all in one\Unsafe\Lab6\Repos\gson\proto\target\generated-test-sources\protobuf\com...
[2025-10-20 03:14:03] [PROGRESS] resolve files> Scanning C:\Sidd all in one\Unsafe\Lab6\Repos\gson\proto\target\generated-test-sources\protobuf\com\google...
[2025-10-20 03:14:03] [PROGRESS] resolve files> Scanning C:\Sidd all in one\Unsafe\Lab6\Repos\gson\proto\target\generated-test-sources\protobuf\com\google\gson...
[2025-10-20 03:14:03] [PROGRESS] resolve files> Scanning C:\Sidd all in one\Unsafe\Lab6\Repos\gson\proto\target\generated-test-sources\protobuf\com\google\gson\protobuf...
[2025-10-20 03:14:03] [PROGRESS] resolve files> Scanning C:\Sidd all in one\Unsafe\Lab6\Repos\gson\proto\target\generated-test-sources\protobuf\com\google\gson\protobuf\generated...
[2025-10-20 03:14:03] [PROGRESS] resolve files> Scanning C:\Sidd all in one\Unsafe\Lab6\Repos\gson\proto\target\generated-test-sources\test-annotations...
[2025-10-20 03:14:03] [PROGRESS] resolve files> Scanning C:\Sidd all in one\Unsafe\Lab6\Repos\gson\proto\target\maven-archiver...
[2025-10-20 03:14:03] [PROGRESS] resolve files> Scanning C:\Sidd all in one\Unsafe\Lab6\Repos\gson\proto\target\maven-status...
[2025-10-20 03:14:03] [PROGRESS] resolve files> Scanning C:\Sidd all in one\Unsafe\Lab6\Repos\gson\proto\target\maven-status\maven-compiler-plugin...
[2025-10-20 03:14:03] [PROGRESS] resolve files> Scanning C:\Sidd all in one\Unsafe\Lab6\Repos\gson\proto\target\maven-status\maven-compiler-plugin\compile...
[2025-10-20 03:14:03] [PROGRESS] resolve files> Scanning C:\Sidd all in one\Unsafe\Lab6\Repos\gson\proto\target\maven-status\maven-compiler-plugin\compile\default-compile...
[2025-10-20 03:14:03] [PROGRESS] resolve files> Scanning C:\Sidd all in one\Unsafe\Lab6\Repos\gson\proto\target\maven-status\maven-compiler-plugin\testCompile...
[2025-10-20 03:14:03] [PROGRESS] resolve files> Scanning C:\Sidd all in one\Unsafe\Lab6\Repos\gson\proto\target\maven-status\maven-compiler-plugin\testCompile\default-testCompile...
[2025-10-20 03:14:03] [PROGRESS] resolve files> Scanning C:\Sidd all in one\Unsafe\Lab6\Repos\gson\proto\target\protobuf-maven-plugin...
[2025-10-20 03:14:03] [PROGRESS] resolve files> Scanning C:\Sidd all in one\Unsafe\Lab6\Repos\gson\proto\target\protobuf-maven-plugin\generate-test...
[2025-10-20 03:14:03] [PROGRESS] resolve files> Scanning C:\Sidd all in one\Unsafe\Lab6\Repos\gson\proto\target\protobuf-maven-plugin\generate-test\default...
[2025-10-20 03:14:03] [PROGRESS] resolve files> Scanning C:\Sidd all in one\Unsafe\Lab6\Repos\gson\proto\target\protobuf-maven-plugin\generate-test\default\archives...
[2025-10-20 03:14:03] [PROGRESS] resolve files> Scanning C:\Sidd all in one\Unsafe\Lab6\Repos\gson\proto\target\protobuf-maven-plugin\generate-test\default\archives\protobuf-java-4.32.1-U5lmx_5o84DlKLV0O6hX55ceg3E...
[2025-10-20 03:14:03] [PROGRESS] resolve files> Scanning C:\Sidd all in one\Unsafe\Lab6\Repos\gson\proto\target\protobuf-maven-plugin\generate-test\default\archives\protobuf-java-4.32.1-U5lmx_5o84DlKLV0O6hX55ceg3E\google...
[2025-10-20 03:14:03] [PROGRESS] resolve files> Scanning C:\Sidd all in one\Unsafe\Lab6\Repos\gson\proto\target\protobuf-maven-plugin\generate-test\default\archives\protobuf-java-4.32.1-U5lmx_5o84DlKLV0O6hX55ceg3E\google\protobuf...
[2025-10-20 03:14:03] [PROGRESS] resolve files> Scanning C:\Sidd all in one\Unsafe\Lab6\Repos\gson\proto\target\protobuf-maven-plugin\generate-test\default\incremental-build-cache...
[2025-10-20 03:14:03] [PROGRESS] resolve files> Scanning C:\Sidd all in one\Unsafe\Lab6\Repos\gson\proto\target\protobuf-maven-plugin\generate-test\default\incremental-build-cache\3.0...
[2025-10-20 03:14:03] [PROGRESS] resolve files> Scanning C:\Sidd all in one\Unsafe\Lab6\Repos\gson\proto\target\protobuf-maven-plugin\generate-test\default\protoc...
[2025-10-20 03:14:03] [PROGRESS] resolve files> Scanning C:\Sidd all in one\Unsafe\Lab6\Repos\gson\proto\target\surefire-reports...
[2025-10-20 03:14:03] [PROGRESS] resolve files> Scanning C:\Sidd all in one\Unsafe\Lab6\Repos\gson\proto\target\test-classes...
[2025-10-20 03:14:03] [PROGRESS] resolve files> Scanning C:\Sidd all in one\Unsafe\Lab6\Repos\gson\proto\target\test-classes\com...
[2025-10-20 03:14:03] [PROGRESS] resolve files> Scanning C:\Sidd all in one\Unsafe\Lab6\Repos\gson\proto\target\test-classes\com\google...
[2025-10-20 03:14:03] [PROGRESS] resolve files> Scanning C:\Sidd all in one\Unsafe\Lab6\Repos\gson\proto\target\test-classes\com\google\gson...
[2025-10-20 03:14:03] [PROGRESS] resolve files> Scanning C:\Sidd all in one\Unsafe\Lab6\Repos\gson\proto\target\test-classes\com\google\gson\protobuf...
[2025-10-20 03:14:03] [PROGRESS] resolve files> Scanning C:\Sidd all in one\Unsafe\Lab6\Repos\gson\proto\target\test-classes\com\google\gson\protobuf\functional...
[2025-10-20 03:14:03] [PROGRESS] resolve files> Scanning C:\Sidd all in one\Unsafe\Lab6\Repos\gson\proto\target\test-classes\com\google\gson\protobuf\generated...
[2025-10-20 03:14:03] [PROGRESS] resolve files> Scanning C:\Sidd all in one\Unsafe\Lab6\Repos\gson\target...
[2025-10-20 03:14:03] [PROGRESS] resolve files> Scanning C:\Sidd all in one\Unsafe\Lab6\Repos\gson\test-graal-native-image...
[2025-10-20 03:14:03] [PROGRESS] resolve files> Scanning C:\Sidd all in one\Unsafe\Lab6\Repos\gson\test-graal-native-image\src...
[2025-10-20 03:14:03] [PROGRESS] resolve files> Scanning C:\Sidd all in one\Unsafe\Lab6\Repos\gson\test-graal-native-image\src\test...
[2025-10-20 03:14:03] [PROGRESS] resolve files> Scanning C:\Sidd all in one\Unsafe\Lab6\Repos\gson\test-graal-native-image\src\test\java...
[2025-10-20 03:14:03] [PROGRESS] resolve files> Scanning C:\Sidd all in one\Unsafe\Lab6\Repos\gson\test-graal-native-image\src\test\java\com...
[2025-10-20 03:14:03] [PROGRESS] resolve files> Scanning C:\Sidd all in one\Unsafe\Lab6\Repos\gson\test-graal-native-image\src\test\java\com\google...
[2025-10-20 03:14:03] [PROGRESS] resolve files> Scanning C:\Sidd all in one\Unsafe\Lab6\Repos\gson\test-graal-native-image\src\test\java\com\google\gson...
[2025-10-20 03:14:03] [PROGRESS] resolve files> Scanning C:\Sidd all in one\Unsafe\Lab6\Repos\gson\test-graal-native-image\src\test\java\com\google\gson\native_test...
[2025-10-20 03:14:03] [PROGRESS] resolve files> Scanning C:\Sidd all in one\Unsafe\Lab6\Repos\gson\test-graal-native-image\src\test\resources...
[2025-10-20 03:14:03] [PROGRESS] resolve files> Scanning C:\Sidd all in one\Unsafe\Lab6\Repos\gson\test-graal-native-image\src\test\resources\META-INF...
[2025-10-20 03:14:03] [PROGRESS] resolve files> Scanning C:\Sidd all in one\Unsafe\Lab6\Repos\gson\test-graal-native-image\src\test\resources\META-INF\native-image...
[2025-10-20 03:14:03] [PROGRESS] resolve files> Scanning C:\Sidd all in one\Unsafe\Lab6\Repos\gson\test-graal-native-image\target...
[2025-10-20 03:14:03] [PROGRESS] resolve files> Scanning C:\Sidd all in one\Unsafe\Lab6\Repos\gson\test-graal-native-image\target\generated-test-sources...
[2025-10-20 03:14:03] [PROGRESS] resolve files> Scanning C:\Sidd all in one\Unsafe\Lab6\Repos\gson\test-graal-native-image\target\generated-test-sources\test-annotations...
[2025-10-20 03:14:03] [PROGRESS] resolve files> Scanning C:\Sidd all in one\Unsafe\Lab6\Repos\gson\test-graal-native-image\target\maven-status...
[2025-10-20 03:14:03] [PROGRESS] resolve files> Scanning C:\Sidd all in one\Unsafe\Lab6\Repos\gson\test-graal-native-image\target\maven-status\maven-compiler-plugin...
[2025-10-20 03:14:03] [PROGRESS] resolve files> Scanning C:\Sidd all in one\Unsafe\Lab6\Repos\gson\test-graal-native-image\target\maven-status\maven-compiler-plugin\testCompile...
[2025-10-20 03:14:03] [PROGRESS] resolve files> Scanning C:\Sidd all in one\Unsafe\Lab6\Repos\gson\test-graal-native-image\target\maven-status\maven-compiler-plugin\testCompile\default-testCompile...
[2025-10-20 03:14:03] [PROGRESS] resolve files> Scanning C:\Sidd all in one\Unsafe\Lab6\Repos\gson\test-graal-native-image\target\surefire-reports...
[2025-10-20 03:14:03] [PROGRESS] resolve files> Scanning C:\Sidd all in one\Unsafe\Lab6\Repos\gson\test-graal-native-image\target\test-classes...
[2025-10-20 03:14:03] [PROGRESS] resolve files> Scanning C:\Sidd all in one\Unsafe\Lab6\Repos\gson\test-graal-native-image\target\test-classes\com...
[2025-10-20 03:14:03] [PROGRESS] resolve files> Scanning C:\Sidd all in one\Unsafe\Lab6\Repos\gson\test-graal-native-image\target\test-classes\com\google...
[2025-10-20 03:14:03] [PROGRESS] resolve files> Scanning C:\Sidd all in one\Unsafe\Lab6\Repos\gson\test-graal-native-image\target\test-classes\com\google\gson...
[2025-10-20 03:14:03] [PROGRESS] resolve files> Scanning C:\Sidd all in one\Unsafe\Lab6\Repos\gson\test-graal-native-image\target\test-classes\com\google\gson\native_test...
[2025-10-20 03:14:03] [PROGRESS] resolve files> Scanning C:\Sidd all in one\Unsafe\Lab6\Repos\gson\test-graal-native-image\target\test-classes\META-INF...
[2025-10-20 03:14:03] [PROGRESS] resolve files> Scanning C:\Sidd all in one\Unsafe\Lab6\Repos\gson\test-graal-native-image\target\test-classes\META-INF\native-image...
[2025-10-20 03:14:03] [PROGRESS] resolve files> Scanning C:\Sidd all in one\Unsafe\Lab6\Repos\gson\test-jpms...
[2025-10-20 03:14:03] [PROGRESS] resolve files> Scanning C:\Sidd all in one\Unsafe\Lab6\Repos\gson\test-jpms\src...
[2025-10-20 03:14:03] [PROGRESS] resolve files> Scanning C:\Sidd all in one\Unsafe\Lab6\Repos\gson\test-jpms\src\main...
[2025-10-20 03:14:03] [PROGRESS] resolve files> Scanning C:\Sidd all in one\Unsafe\Lab6\Repos\gson\test-jpms\src\main\java...
[2025-10-20 03:14:03] [PROGRESS] resolve files> Scanning C:\Sidd all in one\Unsafe\Lab6\Repos\gson\test-jpms\src\test...
[2025-10-20 03:14:03] [PROGRESS] resolve files> Scanning C:\Sidd all in one\Unsafe\Lab6\Repos\gson\test-jpms\src\test\java...
[2025-10-20 03:14:03] [PROGRESS] resolve files> Scanning C:\Sidd all in one\Unsafe\Lab6\Repos\gson\test-jpms\src\test\java\com...
[2025-10-20 03:14:03] [PROGRESS] resolve files> Scanning C:\Sidd all in one\Unsafe\Lab6\Repos\gson\test-jpms\src\test\java\com\google...
[2025-10-20 03:14:03] [PROGRESS] resolve files> Scanning C:\Sidd all in one\Unsafe\Lab6\Repos\gson\test-jpms\src\test\java\com\google\gson...
[2025-10-20 03:14:03] [PROGRESS] resolve files> Scanning C:\Sidd all in one\Unsafe\Lab6\Repos\gson\test-jpms\src\test\java\com\google\gson\jpms_test...
[2025-10-20 03:14:03] [PROGRESS] resolve files> Scanning C:\Sidd all in one\Unsafe\Lab6\Repos\gson\test-jpms\src\test\java\com\google\gson\jpms_test\opened...
[2025-10-20 03:14:03] [PROGRESS] resolve files> Scanning C:\Sidd all in one\Unsafe\Lab6\Repos\gson\test-jpms\target...
[2025-10-20 03:14:03] [PROGRESS] resolve files> Scanning C:\Sidd all in one\Unsafe\Lab6\Repos\gson\test-jpms\target\classes...
[2025-10-20 03:14:03] [PROGRESS] resolve files> Scanning C:\Sidd all in one\Unsafe\Lab6\Repos\gson\test-jpms\target\generated-sources...
[2025-10-20 03:14:03] [PROGRESS] resolve files> Scanning C:\Sidd all in one\Unsafe\Lab6\Repos\gson\test-jpms\target\generated-sources\annotations...
[2025-10-20 03:14:03] [PROGRESS] resolve files> Scanning C:\Sidd all in one\Unsafe\Lab6\Repos\gson\test-jpms\target\generated-test-sources...
[2025-10-20 03:14:03] [PROGRESS] resolve files> Scanning C:\Sidd all in one\Unsafe\Lab6\Repos\gson\test-jpms\target\generated-test-sources\test-annotations...
[2025-10-20 03:14:03] [PROGRESS] resolve files> Scanning C:\Sidd all in one\Unsafe\Lab6\Repos\gson\test-jpms\target\maven-archiver...
[2025-10-20 03:14:03] [PROGRESS] resolve files> Scanning C:\Sidd all in one\Unsafe\Lab6\Repos\gson\test-jpms\target\maven-status...
[2025-10-20 03:14:03] [PROGRESS] resolve files> Scanning C:\Sidd all in one\Unsafe\Lab6\Repos\gson\test-jpms\target\maven-status\maven-compiler-plugin...
[2025-10-20 03:14:03] [PROGRESS] resolve files> Scanning C:\Sidd all in one\Unsafe\Lab6\Repos\gson\test-jpms\target\maven-status\maven-compiler-plugin\compile...
[2025-10-20 03:14:03] [PROGRESS] resolve files> Scanning C:\Sidd all in one\Unsafe\Lab6\Repos\gson\test-jpms\target\maven-status\maven-compiler-plugin\compile\default-compile...
[2025-10-20 03:14:03] [PROGRESS] resolve files> Scanning C:\Sidd all in one\Unsafe\Lab6\Repos\gson\test-jpms\target\maven-status\maven-compiler-plugin\testCompile...
[2025-10-20 03:14:03] [PROGRESS] resolve files> Scanning C:\Sidd all in one\Unsafe\Lab6\Repos\gson\test-jpms\target\maven-status\maven-compiler-plugin\testCompile\default-testCompile...
[2025-10-20 03:14:03] [PROGRESS] resolve files> Scanning C:\Sidd all in one\Unsafe\Lab6\Repos\gson\test-jpms\target\surefire-reports...
[2025-10-20 03:14:03] [PROGRESS] resolve files> Scanning C:\Sidd all in one\Unsafe\Lab6\Repos\gson\test-jpms\target\test-classes...
[2025-10-20 03:14:03] [PROGRESS] resolve files> Scanning C:\Sidd all in one\Unsafe\Lab6\Repos\gson\test-jpms\target\test-classes\com...
[2025-10-20 03:14:03] [PROGRESS] resolve files> Scanning C:\Sidd all in one\Unsafe\Lab6\Repos\gson\test-jpms\target\test-classes\com\google...
[2025-10-20 03:14:03] [PROGRESS] resolve files> Scanning C:\Sidd all in one\Unsafe\Lab6\Repos\gson\test-jpms\target\test-classes\com\google\gson...
[2025-10-20 03:14:03] [PROGRESS] resolve files> Scanning C:\Sidd all in one\Unsafe\Lab6\Repos\gson\test-jpms\target\test-classes\com\google\gson\jpms_test...
[2025-10-20 03:14:03] [PROGRESS] resolve files> Scanning C:\Sidd all in one\Unsafe\Lab6\Repos\gson\test-jpms\target\test-classes\com\google\gson\jpms_test\opened...
[2025-10-20 03:14:03] [PROGRESS] resolve files> Scanning C:\Sidd all in one\Unsafe\Lab6\Repos\gson\test-shrinker...
[2025-10-20 03:14:03] [PROGRESS] resolve files> Scanning C:\Sidd all in one\Unsafe\Lab6\Repos\gson\test-shrinker\src...
[2025-10-20 03:14:03] [PROGRESS] resolve files> Scanning C:\Sidd all in one\Unsafe\Lab6\Repos\gson\test-shrinker\src\main...
[2025-10-20 03:14:03] [PROGRESS] resolve files> Scanning C:\Sidd all in one\Unsafe\Lab6\Repos\gson\test-shrinker\src\main\java...
[2025-10-20 03:14:03] [PROGRESS] resolve files> Scanning C:\Sidd all in one\Unsafe\Lab6\Repos\gson\test-shrinker\src\main\java\com...
[2025-10-20 03:14:03] [PROGRESS] resolve files> Scanning C:\Sidd all in one\Unsafe\Lab6\Repos\gson\test-shrinker\src\main\java\com\example...
[2025-10-20 03:14:03] [PROGRESS] resolve files> Scanning C:\Sidd all in one\Unsafe\Lab6\Repos\gson\test-shrinker\src\test...
[2025-10-20 03:14:03] [PROGRESS] resolve files> Scanning C:\Sidd all in one\Unsafe\Lab6\Repos\gson\test-shrinker\src\test\java...
[2025-10-20 03:14:03] [PROGRESS] resolve files> Scanning C:\Sidd all in one\Unsafe\Lab6\Repos\gson\test-shrinker\src\test\java\com...
[2025-10-20 03:14:03] [PROGRESS] resolve files> Scanning C:\Sidd all in one\Unsafe\Lab6\Repos\gson\test-shrinker\src\test\java\com\google...
[2025-10-20 03:14:03] [PROGRESS] resolve files> Scanning C:\Sidd all in one\Unsafe\Lab6\Repos\gson\test-shrinker\src\test\java\com\google\gson...
[2025-10-20 03:14:03] [PROGRESS] resolve files> Scanning C:\Sidd all in one\Unsafe\Lab6\Repos\gson\test-shrinker\src\test\java\com\google\gson\it...
[2025-10-20 03:14:03] [PROGRESS] resolve files> Scanning C:\Sidd all in one\Unsafe\Lab6\Repos\gson\test-shrinker\target...
[2025-10-20 03:14:03] [PROGRESS] resolve files> Scanning C:\Sidd all in one\Unsafe\Lab6\Repos\gson\test-shrinker\target\classes...
[2025-10-20 03:14:03] [PROGRESS] resolve files> Scanning C:\Sidd all in one\Unsafe\Lab6\Repos\gson\test-shrinker\target\classes\com...
[2025-10-20 03:14:03] [PROGRESS] resolve files> Scanning C:\Sidd all in one\Unsafe\Lab6\Repos\gson\test-shrinker\target\classes\com\example...
[2025-10-20 03:14:03] [PROGRESS] resolve files> Scanning C:\Sidd all in one\Unsafe\Lab6\Repos\gson\test-shrinker\target\failsafe-reports...
[2025-10-20 03:14:03] [PROGRESS] resolve files> Scanning C:\Sidd all in one\Unsafe\Lab6\Repos\gson\test-shrinker\target\generated-sources...
[2025-10-20 03:14:03] [PROGRESS] resolve files> Scanning C:\Sidd all in one\Unsafe\Lab6\Repos\gson\test-shrinker\target\generated-sources\annotations...
[2025-10-20 03:14:03] [PROGRESS] resolve files> Scanning C:\Sidd all in one\Unsafe\Lab6\Repos\gson\test-shrinker\target\generated-test-sources...
[2025-10-20 03:14:03] [PROGRESS] resolve files> Scanning C:\Sidd all in one\Unsafe\Lab6\Repos\gson\test-shrinker\target\generated-test-sources\test-annotations...
[2025-10-20 03:14:03] [PROGRESS] resolve files> Scanning C:\Sidd all in one\Unsafe\Lab6\Repos\gson\test-shrinker\target\maven-archiver...
[2025-10-20 03:14:03] [PROGRESS] resolve files> Scanning C:\Sidd all in one\Unsafe\Lab6\Repos\gson\test-shrinker\target\maven-status...
[2025-10-20 03:14:03] [PROGRESS] resolve files> Scanning C:\Sidd all in one\Unsafe\Lab6\Repos\gson\test-shrinker\target\maven-status\maven-compiler-plugin...
[2025-10-20 03:14:03] [PROGRESS] resolve files> Scanning C:\Sidd all in one\Unsafe\Lab6\Repos\gson\test-shrinker\target\maven-status\maven-compiler-plugin\compile...
[2025-10-20 03:14:03] [PROGRESS] resolve files> Scanning C:\Sidd all in one\Unsafe\Lab6\Repos\gson\test-shrinker\target\maven-status\maven-compiler-plugin\compile\default-compile...
[2025-10-20 03:14:03] [PROGRESS] resolve files> Scanning C:\Sidd all in one\Unsafe\Lab6\Repos\gson\test-shrinker\target\maven-status\maven-compiler-plugin\testCompile...
[2025-10-20 03:14:03] [PROGRESS] resolve files> Scanning C:\Sidd all in one\Unsafe\Lab6\Repos\gson\test-shrinker\target\maven-status\maven-compiler-plugin\testCompile\default-testCompile...
[2025-10-20 03:14:03] [PROGRESS] resolve files> Scanning C:\Sidd all in one\Unsafe\Lab6\Repos\gson\test-shrinker\target\test-classes...
[2025-10-20 03:14:03] [PROGRESS] resolve files> Scanning C:\Sidd all in one\Unsafe\Lab6\Repos\gson\test-shrinker\target\test-classes\com...
[2025-10-20 03:14:03] [PROGRESS] resolve files> Scanning C:\Sidd all in one\Unsafe\Lab6\Repos\gson\test-shrinker\target\test-classes\com\google...
[2025-10-20 03:14:03] [PROGRESS] resolve files> Scanning C:\Sidd all in one\Unsafe\Lab6\Repos\gson\test-shrinker\target\test-classes\com\google\gson...
[2025-10-20 03:14:03] [PROGRESS] resolve files> Scanning C:\Sidd all in one\Unsafe\Lab6\Repos\gson\test-shrinker\target\test-classes\com\google\gson\it...
[2025-10-20 03:14:03] Plumbing command codeql resolve files completed:
                      [
                        "C:\\Sidd all in one\\Unsafe\\Lab6\\Repos\\gson\\extras\\pom.xml",
                        "C:\\Sidd all in one\\Unsafe\\Lab6\\Repos\\gson\\extras\\target\\surefire-reports\\TEST-com.google.gson.graph.GraphAdapterBuilderTest.xml",
                        "C:\\Sidd all in one\\Unsafe\\Lab6\\Repos\\gson\\extras\\target\\surefire-reports\\TEST-com.google.gson.interceptors.InterceptorTest.xml",
                        "C:\\Sidd all in one\\Unsafe\\Lab6\\Repos\\gson\\extras\\target\\surefire-reports\\TEST-com.google.gson.typeadapters.PostConstructAdapterFactoryTest.xml",
                        "C:\\Sidd all in one\\Unsafe\\Lab6\\Repos\\gson\\extras\\target\\surefire-reports\\TEST-com.google.gson.typeadapters.RuntimeTypeAdapterFactoryTest.xml",
                        "C:\\Sidd all in one\\Unsafe\\Lab6\\Repos\\gson\\extras\\target\\surefire-reports\\TEST-com.google.gson.typeadapters.UtcDateTypeAdapterTest.xml",
                        "C:\\Sidd all in one\\Unsafe\\Lab6\\Repos\\gson\\gson\\pom.xml",
                        "C:\\Sidd all in one\\Unsafe\\Lab6\\Repos\\gson\\gson\\target\\failsafe-reports\\failsafe-summary.xml",
                        "C:\\Sidd all in one\\Unsafe\\Lab6\\Repos\\gson\\gson\\target\\failsafe-reports\\TEST-com.google.gson.integration.OSGiManifestIT.xml",
                        "C:\\Sidd all in one\\Unsafe\\Lab6\\Repos\\gson\\gson\\target\\surefire-reports\\TEST-com.google.gson.CommentsTest.xml",
                        "C:\\Sidd all in one\\Unsafe\\Lab6\\Repos\\gson\\gson\\target\\surefire-reports\\TEST-com.google.gson.DefaultInetAddressTypeAdapterTest.xml",
                        "C:\\Sidd all in one\\Unsafe\\Lab6\\Repos\\gson\\gson\\target\\surefire-reports\\TEST-com.google.gson.DefaultMapJsonSerializerTest.xml",
                        "C:\\Sidd all in one\\Unsafe\\Lab6\\Repos\\gson\\gson\\target\\surefire-reports\\TEST-com.google.gson.ExposeAnnotationExclusionStrategyTest.xml",
                        "C:\\Sidd all in one\\Unsafe\\Lab6\\Repos\\gson\\gson\\target\\surefire-reports\\TEST-com.google.gson.FieldAttributesTest.xml",
                        "C:\\Sidd all in one\\Unsafe\\Lab6\\Repos\\gson\\gson\\target\\surefire-reports\\TEST-com.google.gson.FieldNamingPolicyTest.xml",
                        "C:\\Sidd all in one\\Unsafe\\Lab6\\Repos\\gson\\gson\\target\\surefire-reports\\TEST-com.google.gson.functional.ArrayTest.xml",
                        "C:\\Sidd all in one\\Unsafe\\Lab6\\Repos\\gson\\gson\\target\\surefire-reports\\TEST-com.google.gson.functional.CircularReferenceTest.xml",
                        "C:\\Sidd all in one\\Unsafe\\Lab6\\Repos\\gson\\gson\\target\\surefire-reports\\TEST-com.google.gson.functional.CollectionTest.xml",
                        "C:\\Sidd all in one\\Unsafe\\Lab6\\Repos\\gson\\gson\\target\\surefire-reports\\TEST-com.google.gson.functional.ConcurrencyTest.xml",
                        "C:\\Sidd all in one\\Unsafe\\Lab6\\Repos\\gson\\gson\\target\\surefire-reports\\TEST-com.google.gson.functional.CustomDeserializerTest.xml",
                        "C:\\Sidd all in one\\Unsafe\\Lab6\\Repos\\gson\\gson\\target\\surefire-reports\\TEST-com.google.gson.functional.CustomSerializerTest.xml",
                        "C:\\Sidd all in one\\Unsafe\\Lab6\\Repos\\gson\\gson\\target\\surefire-reports\\TEST-com.google.gson.functional.CustomTypeAdaptersTest.xml",
                        "C:\\Sidd all in one\\Unsafe\\Lab6\\Repos\\gson\\gson\\target\\surefire-reports\\TEST-com.google.gson.functional.DefaultTypeAdaptersTest.xml",
                        "C:\\Sidd all in one\\Unsafe\\Lab6\\Repos\\gson\\gson\\target\\surefire-reports\\TEST-com.google.gson.functional.DelegateTypeAdapterTest.xml",
                        "C:\\Sidd all in one\\Unsafe\\Lab6\\Repos\\gson\\gson\\target\\surefire-reports\\TEST-com.google.gson.functional.EnumTest.xml",
                        "C:\\Sidd all in one\\Unsafe\\Lab6\\Repos\\gson\\gson\\target\\surefire-reports\\TEST-com.google.gson.functional.EnumWithObfuscatedTest.xml",
                        "C:\\Sidd all in one\\Unsafe\\Lab6\\Repos\\gson\\gson\\target\\surefire-reports\\TEST-com.google.gson.functional.EscapingTest.xml",
                        "C:\\Sidd all in one\\Unsafe\\Lab6\\Repos\\gson\\gson\\target\\surefire-reports\\TEST-com.google.gson.functional.ExclusionStrategyFunctionalTest.xml",
                        "C:\\Sidd all in one\\Unsafe\\Lab6\\Repos\\gson\\gson\\target\\surefire-reports\\TEST-com.google.gson.functional.ExposeFieldsTest.xml",
                        "C:\\Sidd all in one\\Unsafe\\Lab6\\Repos\\gson\\gson\\target\\surefire-reports\\TEST-com.google.gson.functional.FieldExclusionTest.xml",
                        "C:\\Sidd all in one\\Unsafe\\Lab6\\Repos\\gson\\gson\\target\\surefire-reports\\TEST-com.google.gson.functional.FieldNamingTest.xml",
                        "C:\\Sidd all in one\\Unsafe\\Lab6\\Repos\\gson\\gson\\target\\surefire-reports\\TEST-com.google.gson.functional.FormattingStyleTest.xml",
                        "C:\\Sidd all in one\\Unsafe\\Lab6\\Repos\\gson\\gson\\target\\surefire-reports\\TEST-com.google.gson.functional.GsonVersionDiagnosticsTest.xml",
                        "C:\\Sidd all in one\\Unsafe\\Lab6\\Repos\\gson\\gson\\target\\surefire-reports\\TEST-com.google.gson.functional.InheritanceTest.xml",
                        "C:\\Sidd all in one\\Unsafe\\Lab6\\Repos\\gson\\gson\\target\\surefire-reports\\TEST-com.google.gson.functional.InstanceCreatorTest.xml",
                        "C:\\Sidd all in one\\Unsafe\\Lab6\\Repos\\gson\\gson\\target\\surefire-reports\\TEST-com.google.gson.functional.InterfaceTest.xml",
                        "C:\\Sidd all in one\\Unsafe\\Lab6\\Repos\\gson\\gson\\target\\surefire-reports\\TEST-com.google.gson.functional.InternationalizationTest.xml",
                        "C:\\Sidd all in one\\Unsafe\\Lab6\\Repos\\gson\\gson\\target\\surefire-reports\\TEST-com.google.gson.functional.Java17RecordTest.xml",
                        "C:\\Sidd all in one\\Unsafe\\Lab6\\Repos\\gson\\gson\\target\\surefire-reports\\TEST-com.google.gson.functional.JavaUtilConcurrentAtomicTest.xml",
                        "C:\\Sidd all in one\\Unsafe\\Lab6\\Repos\\gson\\gson\\target\\surefire-reports\\TEST-com.google.gson.functional.JavaUtilTest.xml",
                        "C:\\Sidd all in one\\Unsafe\\Lab6\\Repos\\gson\\gson\\target\\surefire-reports\\TEST-com.google.gson.functional.JsonAdapterAnnotationOnClassesTest.xml",
                        "C:\\Sidd all in one\\Unsafe\\Lab6\\Repos\\gson\\gson\\target\\surefire-reports\\TEST-com.google.gson.functional.JsonAdapterAnnotationOnFieldsTest.xml",
                        "C:\\Sidd all in one\\Unsafe\\Lab6\\Repos\\gson\\gson\\target\\surefire-reports\\TEST-com.google.gson.functional.JsonAdapterSerializerDeserializerTest.xml",
                        "C:\\Sidd all in one\\Unsafe\\Lab6\\Repos\\gson\\gson\\target\\surefire-reports\\TEST-com.google.gson.functional.JsonParserTest.xml",
                        "C:\\Sidd all in one\\Unsafe\\Lab6\\Repos\\gson\\gson\\target\\surefire-reports\\TEST-com.google.gson.functional.JsonTreeTest.xml",
                        "C:\\Sidd all in one\\Unsafe\\Lab6\\Repos\\gson\\gson\\target\\surefire-reports\\TEST-com.google.gson.functional.LeniencyTest.xml",
                        "C:\\Sidd all in one\\Unsafe\\Lab6\\Repos\\gson\\gson\\target\\surefire-reports\\TEST-com.google.gson.functional.MapAsArrayTypeAdapterTest.xml",
                        "C:\\Sidd all in one\\Unsafe\\Lab6\\Repos\\gson\\gson\\target\\surefire-reports\\TEST-com.google.gson.functional.MapTest.xml",
                        "C:\\Sidd all in one\\Unsafe\\Lab6\\Repos\\gson\\gson\\target\\surefire-reports\\TEST-com.google.gson.functional.MoreSpecificTypeSerializationTest.xml",
                        "C:\\Sidd all in one\\Unsafe\\Lab6\\Repos\\gson\\gson\\target\\surefire-reports\\TEST-com.google.gson.functional.NamingPolicyTest.xml",
                        "C:\\Sidd all in one\\Unsafe\\Lab6\\Repos\\gson\\gson\\target\\surefire-reports\\TEST-com.google.gson.functional.NullObjectAndFieldTest.xml",
                        "C:\\Sidd all in one\\Unsafe\\Lab6\\Repos\\gson\\gson\\target\\surefire-reports\\TEST-com.google.gson.functional.NumberLimitsTest.xml",
                        "C:\\Sidd all in one\\Unsafe\\Lab6\\Repos\\gson\\gson\\target\\surefire-reports\\TEST-com.google.gson.functional.ObjectTest.xml",
                        "C:\\Sidd all in one\\Unsafe\\Lab6\\Repos\\gson\\gson\\target\\surefire-reports\\TEST-com.google.gson.functional.ParameterizedTypesTest.xml",
                        "C:\\Sidd all in one\\Unsafe\\Lab6\\Repos\\gson\\gson\\target\\surefire-reports\\TEST-com.google.gson.functional.PrettyPrintingTest.xml",
                        "C:\\Sidd all in one\\Unsafe\\Lab6\\Repos\\gson\\gson\\target\\surefire-reports\\TEST-com.google.gson.functional.PrimitiveCharacterTest.xml",
                        "C:\\Sidd all in one\\Unsafe\\Lab6\\Repos\\gson\\gson\\target\\surefire-reports\\TEST-com.google.gson.functional.PrimitiveTest.xml",
                        "C:\\Sidd all in one\\Unsafe\\Lab6\\Repos\\gson\\gson\\target\\surefire-reports\\TEST-com.google.gson.functional.PrintFormattingTest.xml",
                        "C:\\Sidd all in one\\Unsafe\\Lab6\\Repos\\gson\\gson\\target\\surefire-reports\\TEST-com.google.gson.functional.RawSerializationTest.xml",
                        "C:\\Sidd all in one\\Unsafe\\Lab6\\Repos\\gson\\gson\\target\\surefire-reports\\TEST-com.google.gson.functional.ReadersWritersTest.xml",
                        "C:\\Sidd all in one\\Unsafe\\Lab6\\Repos\\gson\\gson\\target\\surefire-reports\\TEST-com.google.gson.functional.ReflectionAccessFilterTest.xml",
                        "C:\\Sidd all in one\\Unsafe\\Lab6\\Repos\\gson\\gson\\target\\surefire-reports\\TEST-com.google.gson.functional.ReflectionAccessTest.xml",
                        "C:\\Sidd all in one\\Unsafe\\Lab6\\Repos\\gson\\gson\\target\\surefire-reports\\TEST-com.google.gson.functional.ReusedTypeVariablesFullyResolveTest.xml",
                        "C:\\Sidd all in one\\Unsafe\\Lab6\\Repos\\gson\\gson\\target\\surefire-reports\\TEST-com.google.gson.functional.RuntimeTypeAdapterFactoryFunctionalTest.xml",
                        "C:\\Sidd all in one\\Unsafe\\Lab6\\Repos\\gson\\gson\\target\\surefire-reports\\TEST-com.google.gson.functional.SecurityTest.xml",
                        "C:\\Sidd all in one\\Unsafe\\Lab6\\Repos\\gson\\gson\\target\\surefire-reports\\TEST-com.google.gson.functional.SerializedNameTest.xml",
                        "C:\\Sidd all in one\\Unsafe\\Lab6\\Repos\\gson\\gson\\target\\surefire-reports\\TEST-com.google.gson.functional.StreamingTypeAdaptersTest.xml",
                        "C:\\Sidd all in one\\Unsafe\\Lab6\\Repos\\gson\\gson\\target\\surefire-reports\\TEST-com.google.gson.functional.StringTest.xml",
                        "C:\\Sidd all in one\\Unsafe\\Lab6\\Repos\\gson\\gson\\target\\surefire-reports\\TEST-com.google.gson.functional.ToNumberPolicyFunctionalTest.xml",
                        "C:\\Sidd all in one\\Unsafe\\Lab6\\Repos\\gson\\gson\\target\\surefire-reports\\TEST-com.google.gson.functional.TreeTypeAdaptersTest.xml",
                        "C:\\Sidd all in one\\Unsafe\\Lab6\\Repos\\gson\\gson\\target\\surefire-reports\\TEST-com.google.gson.functional.TypeAdapterPrecedenceTest.xml",
                        "C:\\Sidd all in one\\Unsafe\\Lab6\\Repos\\gson\\gson\\target\\surefire-reports\\TEST-com.google.gson.functional.TypeAdapterRuntimeTypeWrapperTest.xml",
                        "C:\\Sidd all in one\\Unsafe\\Lab6\\Repos\\gson\\gson\\target\\surefire-reports\\TEST-com.google.gson.functional.TypeHierarchyAdapterTest.xml",
                        "C:\\Sidd all in one\\Unsafe\\Lab6\\Repos\\gson\\gson\\target\\surefire-reports\\TEST-com.google.gson.functional.TypeVariableTest.xml",
                        "C:\\Sidd all in one\\Unsafe\\Lab6\\Repos\\gson\\gson\\target\\surefire-reports\\TEST-com.google.gson.functional.UncategorizedTest.xml",
                        "C:\\Sidd all in one\\Unsafe\\Lab6\\Repos\\gson\\gson\\target\\surefire-reports\\TEST-com.google.gson.functional.VersioningTest.xml",
                        "C:\\Sidd all in one\\Unsafe\\Lab6\\Repos\\gson\\gson\\target\\surefire-reports\\TEST-com.google.gson.GenericArrayTypeTest.xml",
                        "C:\\Sidd all in one\\Unsafe\\Lab6\\Repos\\gson\\gson\\target\\surefire-reports\\TEST-com.google.gson.GsonBuilderTest.xml",
                        "C:\\Sidd all in one\\Unsafe\\Lab6\\Repos\\gson\\gson\\target\\surefire-reports\\TEST-com.google.gson.GsonTest.xml",
                        "C:\\Sidd all in one\\Unsafe\\Lab6\\Repos\\gson\\gson\\target\\surefire-reports\\TEST-com.google.gson.GsonTypeAdapterTest.xml",
                        "C:\\Sidd all in one\\Unsafe\\Lab6\\Repos\\gson\\gson\\target\\surefire-reports\\TEST-com.google.gson.InnerClassExclusionStrategyTest.xml",
                        "C:\\Sidd all in one\\Unsafe\\Lab6\\Repos\\gson\\gson\\target\\surefire-reports\\TEST-com.google.gson.internal.bind.DefaultDateTypeAdapterTest.xml",
                        "C:\\Sidd all in one\\Unsafe\\Lab6\\Repos\\gson\\gson\\target\\surefire-reports\\TEST-com.google.gson.internal.bind.Java17ReflectiveTypeAdapterFactoryTest.xml",
                        "C:\\Sidd all in one\\Unsafe\\Lab6\\Repos\\gson\\gson\\target\\surefire-reports\\TEST-com.google.gson.internal.bind.JsonElementReaderTest.xml",
                        "C:\\Sidd all in one\\Unsafe\\Lab6\\Repos\\gson\\gson\\target\\surefire-reports\\TEST-com.google.gson.internal.bind.JsonTreeReaderTest.xml",
                        "C:\\Sidd all in one\\Unsafe\\Lab6\\Repos\\gson\\gson\\target\\surefire-reports\\TEST-com.google.gson.internal.bind.JsonTreeWriterTest.xml",
                        "C:\\Sidd all in one\\Unsafe\\Lab6\\Repos\\gson\\gson\\target\\surefire-reports\\TEST-com.google.gson.internal.bind.RecursiveTypesResolveTest.xml",
                        "C:\\Sidd all in one\\Unsafe\\Lab6\\Repos\\gson\\gson\\target\\surefire-reports\\TEST-com.google.gson.internal.bind.util.ISO8601UtilsTest.xml",
                        "C:\\Sidd all in one\\Unsafe\\Lab6\\Repos\\gson\\gson\\target\\surefire-reports\\TEST-com.google.gson.internal.ConstructorConstructorTest.xml",
                        "C:\\Sidd all in one\\Unsafe\\Lab6\\Repos\\gson\\gson\\target\\surefire-reports\\TEST-com.google.gson.internal.GsonBuildConfigTest.xml",
                        "C:\\Sidd all in one\\Unsafe\\Lab6\\Repos\\gson\\gson\\target\\surefire-reports\\TEST-com.google.gson.internal.GsonTypesTest.xml",
                        "C:\\Sidd all in one\\Unsafe\\Lab6\\Repos\\gson\\gson\\target\\surefire-reports\\TEST-com.google.gson.internal.JavaVersionTest.xml",
                        "C:\\Sidd all in one\\Unsafe\\Lab6\\Repos\\gson\\gson\\target\\surefire-reports\\TEST-com.google.gson.internal.LazilyParsedNumberTest.xml",
                        "C:\\Sidd all in one\\Unsafe\\Lab6\\Repos\\gson\\gson\\target\\surefire-reports\\TEST-com.google.gson.internal.LinkedTreeMapSuiteTest.xml",
                        "C:\\Sidd all in one\\Unsafe\\Lab6\\Repos\\gson\\gson\\target\\surefire-reports\\TEST-com.google.gson.internal.LinkedTreeMapTest.xml",
                        "C:\\Sidd all in one\\Unsafe\\Lab6\\Repos\\gson\\gson\\target\\surefire-reports\\TEST-com.google.gson.internal.reflect.Java17ReflectionHelperTest.xml",
                        "C:\\Sidd all in one\\Unsafe\\Lab6\\Repos\\gson\\gson\\target\\surefire-reports\\TEST-com.google.gson.internal.sql.SqlTypesGsonTest.xml",
                        "C:\\Sidd all in one\\Unsafe\\Lab6\\Repos\\gson\\gson\\target\\surefire-reports\\TEST-com.google.gson.internal.sql.SqlTypesSupportTest.xml",
                        "C:\\Sidd all in one\\Unsafe\\Lab6\\Repos\\gson\\gson\\target\\surefire-reports\\TEST-com.google.gson.internal.StreamsTest.xml",
                        "C:\\Sidd all in one\\Unsafe\\Lab6\\Repos\\gson\\gson\\target\\surefire-reports\\TEST-com.google.gson.internal.UnsafeAllocatorInstantiationTest.xml",
                        "C:\\Sidd all in one\\Unsafe\\Lab6\\Repos\\gson\\gson\\target\\surefire-reports\\TEST-com.google.gson.JavaSerializationTest.xml",
                        "C:\\Sidd all in one\\Unsafe\\Lab6\\Repos\\gson\\gson\\target\\surefire-reports\\TEST-com.google.gson.JsonArrayAsListSuiteTest.xml",
                        "C:\\Sidd all in one\\Unsafe\\Lab6\\Repos\\gson\\gson\\target\\surefire-reports\\TEST-com.google.gson.JsonArrayAsListTest.xml",
                        "C:\\Sidd all in one\\Unsafe\\Lab6\\Repos\\gson\\gson\\target\\surefire-reports\\TEST-com.google.gson.JsonArrayTest.xml",
                        "C:\\Sidd all in one\\Unsafe\\Lab6\\Repos\\gson\\gson\\target\\surefire-reports\\TEST-com.google.gson.JsonNullTest.xml",
                        "C:\\Sidd all in one\\Unsafe\\Lab6\\Repos\\gson\\gson\\target\\surefire-reports\\TEST-com.google.gson.JsonObjectAsMapSuiteTest.xml",
                        "C:\\Sidd all in one\\Unsafe\\Lab6\\Repos\\gson\\gson\\target\\surefire-reports\\TEST-com.google.gson.JsonObjectAsMapTest.xml",
                        "C:\\Sidd all in one\\Unsafe\\Lab6\\Repos\\gson\\gson\\target\\surefire-reports\\TEST-com.google.gson.JsonObjectTest.xml",
                        "C:\\Sidd all in one\\Unsafe\\Lab6\\Repos\\gson\\gson\\target\\surefire-reports\\TEST-com.google.gson.JsonParserParameterizedTest.xml",
                        "C:\\Sidd all in one\\Unsafe\\Lab6\\Repos\\gson\\gson\\target\\surefire-reports\\TEST-com.google.gson.JsonParserTest.xml",
                        "C:\\Sidd all in one\\Unsafe\\Lab6\\Repos\\gson\\gson\\target\\surefire-reports\\TEST-com.google.gson.JsonPrimitiveTest.xml",
                        "C:\\Sidd all in one\\Unsafe\\Lab6\\Repos\\gson\\gson\\target\\surefire-reports\\TEST-com.google.gson.JsonStreamParserTest.xml",
                        "C:\\Sidd all in one\\Unsafe\\Lab6\\Repos\\gson\\gson\\target\\surefire-reports\\TEST-com.google.gson.LongSerializationPolicyTest.xml",
                        "C:\\Sidd all in one\\Unsafe\\Lab6\\Repos\\gson\\gson\\target\\surefire-reports\\TEST-com.google.gson.metrics.PerformanceTest.xml",
                        "C:\\Sidd all in one\\Unsafe\\Lab6\\Repos\\gson\\gson\\target\\surefire-reports\\TEST-com.google.gson.MixedStreamTest.xml",
                        "C:\\Sidd all in one\\Unsafe\\Lab6\\Repos\\gson\\gson\\target\\surefire-reports\\TEST-com.google.gson.ObjectTypeAdapterParameterizedTest.xml",
                        "C:\\Sidd all in one\\Unsafe\\Lab6\\Repos\\gson\\gson\\target\\surefire-reports\\TEST-com.google.gson.ObjectTypeAdapterTest.xml",
                        "C:\\Sidd all in one\\Unsafe\\Lab6\\Repos\\gson\\gson\\target\\surefire-reports\\TEST-com.google.gson.OverrideCoreTypeAdaptersTest.xml",
                        "C:\\Sidd all in one\\Unsafe\\Lab6\\Repos\\gson\\gson\\target\\surefire-reports\\TEST-com.google.gson.ParameterizedTypeTest.xml",
                        "C:\\Sidd all in one\\Unsafe\\Lab6\\Repos\\gson\\gson\\target\\surefire-reports\\TEST-com.google.gson.reflect.TypeTokenTest.xml",
                        "C:\\Sidd all in one\\Unsafe\\Lab6\\Repos\\gson\\gson\\target\\surefire-reports\\TEST-com.google.gson.stream.JsonReaderPathTest.xml",
                        "C:\\Sidd all in one\\Unsafe\\Lab6\\Repos\\gson\\gson\\target\\surefire-reports\\TEST-com.google.gson.stream.JsonReaderTest.xml",
                        "C:\\Sidd all in one\\Unsafe\\Lab6\\Repos\\gson\\gson\\target\\surefire-reports\\TEST-com.google.gson.stream.JsonWriterTest.xml",
                        "C:\\Sidd all in one\\Unsafe\\Lab6\\Repos\\gson\\gson\\target\\surefire-reports\\TEST-com.google.gson.ToNumberPolicyTest.xml",
                        "C:\\Sidd all in one\\Unsafe\\Lab6\\Repos\\gson\\gson\\target\\surefire-reports\\TEST-com.google.gson.TypeAdapterTest.xml",
                        "C:\\Sidd all in one\\Unsafe\\Lab6\\Repos\\gson\\gson\\target\\surefire-reports\\TEST-com.google.gson.VersionExclusionStrategyTest.xml",
                        "C:\\Sidd all in one\\Unsafe\\Lab6\\Repos\\gson\\metrics\\pom.xml",
                        "C:\\Sidd all in one\\Unsafe\\Lab6\\Repos\\gson\\pom.xml",
                        "C:\\Sidd all in one\\Unsafe\\Lab6\\Repos\\gson\\proto\\pom.xml",
                        "C:\\Sidd all in one\\Unsafe\\Lab6\\Repos\\gson\\proto\\target\\surefire-reports\\TEST-com.google.gson.protobuf.functional.ProtosWithAnnotationsAndJsonNamesTest.xml",
                        "C:\\Sidd all in one\\Unsafe\\Lab6\\Repos\\gson\\proto\\target\\surefire-reports\\TEST-com.google.gson.protobuf.functional.ProtosWithAnnotationsTest.xml",
                        "C:\\Sidd all in one\\Unsafe\\Lab6\\Repos\\gson\\proto\\target\\surefire-reports\\TEST-com.google.gson.protobuf.functional.ProtosWithComplexAndRepeatedFieldsTest.xml",
                        "C:\\Sidd all in one\\Unsafe\\Lab6\\Repos\\gson\\proto\\target\\surefire-reports\\TEST-com.google.gson.protobuf.functional.ProtosWithPrimitiveTypesTest.xml",
                        "C:\\Sidd all in one\\Unsafe\\Lab6\\Repos\\gson\\test-graal-native-image\\pom.xml",
                        "C:\\Sidd all in one\\Unsafe\\Lab6\\Repos\\gson\\test-graal-native-image\\target\\surefire-reports\\TEST-com.google.gson.native_test.Java17RecordReflectionTest.xml",
                        "C:\\Sidd all in one\\Unsafe\\Lab6\\Repos\\gson\\test-graal-native-image\\target\\surefire-reports\\TEST-com.google.gson.native_test.ReflectionTest.xml",
                        "C:\\Sidd all in one\\Unsafe\\Lab6\\Repos\\gson\\test-jpms\\pom.xml",
                        "C:\\Sidd all in one\\Unsafe\\Lab6\\Repos\\gson\\test-jpms\\target\\surefire-reports\\TEST-com.google.gson.jpms_test.ExportedPackagesTest.xml",
                        "C:\\Sidd all in one\\Unsafe\\Lab6\\Repos\\gson\\test-jpms\\target\\surefire-reports\\TEST-com.google.gson.jpms_test.ModuleTest.xml",
                        "C:\\Sidd all in one\\Unsafe\\Lab6\\Repos\\gson\\test-jpms\\target\\surefire-reports\\TEST-com.google.gson.jpms_test.opened.ReflectionTest.xml",
                        "C:\\Sidd all in one\\Unsafe\\Lab6\\Repos\\gson\\test-jpms\\target\\surefire-reports\\TEST-com.google.gson.jpms_test.ReflectionInaccessibleTest.xml",
                        "C:\\Sidd all in one\\Unsafe\\Lab6\\Repos\\gson\\test-shrinker\\pom.xml",
                        "C:\\Sidd all in one\\Unsafe\\Lab6\\Repos\\gson\\test-shrinker\\target\\failsafe-reports\\failsafe-summary.xml",
                        "C:\\Sidd all in one\\Unsafe\\Lab6\\Repos\\gson\\test-shrinker\\target\\failsafe-reports\\TEST-com.google.gson.it.ShrinkingIT.xml"
                      ]
[2025-10-20 03:14:03] [DETAILS] database index-files> Found 144 files.
[2025-10-20 03:14:03] [PROGRESS] database index-files> C:\Sidd all in one\Unsafe\Lab6\CodeQL-Databases\gson-codeql-db: Indexing files in in C:\Sidd all in one\Unsafe\Lab6\Repos\gson...
[2025-10-20 03:14:03] Using index-files script C:\Sidd all in one\Unsafe\Lab6\Tools\codeql\xml\tools\index-files.cmd.
[2025-10-20 03:14:03] [PROGRESS] database index-files> Running command in C:\Sidd all in one\Unsafe\Lab6\Repos\gson: [C:\Sidd all in one\Unsafe\Lab6\Tools\codeql\xml\tools\index-files.cmd, C:\Sidd all in one\Unsafe\Lab6\CodeQL-Databases\gson-codeql-db\working\files-to-index15436923147171440763.list]
[2025-10-20 03:14:05] Terminating normally.
