[2025-10-20 03:14:07] This is codeql database index-files --include-extension=.properties --size-limit=5m --language properties -- C:\Sidd all in one\Unsafe\Lab6\CodeQL-Databases\gson-codeql-db
[2025-10-20 03:14:07] Log file was started late.
[2025-10-20 03:14:07] Using index-files script C:\Sidd all in one\Unsafe\Lab6\Tools\codeql\properties\tools\index-files.cmd.
[2025-10-20 03:14:07] [PROGRESS] database index-files> Scanning for files in C:\Sidd all in one\Unsafe\Lab6\Repos\gson...
[2025-10-20 03:14:07] Calling plumbing command: codeql resolve files --include-extension=.properties --size-limit=5m C:\Sidd all in one\Unsafe\Lab6\Repos\gson --format=json
[2025-10-20 03:14:07] [PROGRESS] resolve files> Scanning C:\Sidd all in one\Unsafe\Lab6\Repos\gson...
[2025-10-20 03:14:07] [PROGRESS] resolve files> Scanning C:\Sidd all in one\Unsafe\Lab6\Repos\gson\.git...
[2025-10-20 03:14:07] [PROGRESS] resolve files> Scanning C:\Sidd all in one\Unsafe\Lab6\Repos\gson\.git\hooks...
[2025-10-20 03:14:07] [PROGRESS] resolve files> Scanning C:\Sidd all in one\Unsafe\Lab6\Repos\gson\.git\info...
[2025-10-20 03:14:07] [PROGRESS] resolve files> Scanning C:\Sidd all in one\Unsafe\Lab6\Repos\gson\.git\logs...
[2025-10-20 03:14:07] [PROGRESS] resolve files> Scanning C:\Sidd all in one\Unsafe\Lab6\Repos\gson\.git\logs\refs...
[2025-10-20 03:14:07] [PROGRESS] resolve files> Scanning C:\Sidd all in one\Unsafe\Lab6\Repos\gson\.git\logs\refs\heads...
[2025-10-20 03:14:07] [PROGRESS] resolve files> Scanning C:\Sidd all in one\Unsafe\Lab6\Repos\gson\.git\logs\refs\remotes...
[2025-10-20 03:14:07] [PROGRESS] resolve files> Scanning C:\Sidd all in one\Unsafe\Lab6\Repos\gson\.git\logs\refs\remotes\origin...
[2025-10-20 03:14:07] [PROGRESS] resolve files> Scanning C:\Sidd all in one\Unsafe\Lab6\Repos\gson\.git\objects...
[2025-10-20 03:14:07] [PROGRESS] resolve files> Scanning C:\Sidd all in one\Unsafe\Lab6\Repos\gson\.git\objects\info...
[2025-10-20 03:14:07] [PROGRESS] resolve files> Scanning C:\Sidd all in one\Unsafe\Lab6\Repos\gson\.git\objects\pack...
[2025-10-20 03:14:07] [PROGRESS] resolve files> Scanning C:\Sidd all in one\Unsafe\Lab6\Repos\gson\.git\refs...
[2025-10-20 03:14:07] [PROGRESS] resolve files> Scanning C:\Sidd all in one\Unsafe\Lab6\Repos\gson\.git\refs\heads...
[2025-10-20 03:14:07] [PROGRESS] resolve files> Scanning C:\Sidd all in one\Unsafe\Lab6\Repos\gson\.git\refs\remotes...
[2025-10-20 03:14:07] [PROGRESS] resolve files> Scanning C:\Sidd all in one\Unsafe\Lab6\Repos\gson\.git\refs\remotes\origin...
[2025-10-20 03:14:07] [PROGRESS] resolve files> Scanning C:\Sidd all in one\Unsafe\Lab6\Repos\gson\.git\refs\tags...
[2025-10-20 03:14:07] [PROGRESS] resolve files> Scanning C:\Sidd all in one\Unsafe\Lab6\Repos\gson\.github...
[2025-10-20 03:14:07] [PROGRESS] resolve files> Scanning C:\Sidd all in one\Unsafe\Lab6\Repos\gson\.github\ISSUE_TEMPLATE...
[2025-10-20 03:14:07] [PROGRESS] resolve files> Scanning C:\Sidd all in one\Unsafe\Lab6\Repos\gson\.github\workflows...
[2025-10-20 03:14:07] [PROGRESS] resolve files> Scanning C:\Sidd all in one\Unsafe\Lab6\Repos\gson\.mvn...
[2025-10-20 03:14:07] [PROGRESS] resolve files> Scanning C:\Sidd all in one\Unsafe\Lab6\Repos\gson\extras...
[2025-10-20 03:14:07] [PROGRESS] resolve files> Scanning C:\Sidd all in one\Unsafe\Lab6\Repos\gson\extras\src...
[2025-10-20 03:14:07] [PROGRESS] resolve files> Scanning C:\Sidd all in one\Unsafe\Lab6\Repos\gson\extras\src\main...
[2025-10-20 03:14:07] [PROGRESS] resolve files> Scanning C:\Sidd all in one\Unsafe\Lab6\Repos\gson\extras\src\main\java...
[2025-10-20 03:14:07] [PROGRESS] resolve files> Scanning C:\Sidd all in one\Unsafe\Lab6\Repos\gson\extras\src\main\java\com...
[2025-10-20 03:14:07] [PROGRESS] resolve files> Scanning C:\Sidd all in one\Unsafe\Lab6\Repos\gson\extras\src\main\java\com\google...
[2025-10-20 03:14:07] [PROGRESS] resolve files> Scanning C:\Sidd all in one\Unsafe\Lab6\Repos\gson\extras\src\main\java\com\google\gson...
[2025-10-20 03:14:07] [PROGRESS] resolve files> Scanning C:\Sidd all in one\Unsafe\Lab6\Repos\gson\extras\src\main\java\com\google\gson\extras...
[2025-10-20 03:14:07] [PROGRESS] resolve files> Scanning C:\Sidd all in one\Unsafe\Lab6\Repos\gson\extras\src\main\java\com\google\gson\extras\examples...
[2025-10-20 03:14:07] [PROGRESS] resolve files> Scanning C:\Sidd all in one\Unsafe\Lab6\Repos\gson\extras\src\main\java\com\google\gson\extras\examples\rawcollections...
[2025-10-20 03:14:07] [PROGRESS] resolve files> Scanning C:\Sidd all in one\Unsafe\Lab6\Repos\gson\extras\src\main\java\com\google\gson\graph...
[2025-10-20 03:14:07] [PROGRESS] resolve files> Scanning C:\Sidd all in one\Unsafe\Lab6\Repos\gson\extras\src\main\java\com\google\gson\interceptors...
[2025-10-20 03:14:07] [PROGRESS] resolve files> Scanning C:\Sidd all in one\Unsafe\Lab6\Repos\gson\extras\src\main\java\com\google\gson\typeadapters...
[2025-10-20 03:14:07] [PROGRESS] resolve files> Scanning C:\Sidd all in one\Unsafe\Lab6\Repos\gson\extras\src\test...
[2025-10-20 03:14:07] [PROGRESS] resolve files> Scanning C:\Sidd all in one\Unsafe\Lab6\Repos\gson\extras\src\test\java...
[2025-10-20 03:14:07] [PROGRESS] resolve files> Scanning C:\Sidd all in one\Unsafe\Lab6\Repos\gson\extras\src\test\java\com...
[2025-10-20 03:14:07] [PROGRESS] resolve files> Scanning C:\Sidd all in one\Unsafe\Lab6\Repos\gson\extras\src\test\java\com\google...
[2025-10-20 03:14:07] [PROGRESS] resolve files> Scanning C:\Sidd all in one\Unsafe\Lab6\Repos\gson\extras\src\test\java\com\google\gson...
[2025-10-20 03:14:07] [PROGRESS] resolve files> Scanning C:\Sidd all in one\Unsafe\Lab6\Repos\gson\extras\src\test\java\com\google\gson\graph...
[2025-10-20 03:14:07] [PROGRESS] resolve files> Scanning C:\Sidd all in one\Unsafe\Lab6\Repos\gson\extras\src\test\java\com\google\gson\interceptors...
[2025-10-20 03:14:07] [PROGRESS] resolve files> Scanning C:\Sidd all in one\Unsafe\Lab6\Repos\gson\extras\src\test\java\com\google\gson\typeadapters...
[2025-10-20 03:14:07] [PROGRESS] resolve files> Scanning C:\Sidd all in one\Unsafe\Lab6\Repos\gson\extras\target...
[2025-10-20 03:14:07] [PROGRESS] resolve files> Scanning C:\Sidd all in one\Unsafe\Lab6\Repos\gson\extras\target\classes...
[2025-10-20 03:14:07] [PROGRESS] resolve files> Scanning C:\Sidd all in one\Unsafe\Lab6\Repos\gson\extras\target\classes\com...
[2025-10-20 03:14:07] [PROGRESS] resolve files> Scanning C:\Sidd all in one\Unsafe\Lab6\Repos\gson\extras\target\classes\com\google...
[2025-10-20 03:14:07] [PROGRESS] resolve files> Scanning C:\Sidd all in one\Unsafe\Lab6\Repos\gson\extras\target\classes\com\google\gson...
[2025-10-20 03:14:07] [PROGRESS] resolve files> Scanning C:\Sidd all in one\Unsafe\Lab6\Repos\gson\extras\target\classes\com\google\gson\extras...
[2025-10-20 03:14:07] [PROGRESS] resolve files> Scanning C:\Sidd all in one\Unsafe\Lab6\Repos\gson\extras\target\classes\com\google\gson\extras\examples...
[2025-10-20 03:14:07] [PROGRESS] resolve files> Scanning C:\Sidd all in one\Unsafe\Lab6\Repos\gson\extras\target\classes\com\google\gson\extras\examples\rawcollections...
[2025-10-20 03:14:07] [PROGRESS] resolve files> Scanning C:\Sidd all in one\Unsafe\Lab6\Repos\gson\extras\target\classes\com\google\gson\graph...
[2025-10-20 03:14:07] [PROGRESS] resolve files> Scanning C:\Sidd all in one\Unsafe\Lab6\Repos\gson\extras\target\classes\com\google\gson\interceptors...
[2025-10-20 03:14:07] [PROGRESS] resolve files> Scanning C:\Sidd all in one\Unsafe\Lab6\Repos\gson\extras\target\classes\com\google\gson\typeadapters...
[2025-10-20 03:14:07] [PROGRESS] resolve files> Scanning C:\Sidd all in one\Unsafe\Lab6\Repos\gson\extras\target\generated-sources...
[2025-10-20 03:14:07] [PROGRESS] resolve files> Scanning C:\Sidd all in one\Unsafe\Lab6\Repos\gson\extras\target\generated-sources\annotations...
[2025-10-20 03:14:07] [PROGRESS] resolve files> Scanning C:\Sidd all in one\Unsafe\Lab6\Repos\gson\extras\target\generated-test-sources...
[2025-10-20 03:14:07] [PROGRESS] resolve files> Scanning C:\Sidd all in one\Unsafe\Lab6\Repos\gson\extras\target\generated-test-sources\test-annotations...
[2025-10-20 03:14:07] [PROGRESS] resolve files> Scanning C:\Sidd all in one\Unsafe\Lab6\Repos\gson\extras\target\maven-archiver...
[2025-10-20 03:14:07] [PROGRESS] resolve files> Scanning C:\Sidd all in one\Unsafe\Lab6\Repos\gson\extras\target\maven-status...
[2025-10-20 03:14:07] [PROGRESS] resolve files> Scanning C:\Sidd all in one\Unsafe\Lab6\Repos\gson\extras\target\maven-status\maven-compiler-plugin...
[2025-10-20 03:14:07] [PROGRESS] resolve files> Scanning C:\Sidd all in one\Unsafe\Lab6\Repos\gson\extras\target\maven-status\maven-compiler-plugin\compile...
[2025-10-20 03:14:07] [PROGRESS] resolve files> Scanning C:\Sidd all in one\Unsafe\Lab6\Repos\gson\extras\target\maven-status\maven-compiler-plugin\compile\default-compile...
[2025-10-20 03:14:07] [PROGRESS] resolve files> Scanning C:\Sidd all in one\Unsafe\Lab6\Repos\gson\extras\target\maven-status\maven-compiler-plugin\testCompile...
[2025-10-20 03:14:07] [PROGRESS] resolve files> Scanning C:\Sidd all in one\Unsafe\Lab6\Repos\gson\extras\target\maven-status\maven-compiler-plugin\testCompile\default-testCompile...
[2025-10-20 03:14:07] [PROGRESS] resolve files> Scanning C:\Sidd all in one\Unsafe\Lab6\Repos\gson\extras\target\surefire-reports...
[2025-10-20 03:14:07] [PROGRESS] resolve files> Scanning C:\Sidd all in one\Unsafe\Lab6\Repos\gson\extras\target\test-classes...
[2025-10-20 03:14:07] [PROGRESS] resolve files> Scanning C:\Sidd all in one\Unsafe\Lab6\Repos\gson\extras\target\test-classes\com...
[2025-10-20 03:14:07] [PROGRESS] resolve files> Scanning C:\Sidd all in one\Unsafe\Lab6\Repos\gson\extras\target\test-classes\com\google...
[2025-10-20 03:14:07] [PROGRESS] resolve files> Scanning C:\Sidd all in one\Unsafe\Lab6\Repos\gson\extras\target\test-classes\com\google\gson...
[2025-10-20 03:14:07] [PROGRESS] resolve files> Scanning C:\Sidd all in one\Unsafe\Lab6\Repos\gson\extras\target\test-classes\com\google\gson\graph...
[2025-10-20 03:14:07] [PROGRESS] resolve files> Scanning C:\Sidd all in one\Unsafe\Lab6\Repos\gson\extras\target\test-classes\com\google\gson\interceptors...
[2025-10-20 03:14:07] [PROGRESS] resolve files> Scanning C:\Sidd all in one\Unsafe\Lab6\Repos\gson\extras\target\test-classes\com\google\gson\typeadapters...
[2025-10-20 03:14:07] [PROGRESS] resolve files> Scanning C:\Sidd all in one\Unsafe\Lab6\Repos\gson\gson...
[2025-10-20 03:14:07] [PROGRESS] resolve files> Scanning C:\Sidd all in one\Unsafe\Lab6\Repos\gson\gson\src...
[2025-10-20 03:14:07] [PROGRESS] resolve files> Scanning C:\Sidd all in one\Unsafe\Lab6\Repos\gson\gson\src\main...
[2025-10-20 03:14:07] [PROGRESS] resolve files> Scanning C:\Sidd all in one\Unsafe\Lab6\Repos\gson\gson\src\main\java...
[2025-10-20 03:14:07] [PROGRESS] resolve files> Scanning C:\Sidd all in one\Unsafe\Lab6\Repos\gson\gson\src\main\java\com...
[2025-10-20 03:14:07] [PROGRESS] resolve files> Scanning C:\Sidd all in one\Unsafe\Lab6\Repos\gson\gson\src\main\java\com\google...
[2025-10-20 03:14:07] [PROGRESS] resolve files> Scanning C:\Sidd all in one\Unsafe\Lab6\Repos\gson\gson\src\main\java\com\google\gson...
[2025-10-20 03:14:07] [PROGRESS] resolve files> Scanning C:\Sidd all in one\Unsafe\Lab6\Repos\gson\gson\src\main\java\com\google\gson\annotations...
[2025-10-20 03:14:07] [PROGRESS] resolve files> Scanning C:\Sidd all in one\Unsafe\Lab6\Repos\gson\gson\src\main\java\com\google\gson\internal...
[2025-10-20 03:14:07] [PROGRESS] resolve files> Scanning C:\Sidd all in one\Unsafe\Lab6\Repos\gson\gson\src\main\java\com\google\gson\internal\bind...
[2025-10-20 03:14:07] [PROGRESS] resolve files> Scanning C:\Sidd all in one\Unsafe\Lab6\Repos\gson\gson\src\main\java\com\google\gson\internal\bind\util...
[2025-10-20 03:14:07] [PROGRESS] resolve files> Scanning C:\Sidd all in one\Unsafe\Lab6\Repos\gson\gson\src\main\java\com\google\gson\internal\reflect...
[2025-10-20 03:14:07] [PROGRESS] resolve files> Scanning C:\Sidd all in one\Unsafe\Lab6\Repos\gson\gson\src\main\java\com\google\gson\internal\sql...
[2025-10-20 03:14:07] [PROGRESS] resolve files> Scanning C:\Sidd all in one\Unsafe\Lab6\Repos\gson\gson\src\main\java\com\google\gson\reflect...
[2025-10-20 03:14:07] [PROGRESS] resolve files> Scanning C:\Sidd all in one\Unsafe\Lab6\Repos\gson\gson\src\main\java\com\google\gson\stream...
[2025-10-20 03:14:07] [PROGRESS] resolve files> Scanning C:\Sidd all in one\Unsafe\Lab6\Repos\gson\gson\src\main\java-templates...
[2025-10-20 03:14:07] [PROGRESS] resolve files> Scanning C:\Sidd all in one\Unsafe\Lab6\Repos\gson\gson\src\main\java-templates\com...
[2025-10-20 03:14:07] [PROGRESS] resolve files> Scanning C:\Sidd all in one\Unsafe\Lab6\Repos\gson\gson\src\main\java-templates\com\google...
[2025-10-20 03:14:07] [PROGRESS] resolve files> Scanning C:\Sidd all in one\Unsafe\Lab6\Repos\gson\gson\src\main\java-templates\com\google\gson...
[2025-10-20 03:14:07] [PROGRESS] resolve files> Scanning C:\Sidd all in one\Unsafe\Lab6\Repos\gson\gson\src\main\java-templates\com\google\gson\internal...
[2025-10-20 03:14:07] [PROGRESS] resolve files> Scanning C:\Sidd all in one\Unsafe\Lab6\Repos\gson\gson\src\main\resources...
[2025-10-20 03:14:07] [PROGRESS] resolve files> Scanning C:\Sidd all in one\Unsafe\Lab6\Repos\gson\gson\src\main\resources\META-INF...
[2025-10-20 03:14:07] [PROGRESS] resolve files> Scanning C:\Sidd all in one\Unsafe\Lab6\Repos\gson\gson\src\main\resources\META-INF\proguard...
[2025-10-20 03:14:07] [PROGRESS] resolve files> Scanning C:\Sidd all in one\Unsafe\Lab6\Repos\gson\gson\src\test...
[2025-10-20 03:14:07] [PROGRESS] resolve files> Scanning C:\Sidd all in one\Unsafe\Lab6\Repos\gson\gson\src\test\java...
[2025-10-20 03:14:07] [PROGRESS] resolve files> Scanning C:\Sidd all in one\Unsafe\Lab6\Repos\gson\gson\src\test\java\com...
[2025-10-20 03:14:07] [PROGRESS] resolve files> Scanning C:\Sidd all in one\Unsafe\Lab6\Repos\gson\gson\src\test\java\com\google...
[2025-10-20 03:14:07] [PROGRESS] resolve files> Scanning C:\Sidd all in one\Unsafe\Lab6\Repos\gson\gson\src\test\java\com\google\gson...
[2025-10-20 03:14:07] [PROGRESS] resolve files> Scanning C:\Sidd all in one\Unsafe\Lab6\Repos\gson\gson\src\test\java\com\google\gson\common...
[2025-10-20 03:14:07] [PROGRESS] resolve files> Scanning C:\Sidd all in one\Unsafe\Lab6\Repos\gson\gson\src\test\java\com\google\gson\functional...
[2025-10-20 03:14:07] [PROGRESS] resolve files> Scanning C:\Sidd all in one\Unsafe\Lab6\Repos\gson\gson\src\test\java\com\google\gson\integration...
[2025-10-20 03:14:07] [PROGRESS] resolve files> Scanning C:\Sidd all in one\Unsafe\Lab6\Repos\gson\gson\src\test\java\com\google\gson\internal...
[2025-10-20 03:14:07] [PROGRESS] resolve files> Scanning C:\Sidd all in one\Unsafe\Lab6\Repos\gson\gson\src\test\java\com\google\gson\internal\bind...
[2025-10-20 03:14:07] [PROGRESS] resolve files> Scanning C:\Sidd all in one\Unsafe\Lab6\Repos\gson\gson\src\test\java\com\google\gson\internal\bind\util...
[2025-10-20 03:14:07] [PROGRESS] resolve files> Scanning C:\Sidd all in one\Unsafe\Lab6\Repos\gson\gson\src\test\java\com\google\gson\internal\reflect...
[2025-10-20 03:14:07] [PROGRESS] resolve files> Scanning C:\Sidd all in one\Unsafe\Lab6\Repos\gson\gson\src\test\java\com\google\gson\internal\sql...
[2025-10-20 03:14:07] [PROGRESS] resolve files> Scanning C:\Sidd all in one\Unsafe\Lab6\Repos\gson\gson\src\test\java\com\google\gson\metrics...
[2025-10-20 03:14:07] [PROGRESS] resolve files> Scanning C:\Sidd all in one\Unsafe\Lab6\Repos\gson\gson\src\test\java\com\google\gson\reflect...
[2025-10-20 03:14:07] [PROGRESS] resolve files> Scanning C:\Sidd all in one\Unsafe\Lab6\Repos\gson\gson\src\test\java\com\google\gson\stream...
[2025-10-20 03:14:07] [PROGRESS] resolve files> Scanning C:\Sidd all in one\Unsafe\Lab6\Repos\gson\gson\src\test\resources...
[2025-10-20 03:14:07] [PROGRESS] resolve files> Scanning C:\Sidd all in one\Unsafe\Lab6\Repos\gson\gson\target...
[2025-10-20 03:14:07] [PROGRESS] resolve files> Scanning C:\Sidd all in one\Unsafe\Lab6\Repos\gson\gson\target\classes...
[2025-10-20 03:14:07] [PROGRESS] resolve files> Scanning C:\Sidd all in one\Unsafe\Lab6\Repos\gson\gson\target\classes\com...
[2025-10-20 03:14:07] [PROGRESS] resolve files> Scanning C:\Sidd all in one\Unsafe\Lab6\Repos\gson\gson\target\classes\com\google...
[2025-10-20 03:14:07] [PROGRESS] resolve files> Scanning C:\Sidd all in one\Unsafe\Lab6\Repos\gson\gson\target\classes\com\google\gson...
[2025-10-20 03:14:07] [PROGRESS] resolve files> Scanning C:\Sidd all in one\Unsafe\Lab6\Repos\gson\gson\target\classes\com\google\gson\annotations...
[2025-10-20 03:14:07] [PROGRESS] resolve files> Scanning C:\Sidd all in one\Unsafe\Lab6\Repos\gson\gson\target\classes\com\google\gson\internal...
[2025-10-20 03:14:07] [PROGRESS] resolve files> Scanning C:\Sidd all in one\Unsafe\Lab6\Repos\gson\gson\target\classes\com\google\gson\internal\bind...
[2025-10-20 03:14:07] [PROGRESS] resolve files> Scanning C:\Sidd all in one\Unsafe\Lab6\Repos\gson\gson\target\classes\com\google\gson\internal\bind\util...
[2025-10-20 03:14:07] [PROGRESS] resolve files> Scanning C:\Sidd all in one\Unsafe\Lab6\Repos\gson\gson\target\classes\com\google\gson\internal\reflect...
[2025-10-20 03:14:07] [PROGRESS] resolve files> Scanning C:\Sidd all in one\Unsafe\Lab6\Repos\gson\gson\target\classes\com\google\gson\internal\sql...
[2025-10-20 03:14:07] [PROGRESS] resolve files> Scanning C:\Sidd all in one\Unsafe\Lab6\Repos\gson\gson\target\classes\com\google\gson\reflect...
[2025-10-20 03:14:07] [PROGRESS] resolve files> Scanning C:\Sidd all in one\Unsafe\Lab6\Repos\gson\gson\target\classes\com\google\gson\stream...
[2025-10-20 03:14:07] [PROGRESS] resolve files> Scanning C:\Sidd all in one\Unsafe\Lab6\Repos\gson\gson\target\classes\META-INF...
[2025-10-20 03:14:07] [PROGRESS] resolve files> Scanning C:\Sidd all in one\Unsafe\Lab6\Repos\gson\gson\target\classes\META-INF\proguard...
[2025-10-20 03:14:07] [PROGRESS] resolve files> Scanning C:\Sidd all in one\Unsafe\Lab6\Repos\gson\gson\target\failsafe-reports...
[2025-10-20 03:14:07] [PROGRESS] resolve files> Scanning C:\Sidd all in one\Unsafe\Lab6\Repos\gson\gson\target\generated-sources...
[2025-10-20 03:14:07] [PROGRESS] resolve files> Scanning C:\Sidd all in one\Unsafe\Lab6\Repos\gson\gson\target\generated-sources\annotations...
[2025-10-20 03:14:07] [PROGRESS] resolve files> Scanning C:\Sidd all in one\Unsafe\Lab6\Repos\gson\gson\target\generated-sources\java-templates...
[2025-10-20 03:14:07] [PROGRESS] resolve files> Scanning C:\Sidd all in one\Unsafe\Lab6\Repos\gson\gson\target\generated-sources\java-templates\com...
[2025-10-20 03:14:07] [PROGRESS] resolve files> Scanning C:\Sidd all in one\Unsafe\Lab6\Repos\gson\gson\target\generated-sources\java-templates\com\google...
[2025-10-20 03:14:07] [PROGRESS] resolve files> Scanning C:\Sidd all in one\Unsafe\Lab6\Repos\gson\gson\target\generated-sources\java-templates\com\google\gson...
[2025-10-20 03:14:07] [PROGRESS] resolve files> Scanning C:\Sidd all in one\Unsafe\Lab6\Repos\gson\gson\target\generated-sources\java-templates\com\google\gson\internal...
[2025-10-20 03:14:07] [PROGRESS] resolve files> Scanning C:\Sidd all in one\Unsafe\Lab6\Repos\gson\gson\target\generated-test-sources...
[2025-10-20 03:14:07] [PROGRESS] resolve files> Scanning C:\Sidd all in one\Unsafe\Lab6\Repos\gson\gson\target\generated-test-sources\test-annotations...
[2025-10-20 03:14:07] [PROGRESS] resolve files> Scanning C:\Sidd all in one\Unsafe\Lab6\Repos\gson\gson\target\maven-archiver...
[2025-10-20 03:14:07] [PROGRESS] resolve files> Scanning C:\Sidd all in one\Unsafe\Lab6\Repos\gson\gson\target\maven-status...
[2025-10-20 03:14:07] [PROGRESS] resolve files> Scanning C:\Sidd all in one\Unsafe\Lab6\Repos\gson\gson\target\maven-status\maven-compiler-plugin...
[2025-10-20 03:14:07] [PROGRESS] resolve files> Scanning C:\Sidd all in one\Unsafe\Lab6\Repos\gson\gson\target\maven-status\maven-compiler-plugin\compile...
[2025-10-20 03:14:07] [PROGRESS] resolve files> Scanning C:\Sidd all in one\Unsafe\Lab6\Repos\gson\gson\target\maven-status\maven-compiler-plugin\compile\default-compile...
[2025-10-20 03:14:07] [PROGRESS] resolve files> Scanning C:\Sidd all in one\Unsafe\Lab6\Repos\gson\gson\target\maven-status\maven-compiler-plugin\testCompile...
[2025-10-20 03:14:07] [PROGRESS] resolve files> Scanning C:\Sidd all in one\Unsafe\Lab6\Repos\gson\gson\target\maven-status\maven-compiler-plugin\testCompile\default-testCompile...
[2025-10-20 03:14:07] [PROGRESS] resolve files> Scanning C:\Sidd all in one\Unsafe\Lab6\Repos\gson\gson\target\moditect...
[2025-10-20 03:14:07] [PROGRESS] resolve files> Scanning C:\Sidd all in one\Unsafe\Lab6\Repos\gson\gson\target\moditect\generated-sources...
[2025-10-20 03:14:07] [PROGRESS] resolve files> Scanning C:\Sidd all in one\Unsafe\Lab6\Repos\gson\gson\target\modules...
[2025-10-20 03:14:07] [PROGRESS] resolve files> Scanning C:\Sidd all in one\Unsafe\Lab6\Repos\gson\gson\target\surefire-reports...
[2025-10-20 03:14:07] [PROGRESS] resolve files> Scanning C:\Sidd all in one\Unsafe\Lab6\Repos\gson\gson\target\test-classes...
[2025-10-20 03:14:07] [PROGRESS] resolve files> Scanning C:\Sidd all in one\Unsafe\Lab6\Repos\gson\gson\target\test-classes\com...
[2025-10-20 03:14:07] [PROGRESS] resolve files> Scanning C:\Sidd all in one\Unsafe\Lab6\Repos\gson\gson\target\test-classes\com\google...
[2025-10-20 03:14:07] [PROGRESS] resolve files> Scanning C:\Sidd all in one\Unsafe\Lab6\Repos\gson\gson\target\test-classes\com\google\gson...
[2025-10-20 03:14:07] [PROGRESS] resolve files> Scanning C:\Sidd all in one\Unsafe\Lab6\Repos\gson\gson\target\test-classes\com\google\gson\common...
[2025-10-20 03:14:07] [PROGRESS] resolve files> Scanning C:\Sidd all in one\Unsafe\Lab6\Repos\gson\gson\target\test-classes\com\google\gson\functional...
[2025-10-20 03:14:07] [PROGRESS] resolve files> Scanning C:\Sidd all in one\Unsafe\Lab6\Repos\gson\gson\target\test-classes\com\google\gson\integration...
[2025-10-20 03:14:07] [PROGRESS] resolve files> Scanning C:\Sidd all in one\Unsafe\Lab6\Repos\gson\gson\target\test-classes\com\google\gson\internal...
[2025-10-20 03:14:07] [PROGRESS] resolve files> Scanning C:\Sidd all in one\Unsafe\Lab6\Repos\gson\gson\target\test-classes\com\google\gson\internal\bind...
[2025-10-20 03:14:07] [PROGRESS] resolve files> Scanning C:\Sidd all in one\Unsafe\Lab6\Repos\gson\gson\target\test-classes\com\google\gson\internal\bind\util...
[2025-10-20 03:14:07] [PROGRESS] resolve files> Scanning C:\Sidd all in one\Unsafe\Lab6\Repos\gson\gson\target\test-classes\com\google\gson\internal\reflect...
[2025-10-20 03:14:07] [PROGRESS] resolve files> Scanning C:\Sidd all in one\Unsafe\Lab6\Repos\gson\gson\target\test-classes\com\google\gson\internal\sql...
[2025-10-20 03:14:07] [PROGRESS] resolve files> Scanning C:\Sidd all in one\Unsafe\Lab6\Repos\gson\gson\target\test-classes\com\google\gson\metrics...
[2025-10-20 03:14:07] [PROGRESS] resolve files> Scanning C:\Sidd all in one\Unsafe\Lab6\Repos\gson\gson\target\test-classes\com\google\gson\reflect...
[2025-10-20 03:14:07] [PROGRESS] resolve files> Scanning C:\Sidd all in one\Unsafe\Lab6\Repos\gson\gson\target\test-classes\com\google\gson\stream...
[2025-10-20 03:14:07] [PROGRESS] resolve files> Scanning C:\Sidd all in one\Unsafe\Lab6\Repos\gson\gson\target\test-classes-obfuscated-injar...
[2025-10-20 03:14:07] [PROGRESS] resolve files> Scanning C:\Sidd all in one\Unsafe\Lab6\Repos\gson\gson\target\test-classes-obfuscated-injar\com...
[2025-10-20 03:14:07] [PROGRESS] resolve files> Scanning C:\Sidd all in one\Unsafe\Lab6\Repos\gson\gson\target\test-classes-obfuscated-injar\com\google...
[2025-10-20 03:14:07] [PROGRESS] resolve files> Scanning C:\Sidd all in one\Unsafe\Lab6\Repos\gson\gson\target\test-classes-obfuscated-injar\com\google\gson...
[2025-10-20 03:14:07] [PROGRESS] resolve files> Scanning C:\Sidd all in one\Unsafe\Lab6\Repos\gson\gson\target\test-classes-obfuscated-injar\com\google\gson\functional...
[2025-10-20 03:14:07] [PROGRESS] resolve files> Scanning C:\Sidd all in one\Unsafe\Lab6\Repos\gson\gson\target\test-classes-obfuscated-outjar...
[2025-10-20 03:14:07] [PROGRESS] resolve files> Scanning C:\Sidd all in one\Unsafe\Lab6\Repos\gson\gson\target\test-classes-obfuscated-outjar\com...
[2025-10-20 03:14:07] [PROGRESS] resolve files> Scanning C:\Sidd all in one\Unsafe\Lab6\Repos\gson\gson\target\test-classes-obfuscated-outjar\com\google...
[2025-10-20 03:14:07] [PROGRESS] resolve files> Scanning C:\Sidd all in one\Unsafe\Lab6\Repos\gson\gson\target\test-classes-obfuscated-outjar\com\google\gson...
[2025-10-20 03:14:07] [PROGRESS] resolve files> Scanning C:\Sidd all in one\Unsafe\Lab6\Repos\gson\gson\target\test-classes-obfuscated-outjar\com\google\gson\functional...
[2025-10-20 03:14:07] [PROGRESS] resolve files> Scanning C:\Sidd all in one\Unsafe\Lab6\Repos\gson\metrics...
[2025-10-20 03:14:07] [PROGRESS] resolve files> Scanning C:\Sidd all in one\Unsafe\Lab6\Repos\gson\metrics\src...
[2025-10-20 03:14:07] [PROGRESS] resolve files> Scanning C:\Sidd all in one\Unsafe\Lab6\Repos\gson\metrics\src\main...
[2025-10-20 03:14:07] [PROGRESS] resolve files> Scanning C:\Sidd all in one\Unsafe\Lab6\Repos\gson\metrics\src\main\java...
[2025-10-20 03:14:07] [PROGRESS] resolve files> Scanning C:\Sidd all in one\Unsafe\Lab6\Repos\gson\metrics\src\main\java\com...
[2025-10-20 03:14:07] [PROGRESS] resolve files> Scanning C:\Sidd all in one\Unsafe\Lab6\Repos\gson\metrics\src\main\java\com\google...
[2025-10-20 03:14:07] [PROGRESS] resolve files> Scanning C:\Sidd all in one\Unsafe\Lab6\Repos\gson\metrics\src\main\java\com\google\gson...
[2025-10-20 03:14:07] [PROGRESS] resolve files> Scanning C:\Sidd all in one\Unsafe\Lab6\Repos\gson\metrics\src\main\java\com\google\gson\metrics...
[2025-10-20 03:14:07] [PROGRESS] resolve files> Scanning C:\Sidd all in one\Unsafe\Lab6\Repos\gson\metrics\src\main\resources...
[2025-10-20 03:14:07] [PROGRESS] resolve files> Scanning C:\Sidd all in one\Unsafe\Lab6\Repos\gson\metrics\target...
[2025-10-20 03:14:07] [PROGRESS] resolve files> Scanning C:\Sidd all in one\Unsafe\Lab6\Repos\gson\metrics\target\classes...
[2025-10-20 03:14:07] [PROGRESS] resolve files> Scanning C:\Sidd all in one\Unsafe\Lab6\Repos\gson\metrics\target\classes\com...
[2025-10-20 03:14:07] [PROGRESS] resolve files> Scanning C:\Sidd all in one\Unsafe\Lab6\Repos\gson\metrics\target\classes\com\google...
[2025-10-20 03:14:07] [PROGRESS] resolve files> Scanning C:\Sidd all in one\Unsafe\Lab6\Repos\gson\metrics\target\classes\com\google\gson...
[2025-10-20 03:14:07] [PROGRESS] resolve files> Scanning C:\Sidd all in one\Unsafe\Lab6\Repos\gson\metrics\target\classes\com\google\gson\metrics...
[2025-10-20 03:14:07] [PROGRESS] resolve files> Scanning C:\Sidd all in one\Unsafe\Lab6\Repos\gson\metrics\target\generated-sources...
[2025-10-20 03:14:07] [PROGRESS] resolve files> Scanning C:\Sidd all in one\Unsafe\Lab6\Repos\gson\metrics\target\generated-sources\annotations...
[2025-10-20 03:14:07] [PROGRESS] resolve files> Scanning C:\Sidd all in one\Unsafe\Lab6\Repos\gson\metrics\target\maven-archiver...
[2025-10-20 03:14:07] [PROGRESS] resolve files> Scanning C:\Sidd all in one\Unsafe\Lab6\Repos\gson\metrics\target\maven-status...
[2025-10-20 03:14:07] [PROGRESS] resolve files> Scanning C:\Sidd all in one\Unsafe\Lab6\Repos\gson\metrics\target\maven-status\maven-compiler-plugin...
[2025-10-20 03:14:07] [PROGRESS] resolve files> Scanning C:\Sidd all in one\Unsafe\Lab6\Repos\gson\metrics\target\maven-status\maven-compiler-plugin\compile...
[2025-10-20 03:14:07] [PROGRESS] resolve files> Scanning C:\Sidd all in one\Unsafe\Lab6\Repos\gson\metrics\target\maven-status\maven-compiler-plugin\compile\default-compile...
[2025-10-20 03:14:07] [PROGRESS] resolve files> Scanning C:\Sidd all in one\Unsafe\Lab6\Repos\gson\proto...
[2025-10-20 03:14:07] [PROGRESS] resolve files> Scanning C:\Sidd all in one\Unsafe\Lab6\Repos\gson\proto\src...
[2025-10-20 03:14:07] [PROGRESS] resolve files> Scanning C:\Sidd all in one\Unsafe\Lab6\Repos\gson\proto\src\main...
[2025-10-20 03:14:07] [PROGRESS] resolve files> Scanning C:\Sidd all in one\Unsafe\Lab6\Repos\gson\proto\src\main\java...
[2025-10-20 03:14:07] [PROGRESS] resolve files> Scanning C:\Sidd all in one\Unsafe\Lab6\Repos\gson\proto\src\main\java\com...
[2025-10-20 03:14:07] [PROGRESS] resolve files> Scanning C:\Sidd all in one\Unsafe\Lab6\Repos\gson\proto\src\main\java\com\google...
[2025-10-20 03:14:07] [PROGRESS] resolve files> Scanning C:\Sidd all in one\Unsafe\Lab6\Repos\gson\proto\src\main\java\com\google\gson...
[2025-10-20 03:14:07] [PROGRESS] resolve files> Scanning C:\Sidd all in one\Unsafe\Lab6\Repos\gson\proto\src\main\java\com\google\gson\protobuf...
[2025-10-20 03:14:07] [PROGRESS] resolve files> Scanning C:\Sidd all in one\Unsafe\Lab6\Repos\gson\proto\src\test...
[2025-10-20 03:14:07] [PROGRESS] resolve files> Scanning C:\Sidd all in one\Unsafe\Lab6\Repos\gson\proto\src\test\java...
[2025-10-20 03:14:07] [PROGRESS] resolve files> Scanning C:\Sidd all in one\Unsafe\Lab6\Repos\gson\proto\src\test\java\com...
[2025-10-20 03:14:07] [PROGRESS] resolve files> Scanning C:\Sidd all in one\Unsafe\Lab6\Repos\gson\proto\src\test\java\com\google...
[2025-10-20 03:14:07] [PROGRESS] resolve files> Scanning C:\Sidd all in one\Unsafe\Lab6\Repos\gson\proto\src\test\java\com\google\gson...
[2025-10-20 03:14:07] [PROGRESS] resolve files> Scanning C:\Sidd all in one\Unsafe\Lab6\Repos\gson\proto\src\test\java\com\google\gson\protobuf...
[2025-10-20 03:14:07] [PROGRESS] resolve files> Scanning C:\Sidd all in one\Unsafe\Lab6\Repos\gson\proto\src\test\java\com\google\gson\protobuf\functional...
[2025-10-20 03:14:07] [PROGRESS] resolve files> Scanning C:\Sidd all in one\Unsafe\Lab6\Repos\gson\proto\src\test\protobuf...
[2025-10-20 03:14:07] [PROGRESS] resolve files> Scanning C:\Sidd all in one\Unsafe\Lab6\Repos\gson\proto\target...
[2025-10-20 03:14:07] [PROGRESS] resolve files> Scanning C:\Sidd all in one\Unsafe\Lab6\Repos\gson\proto\target\classes...
[2025-10-20 03:14:07] [PROGRESS] resolve files> Scanning C:\Sidd all in one\Unsafe\Lab6\Repos\gson\proto\target\classes\com...
[2025-10-20 03:14:07] [PROGRESS] resolve files> Scanning C:\Sidd all in one\Unsafe\Lab6\Repos\gson\proto\target\classes\com\google...
[2025-10-20 03:14:07] [PROGRESS] resolve files> Scanning C:\Sidd all in one\Unsafe\Lab6\Repos\gson\proto\target\classes\com\google\gson...
[2025-10-20 03:14:07] [PROGRESS] resolve files> Scanning C:\Sidd all in one\Unsafe\Lab6\Repos\gson\proto\target\classes\com\google\gson\protobuf...
[2025-10-20 03:14:07] [PROGRESS] resolve files> Scanning C:\Sidd all in one\Unsafe\Lab6\Repos\gson\proto\target\generated-sources...
[2025-10-20 03:14:07] [PROGRESS] resolve files> Scanning C:\Sidd all in one\Unsafe\Lab6\Repos\gson\proto\target\generated-sources\annotations...
[2025-10-20 03:14:07] [PROGRESS] resolve files> Scanning C:\Sidd all in one\Unsafe\Lab6\Repos\gson\proto\target\generated-test-sources...
[2025-10-20 03:14:07] [PROGRESS] resolve files> Scanning C:\Sidd all in one\Unsafe\Lab6\Repos\gson\proto\target\generated-test-sources\protobuf...
[2025-10-20 03:14:07] [PROGRESS] resolve files> Scanning C:\Sidd all in one\Unsafe\Lab6\Repos\gson\proto\target\generated-test-sources\protobuf\com...
[2025-10-20 03:14:07] [PROGRESS] resolve files> Scanning C:\Sidd all in one\Unsafe\Lab6\Repos\gson\proto\target\generated-test-sources\protobuf\com\google...
[2025-10-20 03:14:07] [PROGRESS] resolve files> Scanning C:\Sidd all in one\Unsafe\Lab6\Repos\gson\proto\target\generated-test-sources\protobuf\com\google\gson...
[2025-10-20 03:14:07] [PROGRESS] resolve files> Scanning C:\Sidd all in one\Unsafe\Lab6\Repos\gson\proto\target\generated-test-sources\protobuf\com\google\gson\protobuf...
[2025-10-20 03:14:07] [PROGRESS] resolve files> Scanning C:\Sidd all in one\Unsafe\Lab6\Repos\gson\proto\target\generated-test-sources\protobuf\com\google\gson\protobuf\generated...
[2025-10-20 03:14:07] [PROGRESS] resolve files> Scanning C:\Sidd all in one\Unsafe\Lab6\Repos\gson\proto\target\generated-test-sources\test-annotations...
[2025-10-20 03:14:07] [PROGRESS] resolve files> Scanning C:\Sidd all in one\Unsafe\Lab6\Repos\gson\proto\target\maven-archiver...
[2025-10-20 03:14:07] [PROGRESS] resolve files> Scanning C:\Sidd all in one\Unsafe\Lab6\Repos\gson\proto\target\maven-status...
[2025-10-20 03:14:07] [PROGRESS] resolve files> Scanning C:\Sidd all in one\Unsafe\Lab6\Repos\gson\proto\target\maven-status\maven-compiler-plugin...
[2025-10-20 03:14:07] [PROGRESS] resolve files> Scanning C:\Sidd all in one\Unsafe\Lab6\Repos\gson\proto\target\maven-status\maven-compiler-plugin\compile...
[2025-10-20 03:14:07] [PROGRESS] resolve files> Scanning C:\Sidd all in one\Unsafe\Lab6\Repos\gson\proto\target\maven-status\maven-compiler-plugin\compile\default-compile...
[2025-10-20 03:14:07] [PROGRESS] resolve files> Scanning C:\Sidd all in one\Unsafe\Lab6\Repos\gson\proto\target\maven-status\maven-compiler-plugin\testCompile...
[2025-10-20 03:14:07] [PROGRESS] resolve files> Scanning C:\Sidd all in one\Unsafe\Lab6\Repos\gson\proto\target\maven-status\maven-compiler-plugin\testCompile\default-testCompile...
[2025-10-20 03:14:07] [PROGRESS] resolve files> Scanning C:\Sidd all in one\Unsafe\Lab6\Repos\gson\proto\target\protobuf-maven-plugin...
[2025-10-20 03:14:07] [PROGRESS] resolve files> Scanning C:\Sidd all in one\Unsafe\Lab6\Repos\gson\proto\target\protobuf-maven-plugin\generate-test...
[2025-10-20 03:14:07] [PROGRESS] resolve files> Scanning C:\Sidd all in one\Unsafe\Lab6\Repos\gson\proto\target\protobuf-maven-plugin\generate-test\default...
[2025-10-20 03:14:07] [PROGRESS] resolve files> Scanning C:\Sidd all in one\Unsafe\Lab6\Repos\gson\proto\target\protobuf-maven-plugin\generate-test\default\archives...
[2025-10-20 03:14:07] [PROGRESS] resolve files> Scanning C:\Sidd all in one\Unsafe\Lab6\Repos\gson\proto\target\protobuf-maven-plugin\generate-test\default\archives\protobuf-java-4.32.1-U5lmx_5o84DlKLV0O6hX55ceg3E...
[2025-10-20 03:14:07] [PROGRESS] resolve files> Scanning C:\Sidd all in one\Unsafe\Lab6\Repos\gson\proto\target\protobuf-maven-plugin\generate-test\default\archives\protobuf-java-4.32.1-U5lmx_5o84DlKLV0O6hX55ceg3E\google...
[2025-10-20 03:14:07] [PROGRESS] resolve files> Scanning C:\Sidd all in one\Unsafe\Lab6\Repos\gson\proto\target\protobuf-maven-plugin\generate-test\default\archives\protobuf-java-4.32.1-U5lmx_5o84DlKLV0O6hX55ceg3E\google\protobuf...
[2025-10-20 03:14:07] [PROGRESS] resolve files> Scanning C:\Sidd all in one\Unsafe\Lab6\Repos\gson\proto\target\protobuf-maven-plugin\generate-test\default\incremental-build-cache...
[2025-10-20 03:14:07] [PROGRESS] resolve files> Scanning C:\Sidd all in one\Unsafe\Lab6\Repos\gson\proto\target\protobuf-maven-plugin\generate-test\default\incremental-build-cache\3.0...
[2025-10-20 03:14:07] [PROGRESS] resolve files> Scanning C:\Sidd all in one\Unsafe\Lab6\Repos\gson\proto\target\protobuf-maven-plugin\generate-test\default\protoc...
[2025-10-20 03:14:07] [PROGRESS] resolve files> Scanning C:\Sidd all in one\Unsafe\Lab6\Repos\gson\proto\target\surefire-reports...
[2025-10-20 03:14:07] [PROGRESS] resolve files> Scanning C:\Sidd all in one\Unsafe\Lab6\Repos\gson\proto\target\test-classes...
[2025-10-20 03:14:07] [PROGRESS] resolve files> Scanning C:\Sidd all in one\Unsafe\Lab6\Repos\gson\proto\target\test-classes\com...
[2025-10-20 03:14:07] [PROGRESS] resolve files> Scanning C:\Sidd all in one\Unsafe\Lab6\Repos\gson\proto\target\test-classes\com\google...
[2025-10-20 03:14:07] [PROGRESS] resolve files> Scanning C:\Sidd all in one\Unsafe\Lab6\Repos\gson\proto\target\test-classes\com\google\gson...
[2025-10-20 03:14:07] [PROGRESS] resolve files> Scanning C:\Sidd all in one\Unsafe\Lab6\Repos\gson\proto\target\test-classes\com\google\gson\protobuf...
[2025-10-20 03:14:07] [PROGRESS] resolve files> Scanning C:\Sidd all in one\Unsafe\Lab6\Repos\gson\proto\target\test-classes\com\google\gson\protobuf\functional...
[2025-10-20 03:14:07] [PROGRESS] resolve files> Scanning C:\Sidd all in one\Unsafe\Lab6\Repos\gson\proto\target\test-classes\com\google\gson\protobuf\generated...
[2025-10-20 03:14:07] [PROGRESS] resolve files> Scanning C:\Sidd all in one\Unsafe\Lab6\Repos\gson\target...
[2025-10-20 03:14:07] [PROGRESS] resolve files> Scanning C:\Sidd all in one\Unsafe\Lab6\Repos\gson\test-graal-native-image...
[2025-10-20 03:14:07] [PROGRESS] resolve files> Scanning C:\Sidd all in one\Unsafe\Lab6\Repos\gson\test-graal-native-image\src...
[2025-10-20 03:14:07] [PROGRESS] resolve files> Scanning C:\Sidd all in one\Unsafe\Lab6\Repos\gson\test-graal-native-image\src\test...
[2025-10-20 03:14:07] [PROGRESS] resolve files> Scanning C:\Sidd all in one\Unsafe\Lab6\Repos\gson\test-graal-native-image\src\test\java...
[2025-10-20 03:14:07] [PROGRESS] resolve files> Scanning C:\Sidd all in one\Unsafe\Lab6\Repos\gson\test-graal-native-image\src\test\java\com...
[2025-10-20 03:14:07] [PROGRESS] resolve files> Scanning C:\Sidd all in one\Unsafe\Lab6\Repos\gson\test-graal-native-image\src\test\java\com\google...
[2025-10-20 03:14:07] [PROGRESS] resolve files> Scanning C:\Sidd all in one\Unsafe\Lab6\Repos\gson\test-graal-native-image\src\test\java\com\google\gson...
[2025-10-20 03:14:07] [PROGRESS] resolve files> Scanning C:\Sidd all in one\Unsafe\Lab6\Repos\gson\test-graal-native-image\src\test\java\com\google\gson\native_test...
[2025-10-20 03:14:07] [PROGRESS] resolve files> Scanning C:\Sidd all in one\Unsafe\Lab6\Repos\gson\test-graal-native-image\src\test\resources...
[2025-10-20 03:14:07] [PROGRESS] resolve files> Scanning C:\Sidd all in one\Unsafe\Lab6\Repos\gson\test-graal-native-image\src\test\resources\META-INF...
[2025-10-20 03:14:07] [PROGRESS] resolve files> Scanning C:\Sidd all in one\Unsafe\Lab6\Repos\gson\test-graal-native-image\src\test\resources\META-INF\native-image...
[2025-10-20 03:14:07] [PROGRESS] resolve files> Scanning C:\Sidd all in one\Unsafe\Lab6\Repos\gson\test-graal-native-image\target...
[2025-10-20 03:14:07] [PROGRESS] resolve files> Scanning C:\Sidd all in one\Unsafe\Lab6\Repos\gson\test-graal-native-image\target\generated-test-sources...
[2025-10-20 03:14:07] [PROGRESS] resolve files> Scanning C:\Sidd all in one\Unsafe\Lab6\Repos\gson\test-graal-native-image\target\generated-test-sources\test-annotations...
[2025-10-20 03:14:07] [PROGRESS] resolve files> Scanning C:\Sidd all in one\Unsafe\Lab6\Repos\gson\test-graal-native-image\target\maven-status...
[2025-10-20 03:14:07] [PROGRESS] resolve files> Scanning C:\Sidd all in one\Unsafe\Lab6\Repos\gson\test-graal-native-image\target\maven-status\maven-compiler-plugin...
[2025-10-20 03:14:07] [PROGRESS] resolve files> Scanning C:\Sidd all in one\Unsafe\Lab6\Repos\gson\test-graal-native-image\target\maven-status\maven-compiler-plugin\testCompile...
[2025-10-20 03:14:07] [PROGRESS] resolve files> Scanning C:\Sidd all in one\Unsafe\Lab6\Repos\gson\test-graal-native-image\target\maven-status\maven-compiler-plugin\testCompile\default-testCompile...
[2025-10-20 03:14:07] [PROGRESS] resolve files> Scanning C:\Sidd all in one\Unsafe\Lab6\Repos\gson\test-graal-native-image\target\surefire-reports...
[2025-10-20 03:14:07] [PROGRESS] resolve files> Scanning C:\Sidd all in one\Unsafe\Lab6\Repos\gson\test-graal-native-image\target\test-classes...
[2025-10-20 03:14:07] [PROGRESS] resolve files> Scanning C:\Sidd all in one\Unsafe\Lab6\Repos\gson\test-graal-native-image\target\test-classes\com...
[2025-10-20 03:14:07] [PROGRESS] resolve files> Scanning C:\Sidd all in one\Unsafe\Lab6\Repos\gson\test-graal-native-image\target\test-classes\com\google...
[2025-10-20 03:14:07] [PROGRESS] resolve files> Scanning C:\Sidd all in one\Unsafe\Lab6\Repos\gson\test-graal-native-image\target\test-classes\com\google\gson...
[2025-10-20 03:14:07] [PROGRESS] resolve files> Scanning C:\Sidd all in one\Unsafe\Lab6\Repos\gson\test-graal-native-image\target\test-classes\com\google\gson\native_test...
[2025-10-20 03:14:07] [PROGRESS] resolve files> Scanning C:\Sidd all in one\Unsafe\Lab6\Repos\gson\test-graal-native-image\target\test-classes\META-INF...
[2025-10-20 03:14:07] [PROGRESS] resolve files> Scanning C:\Sidd all in one\Unsafe\Lab6\Repos\gson\test-graal-native-image\target\test-classes\META-INF\native-image...
[2025-10-20 03:14:07] [PROGRESS] resolve files> Scanning C:\Sidd all in one\Unsafe\Lab6\Repos\gson\test-jpms...
[2025-10-20 03:14:07] [PROGRESS] resolve files> Scanning C:\Sidd all in one\Unsafe\Lab6\Repos\gson\test-jpms\src...
[2025-10-20 03:14:07] [PROGRESS] resolve files> Scanning C:\Sidd all in one\Unsafe\Lab6\Repos\gson\test-jpms\src\main...
[2025-10-20 03:14:07] [PROGRESS] resolve files> Scanning C:\Sidd all in one\Unsafe\Lab6\Repos\gson\test-jpms\src\main\java...
[2025-10-20 03:14:07] [PROGRESS] resolve files> Scanning C:\Sidd all in one\Unsafe\Lab6\Repos\gson\test-jpms\src\test...
[2025-10-20 03:14:07] [PROGRESS] resolve files> Scanning C:\Sidd all in one\Unsafe\Lab6\Repos\gson\test-jpms\src\test\java...
[2025-10-20 03:14:07] [PROGRESS] resolve files> Scanning C:\Sidd all in one\Unsafe\Lab6\Repos\gson\test-jpms\src\test\java\com...
[2025-10-20 03:14:07] [PROGRESS] resolve files> Scanning C:\Sidd all in one\Unsafe\Lab6\Repos\gson\test-jpms\src\test\java\com\google...
[2025-10-20 03:14:07] [PROGRESS] resolve files> Scanning C:\Sidd all in one\Unsafe\Lab6\Repos\gson\test-jpms\src\test\java\com\google\gson...
[2025-10-20 03:14:07] [PROGRESS] resolve files> Scanning C:\Sidd all in one\Unsafe\Lab6\Repos\gson\test-jpms\src\test\java\com\google\gson\jpms_test...
[2025-10-20 03:14:07] [PROGRESS] resolve files> Scanning C:\Sidd all in one\Unsafe\Lab6\Repos\gson\test-jpms\src\test\java\com\google\gson\jpms_test\opened...
[2025-10-20 03:14:07] [PROGRESS] resolve files> Scanning C:\Sidd all in one\Unsafe\Lab6\Repos\gson\test-jpms\target...
[2025-10-20 03:14:07] [PROGRESS] resolve files> Scanning C:\Sidd all in one\Unsafe\Lab6\Repos\gson\test-jpms\target\classes...
[2025-10-20 03:14:07] [PROGRESS] resolve files> Scanning C:\Sidd all in one\Unsafe\Lab6\Repos\gson\test-jpms\target\generated-sources...
[2025-10-20 03:14:07] [PROGRESS] resolve files> Scanning C:\Sidd all in one\Unsafe\Lab6\Repos\gson\test-jpms\target\generated-sources\annotations...
[2025-10-20 03:14:07] [PROGRESS] resolve files> Scanning C:\Sidd all in one\Unsafe\Lab6\Repos\gson\test-jpms\target\generated-test-sources...
[2025-10-20 03:14:07] [PROGRESS] resolve files> Scanning C:\Sidd all in one\Unsafe\Lab6\Repos\gson\test-jpms\target\generated-test-sources\test-annotations...
[2025-10-20 03:14:07] [PROGRESS] resolve files> Scanning C:\Sidd all in one\Unsafe\Lab6\Repos\gson\test-jpms\target\maven-archiver...
[2025-10-20 03:14:07] [PROGRESS] resolve files> Scanning C:\Sidd all in one\Unsafe\Lab6\Repos\gson\test-jpms\target\maven-status...
[2025-10-20 03:14:07] [PROGRESS] resolve files> Scanning C:\Sidd all in one\Unsafe\Lab6\Repos\gson\test-jpms\target\maven-status\maven-compiler-plugin...
[2025-10-20 03:14:07] [PROGRESS] resolve files> Scanning C:\Sidd all in one\Unsafe\Lab6\Repos\gson\test-jpms\target\maven-status\maven-compiler-plugin\compile...
[2025-10-20 03:14:07] [PROGRESS] resolve files> Scanning C:\Sidd all in one\Unsafe\Lab6\Repos\gson\test-jpms\target\maven-status\maven-compiler-plugin\compile\default-compile...
[2025-10-20 03:14:07] [PROGRESS] resolve files> Scanning C:\Sidd all in one\Unsafe\Lab6\Repos\gson\test-jpms\target\maven-status\maven-compiler-plugin\testCompile...
[2025-10-20 03:14:07] [PROGRESS] resolve files> Scanning C:\Sidd all in one\Unsafe\Lab6\Repos\gson\test-jpms\target\maven-status\maven-compiler-plugin\testCompile\default-testCompile...
[2025-10-20 03:14:07] [PROGRESS] resolve files> Scanning C:\Sidd all in one\Unsafe\Lab6\Repos\gson\test-jpms\target\surefire-reports...
[2025-10-20 03:14:07] [PROGRESS] resolve files> Scanning C:\Sidd all in one\Unsafe\Lab6\Repos\gson\test-jpms\target\test-classes...
[2025-10-20 03:14:07] [PROGRESS] resolve files> Scanning C:\Sidd all in one\Unsafe\Lab6\Repos\gson\test-jpms\target\test-classes\com...
[2025-10-20 03:14:07] [PROGRESS] resolve files> Scanning C:\Sidd all in one\Unsafe\Lab6\Repos\gson\test-jpms\target\test-classes\com\google...
[2025-10-20 03:14:07] [PROGRESS] resolve files> Scanning C:\Sidd all in one\Unsafe\Lab6\Repos\gson\test-jpms\target\test-classes\com\google\gson...
[2025-10-20 03:14:07] [PROGRESS] resolve files> Scanning C:\Sidd all in one\Unsafe\Lab6\Repos\gson\test-jpms\target\test-classes\com\google\gson\jpms_test...
[2025-10-20 03:14:07] [PROGRESS] resolve files> Scanning C:\Sidd all in one\Unsafe\Lab6\Repos\gson\test-jpms\target\test-classes\com\google\gson\jpms_test\opened...
[2025-10-20 03:14:07] [PROGRESS] resolve files> Scanning C:\Sidd all in one\Unsafe\Lab6\Repos\gson\test-shrinker...
[2025-10-20 03:14:07] [PROGRESS] resolve files> Scanning C:\Sidd all in one\Unsafe\Lab6\Repos\gson\test-shrinker\src...
[2025-10-20 03:14:07] [PROGRESS] resolve files> Scanning C:\Sidd all in one\Unsafe\Lab6\Repos\gson\test-shrinker\src\main...
[2025-10-20 03:14:07] [PROGRESS] resolve files> Scanning C:\Sidd all in one\Unsafe\Lab6\Repos\gson\test-shrinker\src\main\java...
[2025-10-20 03:14:07] [PROGRESS] resolve files> Scanning C:\Sidd all in one\Unsafe\Lab6\Repos\gson\test-shrinker\src\main\java\com...
[2025-10-20 03:14:07] [PROGRESS] resolve files> Scanning C:\Sidd all in one\Unsafe\Lab6\Repos\gson\test-shrinker\src\main\java\com\example...
[2025-10-20 03:14:07] [PROGRESS] resolve files> Scanning C:\Sidd all in one\Unsafe\Lab6\Repos\gson\test-shrinker\src\test...
[2025-10-20 03:14:07] [PROGRESS] resolve files> Scanning C:\Sidd all in one\Unsafe\Lab6\Repos\gson\test-shrinker\src\test\java...
[2025-10-20 03:14:07] [PROGRESS] resolve files> Scanning C:\Sidd all in one\Unsafe\Lab6\Repos\gson\test-shrinker\src\test\java\com...
[2025-10-20 03:14:07] [PROGRESS] resolve files> Scanning C:\Sidd all in one\Unsafe\Lab6\Repos\gson\test-shrinker\src\test\java\com\google...
[2025-10-20 03:14:07] [PROGRESS] resolve files> Scanning C:\Sidd all in one\Unsafe\Lab6\Repos\gson\test-shrinker\src\test\java\com\google\gson...
[2025-10-20 03:14:07] [PROGRESS] resolve files> Scanning C:\Sidd all in one\Unsafe\Lab6\Repos\gson\test-shrinker\src\test\java\com\google\gson\it...
[2025-10-20 03:14:07] [PROGRESS] resolve files> Scanning C:\Sidd all in one\Unsafe\Lab6\Repos\gson\test-shrinker\target...
[2025-10-20 03:14:07] [PROGRESS] resolve files> Scanning C:\Sidd all in one\Unsafe\Lab6\Repos\gson\test-shrinker\target\classes...
[2025-10-20 03:14:07] [PROGRESS] resolve files> Scanning C:\Sidd all in one\Unsafe\Lab6\Repos\gson\test-shrinker\target\classes\com...
[2025-10-20 03:14:07] [PROGRESS] resolve files> Scanning C:\Sidd all in one\Unsafe\Lab6\Repos\gson\test-shrinker\target\classes\com\example...
[2025-10-20 03:14:07] [PROGRESS] resolve files> Scanning C:\Sidd all in one\Unsafe\Lab6\Repos\gson\test-shrinker\target\failsafe-reports...
[2025-10-20 03:14:07] [PROGRESS] resolve files> Scanning C:\Sidd all in one\Unsafe\Lab6\Repos\gson\test-shrinker\target\generated-sources...
[2025-10-20 03:14:07] [PROGRESS] resolve files> Scanning C:\Sidd all in one\Unsafe\Lab6\Repos\gson\test-shrinker\target\generated-sources\annotations...
[2025-10-20 03:14:07] [PROGRESS] resolve files> Scanning C:\Sidd all in one\Unsafe\Lab6\Repos\gson\test-shrinker\target\generated-test-sources...
[2025-10-20 03:14:07] [PROGRESS] resolve files> Scanning C:\Sidd all in one\Unsafe\Lab6\Repos\gson\test-shrinker\target\generated-test-sources\test-annotations...
[2025-10-20 03:14:07] [PROGRESS] resolve files> Scanning C:\Sidd all in one\Unsafe\Lab6\Repos\gson\test-shrinker\target\maven-archiver...
[2025-10-20 03:14:07] [PROGRESS] resolve files> Scanning C:\Sidd all in one\Unsafe\Lab6\Repos\gson\test-shrinker\target\maven-status...
[2025-10-20 03:14:07] [PROGRESS] resolve files> Scanning C:\Sidd all in one\Unsafe\Lab6\Repos\gson\test-shrinker\target\maven-status\maven-compiler-plugin...
[2025-10-20 03:14:07] [PROGRESS] resolve files> Scanning C:\Sidd all in one\Unsafe\Lab6\Repos\gson\test-shrinker\target\maven-status\maven-compiler-plugin\compile...
[2025-10-20 03:14:07] [PROGRESS] resolve files> Scanning C:\Sidd all in one\Unsafe\Lab6\Repos\gson\test-shrinker\target\maven-status\maven-compiler-plugin\compile\default-compile...
[2025-10-20 03:14:07] [PROGRESS] resolve files> Scanning C:\Sidd all in one\Unsafe\Lab6\Repos\gson\test-shrinker\target\maven-status\maven-compiler-plugin\testCompile...
[2025-10-20 03:14:07] [PROGRESS] resolve files> Scanning C:\Sidd all in one\Unsafe\Lab6\Repos\gson\test-shrinker\target\maven-status\maven-compiler-plugin\testCompile\default-testCompile...
[2025-10-20 03:14:07] [PROGRESS] resolve files> Scanning C:\Sidd all in one\Unsafe\Lab6\Repos\gson\test-shrinker\target\test-classes...
[2025-10-20 03:14:07] [PROGRESS] resolve files> Scanning C:\Sidd all in one\Unsafe\Lab6\Repos\gson\test-shrinker\target\test-classes\com...
[2025-10-20 03:14:07] [PROGRESS] resolve files> Scanning C:\Sidd all in one\Unsafe\Lab6\Repos\gson\test-shrinker\target\test-classes\com\google...
[2025-10-20 03:14:07] [PROGRESS] resolve files> Scanning C:\Sidd all in one\Unsafe\Lab6\Repos\gson\test-shrinker\target\test-classes\com\google\gson...
[2025-10-20 03:14:07] [PROGRESS] resolve files> Scanning C:\Sidd all in one\Unsafe\Lab6\Repos\gson\test-shrinker\target\test-classes\com\google\gson\it...
[2025-10-20 03:14:07] Plumbing command codeql resolve files completed:
                      [
                        "C:\\Sidd all in one\\Unsafe\\Lab6\\Repos\\gson\\extras\\target\\maven-archiver\\pom.properties",
                        "C:\\Sidd all in one\\Unsafe\\Lab6\\Repos\\gson\\gson\\target\\maven-archiver\\pom.properties",
                        "C:\\Sidd all in one\\Unsafe\\Lab6\\Repos\\gson\\metrics\\target\\maven-archiver\\pom.properties",
                        "C:\\Sidd all in one\\Unsafe\\Lab6\\Repos\\gson\\proto\\target\\maven-archiver\\pom.properties",
                        "C:\\Sidd all in one\\Unsafe\\Lab6\\Repos\\gson\\test-jpms\\target\\maven-archiver\\pom.properties",
                        "C:\\Sidd all in one\\Unsafe\\Lab6\\Repos\\gson\\test-shrinker\\target\\maven-archiver\\pom.properties"
                      ]
[2025-10-20 03:14:07] [DETAILS] database index-files> Found 6 files.
[2025-10-20 03:14:07] [PROGRESS] database index-files> C:\Sidd all in one\Unsafe\Lab6\CodeQL-Databases\gson-codeql-db: Indexing files in in C:\Sidd all in one\Unsafe\Lab6\Repos\gson...
[2025-10-20 03:14:07] Using index-files script C:\Sidd all in one\Unsafe\Lab6\Tools\codeql\properties\tools\index-files.cmd.
[2025-10-20 03:14:08] [PROGRESS] database index-files> Running command in C:\Sidd all in one\Unsafe\Lab6\Repos\gson: [C:\Sidd all in one\Unsafe\Lab6\Tools\codeql\properties\tools\index-files.cmd, C:\Sidd all in one\Unsafe\Lab6\CodeQL-Databases\gson-codeql-db\working\files-to-index10269713676003026664.list]
[2025-10-20 03:14:09] Terminating normally.
