[2025-10-20 03:13:41] [javac-extractor-28152] Starting extraction for:
                                              sun.java.command=com.semmle.extractor.java.JavaExtractor --jdk-version 21 --javac-args @@@C:\Sidd all in one\Unsafe\Lab6\CodeQL-Databases\gson-codeql-db\log\ext\javac-10.args
                                              user.dir=C:\Sidd all in one\Unsafe\Lab6\Repos\gson
[2025-10-20 03:13:41] [javac-extractor-28152] Compilation name C:/Sidd all in one/Unsafe/Lab6/CodeQL-Databases/gson-codeql-db/trap/java/diagnostics/diagnostic-10.trap.gz
[2025-10-20 03:13:41] [javac-extractor-28152] [WARN] Appending source destination directory C:\Sidd all in one\Unsafe\Lab6\Repos\gson\proto\target\generated-sources\annotations to sourcepath
[2025-10-20 03:13:43] [javac-extractor-28152] Annotation processor class 'lombok.launch.AnnotationProcessorHider$AnnotationProcessor' initialized.
[2025-10-20 03:13:43] [javac-extractor-28152] Annotation processor class 'lombok.launch.AnnotationProcessorHider$ClaimingProcessor' initialized.
[2025-10-20 03:13:43] [javac-extractor-28152] 1 files will be passed to the attrib/flow phase
[2025-10-20 03:13:43] [javac-extractor-28152] Processing file C:\Sidd all in one\Unsafe\Lab6\Repos\gson\proto\src\main\java\com\google\gson\protobuf\ProtoTypeAdapter.java
[2025-10-20 03:13:44] [javac-extractor-28152] [WARN] Not rewriting trap file for C:\Sidd all in one\Unsafe\Lab6\CodeQL-Databases\gson-codeql-db\trap\java\classes\com\google\gson\JsonArray.members\JsonArray.members#52.0-1757536754000-java.trap.gz as C:\Sidd all in one\Unsafe\Lab6\CodeQL-Databases\gson-codeql-db\trap\java\classes\com\google\gson\JsonArray.members\JsonArray.members#0.0-1760887907936-java.trap.gz exists
[2025-10-20 03:13:44] [javac-extractor-28152] [WARN] Not rewriting trap file for C:\Sidd all in one\Unsafe\Lab6\CodeQL-Databases\gson-codeql-db\trap\java\classes\com\google\gson\JsonDeserializationContext.members\JsonDeserializationContext.members#52.0-1757536754000-java.trap.gz as C:\Sidd all in one\Unsafe\Lab6\CodeQL-Databases\gson-codeql-db\trap\java\classes\com\google\gson\JsonDeserializationContext.members\JsonDeserializationContext.members#0.0-1760887907937-java.trap.gz exists
[2025-10-20 03:13:44] [javac-extractor-28152] [WARN] Not rewriting trap file for C:\Sidd all in one\Unsafe\Lab6\CodeQL-Databases\gson-codeql-db\trap\java\classes\com\google\gson\JsonDeserializer.members\JsonDeserializer.members#52.0-1757536754000-java.trap.gz as C:\Sidd all in one\Unsafe\Lab6\CodeQL-Databases\gson-codeql-db\trap\java\classes\com\google\gson\JsonDeserializer.members\JsonDeserializer.members#0.0-1760887907937-java.trap.gz exists
[2025-10-20 03:13:44] [javac-extractor-28152] [WARN] Not rewriting trap file for C:\Sidd all in one\Unsafe\Lab6\CodeQL-Databases\gson-codeql-db\trap\java\classes\com\google\gson\JsonElement.members\JsonElement.members#52.0-1757536754000-java.trap.gz as C:\Sidd all in one\Unsafe\Lab6\CodeQL-Databases\gson-codeql-db\trap\java\classes\com\google\gson\JsonElement.members\JsonElement.members#0.0-1760887907938-java.trap.gz exists
[2025-10-20 03:13:44] [javac-extractor-28152] [WARN] Not rewriting trap file for C:\Sidd all in one\Unsafe\Lab6\CodeQL-Databases\gson-codeql-db\trap\java\classes\com\google\gson\JsonObject.members\JsonObject.members#52.0-1757536754000-java.trap.gz as C:\Sidd all in one\Unsafe\Lab6\CodeQL-Databases\gson-codeql-db\trap\java\classes\com\google\gson\JsonObject.members\JsonObject.members#0.0-1760887907940-java.trap.gz exists
[2025-10-20 03:13:44] [javac-extractor-28152] [WARN] Not rewriting trap file for C:\Sidd all in one\Unsafe\Lab6\CodeQL-Databases\gson-codeql-db\trap\java\classes\com\google\gson\JsonParseException.members\JsonParseException.members#52.0-1757536754000-java.trap.gz as C:\Sidd all in one\Unsafe\Lab6\CodeQL-Databases\gson-codeql-db\trap\java\classes\com\google\gson\JsonParseException.members\JsonParseException.members#0.0-1760887907940-java.trap.gz exists
[2025-10-20 03:13:44] [javac-extractor-28152] [WARN] Not rewriting trap file for C:\Sidd all in one\Unsafe\Lab6\CodeQL-Databases\gson-codeql-db\trap\java\classes\com\google\gson\JsonSerializationContext.members\JsonSerializationContext.members#52.0-1757536754000-java.trap.gz as C:\Sidd all in one\Unsafe\Lab6\CodeQL-Databases\gson-codeql-db\trap\java\classes\com\google\gson\JsonSerializationContext.members\JsonSerializationContext.members#0.0-1760887907942-java.trap.gz exists
[2025-10-20 03:13:44] [javac-extractor-28152] [WARN] Not rewriting trap file for C:\Sidd all in one\Unsafe\Lab6\CodeQL-Databases\gson-codeql-db\trap\java\classes\com\google\gson\JsonSerializer.members\JsonSerializer.members#52.0-1757536754000-java.trap.gz as C:\Sidd all in one\Unsafe\Lab6\CodeQL-Databases\gson-codeql-db\trap\java\classes\com\google\gson\JsonSerializer.members\JsonSerializer.members#0.0-1760887907943-java.trap.gz exists
[2025-10-20 03:13:44] [javac-extractor-28152] [WARN] Not rewriting trap file for C:\Sidd all in one\Unsafe\Lab6\CodeQL-Databases\gson-codeql-db\trap\java\classes\com\google\common\annotations\GwtCompatible.members\GwtCompatible.members#52.0-318191400000-java.trap.gz as the trap-old exists
[2025-10-20 03:13:44] [javac-extractor-28152] [WARN] Not rewriting trap file for C:\Sidd all in one\Unsafe\Lab6\CodeQL-Databases\gson-codeql-db\trap\java\classes\com\google\common\collect\ImmutableList.members\ImmutableList.members#52.0-318191400000-java.trap.gz as the trap-old exists
[2025-10-20 03:13:44] [javac-extractor-28152] [WARN] Not rewriting trap file for C:\Sidd all in one\Unsafe\Lab6\CodeQL-Databases\gson-codeql-db\trap\java\classes\com\google\common\collect\ImmutableCollection.members\ImmutableCollection.members#52.0-318191400000-java.trap.gz as the trap-old exists
[2025-10-20 03:13:44] [javac-extractor-28152] [WARN] Not rewriting trap file for C:\Sidd all in one\Unsafe\Lab6\CodeQL-Databases\gson-codeql-db\trap\java\classes\com\google\common\base\Function.members\Function.members#52.0-318191400000-java.trap.gz as the trap-old exists
[2025-10-20 03:13:44] [javac-extractor-28152] [WARN] Not rewriting trap file for C:\Sidd all in one\Unsafe\Lab6\CodeQL-Databases\gson-codeql-db\trap\java\classes\com\google\common\annotations\GwtIncompatible.members\GwtIncompatible.members#52.0-318191400000-java.trap.gz as the trap-old exists
[2025-10-20 03:13:44] [javac-extractor-28152] [WARN] Not rewriting trap file for C:\Sidd all in one\Unsafe\Lab6\CodeQL-Databases\gson-codeql-db\trap\java\classes\com\google\common\annotations\VisibleForTesting.members\VisibleForTesting.members#52.0-318191400000-java.trap.gz as the trap-old exists
[2025-10-20 03:13:47] [javac-extractor-28152] Processing JAR file: C:/Users/Siddhesh/.m2/repository/com/google/protobuf/protobuf-java/4.32.1/protobuf-java-4.32.1.jar
[2025-10-20 03:13:47] [javac-extractor-28152] Processing JAR file: C:/Users/Siddhesh/.m2/repository/com/google/j2objc/j2objc-annotations/3.1/j2objc-annotations-3.1.jar
[2025-10-20 03:13:47] [javac-extractor-28152] Javac init time: 1.9s
[2025-10-20 03:13:47] [javac-extractor-28152] Javac attr time: 0.3s
[2025-10-20 03:13:47] [javac-extractor-28152] Extractor time: 4.1s
[2025-10-20 03:13:47] [javac-extractor-28152] Other time: 0.2s
[2025-10-20 03:13:47] [javac-extractor-28152] Total time: 6.5s
