[2025-10-20 03:13:25] [javac-extractor-6992] Starting extraction for:
                                             sun.java.command=com.semmle.extractor.java.JavaExtractor --jdk-version 21 --javac-args @@@C:\Sidd all in one\Unsafe\Lab6\CodeQL-Databases\gson-codeql-db\log\ext\javac-9.args
                                             user.dir=C:\Sidd all in one\Unsafe\Lab6\Repos\gson
[2025-10-20 03:13:25] [javac-extractor-6992] Compilation name C:/Sidd all in one/Unsafe/Lab6/CodeQL-Databases/gson-codeql-db/trap/java/diagnostics/diagnostic-9.trap.gz
[2025-10-20 03:13:25] [javac-extractor-6992] [WARN] Appending source destination directory C:\Sidd all in one\Unsafe\Lab6\Repos\gson\metrics\target\generated-sources\annotations to sourcepath
[2025-10-20 03:13:27] [javac-extractor-6992] Annotation processor class 'lombok.launch.AnnotationProcessorHider$AnnotationProcessor' initialized.
[2025-10-20 03:13:27] [javac-extractor-6992] Annotation processor class 'lombok.launch.AnnotationProcessorHider$ClaimingProcessor' initialized.
[2025-10-20 03:13:27] [javac-extractor-6992] 6 files will be passed to the attrib/flow phase
[2025-10-20 03:13:28] [javac-extractor-6992] Processing file C:\Sidd all in one\Unsafe\Lab6\Repos\gson\metrics\src\main\java\com\google\gson\metrics\BagOfPrimitives.java
[2025-10-20 03:13:28] [javac-extractor-6992] Processing JAR file: C:/Users/Siddhesh/.m2/repository/com/google/guava/guava/30.1.1-jre/guava-30.1.1-jre.jar
[2025-10-20 03:13:28] [javac-extractor-6992] Processing file C:\Sidd all in one\Unsafe\Lab6\Repos\gson\metrics\src\main\java\com\google\gson\metrics\BagOfPrimitivesDeserializationBenchmark.java
[2025-10-20 03:13:28] [javac-extractor-6992] [WARN] Not rewriting trap file for C:\Sidd all in one\Unsafe\Lab6\CodeQL-Databases\gson-codeql-db\trap\java\classes\com\google\gson\Gson.members\Gson.members#52.0-1757536754000-java.trap.gz as C:\Sidd all in one\Unsafe\Lab6\CodeQL-Databases\gson-codeql-db\trap\java\classes\com\google\gson\Gson.members\Gson.members#0.0-1760887907934-java.trap.gz exists
[2025-10-20 03:13:28] [javac-extractor-6992] [WARN] Not rewriting trap file for C:\Sidd all in one\Unsafe\Lab6\CodeQL-Databases\gson-codeql-db\trap\java\classes\com\google\gson\stream\JsonReader.members\JsonReader.members#52.0-1757536754000-java.trap.gz as C:\Sidd all in one\Unsafe\Lab6\CodeQL-Databases\gson-codeql-db\trap\java\classes\com\google\gson\stream\JsonReader.members\JsonReader.members#0.0-1760887907987-java.trap.gz exists
[2025-10-20 03:13:28] [javac-extractor-6992] Processing JAR file: C:/Users/Siddhesh/.m2/repository/com/google/caliper/caliper-api/1.0-beta-3/caliper-api-1.0-beta-3.jar
[2025-10-20 03:13:28] [javac-extractor-6992] Processing file C:\Sidd all in one\Unsafe\Lab6\Repos\gson\metrics\src\main\java\com\google\gson\metrics\CollectionsDeserializationBenchmark.java
[2025-10-20 03:13:28] [javac-extractor-6992] [WARN] Not rewriting trap file for C:\Sidd all in one\Unsafe\Lab6\CodeQL-Databases\gson-codeql-db\trap\java\classes\com\google\gson\Gson.members\Gson.members#52.0-1757536754000-java.trap.gz as C:\Sidd all in one\Unsafe\Lab6\CodeQL-Databases\gson-codeql-db\trap\java\classes\com\google\gson\Gson.members\Gson.members#0.0-1760887907934-java.trap.gz exists
[2025-10-20 03:13:28] [javac-extractor-6992] [WARN] Not rewriting trap file for C:\Sidd all in one\Unsafe\Lab6\CodeQL-Databases\gson-codeql-db\trap\java\classes\com\google\gson\reflect\TypeToken.members\TypeToken.members#52.0-1757536754000-java.trap.gz as C:\Sidd all in one\Unsafe\Lab6\CodeQL-Databases\gson-codeql-db\trap\java\classes\com\google\gson\reflect\TypeToken.members\TypeToken.members#0.0-1760887907985-java.trap.gz exists
[2025-10-20 03:13:28] [javac-extractor-6992] [WARN] Not rewriting trap file for C:\Sidd all in one\Unsafe\Lab6\CodeQL-Databases\gson-codeql-db\trap\java\classes\com\google\gson\stream\JsonReader.members\JsonReader.members#52.0-1757536754000-java.trap.gz as C:\Sidd all in one\Unsafe\Lab6\CodeQL-Databases\gson-codeql-db\trap\java\classes\com\google\gson\stream\JsonReader.members\JsonReader.members#0.0-1760887907987-java.trap.gz exists
[2025-10-20 03:13:28] [javac-extractor-6992] Processing file C:\Sidd all in one\Unsafe\Lab6\Repos\gson\metrics\src\main\java\com\google\gson\metrics\NonUploadingCaliperRunner.java
[2025-10-20 03:13:30] [javac-extractor-6992] [WARN] Not rewriting trap file for C:\Sidd all in one\Unsafe\Lab6\CodeQL-Databases\gson-codeql-db\trap\java\classes\com\google\gson\Gson.members\Gson.members#52.0-1757536754000-java.trap.gz as C:\Sidd all in one\Unsafe\Lab6\CodeQL-Databases\gson-codeql-db\trap\java\classes\com\google\gson\Gson.members\Gson.members#0.0-1760887907934-java.trap.gz exists
[2025-10-20 03:13:32] [javac-extractor-6992] Processing JAR file: C:/Users/Siddhesh/.m2/repository/com/google/caliper/caliper/1.0-beta-3/caliper-1.0-beta-3.jar
[2025-10-20 03:13:32] [javac-extractor-6992] Processing JAR file: C:/Users/Siddhesh/.m2/repository/com/google/caliper/caliper-runner/1.0-beta-3/caliper-runner-1.0-beta-3.jar
[2025-10-20 03:13:32] [javac-extractor-6992] Processing JAR file: C:/Users/Siddhesh/.m2/repository/com/google/dagger/dagger/2.22.1/dagger-2.22.1.jar
[2025-10-20 03:13:32] [javac-extractor-6992] Processing JAR file: C:/Users/Siddhesh/.m2/repository/javax/inject/javax.inject/1/javax.inject-1.jar
[2025-10-20 03:13:32] [javac-extractor-6992] No manifest found in jar: C:\Users\Siddhesh\.m2\repository\javax\inject\javax.inject\1\javax.inject-1.jar
[2025-10-20 03:13:32] [javac-extractor-6992] Processing JAR file: C:/Users/Siddhesh/.m2/repository/com/google/caliper/caliper-util/1.0-beta-3/caliper-util-1.0-beta-3.jar
[2025-10-20 03:13:32] [javac-extractor-6992] Processing JAR file: C:/Users/Siddhesh/.m2/repository/com/google/caliper/caliper-core/1.0-beta-3/caliper-core-1.0-beta-3.jar
[2025-10-20 03:13:32] [javac-extractor-6992] Processing JAR file: C:/Users/Siddhesh/.m2/repository/com/google/code/findbugs/jsr305/3.0.2/jsr305-3.0.2.jar
[2025-10-20 03:13:32] [javac-extractor-6992] Processing JAR file: C:/Users/Siddhesh/.m2/repository/com/google/auto/value/auto-value-annotations/1.8.1/auto-value-annotations-1.8.1.jar
[2025-10-20 03:13:32] [javac-extractor-6992] Processing JAR file: C:/Users/Siddhesh/.m2/repository/com/google/dagger/dagger-producers/2.22.1/dagger-producers-2.22.1.jar
[2025-10-20 03:13:32] [javac-extractor-6992] Processing JAR file: C:/Users/Siddhesh/.m2/repository/joda-time/joda-time/2.10.10/joda-time-2.10.10.jar
[2025-10-20 03:13:32] [javac-extractor-6992] Processing file C:\Sidd all in one\Unsafe\Lab6\Repos\gson\metrics\src\main\java\com\google\gson\metrics\ParseBenchmark.java
[2025-10-20 03:13:32] [javac-extractor-6992] [WARN] Not rewriting trap file for C:\Sidd all in one\Unsafe\Lab6\CodeQL-Databases\gson-codeql-db\trap\java\classes\com\google\gson\Gson.members\Gson.members#52.0-1757536754000-java.trap.gz as C:\Sidd all in one\Unsafe\Lab6\CodeQL-Databases\gson-codeql-db\trap\java\classes\com\google\gson\Gson.members\Gson.members#0.0-1760887907934-java.trap.gz exists
[2025-10-20 03:13:32] [javac-extractor-6992] [WARN] Not rewriting trap file for C:\Sidd all in one\Unsafe\Lab6\CodeQL-Databases\gson-codeql-db\trap\java\classes\com\google\gson\GsonBuilder.members\GsonBuilder.members#52.0-1757536754000-java.trap.gz as C:\Sidd all in one\Unsafe\Lab6\CodeQL-Databases\gson-codeql-db\trap\java\classes\com\google\gson\GsonBuilder.members\GsonBuilder.members#0.0-1760887907934-java.trap.gz exists
[2025-10-20 03:13:32] [javac-extractor-6992] [WARN] Not rewriting trap file for C:\Sidd all in one\Unsafe\Lab6\CodeQL-Databases\gson-codeql-db\trap\java\classes\com\google\gson\JsonElement.members\JsonElement.members#52.0-1757536754000-java.trap.gz as C:\Sidd all in one\Unsafe\Lab6\CodeQL-Databases\gson-codeql-db\trap\java\classes\com\google\gson\JsonElement.members\JsonElement.members#0.0-1760887907938-java.trap.gz exists
[2025-10-20 03:13:32] [javac-extractor-6992] [WARN] Not rewriting trap file for C:\Sidd all in one\Unsafe\Lab6\CodeQL-Databases\gson-codeql-db\trap\java\classes\com\google\gson\JsonParser.members\JsonParser.members#52.0-1757536754000-java.trap.gz as C:\Sidd all in one\Unsafe\Lab6\CodeQL-Databases\gson-codeql-db\trap\java\classes\com\google\gson\JsonParser.members\JsonParser.members#0.0-1760887907941-java.trap.gz exists
[2025-10-20 03:13:32] [javac-extractor-6992] [WARN] Not rewriting trap file for C:\Sidd all in one\Unsafe\Lab6\CodeQL-Databases\gson-codeql-db\trap\java\classes\com\google\gson\annotations\SerializedName.members\SerializedName.members#52.0-1757536754000-java.trap.gz as C:\Sidd all in one\Unsafe\Lab6\CodeQL-Databases\gson-codeql-db\trap\java\classes\com\google\gson\annotations\SerializedName.members\SerializedName.members#0.0-1760887907955-java.trap.gz exists
[2025-10-20 03:13:32] [javac-extractor-6992] [WARN] Not rewriting trap file for C:\Sidd all in one\Unsafe\Lab6\CodeQL-Databases\gson-codeql-db\trap\java\classes\com\google\gson\reflect\TypeToken.members\TypeToken.members#52.0-1757536754000-java.trap.gz as C:\Sidd all in one\Unsafe\Lab6\CodeQL-Databases\gson-codeql-db\trap\java\classes\com\google\gson\reflect\TypeToken.members\TypeToken.members#0.0-1760887907985-java.trap.gz exists
[2025-10-20 03:13:32] [javac-extractor-6992] [WARN] Not rewriting trap file for C:\Sidd all in one\Unsafe\Lab6\CodeQL-Databases\gson-codeql-db\trap\java\classes\com\google\gson\stream\JsonReader.members\JsonReader.members#52.0-1757536754000-java.trap.gz as C:\Sidd all in one\Unsafe\Lab6\CodeQL-Databases\gson-codeql-db\trap\java\classes\com\google\gson\stream\JsonReader.members\JsonReader.members#0.0-1760887907987-java.trap.gz exists
[2025-10-20 03:13:33] [javac-extractor-6992] [WARN] Not rewriting trap file for C:\Sidd all in one\Unsafe\Lab6\CodeQL-Databases\gson-codeql-db\trap\java\classes\com\google\gson\stream\JsonToken.members\JsonToken.members#52.0-1757536754000-java.trap.gz as C:\Sidd all in one\Unsafe\Lab6\CodeQL-Databases\gson-codeql-db\trap\java\classes\com\google\gson\stream\JsonToken.members\JsonToken.members#0.0-1760887907988-java.trap.gz exists
[2025-10-20 03:13:37] [javac-extractor-6992] Processing JAR file: C:/Users/Siddhesh/.m2/repository/com/fasterxml/jackson/core/jackson-core/2.20.0/jackson-core-2.20.0.jar
[2025-10-20 03:13:37] [javac-extractor-6992] Processing JAR file: C:/Users/Siddhesh/.m2/repository/com/fasterxml/jackson/core/jackson-databind/2.20.0/jackson-databind-2.20.0.jar
[2025-10-20 03:13:37] [javac-extractor-6992] Processing JAR file: C:/Users/Siddhesh/.m2/repository/com/fasterxml/jackson/core/jackson-annotations/2.20/jackson-annotations-2.20.jar
[2025-10-20 03:13:37] [javac-extractor-6992] Processing file C:\Sidd all in one\Unsafe\Lab6\Repos\gson\metrics\src\main\java\com\google\gson\metrics\SerializationBenchmark.java
[2025-10-20 03:13:37] [javac-extractor-6992] [WARN] Not rewriting trap file for C:\Sidd all in one\Unsafe\Lab6\CodeQL-Databases\gson-codeql-db\trap\java\classes\com\google\gson\Gson.members\Gson.members#52.0-1757536754000-java.trap.gz as C:\Sidd all in one\Unsafe\Lab6\CodeQL-Databases\gson-codeql-db\trap\java\classes\com\google\gson\Gson.members\Gson.members#0.0-1760887907934-java.trap.gz exists
[2025-10-20 03:13:37] [javac-extractor-6992] [WARN] Not rewriting trap file for C:\Sidd all in one\Unsafe\Lab6\CodeQL-Databases\gson-codeql-db\trap\java\classes\com\google\gson\GsonBuilder.members\GsonBuilder.members#52.0-1757536754000-java.trap.gz as C:\Sidd all in one\Unsafe\Lab6\CodeQL-Databases\gson-codeql-db\trap\java\classes\com\google\gson\GsonBuilder.members\GsonBuilder.members#0.0-1760887907934-java.trap.gz exists
[2025-10-20 03:13:37] [javac-extractor-6992] Javac init time: 1.9s
[2025-10-20 03:13:37] [javac-extractor-6992] Javac attr time: 0.3s
[2025-10-20 03:13:37] [javac-extractor-6992] Extractor time: 9.4s
[2025-10-20 03:13:37] [javac-extractor-6992] Other time: 0.2s
[2025-10-20 03:13:37] [javac-extractor-6992] Total time: 11.8s
