[2025-10-20 03:12:28] [javac-extractor-28352] Starting extraction for:
                                              sun.java.command=com.semmle.extractor.java.JavaExtractor --jdk-version 21 --javac-args @@@C:\Sidd all in one\Unsafe\Lab6\CodeQL-Databases\gson-codeql-db\log\ext\javac-4.args
                                              user.dir=C:\Sidd all in one\Unsafe\Lab6\Repos\gson
[2025-10-20 03:12:28] [javac-extractor-28352] Compilation name C:/Sidd all in one/Unsafe/Lab6/CodeQL-Databases/gson-codeql-db/trap/java/diagnostics/diagnostic-4.trap.gz
[2025-10-20 03:12:28] [javac-extractor-28352] [WARN] Appending source destination directory C:\Sidd all in one\Unsafe\Lab6\Repos\gson\test-graal-native-image\target\generated-test-sources\test-annotations to sourcepath
[2025-10-20 03:12:30] [javac-extractor-28352] Annotation processor class 'lombok.launch.AnnotationProcessorHider$AnnotationProcessor' initialized.
[2025-10-20 03:12:30] [javac-extractor-28352] Annotation processor class 'lombok.launch.AnnotationProcessorHider$ClaimingProcessor' initialized.
[2025-10-20 03:12:30] [javac-extractor-28352] 2 files will be passed to the attrib/flow phase
[2025-10-20 03:12:31] [javac-extractor-28352] Processing file C:\Sidd all in one\Unsafe\Lab6\Repos\gson\test-graal-native-image\src\test\java\com\google\gson\native_test\Java17RecordReflectionTest.java
[2025-10-20 03:12:31] [javac-extractor-28352] [WARN] Not rewriting trap file for C:\Sidd all in one\Unsafe\Lab6\CodeQL-Databases\gson-codeql-db\trap\java\classes\com\google\gson\Gson.members\Gson.members#52.0-1757536754000-java.trap.gz as C:\Sidd all in one\Unsafe\Lab6\CodeQL-Databases\gson-codeql-db\trap\java\classes\com\google\gson\Gson.members\Gson.members#0.0-1760887907934-java.trap.gz exists
[2025-10-20 03:12:31] [javac-extractor-28352] [WARN] Not rewriting trap file for C:\Sidd all in one\Unsafe\Lab6\CodeQL-Databases\gson-codeql-db\trap\java\classes\com\google\gson\GsonBuilder.members\GsonBuilder.members#52.0-1757536754000-java.trap.gz as C:\Sidd all in one\Unsafe\Lab6\CodeQL-Databases\gson-codeql-db\trap\java\classes\com\google\gson\GsonBuilder.members\GsonBuilder.members#0.0-1760887907934-java.trap.gz exists
[2025-10-20 03:12:31] [javac-extractor-28352] [WARN] Not rewriting trap file for C:\Sidd all in one\Unsafe\Lab6\CodeQL-Databases\gson-codeql-db\trap\java\classes\com\google\gson\TypeAdapter.members\TypeAdapter.members#52.0-1757536754000-java.trap.gz as C:\Sidd all in one\Unsafe\Lab6\CodeQL-Databases\gson-codeql-db\trap\java\classes\com\google\gson\TypeAdapter.members\TypeAdapter.members#0.0-1760887907949-java.trap.gz exists
[2025-10-20 03:12:31] [javac-extractor-28352] [WARN] Not rewriting trap file for C:\Sidd all in one\Unsafe\Lab6\CodeQL-Databases\gson-codeql-db\trap\java\classes\com\google\gson\annotations\JsonAdapter.members\JsonAdapter.members#52.0-1757536754000-java.trap.gz as C:\Sidd all in one\Unsafe\Lab6\CodeQL-Databases\gson-codeql-db\trap\java\classes\com\google\gson\annotations\JsonAdapter.members\JsonAdapter.members#0.0-1760887907952-java.trap.gz exists
[2025-10-20 03:12:31] [javac-extractor-28352] [WARN] Not rewriting trap file for C:\Sidd all in one\Unsafe\Lab6\CodeQL-Databases\gson-codeql-db\trap\java\classes\com\google\gson\annotations\SerializedName.members\SerializedName.members#52.0-1757536754000-java.trap.gz as C:\Sidd all in one\Unsafe\Lab6\CodeQL-Databases\gson-codeql-db\trap\java\classes\com\google\gson\annotations\SerializedName.members\SerializedName.members#0.0-1760887907955-java.trap.gz exists
[2025-10-20 03:12:31] [javac-extractor-28352] [WARN] Not rewriting trap file for C:\Sidd all in one\Unsafe\Lab6\CodeQL-Databases\gson-codeql-db\trap\java\classes\com\google\gson\stream\JsonReader.members\JsonReader.members#52.0-1757536754000-java.trap.gz as C:\Sidd all in one\Unsafe\Lab6\CodeQL-Databases\gson-codeql-db\trap\java\classes\com\google\gson\stream\JsonReader.members\JsonReader.members#0.0-1760887907987-java.trap.gz exists
[2025-10-20 03:12:31] [javac-extractor-28352] [WARN] Not rewriting trap file for C:\Sidd all in one\Unsafe\Lab6\CodeQL-Databases\gson-codeql-db\trap\java\classes\com\google\gson\stream\JsonWriter.members\JsonWriter.members#52.0-1757536754000-java.trap.gz as C:\Sidd all in one\Unsafe\Lab6\CodeQL-Databases\gson-codeql-db\trap\java\classes\com\google\gson\stream\JsonWriter.members\JsonWriter.members#0.0-1760887907989-java.trap.gz exists
[2025-10-20 03:12:31] [javac-extractor-28352] [WARN] Not rewriting trap file for C:\Sidd all in one\Unsafe\Lab6\CodeQL-Databases\gson-codeql-db\trap\java\classes\com\google\gson\JsonElement.members\JsonElement.members#52.0-1757536754000-java.trap.gz as C:\Sidd all in one\Unsafe\Lab6\CodeQL-Databases\gson-codeql-db\trap\java\classes\com\google\gson\JsonElement.members\JsonElement.members#0.0-1760887907938-java.trap.gz exists
[2025-10-20 03:12:31] [javac-extractor-28352] Processing JAR file: C:/Users/Siddhesh/.m2/repository/org/junit/jupiter/junit-jupiter-api/6.0.0/junit-jupiter-api-6.0.0.jar
[2025-10-20 03:12:31] [javac-extractor-28352] Processing JAR file: C:/Users/Siddhesh/.m2/repository/org/apiguardian/apiguardian-api/1.1.2/apiguardian-api-1.1.2.jar
[2025-10-20 03:12:31] [javac-extractor-28352] Processing JAR file: C:/Users/Siddhesh/.m2/repository/org/junit/platform/junit-platform-commons/6.0.0/junit-platform-commons-6.0.0.jar
[2025-10-20 03:12:31] [javac-extractor-28352] Processing file C:\Sidd all in one\Unsafe\Lab6\Repos\gson\test-graal-native-image\src\test\java\com\google\gson\native_test\ReflectionTest.java
[2025-10-20 03:12:31] [javac-extractor-28352] [WARN] Not rewriting trap file for C:\Sidd all in one\Unsafe\Lab6\CodeQL-Databases\gson-codeql-db\trap\java\classes\com\google\gson\Gson.members\Gson.members#52.0-1757536754000-java.trap.gz as C:\Sidd all in one\Unsafe\Lab6\CodeQL-Databases\gson-codeql-db\trap\java\classes\com\google\gson\Gson.members\Gson.members#0.0-1760887907934-java.trap.gz exists
[2025-10-20 03:12:31] [javac-extractor-28352] [WARN] Not rewriting trap file for C:\Sidd all in one\Unsafe\Lab6\CodeQL-Databases\gson-codeql-db\trap\java\classes\com\google\gson\GsonBuilder.members\GsonBuilder.members#52.0-1757536754000-java.trap.gz as C:\Sidd all in one\Unsafe\Lab6\CodeQL-Databases\gson-codeql-db\trap\java\classes\com\google\gson\GsonBuilder.members\GsonBuilder.members#0.0-1760887907934-java.trap.gz exists
[2025-10-20 03:12:31] [javac-extractor-28352] [WARN] Not rewriting trap file for C:\Sidd all in one\Unsafe\Lab6\CodeQL-Databases\gson-codeql-db\trap\java\classes\com\google\gson\InstanceCreator.members\InstanceCreator.members#52.0-1757536754000-java.trap.gz as C:\Sidd all in one\Unsafe\Lab6\CodeQL-Databases\gson-codeql-db\trap\java\classes\com\google\gson\InstanceCreator.members\InstanceCreator.members#0.0-1760887907936-java.trap.gz exists
[2025-10-20 03:12:31] [javac-extractor-28352] [WARN] Not rewriting trap file for C:\Sidd all in one\Unsafe\Lab6\CodeQL-Databases\gson-codeql-db\trap\java\classes\com\google\gson\TypeAdapter.members\TypeAdapter.members#52.0-1757536754000-java.trap.gz as C:\Sidd all in one\Unsafe\Lab6\CodeQL-Databases\gson-codeql-db\trap\java\classes\com\google\gson\TypeAdapter.members\TypeAdapter.members#0.0-1760887907949-java.trap.gz exists
[2025-10-20 03:12:31] [javac-extractor-28352] [WARN] Not rewriting trap file for C:\Sidd all in one\Unsafe\Lab6\CodeQL-Databases\gson-codeql-db\trap\java\classes\com\google\gson\annotations\JsonAdapter.members\JsonAdapter.members#52.0-1757536754000-java.trap.gz as C:\Sidd all in one\Unsafe\Lab6\CodeQL-Databases\gson-codeql-db\trap\java\classes\com\google\gson\annotations\JsonAdapter.members\JsonAdapter.members#0.0-1760887907952-java.trap.gz exists
[2025-10-20 03:12:31] [javac-extractor-28352] [WARN] Not rewriting trap file for C:\Sidd all in one\Unsafe\Lab6\CodeQL-Databases\gson-codeql-db\trap\java\classes\com\google\gson\annotations\SerializedName.members\SerializedName.members#52.0-1757536754000-java.trap.gz as C:\Sidd all in one\Unsafe\Lab6\CodeQL-Databases\gson-codeql-db\trap\java\classes\com\google\gson\annotations\SerializedName.members\SerializedName.members#0.0-1760887907955-java.trap.gz exists
[2025-10-20 03:12:31] [javac-extractor-28352] [WARN] Not rewriting trap file for C:\Sidd all in one\Unsafe\Lab6\CodeQL-Databases\gson-codeql-db\trap\java\classes\com\google\gson\reflect\TypeToken.members\TypeToken.members#52.0-1757536754000-java.trap.gz as C:\Sidd all in one\Unsafe\Lab6\CodeQL-Databases\gson-codeql-db\trap\java\classes\com\google\gson\reflect\TypeToken.members\TypeToken.members#0.0-1760887907985-java.trap.gz exists
[2025-10-20 03:12:31] [javac-extractor-28352] [WARN] Not rewriting trap file for C:\Sidd all in one\Unsafe\Lab6\CodeQL-Databases\gson-codeql-db\trap\java\classes\com\google\gson\stream\JsonReader.members\JsonReader.members#52.0-1757536754000-java.trap.gz as C:\Sidd all in one\Unsafe\Lab6\CodeQL-Databases\gson-codeql-db\trap\java\classes\com\google\gson\stream\JsonReader.members\JsonReader.members#0.0-1760887907987-java.trap.gz exists
[2025-10-20 03:12:31] [javac-extractor-28352] [WARN] Not rewriting trap file for C:\Sidd all in one\Unsafe\Lab6\CodeQL-Databases\gson-codeql-db\trap\java\classes\com\google\gson\stream\JsonWriter.members\JsonWriter.members#52.0-1757536754000-java.trap.gz as C:\Sidd all in one\Unsafe\Lab6\CodeQL-Databases\gson-codeql-db\trap\java\classes\com\google\gson\stream\JsonWriter.members\JsonWriter.members#0.0-1760887907989-java.trap.gz exists
[2025-10-20 03:12:32] [javac-extractor-28352] [WARN] Not rewriting trap file for C:\Sidd all in one\Unsafe\Lab6\CodeQL-Databases\gson-codeql-db\trap\java\classes\com\google\gson\JsonElement.members\JsonElement.members#52.0-1757536754000-java.trap.gz as C:\Sidd all in one\Unsafe\Lab6\CodeQL-Databases\gson-codeql-db\trap\java\classes\com\google\gson\JsonElement.members\JsonElement.members#0.0-1760887907938-java.trap.gz exists
[2025-10-20 03:12:32] [javac-extractor-28352] Javac init time: 2.2s
[2025-10-20 03:12:32] [javac-extractor-28352] Javac attr time: 0.5s
[2025-10-20 03:12:32] [javac-extractor-28352] Extractor time: 0.8s
[2025-10-20 03:12:32] [javac-extractor-28352] Other time: 0.3s
[2025-10-20 03:12:32] [javac-extractor-28352] Total time: 3.8s
