[2025-10-20 03:12:19] [javac-extractor-29200] Starting extraction for:
                                              sun.java.command=com.semmle.extractor.java.JavaExtractor --jdk-version 21 --javac-args @@@C:\Sidd all in one\Unsafe\Lab6\CodeQL-Databases\gson-codeql-db\log\ext\javac-3.args
                                              user.dir=C:\Sidd all in one\Unsafe\Lab6\Repos\gson
[2025-10-20 03:12:19] [javac-extractor-29200] Compilation name C:/Sidd all in one/Unsafe/Lab6/CodeQL-Databases/gson-codeql-db/trap/java/diagnostics/diagnostic-3.trap.gz
[2025-10-20 03:12:19] [javac-extractor-29200] [WARN] Appending source destination directory C:\Sidd all in one\Unsafe\Lab6\Repos\gson\test-jpms\target\generated-test-sources\test-annotations to sourcepath
[2025-10-20 03:12:21] [javac-extractor-29200] Annotation processor class 'lombok.launch.AnnotationProcessorHider$AnnotationProcessor' initialized.
[2025-10-20 03:12:22] [javac-extractor-29200] Annotation processor class 'lombok.launch.AnnotationProcessorHider$ClaimingProcessor' initialized.
[2025-10-20 03:12:22] [javac-extractor-29200] 5 files will be passed to the attrib/flow phase
[2025-10-20 03:12:22] [javac-extractor-29200] Processing file C:\Sidd all in one\Unsafe\Lab6\Repos\gson\test-jpms\src\test\java\com\google\gson\jpms_test\ExportedPackagesTest.java
[2025-10-20 03:12:22] [javac-extractor-29200] [WARN] Not rewriting trap file for C:\Sidd all in one\Unsafe\Lab6\CodeQL-Databases\gson-codeql-db\trap\java\classes\com\google\gson\Gson.members\Gson.members#52.0-1757536754000-java.trap.gz as C:\Sidd all in one\Unsafe\Lab6\CodeQL-Databases\gson-codeql-db\trap\java\classes\com\google\gson\Gson.members\Gson.members#0.0-1760887907934-java.trap.gz exists
[2025-10-20 03:12:22] [javac-extractor-29200] [WARN] Not rewriting trap file for C:\Sidd all in one\Unsafe\Lab6\CodeQL-Databases\gson-codeql-db\trap\java\classes\com\google\gson\annotations\SerializedName.members\SerializedName.members#52.0-1757536754000-java.trap.gz as C:\Sidd all in one\Unsafe\Lab6\CodeQL-Databases\gson-codeql-db\trap\java\classes\com\google\gson\annotations\SerializedName.members\SerializedName.members#0.0-1760887907955-java.trap.gz exists
[2025-10-20 03:12:22] [javac-extractor-29200] [WARN] Not rewriting trap file for C:\Sidd all in one\Unsafe\Lab6\CodeQL-Databases\gson-codeql-db\trap\java\classes\com\google\gson\reflect\TypeToken.members\TypeToken.members#52.0-1757536754000-java.trap.gz as C:\Sidd all in one\Unsafe\Lab6\CodeQL-Databases\gson-codeql-db\trap\java\classes\com\google\gson\reflect\TypeToken.members\TypeToken.members#0.0-1760887907985-java.trap.gz exists
[2025-10-20 03:12:22] [javac-extractor-29200] [WARN] Not rewriting trap file for C:\Sidd all in one\Unsafe\Lab6\CodeQL-Databases\gson-codeql-db\trap\java\classes\com\google\gson\stream\JsonReader.members\JsonReader.members#52.0-1757536754000-java.trap.gz as C:\Sidd all in one\Unsafe\Lab6\CodeQL-Databases\gson-codeql-db\trap\java\classes\com\google\gson\stream\JsonReader.members\JsonReader.members#0.0-1760887907987-java.trap.gz exists
[2025-10-20 03:12:22] [javac-extractor-29200] Processing module com.google.gson.jpms_test
[2025-10-20 03:12:22] [javac-extractor-29200] Processing module com.google.gson
[2025-10-20 03:12:22] [javac-extractor-29200] Processing JAR file: C:/Sidd all in one/Unsafe/Lab6/Repos/gson/gson/target/gson-2.13.3-SNAPSHOT.jar
[2025-10-20 03:12:22] [javac-extractor-29200] Processing file C:\Sidd all in one\Unsafe\Lab6\Repos\gson\test-jpms\src\test\java\com\google\gson\jpms_test\ModuleTest.java
[2025-10-20 03:12:22] [javac-extractor-29200] [WARN] Not rewriting trap file for C:\Sidd all in one\Unsafe\Lab6\CodeQL-Databases\gson-codeql-db\trap\java\classes\com\google\gson\Gson.members\Gson.members#52.0-1757536754000-java.trap.gz as C:\Sidd all in one\Unsafe\Lab6\CodeQL-Databases\gson-codeql-db\trap\java\classes\com\google\gson\Gson.members\Gson.members#0.0-1760887907934-java.trap.gz exists
[2025-10-20 03:12:23] [javac-extractor-29200] Processing file C:\Sidd all in one\Unsafe\Lab6\Repos\gson\test-jpms\src\test\java\com\google\gson\jpms_test\ReflectionInaccessibleTest.java
[2025-10-20 03:12:23] [javac-extractor-29200] [WARN] Not rewriting trap file for C:\Sidd all in one\Unsafe\Lab6\CodeQL-Databases\gson-codeql-db\trap\java\classes\com\google\gson\Gson.members\Gson.members#52.0-1757536754000-java.trap.gz as C:\Sidd all in one\Unsafe\Lab6\CodeQL-Databases\gson-codeql-db\trap\java\classes\com\google\gson\Gson.members\Gson.members#0.0-1760887907934-java.trap.gz exists
[2025-10-20 03:12:23] [javac-extractor-29200] [WARN] Not rewriting trap file for C:\Sidd all in one\Unsafe\Lab6\CodeQL-Databases\gson-codeql-db\trap\java\classes\com\google\gson\JsonIOException.members\JsonIOException.members#52.0-1757536754000-java.trap.gz as C:\Sidd all in one\Unsafe\Lab6\CodeQL-Databases\gson-codeql-db\trap\java\classes\com\google\gson\JsonIOException.members\JsonIOException.members#0.0-1760887907938-java.trap.gz exists
[2025-10-20 03:12:23] [javac-extractor-29200] Processing file C:\Sidd all in one\Unsafe\Lab6\Repos\gson\test-jpms\src\test\java\com\google\gson\jpms_test\opened\ReflectionTest.java
[2025-10-20 03:12:23] [javac-extractor-29200] [WARN] Not rewriting trap file for C:\Sidd all in one\Unsafe\Lab6\CodeQL-Databases\gson-codeql-db\trap\java\classes\com\google\gson\Gson.members\Gson.members#52.0-1757536754000-java.trap.gz as C:\Sidd all in one\Unsafe\Lab6\CodeQL-Databases\gson-codeql-db\trap\java\classes\com\google\gson\Gson.members\Gson.members#0.0-1760887907934-java.trap.gz exists
[2025-10-20 03:12:23] [javac-extractor-29200] Javac init time: 2.4s
[2025-10-20 03:12:23] [javac-extractor-29200] Javac attr time: 0.3s
[2025-10-20 03:12:23] [javac-extractor-29200] Extractor time: 0.6s
[2025-10-20 03:12:23] [javac-extractor-29200] Other time: 0.3s
[2025-10-20 03:12:23] [javac-extractor-29200] Total time: 3.6s
