[2025-10-20 03:14:31] This is codeql database create C:\Sidd all in one\Unsafe\Lab6\CodeQL-Databases\log4j-codeql-db --language=java --source-root=C:\Sidd all in one\Unsafe\Lab6\Repos\logging-log4j2 --command=mvn clean compile -DskipTests --overwrite
[2025-10-20 03:14:31] Log file was started late.
[2025-10-20 03:14:31] [PROGRESS] database create> Initializing database at C:\Sidd all in one\Unsafe\Lab6\CodeQL-Databases\log4j-codeql-db.
[2025-10-20 03:14:31] Running plumbing command: codeql database init --overwrite --language=java --extractor-options-verbosity=1 --qlconfig-file=C:\Sidd all in one\Unsafe\Lab6\qlconfig.yml --source-root=C:\Sidd all in one\Unsafe\Lab6\Repos\logging-log4j2 --allow-missing-source-root=false --allow-already-existing -- C:\Sidd all in one\Unsafe\Lab6\CodeQL-Databases\log4j-codeql-db
[2025-10-20 03:14:31] Calling plumbing command: codeql resolve languages --extractor-options-verbosity=1 --format=betterjson
[2025-10-20 03:14:31] [DETAILS] resolve languages> Scanning for [codeql-extractor.yml] from C:\Sidd all in one\Unsafe\Lab6\Tools\codeql\.codeqlmanifest.json
[2025-10-20 03:14:31] [DETAILS] resolve languages> Parsing C:\Sidd all in one\Unsafe\Lab6\Tools\codeql\actions\codeql-extractor.yml.
[2025-10-20 03:14:31] [DETAILS] resolve languages> Parsing C:\Sidd all in one\Unsafe\Lab6\Tools\codeql\cpp\codeql-extractor.yml.
[2025-10-20 03:14:31] [DETAILS] resolve languages> Parsing C:\Sidd all in one\Unsafe\Lab6\Tools\codeql\csharp\codeql-extractor.yml.
[2025-10-20 03:14:31] [DETAILS] resolve languages> Parsing C:\Sidd all in one\Unsafe\Lab6\Tools\codeql\csv\codeql-extractor.yml.
[2025-10-20 03:14:31] [DETAILS] resolve languages> Parsing C:\Sidd all in one\Unsafe\Lab6\Tools\codeql\go\codeql-extractor.yml.
[2025-10-20 03:14:31] [DETAILS] resolve languages> Parsing C:\Sidd all in one\Unsafe\Lab6\Tools\codeql\html\codeql-extractor.yml.
[2025-10-20 03:14:31] [DETAILS] resolve languages> Parsing C:\Sidd all in one\Unsafe\Lab6\Tools\codeql\java\codeql-extractor.yml.
[2025-10-20 03:14:31] [DETAILS] resolve languages> Parsing C:\Sidd all in one\Unsafe\Lab6\Tools\codeql\javascript\codeql-extractor.yml.
[2025-10-20 03:14:31] [DETAILS] resolve languages> Parsing C:\Sidd all in one\Unsafe\Lab6\Tools\codeql\properties\codeql-extractor.yml.
[2025-10-20 03:14:31] [DETAILS] resolve languages> Parsing C:\Sidd all in one\Unsafe\Lab6\Tools\codeql\python\codeql-extractor.yml.
[2025-10-20 03:14:31] [DETAILS] resolve languages> Parsing C:\Sidd all in one\Unsafe\Lab6\Tools\codeql\ruby\codeql-extractor.yml.
[2025-10-20 03:14:31] [DETAILS] resolve languages> Parsing C:\Sidd all in one\Unsafe\Lab6\Tools\codeql\rust\codeql-extractor.yml.
[2025-10-20 03:14:31] [DETAILS] resolve languages> Parsing C:\Sidd all in one\Unsafe\Lab6\Tools\codeql\swift\codeql-extractor.yml.
[2025-10-20 03:14:31] [DETAILS] resolve languages> Parsing C:\Sidd all in one\Unsafe\Lab6\Tools\codeql\xml\codeql-extractor.yml.
[2025-10-20 03:14:31] [DETAILS] resolve languages> Parsing C:\Sidd all in one\Unsafe\Lab6\Tools\codeql\yaml\codeql-extractor.yml.
[2025-10-20 03:14:31] Plumbing command codeql resolve languages completed:
                      {
                        "aliases" : {
                          "c" : "cpp",
                          "c++" : "cpp",
                          "c-c++" : "cpp",
                          "c-cpp" : "cpp",
                          "c#" : "csharp",
                          "java-kotlin" : "java",
                          "kotlin" : "java",
                          "javascript-typescript" : "javascript",
                          "typescript" : "javascript"
                        },
                        "extractors" : {
                          "actions" : [
                            {
                              "extractor_root" : "C:\\Sidd all in one\\Unsafe\\Lab6\\Tools\\codeql\\actions",
                              "extractor_options" : { }
                            }
                          ],
                          "cpp" : [
                            {
                              "extractor_root" : "C:\\Sidd all in one\\Unsafe\\Lab6\\Tools\\codeql\\cpp",
                              "extractor_options" : {
                                "scale_timeouts" : {
                                  "title" : "Value to scale compiler introspection timeouts with",
                                  "description" : "The extractor attempts to determine what compiler the source code being extracted is compiled with. To this end the extractor makes additional calls to the compiler, some of which are expected to return within a certain fixed time (either 10s or 15s). On some systems that are under high load this time might be too short, and can be scaled up using this option.\n",
                                  "type" : "string",
                                  "pattern" : "[0-9]+"
                                },
                                "log_verbosity" : {
                                  "title" : "Verbosity of the extractor logging",
                                  "description" : "Set the verbosity of the extractor logging to 'quiet' (0), 'normal' (1), 'chatty' (2), or 'noisy' (3). The default is 'normal'.\n",
                                  "type" : "string",
                                  "pattern" : "[0-3]"
                                }
                              }
                            }
                          ],
                          "csharp" : [
                            {
                              "extractor_root" : "C:\\Sidd all in one\\Unsafe\\Lab6\\Tools\\codeql\\csharp",
                              "extractor_options" : {
                                "trap" : {
                                  "title" : "Options pertaining to TRAP.",
                                  "description" : "Options pertaining to TRAP.",
                                  "type" : "object",
                                  "properties" : {
                                    "compression" : {
                                      "title" : "Controls compression for the TRAP files written by the extractor.",
                                      "description" : "This option is only intended for use in debugging the extractor. Accepted values are 'brotli' (the default, to write brotli-compressed TRAP), 'gzip', and 'none' (to write uncompressed TRAP).\n",
                                      "type" : "string",
                                      "pattern" : "^(none|gzip|brotli)$"
                                    }
                                  }
                                },
                                "buildless" : {
                                  "title" : "DEPRECATED - Whether to use buildless (standalone) extraction.",
                                  "description" : "DEPRECATED: Use `--build-mode none` instead.\nA value indicating, which type of extraction the autobuilder should perform. If 'true', then the standalone extractor will be used, otherwise tracing extraction will be performed. The default is 'false'. Note that buildless extraction will generally yield less accurate analysis results, and should only be used in cases where it is not possible to build the code (for example if it uses inaccessible dependencies).\n",
                                  "type" : "string",
                                  "pattern" : "^(false|true)$"
                                },
                                "logging" : {
                                  "title" : "Options pertaining to logging.",
                                  "description" : "Options pertaining to logging.",
                                  "type" : "object",
                                  "properties" : {
                                    "verbosity" : {
                                      "title" : "Extractor logging verbosity level.",
                                      "description" : "Controls the level of verbosity of the extractor. The supported levels are (in order of increasing verbosity):\n  - off\n  - errors\n  - warnings\n  - info or progress\n  - debug or progress+\n  - trace or progress++\n  - progress+++\n",
                                      "type" : "string",
                                      "pattern" : "^(off|errors|warnings|(info|progress)|(debug|progress\\+)|(trace|progress\\+\\+)|progress\\+\\+\\+)$"
                                    }
                                  }
                                },
                                "binlog" : {
                                  "title" : "Binlog",
                                  "description" : "[EXPERIMENTAL] The value is a path to the MsBuild binary log file that should be extracted. This option only works when `--build-mode none` is also specified.\n",
                                  "type" : "array"
                                }
                              }
                            }
                          ],
                          "csv" : [
                            {
                              "extractor_root" : "C:\\Sidd all in one\\Unsafe\\Lab6\\Tools\\codeql\\csv"
                            }
                          ],
                          "go" : [
                            {
                              "extractor_root" : "C:\\Sidd all in one\\Unsafe\\Lab6\\Tools\\codeql\\go",
                              "extractor_options" : {
                                "extract_tests" : {
                                  "title" : "Whether to include Go test files in the CodeQL database.",
                                  "description" : "A value indicating whether Go test files should be included in the CodeQL database. The default is 'false'.\n",
                                  "type" : "string",
                                  "pattern" : "^(false|true)$"
                                },
                                "extract_vendor_dirs" : {
                                  "title" : "Whether to include Go vendor directories in the CodeQL database.",
                                  "description" : "A value indicating whether Go vendor directories should be included in the CodeQL database. The default is 'false'.\n",
                                  "type" : "string",
                                  "pattern" : "^(false|true)$"
                                }
                              }
                            }
                          ],
                          "html" : [
                            {
                              "extractor_root" : "C:\\Sidd all in one\\Unsafe\\Lab6\\Tools\\codeql\\html"
                            }
                          ],
                          "java" : [
                            {
                              "extractor_root" : "C:\\Sidd all in one\\Unsafe\\Lab6\\Tools\\codeql\\java",
                              "extractor_options" : {
                                "exclude" : {
                                  "title" : "A glob excluding files from analysis.",
                                  "description" : "A glob indicating what files to exclude from the analysis. This accepts glob patterns that are supported by Java's 'getPathMatcher' implementation.\n",
                                  "type" : "string"
                                },
                                "add_prefer_source" : {
                                  "title" : "Whether to always prefer source files over class files.",
                                  "description" : "A value indicating whether source files should be preferred over class files. If set to 'true', the extraction adds '-Xprefer:source' to the javac command line. If set to 'false', the extraction uses the default javac behavior ('-Xprefer:newer'). The default is 'true'.\n",
                                  "type" : "string",
                                  "pattern" : "^(false|true)$"
                                },
                                "buildless" : {
                                  "title" : "Whether to use buildless (standalone) extraction (experimental).",
                                  "description" : "A value indicating, which type of extraction the autobuilder should perform. If 'true', then the standalone extractor will be used, otherwise tracing extraction will be performed. The default is 'false'. Note that buildless extraction will generally yield less accurate analysis results, and should only be used in cases where it is not possible to build the code (for example if it uses inaccessible dependencies).\n",
                                  "type" : "string",
                                  "pattern" : "^(false|true)$"
                                },
                                "buildless_dependency_dir" : {
                                  "title" : "The path where buildless (standalone) extraction should keep dependencies.",
                                  "description" : "If set, the buildless (standalone) extractor will store dependencies in this directory.\n",
                                  "type" : "string"
                                },
                                "minimize_dependency_jars" : {
                                  "title" : "Whether to rewrite and minimize downloaded JAR dependencies (experimental).",
                                  "description" : "If 'true', JAR dependencies downloaded during extraction will be rewritten to remove unneeded data, such as method bodies. The default is 'false'.\n",
                                  "type" : "string",
                                  "pattern" : "^(false|true)$"
                                }
                              }
                            }
                          ],
                          "javascript" : [
                            {
                              "extractor_root" : "C:\\Sidd all in one\\Unsafe\\Lab6\\Tools\\codeql\\javascript",
                              "extractor_options" : {
                                "skip_types" : {
                                  "title" : "Skip type extraction for TypeScript",
                                  "description" : "Whether to skip the extraction of types in a TypeScript application",
                                  "type" : "string",
                                  "pattern" : "^(false|true)$"
                                }
                              }
                            }
                          ],
                          "properties" : [
                            {
                              "extractor_root" : "C:\\Sidd all in one\\Unsafe\\Lab6\\Tools\\codeql\\properties"
                            }
                          ],
                          "python" : [
                            {
                              "extractor_root" : "C:\\Sidd all in one\\Unsafe\\Lab6\\Tools\\codeql\\python",
                              "extractor_options" : {
                                "logging" : {
                                  "title" : "Options pertaining to logging.",
                                  "description" : "Options pertaining to logging.",
                                  "type" : "object",
                                  "properties" : {
                                    "verbosity" : {
                                      "title" : "Python extractor logging verbosity level.",
                                      "description" : "Controls the level of verbosity of the CodeQL Python extractor.\nThe supported levels are (in order of increasing verbosity):\n\n  - off\n  - errors\n  - warnings\n  - info or progress\n  - debug or progress+\n  - trace or progress++\n  - progress+++\n",
                                      "type" : "string",
                                      "pattern" : "^(off|errors|warnings|(info|progress)|(debug|progress\\+)|(trace|progress\\+\\+)|progress\\+\\+\\+)$"
                                    }
                                  }
                                },
                                "python_executable_name" : {
                                  "title" : "Controls the name of the Python executable used by the Python extractor.",
                                  "description" : "The Python extractor uses platform-dependent heuristics to determine the name of the Python executable to use. Specifying a value for this option overrides the name of the Python executable used by the extractor. Accepted values are py, python and python3. Use this setting with caution, the Python extractor requires Python 3 to run.\n",
                                  "type" : "string",
                                  "pattern" : "^(py|python|python3)$"
                                }
                              }
                            }
                          ],
                          "ruby" : [
                            {
                              "extractor_root" : "C:\\Sidd all in one\\Unsafe\\Lab6\\Tools\\codeql\\ruby",
                              "extractor_options" : {
                                "trap" : {
                                  "title" : "Options pertaining to TRAP.",
                                  "description" : "Options pertaining to TRAP.",
                                  "type" : "object",
                                  "properties" : {
                                    "compression" : {
                                      "title" : "Controls compression for the TRAP files written by the extractor.",
                                      "description" : "This option is only intended for use in debugging the extractor. Accepted values are 'gzip' (the default, to write gzip-compressed TRAP) 'zstd' (to write Zstandard-compressed TRAP) and 'none' (to write uncompressed TRAP).\n",
                                      "type" : "string",
                                      "pattern" : "^(none|gzip|zstd)$"
                                    }
                                  }
                                }
                              }
                            }
                          ],
                          "rust" : [
                            {
                              "extractor_root" : "C:\\Sidd all in one\\Unsafe\\Lab6\\Tools\\codeql\\rust",
                              "extractor_options" : {
                                "trap" : {
                                  "title" : "Options pertaining to TRAP.",
                                  "description" : "Options pertaining to TRAP.",
                                  "type" : "object",
                                  "properties" : {
                                    "compression" : {
                                      "title" : "Controls compression for the TRAP files written by the extractor.",
                                      "description" : "This option is only intended for use in debugging the extractor. Accepted values are 'gzip' (to write gzip-compressed TRAP) 'zstd' (to write Zstandard-compressed TRAP) and 'none' (the default, to write uncompressed TRAP).\n",
                                      "type" : "string",
                                      "pattern" : "^(none|gzip|zstd)$"
                                    }
                                  }
                                },
                                "cargo_target_dir" : {
                                  "title" : "Directory to use for cargo output files.",
                                  "description" : "This value is an optional path to use as `CARGO_TARGET_DIR` for the internal cargo commands the extractor uses. Pointing it to a persistent directory may reduce execution time of consecutive extractor runs. By default, a new scratch directory is used for each run.\n",
                                  "type" : "string"
                                },
                                "cargo_target" : {
                                  "title" : "Target architecture",
                                  "description" : "Target architecture to use for analysis, analogous to `cargo --target`. By default the host architecture is used.\n",
                                  "type" : "string"
                                },
                                "cargo_features" : {
                                  "title" : "Cargo features to turn on",
                                  "description" : "Comma-separated list of features to turn on. By default all features are enabled. If any features are specified, then only those features are enabled. The `default` feature must be explicitly specified if only default features are desired. Can be repeated.\n",
                                  "type" : "array"
                                },
                                "cargo_cfg_overrides" : {
                                  "title" : "Cargo cfg overrides",
                                  "description" : "Comma-separated list of cfg settings to enable, or disable if prefixed with `-`. Can be repeated.\n",
                                  "type" : "array"
                                },
                                "logging" : {
                                  "title" : "Options pertaining to logging.",
                                  "description" : "Options pertaining to logging.",
                                  "type" : "object",
                                  "properties" : {
                                    "verbosity" : {
                                      "title" : "Extractor logging verbosity level.",
                                      "description" : "Controls the level of verbosity of the extractor. The supported levels are (in order of increasing verbosity):\n  - off\n  - errors\n  - warnings\n  - info or progress\n  - debug or progress+\n  - trace or progress++\n  - progress+++\n",
                                      "type" : "string",
                                      "pattern" : "^(off|errors|warnings|(info|progress)|(debug|progress\\+)|(trace|progress\\+\\+)|progress\\+\\+\\+)$"
                                    },
                                    "flamegraph" : {
                                      "title" : "[Experimental] File path for write flame graph log",
                                      "description" : "Collect flame graph data using the `tracing-flame` crate. To render a flame graph or chart, run the `inferno-flamegraph` command. See also: https://crates.io/crates/tracing-flame\n",
                                      "type" : "string"
                                    }
                                  }
                                },
                                "extract_dependencies_as_source" : {
                                  "title" : "Extract dependencies as source code",
                                  "description" : "Extract the full source code of dependencies instead of only extracting signatures.\n",
                                  "type" : "string",
                                  "pattern" : "^(false|true)$"
                                }
                              }
                            }
                          ],
                          "swift" : [
                            {
                              "extractor_root" : "C:\\Sidd all in one\\Unsafe\\Lab6\\Tools\\codeql\\swift"
                            }
                          ],
                          "xml" : [
                            {
                              "extractor_root" : "C:\\Sidd all in one\\Unsafe\\Lab6\\Tools\\codeql\\xml"
                            }
                          ],
                          "yaml" : [
                            {
                              "extractor_root" : "C:\\Sidd all in one\\Unsafe\\Lab6\\Tools\\codeql\\yaml"
                            }
                          ]
                        }
                      }
[2025-10-20 03:14:31] [PROGRESS] database init> Calculating baseline information in C:\Sidd all in one\Unsafe\Lab6\Repos\logging-log4j2
[2025-10-20 03:14:31] [SPAMMY] database init> Ignoring the following directories when processing baseline information: .git, .hg, .svn.
[2025-10-20 03:14:31] [DETAILS] database init> Running command in C:\Sidd all in one\Unsafe\Lab6\Repos\logging-log4j2: C:\Sidd all in one\Unsafe\Lab6\Tools\codeql\tools\win64\scc.exe --by-file --exclude-dir .git,.hg,.svn --format json --no-large --no-min .
[2025-10-20 03:14:33] Using configure-baseline script C:\Sidd all in one\Unsafe\Lab6\Tools\codeql\actions\tools\configure-baseline.cmd.
[2025-10-20 03:14:33] [PROGRESS] database init> Running command in C:\Sidd all in one\Unsafe\Lab6\Repos\logging-log4j2: [C:\Sidd all in one\Unsafe\Lab6\Tools\codeql\actions\tools\configure-baseline.cmd]
[2025-10-20 03:14:33] [SPAMMY] database init> Ignored an additional 82 files when processing baseline information for YAML due to paths and paths-ignore configuration.
[2025-10-20 03:14:33] Using configure-baseline script C:\Sidd all in one\Unsafe\Lab6\Tools\codeql\javascript\tools\configure-baseline.cmd.
[2025-10-20 03:14:33] [PROGRESS] database init> Running command in C:\Sidd all in one\Unsafe\Lab6\Repos\logging-log4j2: [C:\Sidd all in one\Unsafe\Lab6\Tools\codeql\javascript\tools\configure-baseline.cmd]
[2025-10-20 03:14:33] [SPAMMY] database init> Found 2562 baseline files for java.
[2025-10-20 03:14:33] [SPAMMY] database init> Found 7 baseline files for actions.
[2025-10-20 03:14:33] [SPAMMY] database init> Found 2 baseline files for javascript.
[2025-10-20 03:14:33] [PROGRESS] database init> Calculated baseline information for languages: actions, java, javascript (1.3s).
[2025-10-20 03:14:33] [PROGRESS] database init> Resolving extractor java.
[2025-10-20 03:14:33] [DETAILS] database init> Found candidate extractor root for java: C:\Sidd all in one\Unsafe\Lab6\Tools\codeql\java.
[2025-10-20 03:14:33] [PROGRESS] database init> Successfully loaded extractor Java/Kotlin (java) from C:\Sidd all in one\Unsafe\Lab6\Tools\codeql\java.
[2025-10-20 03:14:33] [PROGRESS] database init> Created skeleton CodeQL database at C:\Sidd all in one\Unsafe\Lab6\CodeQL-Databases\log4j-codeql-db. This in-progress database is ready to be populated by an extractor.
[2025-10-20 03:14:33] Plumbing command codeql database init completed.
[2025-10-20 03:14:33] [PROGRESS] database create> Running build command: [mvn, clean, compile, -DskipTests]
[2025-10-20 03:14:33] Running plumbing command: codeql database trace-command --working-dir=C:\Sidd all in one\Unsafe\Lab6\Repos\logging-log4j2 --index-traceless-dbs --no-db-cluster -- C:\Sidd all in one\Unsafe\Lab6\CodeQL-Databases\log4j-codeql-db mvn clean compile -DskipTests
[2025-10-20 03:14:33] [PROGRESS] database trace-command> Running command in C:\Sidd all in one\Unsafe\Lab6\Repos\logging-log4j2: [mvn, clean, compile, -DskipTests]
[2025-10-20 03:14:37] [build-stdout] [INFO] Scanning for projects...
[2025-10-20 03:14:38] [build-stdout] [INFO] ------------------------------------------------------------------------
[2025-10-20 03:14:38] [build-stdout] [INFO] Reactor Build Order:
[2025-10-20 03:14:38] [build-stdout] [INFO] 
[2025-10-20 03:14:38] [build-stdout] [INFO] Apache Log4j BOM                                                   [pom]
[2025-10-20 03:14:38] [build-stdout] [INFO] Apache Log4j Parent                                                [pom]
[2025-10-20 03:14:38] [build-stdout] [INFO] Apache Log4j API Java 9 support                                    [pom]
[2025-10-20 03:14:38] [build-stdout] [INFO] Apache Log4j API                                                   [jar]
[2025-10-20 03:14:38] [build-stdout] [INFO] Apache Log4j Implementation Java 9 support                         [pom]
[2025-10-20 03:14:38] [build-stdout] [INFO] Apache Log4j Core                                                  [jar]
[2025-10-20 03:14:38] [build-stdout] [INFO] Apache Log4j API Tests                                             [jar]
[2025-10-20 03:14:38] [build-stdout] [INFO] Apache Log4j Core Tests                                            [jar]
[2025-10-20 03:14:38] [build-stdout] [INFO] Apache Log4j 1.x Compatibility API                                 [jar]
[2025-10-20 03:14:38] [build-stdout] [INFO] Apache Log4j App Server Support                                    [jar]
[2025-10-20 03:14:38] [build-stdout] [INFO] Log4j API to SLF4J Adapter                                         [jar]
[2025-10-20 03:14:38] [build-stdout] [INFO] SLF4J 1 Binding for Log4j API                                      [jar]
[2025-10-20 03:14:38] [build-stdout] [INFO] Apache Log4j Cassandra                                             [jar]
[2025-10-20 03:14:38] [build-stdout] [INFO] Apache Log4j fuzz tests                                            [jar]
[2025-10-20 03:14:38] [build-stdout] [INFO] Apache Log4j Core fuzz tests                                       [jar]
[2025-10-20 03:14:38] [build-stdout] [INFO] Apache Log4j Core Integration Tests                                [jar]
[2025-10-20 03:14:38] [build-stdout] [INFO] Apache Log4j CouchDB                                               [jar]
[2025-10-20 03:14:38] [build-stdout] [INFO] Apache Log4j Docker Library                                        [jar]
[2025-10-20 03:14:38] [build-stdout] [INFO] Apache Log4j Streaming Interface                                   [jar]
[2025-10-20 03:14:38] [build-stdout] [INFO] Apache Log4j Jakarta JMS                                           [jar]
[2025-10-20 03:14:38] [build-stdout] [INFO] Apache Log4j Jakarta SMTP                                          [jar]
[2025-10-20 03:14:38] [build-stdout] [INFO] Apache Log4j Jakarta Web                                           [jar]
[2025-10-20 03:14:38] [build-stdout] [INFO] Apache Log4j Commons Logging Bridge                                [jar]
[2025-10-20 03:14:38] [build-stdout] [INFO] Apache Log4j JPA                                                   [jar]
[2025-10-20 03:14:38] [build-stdout] [INFO] Apache Log4j JDK Platform Logging Adapter                          [jar]
[2025-10-20 03:14:38] [build-stdout] [INFO] Apache Log4j JDBC DBCP 2                                           [jar]
[2025-10-20 03:14:38] [build-stdout] [INFO] Apache Log4j JUL Adapter                                           [jar]
[2025-10-20 03:14:38] [build-stdout] [INFO] Apache Log4j JSON Template Layout                                  [jar]
[2025-10-20 03:14:38] [build-stdout] [INFO] Apache Log4j JSON Template Layout fuzz tests                       [jar]
[2025-10-20 03:14:38] [build-stdout] [INFO] Apache Log4j JSON Template Layout tests                            [jar]
[2025-10-20 03:14:38] [build-stdout] [INFO] Apache Log4j MongoDB 4                                             [jar]
[2025-10-20 03:14:38] [build-stdout] [INFO] Apache Log4j MongoDB Appender                                      [jar]
[2025-10-20 03:14:38] [build-stdout] [INFO] Apache Log4j to JUL Bridge                                         [jar]
[2025-10-20 03:14:38] [build-stdout] [INFO] Apache Log4j OSGi tests                                            [jar]
[2025-10-20 03:14:38] [build-stdout] [INFO] Apache Log4J Performance Tests                                     [jar]
[2025-10-20 03:14:38] [build-stdout] [INFO] SLF4J 2 Provider for Log4j API                                     [jar]
[2025-10-20 03:14:38] [build-stdout] [INFO] SLF4J 2 Provider for Log4j API fuzz tests                          [jar]
[2025-10-20 03:14:38] [build-stdout] [INFO] Apache Log4j Spring Boot Support                                   [jar]
[2025-10-20 03:14:38] [build-stdout] [INFO] Apache Log4j Spring Cloud Config Client Support                    [jar]
[2025-10-20 03:14:38] [build-stdout] [INFO] Apache Log4j Web                                                   [jar]
[2025-10-20 03:14:38] [build-stdout] [INFO] Apache Log4j Tag Library                                           [jar]
[2025-10-20 03:14:38] [build-stdout] [INFO] 
[2025-10-20 03:14:38] [build-stdout] [INFO] -----------------< org.apache.logging.log4j:log4j-bom >-----------------
[2025-10-20 03:14:38] [build-stdout] [INFO] Building Apache Log4j BOM 2.26.0-SNAPSHOT                         [1/41]
[2025-10-20 03:14:38] [build-stdout] [INFO]   from pom.xml
[2025-10-20 03:14:38] [build-stdout] [INFO] --------------------------------[ pom ]---------------------------------
[2025-10-20 03:14:38] [build-stdout] [INFO] 
[2025-10-20 03:14:38] [build-stdout] [INFO] --- clean:3.4.1:clean (default-clean) @ log4j-bom ---
[2025-10-20 03:14:38] [build-stdout] [INFO] Deleting C:\Sidd all in one\Unsafe\Lab6\Repos\logging-log4j2\target
[2025-10-20 03:14:38] [build-stdout] [INFO] 
[2025-10-20 03:14:38] [build-stdout] [INFO] --- flatten:1.7.0:clean (clean-flattened-pom) @ log4j-bom ---
[2025-10-20 03:14:38] [build-stdout] [INFO] Deleting C:\Sidd all in one\Unsafe\Lab6\Repos\logging-log4j2\.flattened-pom.xml
[2025-10-20 03:14:38] [build-stdout] [INFO] 
[2025-10-20 03:14:38] [build-stdout] [INFO] --- enforcer:3.5.0:enforce (enforce-maven-version) @ log4j-bom ---
[2025-10-20 03:14:39] [build-stdout] [INFO] Rule 0: org.apache.maven.enforcer.rules.version.RequireMavenVersion passed
[2025-10-20 03:14:39] [build-stdout] [INFO] 
[2025-10-20 03:14:39] [build-stdout] [INFO] --- enforcer:3.5.0:enforce (enforce-java-version) @ log4j-bom ---
[2025-10-20 03:14:39] [build-stdout] [INFO] ------------------------------------------------------------------------
[2025-10-20 03:14:39] [build-stdout] [INFO] Reactor Summary for Apache Log4j BOM 2.26.0-SNAPSHOT:
[2025-10-20 03:14:39] [build-stdout] [INFO] 
[2025-10-20 03:14:39] [build-stdout] [INFO] Apache Log4j BOM ................................... FAILURE [  1.014 s]
[2025-10-20 03:14:39] [build-stdout] [INFO] Apache Log4j Parent ................................ SKIPPED
[2025-10-20 03:14:39] [build-stdout] [INFO] Apache Log4j API Java 9 support .................... SKIPPED
[2025-10-20 03:14:39] [build-stdout] [INFO] Apache Log4j API ................................... SKIPPED
[2025-10-20 03:14:39] [build-stdout] [INFO] Apache Log4j Implementation Java 9 support ......... SKIPPED
[2025-10-20 03:14:39] [build-stdout] [INFO] Apache Log4j Core .................................. SKIPPED
[2025-10-20 03:14:39] [build-stdout] [INFO] Apache Log4j API Tests ............................. SKIPPED
[2025-10-20 03:14:39] [build-stdout] [INFO] Apache Log4j Core Tests ............................ SKIPPED
[2025-10-20 03:14:39] [build-stdout] [INFO] Apache Log4j 1.x Compatibility API ................. SKIPPED
[2025-10-20 03:14:39] [build-stdout] [INFO] Apache Log4j App Server Support .................... SKIPPED
[2025-10-20 03:14:39] [build-stdout] [INFO] Log4j API to SLF4J Adapter ......................... SKIPPED
[2025-10-20 03:14:39] [build-stdout] [INFO] SLF4J 1 Binding for Log4j API ...................... SKIPPED
[2025-10-20 03:14:39] [build-stdout] [INFO] Apache Log4j Cassandra ............................. SKIPPED
[2025-10-20 03:14:39] [build-stdout] [INFO] Apache Log4j fuzz tests ............................ SKIPPED
[2025-10-20 03:14:39] [build-stdout] [INFO] Apache Log4j Core fuzz tests ....................... SKIPPED
[2025-10-20 03:14:39] [build-stdout] [INFO] Apache Log4j Core Integration Tests ................ SKIPPED
[2025-10-20 03:14:39] [build-stdout] [INFO] Apache Log4j CouchDB ............................... SKIPPED
[2025-10-20 03:14:39] [build-stdout] [INFO] Apache Log4j Docker Library ........................ SKIPPED
[2025-10-20 03:14:39] [build-stdout] [INFO] Apache Log4j Streaming Interface ................... SKIPPED
[2025-10-20 03:14:39] [build-stdout] [INFO] Apache Log4j Jakarta JMS ........................... SKIPPED
[2025-10-20 03:14:39] [build-stdout] [INFO] Apache Log4j Jakarta SMTP .......................... SKIPPED
[2025-10-20 03:14:39] [build-stdout] [INFO] Apache Log4j Jakarta Web ........................... SKIPPED
[2025-10-20 03:14:39] [build-stdout] [INFO] Apache Log4j Commons Logging Bridge ................ SKIPPED
[2025-10-20 03:14:39] [build-stdout] [INFO] Apache Log4j JPA ................................... SKIPPED
[2025-10-20 03:14:39] [build-stdout] [INFO] Apache Log4j JDK Platform Logging Adapter .......... SKIPPED
[2025-10-20 03:14:39] [build-stdout] [INFO] Apache Log4j JDBC DBCP 2 ........................... SKIPPED
[2025-10-20 03:14:39] [build-stdout] [INFO] Apache Log4j JUL Adapter ........................... SKIPPED
[2025-10-20 03:14:39] [build-stdout] [INFO] Apache Log4j JSON Template Layout .................. SKIPPED
[2025-10-20 03:14:39] [build-stdout] [INFO] Apache Log4j JSON Template Layout fuzz tests ....... SKIPPED
[2025-10-20 03:14:39] [build-stdout] [INFO] Apache Log4j JSON Template Layout tests ............ SKIPPED
[2025-10-20 03:14:39] [build-stdout] [INFO] Apache Log4j MongoDB 4 ............................. SKIPPED
[2025-10-20 03:14:39] [build-stdout] [INFO] Apache Log4j MongoDB Appender ...................... SKIPPED
[2025-10-20 03:14:39] [build-stdout] [INFO] Apache Log4j to JUL Bridge ......................... SKIPPED
[2025-10-20 03:14:39] [build-stdout] [INFO] Apache Log4j OSGi tests ............................ SKIPPED
[2025-10-20 03:14:39] [build-stdout] [INFO] Apache Log4J Performance Tests ..................... SKIPPED
[2025-10-20 03:14:39] [build-stdout] [INFO] SLF4J 2 Provider for Log4j API ..................... SKIPPED
[2025-10-20 03:14:39] [build-stdout] [INFO] SLF4J 2 Provider for Log4j API fuzz tests .......... SKIPPED
[2025-10-20 03:14:39] [build-stdout] [INFO] Apache Log4j Spring Boot Support ................... SKIPPED
[2025-10-20 03:14:39] [build-stdout] [INFO] Apache Log4j Spring Cloud Config Client Support .... SKIPPED
[2025-10-20 03:14:39] [build-stdout] [INFO] Apache Log4j Web ................................... SKIPPED
[2025-10-20 03:14:39] [build-stdout] [INFO] Apache Log4j Tag Library ........................... SKIPPED
[2025-10-20 03:14:39] [build-stdout] [INFO] ------------------------------------------------------------------------
[2025-10-20 03:14:39] [build-stdout] [INFO] BUILD FAILURE
[2025-10-20 03:14:39] [build-stdout] [INFO] ------------------------------------------------------------------------
[2025-10-20 03:14:39] [build-stdout] [INFO] Total time:  1.989 s
[2025-10-20 03:14:39] [build-stdout] [INFO] Finished at: 2025-10-20T03:14:39+05:30
[2025-10-20 03:14:39] [build-stdout] [INFO] ------------------------------------------------------------------------
[2025-10-20 03:14:39] [build-stdout] [ERROR] Failed to execute goal org.apache.maven.plugins:maven-enforcer-plugin:3.5.0:enforce (enforce-java-version) on project log4j-bom: 
[2025-10-20 03:14:39] [build-stdout] [ERROR] Rule 0: org.apache.maven.enforcer.rules.version.RequireJavaVersion failed with message:
[2025-10-20 03:14:39] [build-stdout] [ERROR] Detected JDK version 21.0.8 (JAVA_HOME=C:\Program Files\Eclipse Adoptium\jdk-21.0.8.9-hotspot) is not in the allowed range [17,18).
[2025-10-20 03:14:39] [build-stdout] [ERROR] -> [Help 1]
[2025-10-20 03:14:39] [build-stdout] [ERROR] 
[2025-10-20 03:14:39] [build-stdout] [ERROR] To see the full stack trace of the errors, re-run Maven with the -e switch.
[2025-10-20 03:14:39] [build-stdout] [ERROR] Re-run Maven using the -X switch to enable full debug logging.
[2025-10-20 03:14:39] [build-stdout] [ERROR] 
[2025-10-20 03:14:39] [build-stdout] [ERROR] For more information about the errors and possible solutions, please read the following articles:
[2025-10-20 03:14:39] [build-stdout] [ERROR] [Help 1] http://cwiki.apache.org/confluence/display/MAVEN/MojoExecutionException
[2025-10-20 03:14:39] [ERROR] Spawned process exited abnormally (code 1; tried to run: [C:\Sidd all in one\Unsafe\Lab6\Tools\codeql\tools\win64\tracer.exe, C:\Sidd all in one\Unsafe\Lab6\Tools\codeql\tools\win64\runner.exe, cmd.exe, /C, type, NUL, &&, mvn, clean, compile, -DskipTests])
[2025-10-20 03:14:39] Exception caught at top level: Exit status 1 from command: [C:\Sidd all in one\Unsafe\Lab6\Tools\codeql\tools\win64\runner.exe, cmd.exe, /C, type, NUL, &&, mvn, clean, compile, -DskipTests]
                      com.semmle.cli2.Commandline.executeAndCheckResult(Commandline.java:170)
                      com.semmle.cli2.Commandline.runWithoutReturn(Commandline.java:123)
                      com.semmle.cli2.database.DatabaseProcessCommandCommon.executeSubcommand(DatabaseProcessCommandCommon.java:227)
                      com.semmle.cli2.database.TraceCommandCommand.executeSubcommand(TraceCommandCommand.java:126)
                      com.semmle.cli2.picocli.SubcommandCommon.lambda$executeSubcommandWithMessages$5(SubcommandCommon.java:892)
                      com.semmle.cli2.picocli.SubcommandCommon.withCompilationMessages(SubcommandCommon.java:444)
                      com.semmle.cli2.picocli.SubcommandCommon.executeSubcommandWithMessages(SubcommandCommon.java:890)
                      com.semmle.cli2.picocli.PlumbingRunner.run(PlumbingRunner.java:119)
                      com.semmle.cli2.picocli.SubcommandCommon.runPlumbingInProcess(SubcommandCommon.java:201)
                      com.semmle.cli2.database.CreateCommand.executeSubcommand(CreateCommand.java:185)
                      com.semmle.cli2.picocli.SubcommandCommon.lambda$executeSubcommandWithMessages$5(SubcommandCommon.java:892)
                      com.semmle.cli2.picocli.SubcommandCommon.withCompilationMessages(SubcommandCommon.java:444)
                      com.semmle.cli2.picocli.SubcommandCommon.executeSubcommandWithMessages(SubcommandCommon.java:890)
                      com.semmle.cli2.picocli.SubcommandCommon.toplevelMain(SubcommandCommon.java:777)
                      com.semmle.cli2.picocli.SubcommandCommon.call(SubcommandCommon.java:757)
                      com.semmle.cli2.picocli.SubcommandMaker.runMain(SubcommandMaker.java:238)
                      com.semmle.cli2.picocli.SubcommandMaker.runMain(SubcommandMaker.java:259)
                      com.semmle.cli2.CodeQL.main(CodeQL.java:113)
