[2025-10-20 03:34:31] [javac-output-4248] warning: [options] source value 8 is obsolete and will be removed in a future release
[2025-10-20 03:34:31] [javac-output-4248] warning: [options] target value 8 is obsolete and will be removed in a future release
[2025-10-20 03:34:31] [javac-output-4248] warning: [options] To suppress warnings about obsolete options, use -Xlint:-options.
[2025-10-20 03:34:34] [javac-output-4248] C:\Sidd all in one\Unsafe\Lab6\Repos\logging-log4j2\log4j-core-test\src\main\java\org\apache\logging\log4j\core\test\appender\EncodingListAppender.java:25: warning: [deprecation] SerializedLayout in org.apache.logging.log4j.core.layout has been deprecated
[2025-10-20 03:34:34] [javac-output-4248] import org.apache.logging.log4j.core.layout.SerializedLayout;
[2025-10-20 03:34:34] [javac-output-4248]                                            ^
[2025-10-20 03:34:34] [javac-output-4248] C:\Sidd all in one\Unsafe\Lab6\Repos\logging-log4j2\log4j-core-test\src\main\java\org\apache\logging\log4j\core\test\appender\ListAppender.java:38: warning: [deprecation] SerializedLayout in org.apache.logging.log4j.core.layout has been deprecated
[2025-10-20 03:34:34] [javac-output-4248] import org.apache.logging.log4j.core.layout.SerializedLayout;
[2025-10-20 03:34:34] [javac-output-4248]                                            ^
[2025-10-20 03:34:34] [javac-output-4248] C:\Sidd all in one\Unsafe\Lab6\Repos\logging-log4j2\log4j-core-test\src\main\java\org\apache\logging\log4j\core\test\junit\JndiRule.java:25: warning: [deprecation] SimpleNamingContextBuilder in org.springframework.mock.jndi has been deprecated
[2025-10-20 03:34:34] [javac-output-4248] import org.springframework.mock.jndi.SimpleNamingContextBuilder;
[2025-10-20 03:34:34] [javac-output-4248]                                     ^
[2025-10-20 03:34:34] [javac-output-4248] warning: [processing] No processor claimed any of these annotations: org.apache.logging.log4j.core.config.plugins.PluginAttribute,org.apache.logging.log4j.core.config.plugins.validation.constraints.Required,org.osgi.annotation.bundle.Export,org.junit.Test,org.junit.experimental.categories.Category,org.apache.logging.log4j.core.config.plugins.Plugin,org.apache.logging.log4j.core.config.plugins.PluginBuilderAttribute,org.apache.logging.log4j.core.config.plugins.PluginFactory,org.osgi.annotation.versioning.Version,org.apache.logging.log4j.core.config.plugins.PluginElement,org.junit.Rule,org.junit.jupiter.api.extension.ExtendWith,org.apache.logging.log4j.core.config.plugins.PluginBuilderFactory,aQute.bnd.annotation.baseline.BaselineIgnore,org.junit.jupiter.api.Tag,edu.umd.cs.findbugs.annotations.SuppressFBWarnings
[2025-10-20 03:34:34] [javac-output-4248] C:\Sidd all in one\Unsafe\Lab6\Repos\logging-log4j2\log4j-core-test\src\main\java\org\apache\logging\log4j\core\test\appender\EncodingListAppender.java:25: warning: [deprecation] SerializedLayout in org.apache.logging.log4j.core.layout has been deprecated
[2025-10-20 03:34:34] [javac-output-4248] import org.apache.logging.log4j.core.layout.SerializedLayout;
[2025-10-20 03:34:34] [javac-output-4248]                                            ^
[2025-10-20 03:34:34] [javac-output-4248] C:\Sidd all in one\Unsafe\Lab6\Repos\logging-log4j2\log4j-core-test\src\main\java\org\apache\logging\log4j\core\test\appender\ListAppender.java:38: warning: [deprecation] SerializedLayout in org.apache.logging.log4j.core.layout has been deprecated
[2025-10-20 03:34:34] [javac-output-4248] import org.apache.logging.log4j.core.layout.SerializedLayout;
[2025-10-20 03:34:34] [javac-output-4248]                                            ^
[2025-10-20 03:34:34] [javac-output-4248] C:\Sidd all in one\Unsafe\Lab6\Repos\logging-log4j2\log4j-core-test\src\main\java\org\apache\logging\log4j\core\test\junit\JndiRule.java:25: warning: [deprecation] SimpleNamingContextBuilder in org.springframework.mock.jndi has been deprecated
[2025-10-20 03:34:34] [javac-output-4248] import org.springframework.mock.jndi.SimpleNamingContextBuilder;
[2025-10-20 03:34:34] [javac-output-4248]                                     ^
[2025-10-20 03:34:34] [javac-output-4248] C:\Sidd all in one\Unsafe\Lab6\Repos\logging-log4j2\log4j-core-test\src\main\java\org\apache\logging\log4j\core\test\appender\EncodingListAppender.java:25: warning: [deprecation] SerializedLayout in org.apache.logging.log4j.core.layout has been deprecated
[2025-10-20 03:34:34] [javac-output-4248] import org.apache.logging.log4j.core.layout.SerializedLayout;
[2025-10-20 03:34:34] [javac-output-4248]                                            ^
[2025-10-20 03:34:34] [javac-output-4248] C:\Sidd all in one\Unsafe\Lab6\Repos\logging-log4j2\log4j-core-test\src\main\java\org\apache\logging\log4j\core\test\appender\ListAppender.java:38: warning: [deprecation] SerializedLayout in org.apache.logging.log4j.core.layout has been deprecated
[2025-10-20 03:34:34] [javac-output-4248] import org.apache.logging.log4j.core.layout.SerializedLayout;
[2025-10-20 03:34:34] [javac-output-4248]                                            ^
[2025-10-20 03:34:34] [javac-output-4248] C:\Sidd all in one\Unsafe\Lab6\Repos\logging-log4j2\log4j-core-test\src\main\java\org\apache\logging\log4j\core\test\junit\JndiRule.java:25: warning: [deprecation] SimpleNamingContextBuilder in org.springframework.mock.jndi has been deprecated
[2025-10-20 03:34:34] [javac-output-4248] import org.springframework.mock.jndi.SimpleNamingContextBuilder;
[2025-10-20 03:34:34] [javac-output-4248]                                     ^
[2025-10-20 03:34:34] [javac-output-4248] C:\Sidd all in one\Unsafe\Lab6\Repos\logging-log4j2\log4j-core-test\src\main\java\org\apache\logging\log4j\core\test\appender\EncodingListAppender.java:25: warning: [deprecation] SerializedLayout in org.apache.logging.log4j.core.layout has been deprecated
[2025-10-20 03:34:34] [javac-output-4248] import org.apache.logging.log4j.core.layout.SerializedLayout;
[2025-10-20 03:34:34] [javac-output-4248]                                            ^
[2025-10-20 03:34:34] [javac-output-4248] C:\Sidd all in one\Unsafe\Lab6\Repos\logging-log4j2\log4j-core-test\src\main\java\org\apache\logging\log4j\core\test\appender\ListAppender.java:38: warning: [deprecation] SerializedLayout in org.apache.logging.log4j.core.layout has been deprecated
[2025-10-20 03:34:34] [javac-output-4248] import org.apache.logging.log4j.core.layout.SerializedLayout;
[2025-10-20 03:34:34] [javac-output-4248]                                            ^
[2025-10-20 03:34:34] [javac-output-4248] C:\Sidd all in one\Unsafe\Lab6\Repos\logging-log4j2\log4j-core-test\src\main\java\org\apache\logging\log4j\core\test\junit\JndiRule.java:25: warning: [deprecation] SimpleNamingContextBuilder in org.springframework.mock.jndi has been deprecated
[2025-10-20 03:34:34] [javac-output-4248] import org.springframework.mock.jndi.SimpleNamingContextBuilder;
[2025-10-20 03:34:34] [javac-output-4248]                                     ^
[2025-10-20 03:34:34] [javac-output-4248] C:\Sidd all in one\Unsafe\Lab6\Repos\logging-log4j2\log4j-core-test\src\main\java\org\apache\logging\log4j\core\test\appender\EncodingListAppender.java:25: warning: [deprecation] SerializedLayout in org.apache.logging.log4j.core.layout has been deprecated
[2025-10-20 03:34:34] [javac-output-4248] import org.apache.logging.log4j.core.layout.SerializedLayout;
[2025-10-20 03:34:34] [javac-output-4248]                                            ^
[2025-10-20 03:34:34] [javac-output-4248] C:\Sidd all in one\Unsafe\Lab6\Repos\logging-log4j2\log4j-core-test\src\main\java\org\apache\logging\log4j\core\test\appender\ListAppender.java:38: warning: [deprecation] SerializedLayout in org.apache.logging.log4j.core.layout has been deprecated
[2025-10-20 03:34:34] [javac-output-4248] import org.apache.logging.log4j.core.layout.SerializedLayout;
[2025-10-20 03:34:34] [javac-output-4248]                                            ^
[2025-10-20 03:34:34] [javac-output-4248] C:\Sidd all in one\Unsafe\Lab6\Repos\logging-log4j2\log4j-core-test\src\main\java\org\apache\logging\log4j\core\test\junit\JndiRule.java:25: warning: [deprecation] SimpleNamingContextBuilder in org.springframework.mock.jndi has been deprecated
[2025-10-20 03:34:34] [javac-output-4248] import org.springframework.mock.jndi.SimpleNamingContextBuilder;
[2025-10-20 03:34:34] [javac-output-4248]                                     ^
[2025-10-20 03:34:37] [javac-output-4248] C:\Sidd all in one\Unsafe\Lab6\Repos\logging-log4j2\log4j-core-test\src\main\java\org\apache\logging\log4j\core\test\appender\ListAppender.java:111: warning: [deprecation] SerializedLayout in org.apache.logging.log4j.core.layout has been deprecated
[2025-10-20 03:34:37] [javac-output-4248]         if (layout != null && !(layout instanceof SerializedLayout)) {
[2025-10-20 03:34:37] [javac-output-4248]                                                   ^
[2025-10-20 03:34:37] [javac-output-4248] C:\Sidd all in one\Unsafe\Lab6\Repos\logging-log4j2\log4j-core-test\src\main\java\org\apache\logging\log4j\core\test\appender\ListAppender.java:124: warning: [deprecation] SerializedLayout in org.apache.logging.log4j.core.layout has been deprecated
[2025-10-20 03:34:37] [javac-output-4248]         } else if (layout instanceof SerializedLayout) {
[2025-10-20 03:34:37] [javac-output-4248]                                      ^
[2025-10-20 03:34:37] [javac-output-4248] C:\Sidd all in one\Unsafe\Lab6\Repos\logging-log4j2\log4j-core-test\src\main\java\org\apache\logging\log4j\core\test\appender\EncodingListAppender.java:78: warning: [deprecation] SerializedLayout in org.apache.logging.log4j.core.layout has been deprecated
[2025-10-20 03:34:37] [javac-output-4248]         } else if (layout instanceof SerializedLayout) {
[2025-10-20 03:34:37] [javac-output-4248]                                      ^
[2025-10-20 03:34:39] [javac-output-4248] C:\Sidd all in one\Unsafe\Lab6\Repos\logging-log4j2\log4j-core-test\src\main\java\org\apache\logging\log4j\core\test\junit\JndiRule.java:49: warning: [deprecation] SimpleNamingContextBuilder in org.springframework.mock.jndi has been deprecated
[2025-10-20 03:34:39] [javac-output-4248]                 final SimpleNamingContextBuilder builder = SimpleNamingContextBuilder.emptyActivatedContextBuilder();
[2025-10-20 03:34:39] [javac-output-4248]                       ^
[2025-10-20 03:34:39] [javac-output-4248] C:\Sidd all in one\Unsafe\Lab6\Repos\logging-log4j2\log4j-core-test\src\main\java\org\apache\logging\log4j\core\test\junit\JndiRule.java:49: warning: [deprecation] SimpleNamingContextBuilder in org.springframework.mock.jndi has been deprecated
[2025-10-20 03:34:39] [javac-output-4248]                 final SimpleNamingContextBuilder builder = SimpleNamingContextBuilder.emptyActivatedContextBuilder();
[2025-10-20 03:34:39] [javac-output-4248]                                                            ^
[2025-10-20 03:34:39] [javac-output-4248] C:\Sidd all in one\Unsafe\Lab6\Repos\logging-log4j2\log4j-core-test\src\main\java\org\apache\logging\log4j\core\test\junit\LoggerContextRule.java:118: warning: [deprecation] setLevel(Level) in StatusLogger has been deprecated
[2025-10-20 03:34:39] [javac-output-4248]             StatusLogger.getLogger().setLevel(Level.DEBUG);
[2025-10-20 03:34:39] [javac-output-4248]                                     ^
[2025-10-20 03:34:39] [javac-output-4248] C:\Sidd all in one\Unsafe\Lab6\Repos\logging-log4j2\log4j-core-test\src\main\java\org\apache\logging\log4j\core\test\layout\Log4j2_1482_Test.java:72: warning: [try] auto-closeable resource loggerContext is never referenced in body of corresponding try statement
[2025-10-20 03:34:39] [javac-output-4248]             try (final LoggerContext loggerContext =
[2025-10-20 03:34:39] [javac-output-4248]                                      ^
[2025-10-20 03:34:40] [javac-output-4248] C:\Sidd all in one\Unsafe\Lab6\Repos\logging-log4j2\log4j-core-test\src\main\java\org\apache\logging\log4j\core\test\net\mock\MockTcpSyslogServer.java:40: warning: [deprecation] MockSyslogServer(int,int) in MockSyslogServer has been deprecated
[2025-10-20 03:34:40] [javac-output-4248]         super(0, port);
[2025-10-20 03:34:40] [javac-output-4248]         ^
[2025-10-20 03:34:40] [javac-output-4248] C:\Sidd all in one\Unsafe\Lab6\Repos\logging-log4j2\log4j-core-test\src\main\java\org\apache\logging\log4j\core\test\net\mock\MockUdpSyslogServer.java:38: warning: [deprecation] MockSyslogServer(int,int) in MockSyslogServer has been deprecated
[2025-10-20 03:34:40] [javac-output-4248]         super(0, port);
[2025-10-20 03:34:40] [javac-output-4248]         ^
