[2025-10-20 03:29:54] [javac-extractor-21200] Starting extraction for:
                                              sun.java.command=com.semmle.extractor.java.JavaExtractor --jdk-version 17 --javac-args @@@C:\Sidd all in one\Unsafe\Lab6\CodeQL-Databases\log4j-codeql-db\log\ext\javac-3.args
                                              user.dir=C:\Sidd all in one\Unsafe\Lab6\Repos\logging-log4j2
[2025-10-20 03:29:54] [javac-extractor-21200] Compilation name C:/Sidd all in one/Unsafe/Lab6/CodeQL-Databases/log4j-codeql-db/trap/java/diagnostics/diagnostic-3.trap.gz
[2025-10-20 03:29:54] [javac-extractor-21200] [WARN] Appending source destination directory C:\Sidd all in one\Unsafe\Lab6\Repos\logging-log4j2\log4j-core-java9\target\generated-sources\annotations to sourcepath
[2025-10-20 03:29:57] [javac-extractor-21200] Annotation processor class 'lombok.launch.AnnotationProcessorHider$AnnotationProcessor' initialized.
[2025-10-20 03:29:57] [javac-extractor-21200] Annotation processor class 'lombok.launch.AnnotationProcessorHider$ClaimingProcessor' initialized.
[2025-10-20 03:29:57] [javac-extractor-21200] 10 files will be passed to the attrib/flow phase
[2025-10-20 03:29:57] [javac-extractor-21200] Processing file C:\Sidd all in one\Unsafe\Lab6\Repos\logging-log4j2\log4j-core-java9\src\main\java\org\apache\logging\log4j\core\impl\ExtendedClassInfo.java
[2025-10-20 03:29:57] [javac-extractor-21200] Processing file C:\Sidd all in one\Unsafe\Lab6\Repos\logging-log4j2\log4j-core-java9\src\main\java\org\apache\logging\log4j\core\pattern\TextRenderer.java
[2025-10-20 03:29:57] [javac-extractor-21200] Processing file C:\Sidd all in one\Unsafe\Lab6\Repos\logging-log4j2\log4j-core-java9\src\main\java\org\apache\logging\log4j\core\impl\ExtendedStackTraceElement.java
[2025-10-20 03:29:57] [javac-extractor-21200] [WARN] Not rewriting trap file for C:\Sidd all in one\Unsafe\Lab6\CodeQL-Databases\log4j-codeql-db\trap\java\classes\org\apache\logging\log4j\util\Strings.members\Strings.members#52.0-1758198736000-java.trap.gz as C:\Sidd all in one\Unsafe\Lab6\CodeQL-Databases\log4j-codeql-db\trap\java\classes\org\apache\logging\log4j\util\Strings.members\Strings.members#0.0-1760887949340-java.trap.gz exists
[2025-10-20 03:29:57] [javac-extractor-21200] Processing file C:\Sidd all in one\Unsafe\Lab6\Repos\logging-log4j2\log4j-core-java9\src\main\java\org\apache\logging\log4j\core\jackson\ExtendedStackTraceElementMixIn.java
[2025-10-20 03:29:58] [javac-extractor-21200] Processing JAR file: C:/Users/Siddhesh/.m2/repository/com/fasterxml/jackson/core/jackson-annotations/2.19.2/jackson-annotations-2.19.2.jar
[2025-10-20 03:29:58] [javac-extractor-21200] Processing JAR file: C:/Users/Siddhesh/.m2/repository/com/fasterxml/jackson/dataformat/jackson-dataformat-xml/2.19.2/jackson-dataformat-xml-2.19.2.jar
[2025-10-20 03:29:58] [javac-extractor-21200] Processing file C:\Sidd all in one\Unsafe\Lab6\Repos\logging-log4j2\log4j-core-java9\src\main\java\org\apache\logging\log4j\core\jackson\Log4jStackTraceElementDeserializer.java
[2025-10-20 03:30:02] [javac-extractor-21200] Processing JAR file: C:/Users/Siddhesh/.m2/repository/com/fasterxml/jackson/core/jackson-databind/2.19.2/jackson-databind-2.19.2.jar
[2025-10-20 03:30:02] [javac-extractor-21200] Processing JAR file: C:/Users/Siddhesh/.m2/repository/com/fasterxml/jackson/core/jackson-core/2.19.2/jackson-core-2.19.2.jar
[2025-10-20 03:30:02] [javac-extractor-21200] Processing file C:\Sidd all in one\Unsafe\Lab6\Repos\logging-log4j2\log4j-core-java9\src\main\java\org\apache\logging\log4j\core\jackson\StackTraceElementConstants.java
[2025-10-20 03:30:02] [javac-extractor-21200] Processing file C:\Sidd all in one\Unsafe\Lab6\Repos\logging-log4j2\log4j-core-java9\src\main\java\org\apache\logging\log4j\core\jackson\StackTraceElementMixIn.java
[2025-10-20 03:30:02] [javac-extractor-21200] Processing file C:\Sidd all in one\Unsafe\Lab6\Repos\logging-log4j2\log4j-core-java9\src\main\java\org\apache\logging\log4j\core\pattern\PlainTextRenderer.java
[2025-10-20 03:30:02] [javac-extractor-21200] Processing file C:\Sidd all in one\Unsafe\Lab6\Repos\logging-log4j2\log4j-core-java9\src\main\java\org\apache\logging\log4j\core\util\Integers.java
[2025-10-20 03:30:02] [javac-extractor-21200] Processing file C:\Sidd all in one\Unsafe\Lab6\Repos\logging-log4j2\log4j-core-java9\src\main\java\org\apache\logging\log4j\core\util\internal\UnsafeUtil.java
[2025-10-20 03:30:02] [javac-extractor-21200] [WARN] Not rewriting trap file for C:\Sidd all in one\Unsafe\Lab6\CodeQL-Databases\log4j-codeql-db\trap\java\classes\org\apache\logging\log4j\Logger.members\Logger.members#52.0-1758198736000-java.trap.gz as C:\Sidd all in one\Unsafe\Lab6\CodeQL-Databases\log4j-codeql-db\trap\java\classes\org\apache\logging\log4j\Logger.members\Logger.members#0.0-1760887949252-java.trap.gz exists
[2025-10-20 03:30:02] [javac-extractor-21200] [WARN] Not rewriting trap file for C:\Sidd all in one\Unsafe\Lab6\CodeQL-Databases\log4j-codeql-db\trap\java\classes\org\apache\logging\log4j\status\StatusLogger.members\StatusLogger.members#52.0-1758198736000-java.trap.gz as C:\Sidd all in one\Unsafe\Lab6\CodeQL-Databases\log4j-codeql-db\trap\java\classes\org\apache\logging\log4j\status\StatusLogger.members\StatusLogger.members#0.0-1760887949319-java.trap.gz exists
[2025-10-20 03:30:02] [javac-extractor-21200] Processing module jdk.unsupported
[2025-10-20 03:30:02] [javac-extractor-21200] Javac init time: 2.2s
[2025-10-20 03:30:02] [javac-extractor-21200] Javac attr time: 0.2s
[2025-10-20 03:30:02] [javac-extractor-21200] Extractor time: 5.2s
[2025-10-20 03:30:02] [javac-extractor-21200] Other time: 0.3s
[2025-10-20 03:30:02] [javac-extractor-21200] Total time: 8.0s
