[2025-10-20 03:52:37] [javac-extractor-5380] Starting extraction for:
                                             sun.java.command=com.semmle.extractor.java.JavaExtractor --jdk-version 17 --javac-args @@@C:\Sidd all in one\Unsafe\Lab6\CodeQL-Databases\log4j-codeql-db\log\ext\javac-82.args
                                             user.dir=C:\Sidd all in one\Unsafe\Lab6\Repos\logging-log4j2
[2025-10-20 03:52:37] [javac-extractor-5380] Compilation name C:/Sidd all in one/Unsafe/Lab6/CodeQL-Databases/log4j-codeql-db/trap/java/diagnostics/diagnostic-82.trap.gz
[2025-10-20 03:52:37] [javac-extractor-5380] [WARN] Appending source destination directory C:\Sidd all in one\Unsafe\Lab6\Repos\logging-log4j2\log4j-slf4j2-impl-fuzz-test\target\generated-sources\annotations to sourcepath
[2025-10-20 03:52:40] [javac-extractor-5380] Annotation processor class 'lombok.launch.AnnotationProcessorHider$AnnotationProcessor' initialized.
[2025-10-20 03:52:40] [javac-extractor-5380] Annotation processor class 'lombok.launch.AnnotationProcessorHider$ClaimingProcessor' initialized.
[2025-10-20 03:52:40] [javac-extractor-5380] 3 files will be passed to the attrib/flow phase
[2025-10-20 03:52:40] [javac-extractor-5380] Processing file C:\Sidd all in one\Unsafe\Lab6\Repos\logging-log4j2\log4j-slf4j2-impl-fuzz-test\src\main\java\org\apache\logging\slf4j\fuzz\Slf4jLoggerFacade.java
[2025-10-20 03:52:40] [javac-extractor-5380] [WARN] Not rewriting trap file for C:\Sidd all in one\Unsafe\Lab6\CodeQL-Databases\log4j-codeql-db\trap\java\classes\org\apache\logging\log4j\fuzz\FuzzingUtil$LoggerFacade.members\FuzzingUtil$LoggerFacade.members#52.0-1758198736000-java.trap.gz as C:\Sidd all in one\Unsafe\Lab6\CodeQL-Databases\log4j-codeql-db\trap\java\classes\org\apache\logging\log4j\fuzz\FuzzingUtil$LoggerFacade.members\FuzzingUtil$LoggerFacade.members#0.0-1760887950849-java.trap.gz exists
[2025-10-20 03:52:40] [javac-extractor-5380] Processing file C:\Sidd all in one\Unsafe\Lab6\Repos\logging-log4j2\log4j-slf4j2-impl-fuzz-test\src\main\java\org\apache\logging\slf4j\fuzz\Slf4jToLog4jBridgeWithJsonTemplateLayoutFuzzer.java
[2025-10-20 03:52:40] [javac-extractor-5380] [WARN] Not rewriting trap file for C:\Sidd all in one\Unsafe\Lab6\CodeQL-Databases\log4j-codeql-db\trap\java\classes\org\apache\logging\log4j\fuzz\FuzzingUtil.members\FuzzingUtil.members#52.0-1758198736000-java.trap.gz as C:\Sidd all in one\Unsafe\Lab6\CodeQL-Databases\log4j-codeql-db\trap\java\classes\org\apache\logging\log4j\fuzz\FuzzingUtil.members\FuzzingUtil.members#0.0-1760887950849-java.trap.gz exists
[2025-10-20 03:52:40] [javac-extractor-5380] [WARN] Not rewriting trap file for C:\Sidd all in one\Unsafe\Lab6\CodeQL-Databases\log4j-codeql-db\trap\java\classes\org\apache\logging\log4j\core\config\ConfigurationFactory.members\ConfigurationFactory.members#52.0-1758198736000-java.trap.gz as C:\Sidd all in one\Unsafe\Lab6\CodeQL-Databases\log4j-codeql-db\trap\java\classes\org\apache\logging\log4j\core\config\ConfigurationFactory.members\ConfigurationFactory.members#0.0-1760887950432-java.trap.gz exists
[2025-10-20 03:52:40] [javac-extractor-5380] [WARN] Not rewriting trap file for C:\Sidd all in one\Unsafe\Lab6\CodeQL-Databases\log4j-codeql-db\trap\java\classes\org\apache\logging\log4j\fuzz\FuzzingUtil$LoggerFacade.members\FuzzingUtil$LoggerFacade.members#52.0-1758198736000-java.trap.gz as C:\Sidd all in one\Unsafe\Lab6\CodeQL-Databases\log4j-codeql-db\trap\java\classes\org\apache\logging\log4j\fuzz\FuzzingUtil$LoggerFacade.members\FuzzingUtil$LoggerFacade.members#0.0-1760887950849-java.trap.gz exists
[2025-10-20 03:52:40] [javac-extractor-5380] Processing file C:\Sidd all in one\Unsafe\Lab6\Repos\logging-log4j2\log4j-slf4j2-impl-fuzz-test\src\main\java\org\apache\logging\slf4j\fuzz\Slf4jToLog4jBridgeWithPatternLayoutFuzzer.java
[2025-10-20 03:52:40] [javac-extractor-5380] [WARN] Not rewriting trap file for C:\Sidd all in one\Unsafe\Lab6\CodeQL-Databases\log4j-codeql-db\trap\java\classes\org\apache\logging\log4j\fuzz\FuzzingUtil.members\FuzzingUtil.members#52.0-1758198736000-java.trap.gz as C:\Sidd all in one\Unsafe\Lab6\CodeQL-Databases\log4j-codeql-db\trap\java\classes\org\apache\logging\log4j\fuzz\FuzzingUtil.members\FuzzingUtil.members#0.0-1760887950849-java.trap.gz exists
[2025-10-20 03:52:40] [javac-extractor-5380] [WARN] Not rewriting trap file for C:\Sidd all in one\Unsafe\Lab6\CodeQL-Databases\log4j-codeql-db\trap\java\classes\org\apache\logging\log4j\core\config\ConfigurationFactory.members\ConfigurationFactory.members#52.0-1758198736000-java.trap.gz as C:\Sidd all in one\Unsafe\Lab6\CodeQL-Databases\log4j-codeql-db\trap\java\classes\org\apache\logging\log4j\core\config\ConfigurationFactory.members\ConfigurationFactory.members#0.0-1760887950432-java.trap.gz exists
[2025-10-20 03:52:40] [javac-extractor-5380] [WARN] Not rewriting trap file for C:\Sidd all in one\Unsafe\Lab6\CodeQL-Databases\log4j-codeql-db\trap\java\classes\org\apache\logging\log4j\fuzz\FuzzingUtil$LoggerFacade.members\FuzzingUtil$LoggerFacade.members#52.0-1758198736000-java.trap.gz as C:\Sidd all in one\Unsafe\Lab6\CodeQL-Databases\log4j-codeql-db\trap\java\classes\org\apache\logging\log4j\fuzz\FuzzingUtil$LoggerFacade.members\FuzzingUtil$LoggerFacade.members#0.0-1760887950849-java.trap.gz exists
[2025-10-20 03:52:40] [javac-extractor-5380] Javac init time: 2.3s
[2025-10-20 03:52:40] [javac-extractor-5380] Javac attr time: 0.1s
[2025-10-20 03:52:40] [javac-extractor-5380] Extractor time: 0.4s
[2025-10-20 03:52:40] [javac-extractor-5380] Other time: 0.3s
[2025-10-20 03:52:40] [javac-extractor-5380] Total time: 3.1s
