[2025-10-20 03:53:31] [javac-extractor-5544] Starting extraction for:
                                             sun.java.command=com.semmle.extractor.java.JavaExtractor --jdk-version 17 --javac-args @@@C:\Sidd all in one\Unsafe\Lab6\CodeQL-Databases\log4j-codeql-db\log\ext\javac-88.args
                                             user.dir=C:\Sidd all in one\Unsafe\Lab6\Repos\logging-log4j2
[2025-10-20 03:53:31] [javac-extractor-5544] Compilation name C:/Sidd all in one/Unsafe/Lab6/CodeQL-Databases/log4j-codeql-db/trap/java/diagnostics/diagnostic-88.trap.gz
[2025-10-20 03:53:31] [javac-extractor-5544] [WARN] Appending source destination directory C:\Sidd all in one\Unsafe\Lab6\Repos\logging-log4j2\log4j-spring-cloud-config-client\target\generated-test-sources\test-annotations to sourcepath
[2025-10-20 03:53:34] [javac-extractor-5544] Annotation processor class 'lombok.launch.AnnotationProcessorHider$AnnotationProcessor' initialized.
[2025-10-20 03:53:34] [javac-extractor-5544] Annotation processor class 'lombok.launch.AnnotationProcessorHider$ClaimingProcessor' initialized.
[2025-10-20 03:53:34] [javac-extractor-5544] 2 files will be passed to the attrib/flow phase
[2025-10-20 03:53:34] [javac-extractor-5544] Processing file C:\Sidd all in one\Unsafe\Lab6\Repos\logging-log4j2\log4j-spring-cloud-config-client\src\test\java\org\apache\logging\log4j\spring\cloud\config\client\Log4j2EventListenerTest.java
[2025-10-20 03:53:35] [javac-extractor-5544] [WARN] Not rewriting trap file for C:\Sidd all in one\Unsafe\Lab6\CodeQL-Databases\log4j-codeql-db\trap\java\classes\org\apache\logging\log4j\core\config\ConfigurationListener.members\ConfigurationListener.members#52.0-1758198736000-java.trap.gz as C:\Sidd all in one\Unsafe\Lab6\CodeQL-Databases\log4j-codeql-db\trap\java\classes\org\apache\logging\log4j\core\config\ConfigurationListener.members\ConfigurationListener.members#0.0-1760887950433-java.trap.gz exists
[2025-10-20 03:53:35] [javac-extractor-5544] [WARN] Not rewriting trap file for C:\Sidd all in one\Unsafe\Lab6\CodeQL-Databases\log4j-codeql-db\trap\java\classes\org\apache\logging\log4j\core\config\Reconfigurable.members\Reconfigurable.members#52.0-1758198736000-java.trap.gz as C:\Sidd all in one\Unsafe\Lab6\CodeQL-Databases\log4j-codeql-db\trap\java\classes\org\apache\logging\log4j\core\config\Reconfigurable.members\Reconfigurable.members#0.0-1760887950454-java.trap.gz exists
[2025-10-20 03:53:35] [javac-extractor-5544] [WARN] Not rewriting trap file for C:\Sidd all in one\Unsafe\Lab6\CodeQL-Databases\log4j-codeql-db\trap\java\classes\org\apache\logging\log4j\core\test\junit\LoggerContextRule.members\LoggerContextRule.members#52.0-1758198736000-java.trap.gz as C:\Sidd all in one\Unsafe\Lab6\CodeQL-Databases\log4j-codeql-db\trap\java\classes\org\apache\logging\log4j\core\test\junit\LoggerContextRule.members\LoggerContextRule.members#0.0-1760887949472-java.trap.gz exists
[2025-10-20 03:53:35] [javac-extractor-5544] [WARN] Not rewriting trap file for C:\Sidd all in one\Unsafe\Lab6\CodeQL-Databases\log4j-codeql-db\trap\java\classes\org\apache\logging\log4j\core\util\Source.members\Source.members#52.0-1758198736000-java.trap.gz as C:\Sidd all in one\Unsafe\Lab6\CodeQL-Databases\log4j-codeql-db\trap\java\classes\org\apache\logging\log4j\core\util\Source.members\Source.members#0.0-1760887950795-java.trap.gz exists
[2025-10-20 03:53:35] [javac-extractor-5544] [WARN] Not rewriting trap file for C:\Sidd all in one\Unsafe\Lab6\CodeQL-Databases\log4j-codeql-db\trap\java\classes\org\apache\logging\log4j\core\util\Watcher.members\Watcher.members#52.0-1758198736000-java.trap.gz as C:\Sidd all in one\Unsafe\Lab6\CodeQL-Databases\log4j-codeql-db\trap\java\classes\org\apache\logging\log4j\core\util\Watcher.members\Watcher.members#0.0-1760887950801-java.trap.gz exists
[2025-10-20 03:53:35] [javac-extractor-5544] [WARN] Not rewriting trap file for C:\Sidd all in one\Unsafe\Lab6\CodeQL-Databases\log4j-codeql-db\trap\java\classes\org\apache\logging\log4j\core\util\WatchManager.members\WatchManager.members#52.0-1758198736000-java.trap.gz as C:\Sidd all in one\Unsafe\Lab6\CodeQL-Databases\log4j-codeql-db\trap\java\classes\org\apache\logging\log4j\core\util\WatchManager.members\WatchManager.members#0.0-1760887950801-java.trap.gz exists
[2025-10-20 03:53:35] [javac-extractor-5544] [WARN] Not rewriting trap file for C:\Sidd all in one\Unsafe\Lab6\CodeQL-Databases\log4j-codeql-db\trap\java\classes\org\apache\logging\log4j\core\config\Configuration.members\Configuration.members#52.0-1758198736000-java.trap.gz as C:\Sidd all in one\Unsafe\Lab6\CodeQL-Databases\log4j-codeql-db\trap\java\classes\org\apache\logging\log4j\core\config\Configuration.members\Configuration.members#0.0-1760887950429-java.trap.gz exists
[2025-10-20 03:53:35] [javac-extractor-5544] [WARN] Not rewriting trap file for C:\Sidd all in one\Unsafe\Lab6\CodeQL-Databases\log4j-codeql-db\trap\java\classes\org\apache\logging\log4j\core\LoggerContext.members\LoggerContext.members#52.0-1758198736000-java.trap.gz as C:\Sidd all in one\Unsafe\Lab6\CodeQL-Databases\log4j-codeql-db\trap\java\classes\org\apache\logging\log4j\core\LoggerContext.members\LoggerContext.members#0.0-1760887950310-java.trap.gz exists
[2025-10-20 03:53:35] [javac-extractor-5544] Processing file C:\Sidd all in one\Unsafe\Lab6\Repos\logging-log4j2\log4j-spring-cloud-config-client\src\test\java\org\apache\logging\log4j\spring\cloud\config\client\SpringConfiguration.java
[2025-10-20 03:53:35] [javac-extractor-5544] Javac init time: 3.1s
[2025-10-20 03:53:35] [javac-extractor-5544] Javac attr time: 0.2s
[2025-10-20 03:53:35] [javac-extractor-5544] Extractor time: 0.4s
[2025-10-20 03:53:35] [javac-extractor-5544] Other time: 0.3s
[2025-10-20 03:53:35] [javac-extractor-5544] Total time: 4.0s
