[2025-10-20 03:30:43] [javac-output-1380] warning: [options] source value 8 is obsolete and will be removed in a future release
[2025-10-20 03:30:43] [javac-output-1380] warning: [options] target value 8 is obsolete and will be removed in a future release
[2025-10-20 03:30:43] [javac-output-1380] warning: [options] To suppress warnings about obsolete options, use -Xlint:-options.
[2025-10-20 03:30:51] [javac-output-1380] C:\Sidd all in one\Unsafe\Lab6\Repos\logging-log4j2\log4j-core\src\main\java\org\apache\logging\log4j\core\async\RingBufferLogEvent.java:32: warning: [deprecation] ThrowableProxy in org.apache.logging.log4j.core.impl has been deprecated
[2025-10-20 03:30:51] [javac-output-1380] import org.apache.logging.log4j.core.impl.ThrowableProxy;
[2025-10-20 03:30:51] [javac-output-1380]                                          ^
[2025-10-20 03:30:51] [javac-output-1380] C:\Sidd all in one\Unsafe\Lab6\Repos\logging-log4j2\log4j-core\src\main\java\org\apache\logging\log4j\core\appender\mom\JmsAppender.java:29: warning: [deprecation] JmsManager in org.apache.logging.log4j.core.appender.mom has been deprecated
[2025-10-20 03:30:51] [javac-output-1380] import org.apache.logging.log4j.core.appender.mom.JmsManager.JmsManagerConfiguration;
[2025-10-20 03:30:51] [javac-output-1380]                                                  ^
[2025-10-20 03:30:51] [javac-output-1380] C:\Sidd all in one\Unsafe\Lab6\Repos\logging-log4j2\log4j-core\src\main\java\org\apache\logging\log4j\core\appender\mom\JmsAppender.java:29: warning: [deprecation] JmsManager in org.apache.logging.log4j.core.appender.mom has been deprecated
[2025-10-20 03:30:51] [javac-output-1380] import org.apache.logging.log4j.core.appender.mom.JmsManager.JmsManagerConfiguration;
[2025-10-20 03:30:51] [javac-output-1380]                                                  ^
[2025-10-20 03:30:51] [javac-output-1380] C:\Sidd all in one\Unsafe\Lab6\Repos\logging-log4j2\log4j-core\src\main\java\org\apache\logging\log4j\core\appender\mom\kafka\KafkaAppender.java:37: warning: [deprecation] SerializedLayout in org.apache.logging.log4j.core.layout has been deprecated
[2025-10-20 03:30:51] [javac-output-1380] import org.apache.logging.log4j.core.layout.SerializedLayout;
[2025-10-20 03:30:51] [javac-output-1380]                                            ^
[2025-10-20 03:30:51] [javac-output-1380] C:\Sidd all in one\Unsafe\Lab6\Repos\logging-log4j2\log4j-core\src\main\java\org\apache\logging\log4j\core\impl\ContextDataInjectorFactory.java:22: warning: [deprecation] CopyOnWrite in org.apache.logging.log4j.spi has been deprecated
[2025-10-20 03:30:51] [javac-output-1380] import org.apache.logging.log4j.spi.CopyOnWrite;
[2025-10-20 03:30:51] [javac-output-1380]                                    ^
[2025-10-20 03:30:51] [javac-output-1380] C:\Sidd all in one\Unsafe\Lab6\Repos\logging-log4j2\log4j-core\src\main\java\org\apache\logging\log4j\core\jackson\ExtendedStackTraceElementMixIn.java:25: warning: [deprecation] ExtendedClassInfo in org.apache.logging.log4j.core.impl has been deprecated
[2025-10-20 03:30:51] [javac-output-1380] import org.apache.logging.log4j.core.impl.ExtendedClassInfo;
[2025-10-20 03:30:51] [javac-output-1380]                                          ^
[2025-10-20 03:30:51] [javac-output-1380] C:\Sidd all in one\Unsafe\Lab6\Repos\logging-log4j2\log4j-core\src\main\java\org\apache\logging\log4j\core\jackson\ExtendedStackTraceElementMixIn.java:26: warning: [deprecation] ExtendedStackTraceElement in org.apache.logging.log4j.core.impl has been deprecated
[2025-10-20 03:30:51] [javac-output-1380] import org.apache.logging.log4j.core.impl.ExtendedStackTraceElement;
[2025-10-20 03:30:51] [javac-output-1380]                                          ^
[2025-10-20 03:30:51] [javac-output-1380] C:\Sidd all in one\Unsafe\Lab6\Repos\logging-log4j2\log4j-core\src\main\java\org\apache\logging\log4j\core\jackson\Initializers.java:30: warning: [deprecation] ExtendedStackTraceElement in org.apache.logging.log4j.core.impl has been deprecated
[2025-10-20 03:30:51] [javac-output-1380] import org.apache.logging.log4j.core.impl.ExtendedStackTraceElement;
[2025-10-20 03:30:51] [javac-output-1380]                                          ^
[2025-10-20 03:30:51] [javac-output-1380] C:\Sidd all in one\Unsafe\Lab6\Repos\logging-log4j2\log4j-core\src\main\java\org\apache\logging\log4j\core\jackson\Initializers.java:31: warning: [deprecation] ThrowableProxy in org.apache.logging.log4j.core.impl has been deprecated
[2025-10-20 03:30:51] [javac-output-1380] import org.apache.logging.log4j.core.impl.ThrowableProxy;
[2025-10-20 03:30:51] [javac-output-1380]                                          ^
[2025-10-20 03:30:51] [javac-output-1380] C:\Sidd all in one\Unsafe\Lab6\Repos\logging-log4j2\log4j-core\src\main\java\org\apache\logging\log4j\core\jackson\LogEventMixIn.java:47: warning: [deprecation] ThrowableProxy in org.apache.logging.log4j.core.impl has been deprecated
[2025-10-20 03:30:51] [javac-output-1380] import org.apache.logging.log4j.core.impl.ThrowableProxy;
[2025-10-20 03:30:51] [javac-output-1380]                                          ^
[2025-10-20 03:30:51] [javac-output-1380] C:\Sidd all in one\Unsafe\Lab6\Repos\logging-log4j2\log4j-core\src\main\java\org\apache\logging\log4j\core\jackson\ThrowableProxyMixIn.java:23: warning: [deprecation] ExtendedStackTraceElement in org.apache.logging.log4j.core.impl has been deprecated
[2025-10-20 03:30:51] [javac-output-1380] import org.apache.logging.log4j.core.impl.ExtendedStackTraceElement;
[2025-10-20 03:30:51] [javac-output-1380]                                          ^
[2025-10-20 03:30:51] [javac-output-1380] C:\Sidd all in one\Unsafe\Lab6\Repos\logging-log4j2\log4j-core\src\main\java\org\apache\logging\log4j\core\jackson\ThrowableProxyMixIn.java:24: warning: [deprecation] ThrowableProxy in org.apache.logging.log4j.core.impl has been deprecated
[2025-10-20 03:30:51] [javac-output-1380] import org.apache.logging.log4j.core.impl.ThrowableProxy;
[2025-10-20 03:30:51] [javac-output-1380]                                          ^
[2025-10-20 03:30:51] [javac-output-1380] C:\Sidd all in one\Unsafe\Lab6\Repos\logging-log4j2\log4j-core\src\main\java\org\apache\logging\log4j\core\jackson\ThrowableProxyWithStacktraceAsStringMixIn.java:23: warning: [deprecation] ExtendedStackTraceElement in org.apache.logging.log4j.core.impl has been deprecated
[2025-10-20 03:30:51] [javac-output-1380] import org.apache.logging.log4j.core.impl.ExtendedStackTraceElement;
[2025-10-20 03:30:51] [javac-output-1380]                                          ^
[2025-10-20 03:30:51] [javac-output-1380] C:\Sidd all in one\Unsafe\Lab6\Repos\logging-log4j2\log4j-core\src\main\java\org\apache\logging\log4j\core\jackson\ThrowableProxyWithStacktraceAsStringMixIn.java:24: warning: [deprecation] ThrowableProxy in org.apache.logging.log4j.core.impl has been deprecated
[2025-10-20 03:30:51] [javac-output-1380] import org.apache.logging.log4j.core.impl.ThrowableProxy;
[2025-10-20 03:30:51] [javac-output-1380]                                          ^
[2025-10-20 03:30:51] [javac-output-1380] C:\Sidd all in one\Unsafe\Lab6\Repos\logging-log4j2\log4j-core\src\main\java\org\apache\logging\log4j\core\jackson\ThrowableProxyWithoutStacktraceMixIn.java:23: warning: [deprecation] ExtendedStackTraceElement in org.apache.logging.log4j.core.impl has been deprecated
[2025-10-20 03:30:51] [javac-output-1380] import org.apache.logging.log4j.core.impl.ExtendedStackTraceElement;
[2025-10-20 03:30:51] [javac-output-1380]                                          ^
[2025-10-20 03:30:51] [javac-output-1380] C:\Sidd all in one\Unsafe\Lab6\Repos\logging-log4j2\log4j-core\src\main\java\org\apache\logging\log4j\core\jackson\ThrowableProxyWithoutStacktraceMixIn.java:24: warning: [deprecation] ThrowableProxy in org.apache.logging.log4j.core.impl has been deprecated
[2025-10-20 03:30:51] [javac-output-1380] import org.apache.logging.log4j.core.impl.ThrowableProxy;
[2025-10-20 03:30:51] [javac-output-1380]                                          ^
[2025-10-20 03:30:51] [javac-output-1380] C:\Sidd all in one\Unsafe\Lab6\Repos\logging-log4j2\log4j-core\src\main\java\org\apache\logging\log4j\core\layout\AbstractJacksonLayout.java:39: warning: [deprecation] ThrowableProxy in org.apache.logging.log4j.core.impl has been deprecated
[2025-10-20 03:30:51] [javac-output-1380] import org.apache.logging.log4j.core.impl.ThrowableProxy;
[2025-10-20 03:30:51] [javac-output-1380]                                          ^
[2025-10-20 03:30:51] [javac-output-1380] C:\Sidd all in one\Unsafe\Lab6\Repos\logging-log4j2\log4j-core\src\main\java\org\apache\logging\log4j\core\pattern\DatePatternConverter.java:32: warning: [deprecation] FixedDateFormat in org.apache.logging.log4j.core.util.datetime has been deprecated
[2025-10-20 03:30:51] [javac-output-1380] import org.apache.logging.log4j.core.util.datetime.FixedDateFormat;
[2025-10-20 03:30:51] [javac-output-1380]                                                   ^
[2025-10-20 03:30:51] [javac-output-1380] C:\Sidd all in one\Unsafe\Lab6\Repos\logging-log4j2\log4j-core\src\main\java\org\apache\logging\log4j\core\util\internal\instant\InstantPatternLegacyFormatter.java:28: warning: [deprecation] FastDateFormat in org.apache.logging.log4j.core.util.datetime has been deprecated
[2025-10-20 03:30:51] [javac-output-1380] import org.apache.logging.log4j.core.util.datetime.FastDateFormat;
[2025-10-20 03:30:51] [javac-output-1380]                                                   ^
[2025-10-20 03:30:51] [javac-output-1380] C:\Sidd all in one\Unsafe\Lab6\Repos\logging-log4j2\log4j-core\src\main\java\org\apache\logging\log4j\core\util\internal\instant\InstantPatternLegacyFormatter.java:29: warning: [deprecation] FixedDateFormat in org.apache.logging.log4j.core.util.datetime has been deprecated
[2025-10-20 03:30:51] [javac-output-1380] import org.apache.logging.log4j.core.util.datetime.FixedDateFormat;
[2025-10-20 03:30:51] [javac-output-1380]                                                   ^
[2025-10-20 03:30:51] [javac-output-1380] warning: unknown enum constant ElementType.MODULE
[2025-10-20 03:30:51] [javac-output-1380] warning: unknown enum constant ElementType.MODULE
[2025-10-20 03:30:51] [javac-output-1380] warning: [processing] No processor claimed any of these annotations: com.fasterxml.jackson.annotation.JsonProperty,org.apache.logging.log4j.core.config.plugins.validation.Constraint,org.osgi.annotation.bundle.Export,javax.annotation.processing.SupportedOptions,com.fasterxml.jackson.dataformat.xml.annotation.JacksonXmlProperty,aQute.bnd.annotation.jpms.ExportTo,org.jspecify.annotations.NullMarked,org.apache.logging.log4j.core.config.plugins.validation.constraints.ValidHost,com.fasterxml.jackson.dataformat.xml.annotation.JacksonXmlRootElement,org.apache.logging.log4j.util.PerformanceSensitive,com.fasterxml.jackson.dataformat.xml.annotation.JacksonXmlElementWrapper,javax.annotation.processing.SupportedAnnotationTypes,org.apache.logging.log4j.core.config.plugins.PluginBuilderAttribute,org.apache.logging.log4j.core.config.plugins.PluginFactory,org.apache.logging.log4j.core.config.plugins.PluginElement,org.apache.logging.log4j.core.config.Scheduled,aQute.bnd.annotation.spi.ServiceConsumer,aQute.bnd.annotation.spi.ServiceProvider,com.fasterxml.jackson.annotation.JsonValue,org.apache.logging.log4j.core.config.plugins.PluginValue,com.fasterxml.jackson.annotation.JsonAnyGetter,com.fasterxml.jackson.annotation.JsonRootName,org.apache.logging.log4j.core.config.plugins.PluginAttribute,org.apache.logging.log4j.core.config.plugins.PluginConfiguration,org.apache.logging.log4j.core.config.plugins.PluginAliases,org.osgi.annotation.versioning.ProviderType,com.fasterxml.jackson.annotation.JsonUnwrapped,com.fasterxml.jackson.databind.annotation.JsonDeserialize,edu.umd.cs.findbugs.annotations.SuppressFBWarnings,com.fasterxml.jackson.annotation.JsonIgnoreProperties,com.fasterxml.jackson.annotation.JsonPropertyOrder,org.apache.logging.log4j.core.config.plugins.validation.constraints.Required,org.jspecify.annotations.NullUnmarked,org.osgi.annotation.bundle.Headers,org.apache.logging.log4j.core.config.Order,com.fasterxml.jackson.annotation.JsonIgnore,org.apache.logging.log4j.core.config.plugins.validation.constraints.ValidPort,org.apache.logging.log4j.core.config.plugins.PluginVisitorStrategy,org.apache.logging.log4j.core.config.plugins.Plugin,org.apache.logging.log4j.core.config.plugins.PluginNode,org.osgi.annotation.versioning.Version,com.fasterxml.jackson.annotation.JsonFilter,org.apache.logging.log4j.core.tools.picocli.CommandLine.Option,edu.umd.cs.findbugs.annotations.Nullable,com.fasterxml.jackson.annotation.JsonCreator,org.apache.logging.log4j.core.config.plugins.PluginBuilderFactory,aQute.bnd.annotation.baseline.BaselineIgnore,org.apache.logging.log4j.core.pattern.ConverterKeys
[2025-10-20 03:30:52] [javac-output-1380] C:\Sidd all in one\Unsafe\Lab6\Repos\logging-log4j2\log4j-core\src\main\java\org\apache\logging\log4j\core\async\RingBufferLogEvent.java:32: warning: [deprecation] ThrowableProxy in org.apache.logging.log4j.core.impl has been deprecated
[2025-10-20 03:30:52] [javac-output-1380] import org.apache.logging.log4j.core.impl.ThrowableProxy;
[2025-10-20 03:30:52] [javac-output-1380]                                          ^
[2025-10-20 03:30:52] [javac-output-1380] C:\Sidd all in one\Unsafe\Lab6\Repos\logging-log4j2\log4j-core\src\main\java\org\apache\logging\log4j\core\appender\mom\JmsAppender.java:29: warning: [deprecation] JmsManager in org.apache.logging.log4j.core.appender.mom has been deprecated
[2025-10-20 03:30:52] [javac-output-1380] import org.apache.logging.log4j.core.appender.mom.JmsManager.JmsManagerConfiguration;
[2025-10-20 03:30:52] [javac-output-1380]                                                  ^
[2025-10-20 03:30:52] [javac-output-1380] C:\Sidd all in one\Unsafe\Lab6\Repos\logging-log4j2\log4j-core\src\main\java\org\apache\logging\log4j\core\appender\mom\JmsAppender.java:29: warning: [deprecation] JmsManager in org.apache.logging.log4j.core.appender.mom has been deprecated
[2025-10-20 03:30:52] [javac-output-1380] import org.apache.logging.log4j.core.appender.mom.JmsManager.JmsManagerConfiguration;
[2025-10-20 03:30:52] [javac-output-1380]                                                  ^
[2025-10-20 03:30:52] [javac-output-1380] C:\Sidd all in one\Unsafe\Lab6\Repos\logging-log4j2\log4j-core\src\main\java\org\apache\logging\log4j\core\appender\mom\kafka\KafkaAppender.java:37: warning: [deprecation] SerializedLayout in org.apache.logging.log4j.core.layout has been deprecated
[2025-10-20 03:30:52] [javac-output-1380] import org.apache.logging.log4j.core.layout.SerializedLayout;
[2025-10-20 03:30:52] [javac-output-1380]                                            ^
[2025-10-20 03:30:52] [javac-output-1380] C:\Sidd all in one\Unsafe\Lab6\Repos\logging-log4j2\log4j-core\src\main\java\org\apache\logging\log4j\core\impl\ContextDataInjectorFactory.java:22: warning: [deprecation] CopyOnWrite in org.apache.logging.log4j.spi has been deprecated
[2025-10-20 03:30:52] [javac-output-1380] import org.apache.logging.log4j.spi.CopyOnWrite;
[2025-10-20 03:30:52] [javac-output-1380]                                    ^
[2025-10-20 03:30:52] [javac-output-1380] C:\Sidd all in one\Unsafe\Lab6\Repos\logging-log4j2\log4j-core\src\main\java\org\apache\logging\log4j\core\jackson\ExtendedStackTraceElementMixIn.java:25: warning: [deprecation] ExtendedClassInfo in org.apache.logging.log4j.core.impl has been deprecated
[2025-10-20 03:30:52] [javac-output-1380] import org.apache.logging.log4j.core.impl.ExtendedClassInfo;
[2025-10-20 03:30:52] [javac-output-1380]                                          ^
[2025-10-20 03:30:52] [javac-output-1380] C:\Sidd all in one\Unsafe\Lab6\Repos\logging-log4j2\log4j-core\src\main\java\org\apache\logging\log4j\core\jackson\ExtendedStackTraceElementMixIn.java:26: warning: [deprecation] ExtendedStackTraceElement in org.apache.logging.log4j.core.impl has been deprecated
[2025-10-20 03:30:52] [javac-output-1380] import org.apache.logging.log4j.core.impl.ExtendedStackTraceElement;
[2025-10-20 03:30:52] [javac-output-1380]                                          ^
[2025-10-20 03:30:52] [javac-output-1380] C:\Sidd all in one\Unsafe\Lab6\Repos\logging-log4j2\log4j-core\src\main\java\org\apache\logging\log4j\core\jackson\Initializers.java:30: warning: [deprecation] ExtendedStackTraceElement in org.apache.logging.log4j.core.impl has been deprecated
[2025-10-20 03:30:52] [javac-output-1380] import org.apache.logging.log4j.core.impl.ExtendedStackTraceElement;
[2025-10-20 03:30:52] [javac-output-1380]                                          ^
[2025-10-20 03:30:52] [javac-output-1380] C:\Sidd all in one\Unsafe\Lab6\Repos\logging-log4j2\log4j-core\src\main\java\org\apache\logging\log4j\core\jackson\Initializers.java:31: warning: [deprecation] ThrowableProxy in org.apache.logging.log4j.core.impl has been deprecated
[2025-10-20 03:30:52] [javac-output-1380] import org.apache.logging.log4j.core.impl.ThrowableProxy;
[2025-10-20 03:30:52] [javac-output-1380]                                          ^
[2025-10-20 03:30:52] [javac-output-1380] C:\Sidd all in one\Unsafe\Lab6\Repos\logging-log4j2\log4j-core\src\main\java\org\apache\logging\log4j\core\jackson\LogEventMixIn.java:47: warning: [deprecation] ThrowableProxy in org.apache.logging.log4j.core.impl has been deprecated
[2025-10-20 03:30:52] [javac-output-1380] import org.apache.logging.log4j.core.impl.ThrowableProxy;
[2025-10-20 03:30:52] [javac-output-1380]                                          ^
[2025-10-20 03:30:52] [javac-output-1380] C:\Sidd all in one\Unsafe\Lab6\Repos\logging-log4j2\log4j-core\src\main\java\org\apache\logging\log4j\core\jackson\ThrowableProxyMixIn.java:23: warning: [deprecation] ExtendedStackTraceElement in org.apache.logging.log4j.core.impl has been deprecated
[2025-10-20 03:30:52] [javac-output-1380] import org.apache.logging.log4j.core.impl.ExtendedStackTraceElement;
[2025-10-20 03:30:52] [javac-output-1380]                                          ^
[2025-10-20 03:30:52] [javac-output-1380] C:\Sidd all in one\Unsafe\Lab6\Repos\logging-log4j2\log4j-core\src\main\java\org\apache\logging\log4j\core\jackson\ThrowableProxyMixIn.java:24: warning: [deprecation] ThrowableProxy in org.apache.logging.log4j.core.impl has been deprecated
[2025-10-20 03:30:52] [javac-output-1380] import org.apache.logging.log4j.core.impl.ThrowableProxy;
[2025-10-20 03:30:52] [javac-output-1380]                                          ^
[2025-10-20 03:30:52] [javac-output-1380] C:\Sidd all in one\Unsafe\Lab6\Repos\logging-log4j2\log4j-core\src\main\java\org\apache\logging\log4j\core\jackson\ThrowableProxyWithStacktraceAsStringMixIn.java:23: warning: [deprecation] ExtendedStackTraceElement in org.apache.logging.log4j.core.impl has been deprecated
[2025-10-20 03:30:52] [javac-output-1380] import org.apache.logging.log4j.core.impl.ExtendedStackTraceElement;
[2025-10-20 03:30:52] [javac-output-1380]                                          ^
[2025-10-20 03:30:52] [javac-output-1380] C:\Sidd all in one\Unsafe\Lab6\Repos\logging-log4j2\log4j-core\src\main\java\org\apache\logging\log4j\core\jackson\ThrowableProxyWithStacktraceAsStringMixIn.java:24: warning: [deprecation] ThrowableProxy in org.apache.logging.log4j.core.impl has been deprecated
[2025-10-20 03:30:52] [javac-output-1380] import org.apache.logging.log4j.core.impl.ThrowableProxy;
[2025-10-20 03:30:52] [javac-output-1380]                                          ^
[2025-10-20 03:30:52] [javac-output-1380] C:\Sidd all in one\Unsafe\Lab6\Repos\logging-log4j2\log4j-core\src\main\java\org\apache\logging\log4j\core\jackson\ThrowableProxyWithoutStacktraceMixIn.java:23: warning: [deprecation] ExtendedStackTraceElement in org.apache.logging.log4j.core.impl has been deprecated
[2025-10-20 03:30:52] [javac-output-1380] import org.apache.logging.log4j.core.impl.ExtendedStackTraceElement;
[2025-10-20 03:30:52] [javac-output-1380]                                          ^
[2025-10-20 03:30:52] [javac-output-1380] C:\Sidd all in one\Unsafe\Lab6\Repos\logging-log4j2\log4j-core\src\main\java\org\apache\logging\log4j\core\jackson\ThrowableProxyWithoutStacktraceMixIn.java:24: warning: [deprecation] ThrowableProxy in org.apache.logging.log4j.core.impl has been deprecated
[2025-10-20 03:30:52] [javac-output-1380] import org.apache.logging.log4j.core.impl.ThrowableProxy;
[2025-10-20 03:30:52] [javac-output-1380]                                          ^
[2025-10-20 03:30:52] [javac-output-1380] C:\Sidd all in one\Unsafe\Lab6\Repos\logging-log4j2\log4j-core\src\main\java\org\apache\logging\log4j\core\layout\AbstractJacksonLayout.java:39: warning: [deprecation] ThrowableProxy in org.apache.logging.log4j.core.impl has been deprecated
[2025-10-20 03:30:52] [javac-output-1380] import org.apache.logging.log4j.core.impl.ThrowableProxy;
[2025-10-20 03:30:52] [javac-output-1380]                                          ^
[2025-10-20 03:30:52] [javac-output-1380] C:\Sidd all in one\Unsafe\Lab6\Repos\logging-log4j2\log4j-core\src\main\java\org\apache\logging\log4j\core\pattern\DatePatternConverter.java:32: warning: [deprecation] FixedDateFormat in org.apache.logging.log4j.core.util.datetime has been deprecated
[2025-10-20 03:30:52] [javac-output-1380] import org.apache.logging.log4j.core.util.datetime.FixedDateFormat;
[2025-10-20 03:30:52] [javac-output-1380]                                                   ^
[2025-10-20 03:30:52] [javac-output-1380] C:\Sidd all in one\Unsafe\Lab6\Repos\logging-log4j2\log4j-core\src\main\java\org\apache\logging\log4j\core\util\internal\instant\InstantPatternLegacyFormatter.java:28: warning: [deprecation] FastDateFormat in org.apache.logging.log4j.core.util.datetime has been deprecated
[2025-10-20 03:30:52] [javac-output-1380] import org.apache.logging.log4j.core.util.datetime.FastDateFormat;
[2025-10-20 03:30:52] [javac-output-1380]                                                   ^
[2025-10-20 03:30:52] [javac-output-1380] C:\Sidd all in one\Unsafe\Lab6\Repos\logging-log4j2\log4j-core\src\main\java\org\apache\logging\log4j\core\util\internal\instant\InstantPatternLegacyFormatter.java:29: warning: [deprecation] FixedDateFormat in org.apache.logging.log4j.core.util.datetime has been deprecated
[2025-10-20 03:30:52] [javac-output-1380] import org.apache.logging.log4j.core.util.datetime.FixedDateFormat;
[2025-10-20 03:30:52] [javac-output-1380]                                                   ^
[2025-10-20 03:30:52] [javac-output-1380] C:\Sidd all in one\Unsafe\Lab6\Repos\logging-log4j2\log4j-core\src\main\java\org\apache\logging\log4j\core\async\RingBufferLogEvent.java:32: warning: [deprecation] ThrowableProxy in org.apache.logging.log4j.core.impl has been deprecated
[2025-10-20 03:30:52] [javac-output-1380] import org.apache.logging.log4j.core.impl.ThrowableProxy;
[2025-10-20 03:30:52] [javac-output-1380]                                          ^
[2025-10-20 03:30:52] [javac-output-1380] C:\Sidd all in one\Unsafe\Lab6\Repos\logging-log4j2\log4j-core\src\main\java\org\apache\logging\log4j\core\appender\mom\JmsAppender.java:29: warning: [deprecation] JmsManager in org.apache.logging.log4j.core.appender.mom has been deprecated
[2025-10-20 03:30:52] [javac-output-1380] import org.apache.logging.log4j.core.appender.mom.JmsManager.JmsManagerConfiguration;
[2025-10-20 03:30:52] [javac-output-1380]                                                  ^
[2025-10-20 03:30:52] [javac-output-1380] C:\Sidd all in one\Unsafe\Lab6\Repos\logging-log4j2\log4j-core\src\main\java\org\apache\logging\log4j\core\appender\mom\JmsAppender.java:29: warning: [deprecation] JmsManager in org.apache.logging.log4j.core.appender.mom has been deprecated
[2025-10-20 03:30:52] [javac-output-1380] import org.apache.logging.log4j.core.appender.mom.JmsManager.JmsManagerConfiguration;
[2025-10-20 03:30:52] [javac-output-1380]                                                  ^
[2025-10-20 03:30:52] [javac-output-1380] C:\Sidd all in one\Unsafe\Lab6\Repos\logging-log4j2\log4j-core\src\main\java\org\apache\logging\log4j\core\appender\mom\kafka\KafkaAppender.java:37: warning: [deprecation] SerializedLayout in org.apache.logging.log4j.core.layout has been deprecated
[2025-10-20 03:30:52] [javac-output-1380] import org.apache.logging.log4j.core.layout.SerializedLayout;
[2025-10-20 03:30:52] [javac-output-1380]                                            ^
[2025-10-20 03:30:52] [javac-output-1380] C:\Sidd all in one\Unsafe\Lab6\Repos\logging-log4j2\log4j-core\src\main\java\org\apache\logging\log4j\core\impl\ContextDataInjectorFactory.java:22: warning: [deprecation] CopyOnWrite in org.apache.logging.log4j.spi has been deprecated
[2025-10-20 03:30:52] [javac-output-1380] import org.apache.logging.log4j.spi.CopyOnWrite;
[2025-10-20 03:30:52] [javac-output-1380]                                    ^
[2025-10-20 03:30:52] [javac-output-1380] C:\Sidd all in one\Unsafe\Lab6\Repos\logging-log4j2\log4j-core\src\main\java\org\apache\logging\log4j\core\jackson\ExtendedStackTraceElementMixIn.java:25: warning: [deprecation] ExtendedClassInfo in org.apache.logging.log4j.core.impl has been deprecated
[2025-10-20 03:30:52] [javac-output-1380] import org.apache.logging.log4j.core.impl.ExtendedClassInfo;
[2025-10-20 03:30:52] [javac-output-1380]                                          ^
[2025-10-20 03:30:52] [javac-output-1380] C:\Sidd all in one\Unsafe\Lab6\Repos\logging-log4j2\log4j-core\src\main\java\org\apache\logging\log4j\core\jackson\ExtendedStackTraceElementMixIn.java:26: warning: [deprecation] ExtendedStackTraceElement in org.apache.logging.log4j.core.impl has been deprecated
[2025-10-20 03:30:52] [javac-output-1380] import org.apache.logging.log4j.core.impl.ExtendedStackTraceElement;
[2025-10-20 03:30:52] [javac-output-1380]                                          ^
[2025-10-20 03:30:52] [javac-output-1380] C:\Sidd all in one\Unsafe\Lab6\Repos\logging-log4j2\log4j-core\src\main\java\org\apache\logging\log4j\core\jackson\Initializers.java:30: warning: [deprecation] ExtendedStackTraceElement in org.apache.logging.log4j.core.impl has been deprecated
[2025-10-20 03:30:52] [javac-output-1380] import org.apache.logging.log4j.core.impl.ExtendedStackTraceElement;
[2025-10-20 03:30:52] [javac-output-1380]                                          ^
[2025-10-20 03:30:52] [javac-output-1380] C:\Sidd all in one\Unsafe\Lab6\Repos\logging-log4j2\log4j-core\src\main\java\org\apache\logging\log4j\core\jackson\Initializers.java:31: warning: [deprecation] ThrowableProxy in org.apache.logging.log4j.core.impl has been deprecated
[2025-10-20 03:30:52] [javac-output-1380] import org.apache.logging.log4j.core.impl.ThrowableProxy;
[2025-10-20 03:30:52] [javac-output-1380]                                          ^
[2025-10-20 03:30:52] [javac-output-1380] C:\Sidd all in one\Unsafe\Lab6\Repos\logging-log4j2\log4j-core\src\main\java\org\apache\logging\log4j\core\jackson\LogEventMixIn.java:47: warning: [deprecation] ThrowableProxy in org.apache.logging.log4j.core.impl has been deprecated
[2025-10-20 03:30:52] [javac-output-1380] import org.apache.logging.log4j.core.impl.ThrowableProxy;
[2025-10-20 03:30:52] [javac-output-1380]                                          ^
[2025-10-20 03:30:52] [javac-output-1380] C:\Sidd all in one\Unsafe\Lab6\Repos\logging-log4j2\log4j-core\src\main\java\org\apache\logging\log4j\core\jackson\ThrowableProxyMixIn.java:23: warning: [deprecation] ExtendedStackTraceElement in org.apache.logging.log4j.core.impl has been deprecated
[2025-10-20 03:30:52] [javac-output-1380] import org.apache.logging.log4j.core.impl.ExtendedStackTraceElement;
[2025-10-20 03:30:52] [javac-output-1380]                                          ^
[2025-10-20 03:30:52] [javac-output-1380] C:\Sidd all in one\Unsafe\Lab6\Repos\logging-log4j2\log4j-core\src\main\java\org\apache\logging\log4j\core\jackson\ThrowableProxyMixIn.java:24: warning: [deprecation] ThrowableProxy in org.apache.logging.log4j.core.impl has been deprecated
[2025-10-20 03:30:52] [javac-output-1380] import org.apache.logging.log4j.core.impl.ThrowableProxy;
[2025-10-20 03:30:52] [javac-output-1380]                                          ^
[2025-10-20 03:30:52] [javac-output-1380] C:\Sidd all in one\Unsafe\Lab6\Repos\logging-log4j2\log4j-core\src\main\java\org\apache\logging\log4j\core\jackson\ThrowableProxyWithStacktraceAsStringMixIn.java:23: warning: [deprecation] ExtendedStackTraceElement in org.apache.logging.log4j.core.impl has been deprecated
[2025-10-20 03:30:52] [javac-output-1380] import org.apache.logging.log4j.core.impl.ExtendedStackTraceElement;
[2025-10-20 03:30:52] [javac-output-1380]                                          ^
[2025-10-20 03:30:52] [javac-output-1380] C:\Sidd all in one\Unsafe\Lab6\Repos\logging-log4j2\log4j-core\src\main\java\org\apache\logging\log4j\core\jackson\ThrowableProxyWithStacktraceAsStringMixIn.java:24: warning: [deprecation] ThrowableProxy in org.apache.logging.log4j.core.impl has been deprecated
[2025-10-20 03:30:52] [javac-output-1380] import org.apache.logging.log4j.core.impl.ThrowableProxy;
[2025-10-20 03:30:52] [javac-output-1380]                                          ^
[2025-10-20 03:30:52] [javac-output-1380] C:\Sidd all in one\Unsafe\Lab6\Repos\logging-log4j2\log4j-core\src\main\java\org\apache\logging\log4j\core\jackson\ThrowableProxyWithoutStacktraceMixIn.java:23: warning: [deprecation] ExtendedStackTraceElement in org.apache.logging.log4j.core.impl has been deprecated
[2025-10-20 03:30:52] [javac-output-1380] import org.apache.logging.log4j.core.impl.ExtendedStackTraceElement;
[2025-10-20 03:30:52] [javac-output-1380]                                          ^
[2025-10-20 03:30:52] [javac-output-1380] C:\Sidd all in one\Unsafe\Lab6\Repos\logging-log4j2\log4j-core\src\main\java\org\apache\logging\log4j\core\jackson\ThrowableProxyWithoutStacktraceMixIn.java:24: warning: [deprecation] ThrowableProxy in org.apache.logging.log4j.core.impl has been deprecated
[2025-10-20 03:30:52] [javac-output-1380] import org.apache.logging.log4j.core.impl.ThrowableProxy;
[2025-10-20 03:30:52] [javac-output-1380]                                          ^
[2025-10-20 03:30:52] [javac-output-1380] C:\Sidd all in one\Unsafe\Lab6\Repos\logging-log4j2\log4j-core\src\main\java\org\apache\logging\log4j\core\layout\AbstractJacksonLayout.java:39: warning: [deprecation] ThrowableProxy in org.apache.logging.log4j.core.impl has been deprecated
[2025-10-20 03:30:52] [javac-output-1380] import org.apache.logging.log4j.core.impl.ThrowableProxy;
[2025-10-20 03:30:52] [javac-output-1380]                                          ^
[2025-10-20 03:30:52] [javac-output-1380] C:\Sidd all in one\Unsafe\Lab6\Repos\logging-log4j2\log4j-core\src\main\java\org\apache\logging\log4j\core\pattern\DatePatternConverter.java:32: warning: [deprecation] FixedDateFormat in org.apache.logging.log4j.core.util.datetime has been deprecated
[2025-10-20 03:30:52] [javac-output-1380] import org.apache.logging.log4j.core.util.datetime.FixedDateFormat;
[2025-10-20 03:30:52] [javac-output-1380]                                                   ^
[2025-10-20 03:30:52] [javac-output-1380] C:\Sidd all in one\Unsafe\Lab6\Repos\logging-log4j2\log4j-core\src\main\java\org\apache\logging\log4j\core\util\internal\instant\InstantPatternLegacyFormatter.java:28: warning: [deprecation] FastDateFormat in org.apache.logging.log4j.core.util.datetime has been deprecated
[2025-10-20 03:30:52] [javac-output-1380] import org.apache.logging.log4j.core.util.datetime.FastDateFormat;
[2025-10-20 03:30:52] [javac-output-1380]                                                   ^
[2025-10-20 03:30:52] [javac-output-1380] C:\Sidd all in one\Unsafe\Lab6\Repos\logging-log4j2\log4j-core\src\main\java\org\apache\logging\log4j\core\util\internal\instant\InstantPatternLegacyFormatter.java:29: warning: [deprecation] FixedDateFormat in org.apache.logging.log4j.core.util.datetime has been deprecated
[2025-10-20 03:30:52] [javac-output-1380] import org.apache.logging.log4j.core.util.datetime.FixedDateFormat;
[2025-10-20 03:30:52] [javac-output-1380]                                                   ^
[2025-10-20 03:30:53] [javac-output-1380] C:\Sidd all in one\Unsafe\Lab6\Repos\logging-log4j2\log4j-core\src\main\java\org\apache\logging\log4j\core\async\RingBufferLogEvent.java:32: warning: [deprecation] ThrowableProxy in org.apache.logging.log4j.core.impl has been deprecated
[2025-10-20 03:30:53] [javac-output-1380] import org.apache.logging.log4j.core.impl.ThrowableProxy;
[2025-10-20 03:30:53] [javac-output-1380]                                          ^
[2025-10-20 03:30:53] [javac-output-1380] C:\Sidd all in one\Unsafe\Lab6\Repos\logging-log4j2\log4j-core\src\main\java\org\apache\logging\log4j\core\appender\mom\JmsAppender.java:29: warning: [deprecation] JmsManager in org.apache.logging.log4j.core.appender.mom has been deprecated
[2025-10-20 03:30:53] [javac-output-1380] import org.apache.logging.log4j.core.appender.mom.JmsManager.JmsManagerConfiguration;
[2025-10-20 03:30:53] [javac-output-1380]                                                  ^
[2025-10-20 03:30:53] [javac-output-1380] C:\Sidd all in one\Unsafe\Lab6\Repos\logging-log4j2\log4j-core\src\main\java\org\apache\logging\log4j\core\appender\mom\JmsAppender.java:29: warning: [deprecation] JmsManager in org.apache.logging.log4j.core.appender.mom has been deprecated
[2025-10-20 03:30:53] [javac-output-1380] import org.apache.logging.log4j.core.appender.mom.JmsManager.JmsManagerConfiguration;
[2025-10-20 03:30:53] [javac-output-1380]                                                  ^
[2025-10-20 03:30:53] [javac-output-1380] C:\Sidd all in one\Unsafe\Lab6\Repos\logging-log4j2\log4j-core\src\main\java\org\apache\logging\log4j\core\appender\mom\kafka\KafkaAppender.java:37: warning: [deprecation] SerializedLayout in org.apache.logging.log4j.core.layout has been deprecated
[2025-10-20 03:30:53] [javac-output-1380] import org.apache.logging.log4j.core.layout.SerializedLayout;
[2025-10-20 03:30:53] [javac-output-1380]                                            ^
[2025-10-20 03:30:53] [javac-output-1380] C:\Sidd all in one\Unsafe\Lab6\Repos\logging-log4j2\log4j-core\src\main\java\org\apache\logging\log4j\core\impl\ContextDataInjectorFactory.java:22: warning: [deprecation] CopyOnWrite in org.apache.logging.log4j.spi has been deprecated
[2025-10-20 03:30:53] [javac-output-1380] import org.apache.logging.log4j.spi.CopyOnWrite;
[2025-10-20 03:30:53] [javac-output-1380]                                    ^
[2025-10-20 03:30:53] [javac-output-1380] C:\Sidd all in one\Unsafe\Lab6\Repos\logging-log4j2\log4j-core\src\main\java\org\apache\logging\log4j\core\jackson\ExtendedStackTraceElementMixIn.java:25: warning: [deprecation] ExtendedClassInfo in org.apache.logging.log4j.core.impl has been deprecated
[2025-10-20 03:30:53] [javac-output-1380] import org.apache.logging.log4j.core.impl.ExtendedClassInfo;
[2025-10-20 03:30:53] [javac-output-1380]                                          ^
[2025-10-20 03:30:53] [javac-output-1380] C:\Sidd all in one\Unsafe\Lab6\Repos\logging-log4j2\log4j-core\src\main\java\org\apache\logging\log4j\core\jackson\ExtendedStackTraceElementMixIn.java:26: warning: [deprecation] ExtendedStackTraceElement in org.apache.logging.log4j.core.impl has been deprecated
[2025-10-20 03:30:53] [javac-output-1380] import org.apache.logging.log4j.core.impl.ExtendedStackTraceElement;
[2025-10-20 03:30:53] [javac-output-1380]                                          ^
[2025-10-20 03:30:53] [javac-output-1380] C:\Sidd all in one\Unsafe\Lab6\Repos\logging-log4j2\log4j-core\src\main\java\org\apache\logging\log4j\core\jackson\Initializers.java:30: warning: [deprecation] ExtendedStackTraceElement in org.apache.logging.log4j.core.impl has been deprecated
[2025-10-20 03:30:53] [javac-output-1380] import org.apache.logging.log4j.core.impl.ExtendedStackTraceElement;
[2025-10-20 03:30:53] [javac-output-1380]                                          ^
[2025-10-20 03:30:53] [javac-output-1380] C:\Sidd all in one\Unsafe\Lab6\Repos\logging-log4j2\log4j-core\src\main\java\org\apache\logging\log4j\core\jackson\Initializers.java:31: warning: [deprecation] ThrowableProxy in org.apache.logging.log4j.core.impl has been deprecated
[2025-10-20 03:30:53] [javac-output-1380] import org.apache.logging.log4j.core.impl.ThrowableProxy;
[2025-10-20 03:30:53] [javac-output-1380]                                          ^
[2025-10-20 03:30:53] [javac-output-1380] C:\Sidd all in one\Unsafe\Lab6\Repos\logging-log4j2\log4j-core\src\main\java\org\apache\logging\log4j\core\jackson\LogEventMixIn.java:47: warning: [deprecation] ThrowableProxy in org.apache.logging.log4j.core.impl has been deprecated
[2025-10-20 03:30:53] [javac-output-1380] import org.apache.logging.log4j.core.impl.ThrowableProxy;
[2025-10-20 03:30:53] [javac-output-1380]                                          ^
[2025-10-20 03:30:53] [javac-output-1380] C:\Sidd all in one\Unsafe\Lab6\Repos\logging-log4j2\log4j-core\src\main\java\org\apache\logging\log4j\core\jackson\ThrowableProxyMixIn.java:23: warning: [deprecation] ExtendedStackTraceElement in org.apache.logging.log4j.core.impl has been deprecated
[2025-10-20 03:30:53] [javac-output-1380] import org.apache.logging.log4j.core.impl.ExtendedStackTraceElement;
[2025-10-20 03:30:53] [javac-output-1380]                                          ^
[2025-10-20 03:30:53] [javac-output-1380] C:\Sidd all in one\Unsafe\Lab6\Repos\logging-log4j2\log4j-core\src\main\java\org\apache\logging\log4j\core\jackson\ThrowableProxyMixIn.java:24: warning: [deprecation] ThrowableProxy in org.apache.logging.log4j.core.impl has been deprecated
[2025-10-20 03:30:53] [javac-output-1380] import org.apache.logging.log4j.core.impl.ThrowableProxy;
[2025-10-20 03:30:53] [javac-output-1380]                                          ^
[2025-10-20 03:30:53] [javac-output-1380] C:\Sidd all in one\Unsafe\Lab6\Repos\logging-log4j2\log4j-core\src\main\java\org\apache\logging\log4j\core\jackson\ThrowableProxyWithStacktraceAsStringMixIn.java:23: warning: [deprecation] ExtendedStackTraceElement in org.apache.logging.log4j.core.impl has been deprecated
[2025-10-20 03:30:53] [javac-output-1380] import org.apache.logging.log4j.core.impl.ExtendedStackTraceElement;
[2025-10-20 03:30:53] [javac-output-1380]                                          ^
[2025-10-20 03:30:53] [javac-output-1380] C:\Sidd all in one\Unsafe\Lab6\Repos\logging-log4j2\log4j-core\src\main\java\org\apache\logging\log4j\core\jackson\ThrowableProxyWithStacktraceAsStringMixIn.java:24: warning: [deprecation] ThrowableProxy in org.apache.logging.log4j.core.impl has been deprecated
[2025-10-20 03:30:53] [javac-output-1380] import org.apache.logging.log4j.core.impl.ThrowableProxy;
[2025-10-20 03:30:53] [javac-output-1380]                                          ^
[2025-10-20 03:30:53] [javac-output-1380] C:\Sidd all in one\Unsafe\Lab6\Repos\logging-log4j2\log4j-core\src\main\java\org\apache\logging\log4j\core\jackson\ThrowableProxyWithoutStacktraceMixIn.java:23: warning: [deprecation] ExtendedStackTraceElement in org.apache.logging.log4j.core.impl has been deprecated
[2025-10-20 03:30:53] [javac-output-1380] import org.apache.logging.log4j.core.impl.ExtendedStackTraceElement;
[2025-10-20 03:30:53] [javac-output-1380]                                          ^
[2025-10-20 03:30:53] [javac-output-1380] C:\Sidd all in one\Unsafe\Lab6\Repos\logging-log4j2\log4j-core\src\main\java\org\apache\logging\log4j\core\jackson\ThrowableProxyWithoutStacktraceMixIn.java:24: warning: [deprecation] ThrowableProxy in org.apache.logging.log4j.core.impl has been deprecated
[2025-10-20 03:30:53] [javac-output-1380] import org.apache.logging.log4j.core.impl.ThrowableProxy;
[2025-10-20 03:30:53] [javac-output-1380]                                          ^
[2025-10-20 03:30:53] [javac-output-1380] C:\Sidd all in one\Unsafe\Lab6\Repos\logging-log4j2\log4j-core\src\main\java\org\apache\logging\log4j\core\layout\AbstractJacksonLayout.java:39: warning: [deprecation] ThrowableProxy in org.apache.logging.log4j.core.impl has been deprecated
[2025-10-20 03:30:53] [javac-output-1380] import org.apache.logging.log4j.core.impl.ThrowableProxy;
[2025-10-20 03:30:53] [javac-output-1380]                                          ^
[2025-10-20 03:30:53] [javac-output-1380] C:\Sidd all in one\Unsafe\Lab6\Repos\logging-log4j2\log4j-core\src\main\java\org\apache\logging\log4j\core\pattern\DatePatternConverter.java:32: warning: [deprecation] FixedDateFormat in org.apache.logging.log4j.core.util.datetime has been deprecated
[2025-10-20 03:30:53] [javac-output-1380] import org.apache.logging.log4j.core.util.datetime.FixedDateFormat;
[2025-10-20 03:30:53] [javac-output-1380]                                                   ^
[2025-10-20 03:30:53] [javac-output-1380] C:\Sidd all in one\Unsafe\Lab6\Repos\logging-log4j2\log4j-core\src\main\java\org\apache\logging\log4j\core\util\internal\instant\InstantPatternLegacyFormatter.java:28: warning: [deprecation] FastDateFormat in org.apache.logging.log4j.core.util.datetime has been deprecated
[2025-10-20 03:30:53] [javac-output-1380] import org.apache.logging.log4j.core.util.datetime.FastDateFormat;
[2025-10-20 03:30:53] [javac-output-1380]                                                   ^
[2025-10-20 03:30:53] [javac-output-1380] C:\Sidd all in one\Unsafe\Lab6\Repos\logging-log4j2\log4j-core\src\main\java\org\apache\logging\log4j\core\util\internal\instant\InstantPatternLegacyFormatter.java:29: warning: [deprecation] FixedDateFormat in org.apache.logging.log4j.core.util.datetime has been deprecated
[2025-10-20 03:30:53] [javac-output-1380] import org.apache.logging.log4j.core.util.datetime.FixedDateFormat;
[2025-10-20 03:30:53] [javac-output-1380]                                                   ^
[2025-10-20 03:30:53] [javac-output-1380] C:\Sidd all in one\Unsafe\Lab6\Repos\logging-log4j2\log4j-core\src\main\java\org\apache\logging\log4j\core\async\RingBufferLogEvent.java:32: warning: [deprecation] ThrowableProxy in org.apache.logging.log4j.core.impl has been deprecated
[2025-10-20 03:30:53] [javac-output-1380] import org.apache.logging.log4j.core.impl.ThrowableProxy;
[2025-10-20 03:30:53] [javac-output-1380]                                          ^
[2025-10-20 03:30:53] [javac-output-1380] C:\Sidd all in one\Unsafe\Lab6\Repos\logging-log4j2\log4j-core\src\main\java\org\apache\logging\log4j\core\appender\mom\JmsAppender.java:29: warning: [deprecation] JmsManager in org.apache.logging.log4j.core.appender.mom has been deprecated
[2025-10-20 03:30:53] [javac-output-1380] import org.apache.logging.log4j.core.appender.mom.JmsManager.JmsManagerConfiguration;
[2025-10-20 03:30:53] [javac-output-1380]                                                  ^
[2025-10-20 03:30:53] [javac-output-1380] C:\Sidd all in one\Unsafe\Lab6\Repos\logging-log4j2\log4j-core\src\main\java\org\apache\logging\log4j\core\appender\mom\JmsAppender.java:29: warning: [deprecation] JmsManager in org.apache.logging.log4j.core.appender.mom has been deprecated
[2025-10-20 03:30:53] [javac-output-1380] import org.apache.logging.log4j.core.appender.mom.JmsManager.JmsManagerConfiguration;
[2025-10-20 03:30:53] [javac-output-1380]                                                  ^
[2025-10-20 03:30:53] [javac-output-1380] C:\Sidd all in one\Unsafe\Lab6\Repos\logging-log4j2\log4j-core\src\main\java\org\apache\logging\log4j\core\appender\mom\kafka\KafkaAppender.java:37: warning: [deprecation] SerializedLayout in org.apache.logging.log4j.core.layout has been deprecated
[2025-10-20 03:30:53] [javac-output-1380] import org.apache.logging.log4j.core.layout.SerializedLayout;
[2025-10-20 03:30:53] [javac-output-1380]                                            ^
[2025-10-20 03:30:53] [javac-output-1380] C:\Sidd all in one\Unsafe\Lab6\Repos\logging-log4j2\log4j-core\src\main\java\org\apache\logging\log4j\core\impl\ContextDataInjectorFactory.java:22: warning: [deprecation] CopyOnWrite in org.apache.logging.log4j.spi has been deprecated
[2025-10-20 03:30:53] [javac-output-1380] import org.apache.logging.log4j.spi.CopyOnWrite;
[2025-10-20 03:30:53] [javac-output-1380]                                    ^
[2025-10-20 03:30:53] [javac-output-1380] C:\Sidd all in one\Unsafe\Lab6\Repos\logging-log4j2\log4j-core\src\main\java\org\apache\logging\log4j\core\jackson\ExtendedStackTraceElementMixIn.java:25: warning: [deprecation] ExtendedClassInfo in org.apache.logging.log4j.core.impl has been deprecated
[2025-10-20 03:30:53] [javac-output-1380] import org.apache.logging.log4j.core.impl.ExtendedClassInfo;
[2025-10-20 03:30:53] [javac-output-1380]                                          ^
[2025-10-20 03:30:53] [javac-output-1380] C:\Sidd all in one\Unsafe\Lab6\Repos\logging-log4j2\log4j-core\src\main\java\org\apache\logging\log4j\core\jackson\ExtendedStackTraceElementMixIn.java:26: warning: [deprecation] ExtendedStackTraceElement in org.apache.logging.log4j.core.impl has been deprecated
[2025-10-20 03:30:53] [javac-output-1380] import org.apache.logging.log4j.core.impl.ExtendedStackTraceElement;
[2025-10-20 03:30:53] [javac-output-1380]                                          ^
[2025-10-20 03:30:53] [javac-output-1380] C:\Sidd all in one\Unsafe\Lab6\Repos\logging-log4j2\log4j-core\src\main\java\org\apache\logging\log4j\core\jackson\Initializers.java:30: warning: [deprecation] ExtendedStackTraceElement in org.apache.logging.log4j.core.impl has been deprecated
[2025-10-20 03:30:53] [javac-output-1380] import org.apache.logging.log4j.core.impl.ExtendedStackTraceElement;
[2025-10-20 03:30:53] [javac-output-1380]                                          ^
[2025-10-20 03:30:53] [javac-output-1380] C:\Sidd all in one\Unsafe\Lab6\Repos\logging-log4j2\log4j-core\src\main\java\org\apache\logging\log4j\core\jackson\Initializers.java:31: warning: [deprecation] ThrowableProxy in org.apache.logging.log4j.core.impl has been deprecated
[2025-10-20 03:30:53] [javac-output-1380] import org.apache.logging.log4j.core.impl.ThrowableProxy;
[2025-10-20 03:30:53] [javac-output-1380]                                          ^
[2025-10-20 03:30:53] [javac-output-1380] C:\Sidd all in one\Unsafe\Lab6\Repos\logging-log4j2\log4j-core\src\main\java\org\apache\logging\log4j\core\jackson\LogEventMixIn.java:47: warning: [deprecation] ThrowableProxy in org.apache.logging.log4j.core.impl has been deprecated
[2025-10-20 03:30:53] [javac-output-1380] import org.apache.logging.log4j.core.impl.ThrowableProxy;
[2025-10-20 03:30:53] [javac-output-1380]                                          ^
[2025-10-20 03:30:53] [javac-output-1380] C:\Sidd all in one\Unsafe\Lab6\Repos\logging-log4j2\log4j-core\src\main\java\org\apache\logging\log4j\core\jackson\ThrowableProxyMixIn.java:23: warning: [deprecation] ExtendedStackTraceElement in org.apache.logging.log4j.core.impl has been deprecated
[2025-10-20 03:30:53] [javac-output-1380] import org.apache.logging.log4j.core.impl.ExtendedStackTraceElement;
[2025-10-20 03:30:53] [javac-output-1380]                                          ^
[2025-10-20 03:30:53] [javac-output-1380] C:\Sidd all in one\Unsafe\Lab6\Repos\logging-log4j2\log4j-core\src\main\java\org\apache\logging\log4j\core\jackson\ThrowableProxyMixIn.java:24: warning: [deprecation] ThrowableProxy in org.apache.logging.log4j.core.impl has been deprecated
[2025-10-20 03:30:53] [javac-output-1380] import org.apache.logging.log4j.core.impl.ThrowableProxy;
[2025-10-20 03:30:53] [javac-output-1380]                                          ^
[2025-10-20 03:30:53] [javac-output-1380] C:\Sidd all in one\Unsafe\Lab6\Repos\logging-log4j2\log4j-core\src\main\java\org\apache\logging\log4j\core\jackson\ThrowableProxyWithStacktraceAsStringMixIn.java:23: warning: [deprecation] ExtendedStackTraceElement in org.apache.logging.log4j.core.impl has been deprecated
[2025-10-20 03:30:53] [javac-output-1380] import org.apache.logging.log4j.core.impl.ExtendedStackTraceElement;
[2025-10-20 03:30:53] [javac-output-1380]                                          ^
[2025-10-20 03:30:53] [javac-output-1380] C:\Sidd all in one\Unsafe\Lab6\Repos\logging-log4j2\log4j-core\src\main\java\org\apache\logging\log4j\core\jackson\ThrowableProxyWithStacktraceAsStringMixIn.java:24: warning: [deprecation] ThrowableProxy in org.apache.logging.log4j.core.impl has been deprecated
[2025-10-20 03:30:53] [javac-output-1380] import org.apache.logging.log4j.core.impl.ThrowableProxy;
[2025-10-20 03:30:53] [javac-output-1380]                                          ^
