[2025-10-20 03:41:15] [javac-extractor-14904] Starting extraction for:
                                              sun.java.command=com.semmle.extractor.java.JavaExtractor --jdk-version 17 --javac-args @@@C:\Sidd all in one\Unsafe\Lab6\CodeQL-Databases\log4j-codeql-db\log\ext\javac-31.args
                                              user.dir=C:\Sidd all in one\Unsafe\Lab6\Repos\logging-log4j2
[2025-10-20 03:41:15] [javac-extractor-14904] Compilation name C:/Sidd all in one/Unsafe/Lab6/CodeQL-Databases/log4j-codeql-db/trap/java/diagnostics/diagnostic-31.trap.gz
[2025-10-20 03:41:16] [javac-extractor-14904] [WARN] Appending source destination directory C:\Sidd all in one\Unsafe\Lab6\Repos\logging-log4j2\log4j-docker\target\generated-sources\annotations to sourcepath
[2025-10-20 03:41:18] [javac-extractor-14904] Annotation processor class 'lombok.launch.AnnotationProcessorHider$AnnotationProcessor' initialized.
[2025-10-20 03:41:18] [javac-extractor-14904] Annotation processor class 'lombok.launch.AnnotationProcessorHider$ClaimingProcessor' initialized.
[2025-10-20 03:41:18] [javac-extractor-14904] 9 files will be passed to the attrib/flow phase
[2025-10-20 03:41:19] [javac-extractor-14904] Processing file C:\Sidd all in one\Unsafe\Lab6\Repos\logging-log4j2\log4j-docker\src\main\java\org\apache\logging\log4j\docker\DockerLookup.java
[2025-10-20 03:41:19] [javac-extractor-14904] [WARN] Not rewriting trap file for C:\Sidd all in one\Unsafe\Lab6\CodeQL-Databases\log4j-codeql-db\trap\java\classes\org\apache\logging\log4j\Logger.members\Logger.members#52.0-1758198736000-java.trap.gz as C:\Sidd all in one\Unsafe\Lab6\CodeQL-Databases\log4j-codeql-db\trap\java\classes\org\apache\logging\log4j\Logger.members\Logger.members#0.0-1760887949252-java.trap.gz exists
[2025-10-20 03:41:19] [javac-extractor-14904] [WARN] Not rewriting trap file for C:\Sidd all in one\Unsafe\Lab6\CodeQL-Databases\log4j-codeql-db\trap\java\classes\org\apache\logging\log4j\core\LogEvent.members\LogEvent.members#52.0-1758198736000-java.trap.gz as C:\Sidd all in one\Unsafe\Lab6\CodeQL-Databases\log4j-codeql-db\trap\java\classes\org\apache\logging\log4j\core\LogEvent.members\LogEvent.members#0.0-1760887950308-java.trap.gz exists
[2025-10-20 03:41:19] [javac-extractor-14904] [WARN] Not rewriting trap file for C:\Sidd all in one\Unsafe\Lab6\CodeQL-Databases\log4j-codeql-db\trap\java\classes\org\apache\logging\log4j\core\config\plugins\Plugin.members\Plugin.members#52.0-1758198736000-java.trap.gz as C:\Sidd all in one\Unsafe\Lab6\CodeQL-Databases\log4j-codeql-db\trap\java\classes\org\apache\logging\log4j\core\config\plugins\Plugin.members\Plugin.members#0.0-1760887950498-java.trap.gz exists
[2025-10-20 03:41:19] [javac-extractor-14904] [WARN] Not rewriting trap file for C:\Sidd all in one\Unsafe\Lab6\CodeQL-Databases\log4j-codeql-db\trap\java\classes\org\apache\logging\log4j\core\lookup\AbstractLookup.members\AbstractLookup.members#52.0-1758198736000-java.trap.gz as C:\Sidd all in one\Unsafe\Lab6\CodeQL-Databases\log4j-codeql-db\trap\java\classes\org\apache\logging\log4j\core\lookup\AbstractLookup.members\AbstractLookup.members#0.0-1760887950656-java.trap.gz exists
[2025-10-20 03:41:19] [javac-extractor-14904] [WARN] Not rewriting trap file for C:\Sidd all in one\Unsafe\Lab6\CodeQL-Databases\log4j-codeql-db\trap\java\classes\org\apache\logging\log4j\core\lookup\StrLookup.members\StrLookup.members#52.0-1758198736000-java.trap.gz as C:\Sidd all in one\Unsafe\Lab6\CodeQL-Databases\log4j-codeql-db\trap\java\classes\org\apache\logging\log4j\core\lookup\StrLookup.members\StrLookup.members#0.0-1760887950668-java.trap.gz exists
[2025-10-20 03:41:19] [javac-extractor-14904] [WARN] Not rewriting trap file for C:\Sidd all in one\Unsafe\Lab6\CodeQL-Databases\log4j-codeql-db\trap\java\classes\org\apache\logging\log4j\core\util\NetUtils.members\NetUtils.members#52.0-1758198736000-java.trap.gz as C:\Sidd all in one\Unsafe\Lab6\CodeQL-Databases\log4j-codeql-db\trap\java\classes\org\apache\logging\log4j\core\util\NetUtils.members\NetUtils.members#0.0-1760887950790-java.trap.gz exists
[2025-10-20 03:41:19] [javac-extractor-14904] [WARN] Not rewriting trap file for C:\Sidd all in one\Unsafe\Lab6\CodeQL-Databases\log4j-codeql-db\trap\java\classes\org\apache\logging\log4j\status\StatusLogger.members\StatusLogger.members#52.0-1758198736000-java.trap.gz as C:\Sidd all in one\Unsafe\Lab6\CodeQL-Databases\log4j-codeql-db\trap\java\classes\org\apache\logging\log4j\status\StatusLogger.members\StatusLogger.members#0.0-1760887949319-java.trap.gz exists
[2025-10-20 03:41:19] [javac-extractor-14904] [WARN] Not rewriting trap file for C:\Sidd all in one\Unsafe\Lab6\CodeQL-Databases\log4j-codeql-db\trap\java\classes\org\apache\logging\log4j\util\PropertiesUtil.members\PropertiesUtil.members#52.0-1758198736000-java.trap.gz as C:\Sidd all in one\Unsafe\Lab6\CodeQL-Databases\log4j-codeql-db\trap\java\classes\org\apache\logging\log4j\util\PropertiesUtil.members\PropertiesUtil.members#0.0-1760887949333-java.trap.gz exists
[2025-10-20 03:41:19] [javac-extractor-14904] Processing file C:\Sidd all in one\Unsafe\Lab6\Repos\logging-log4j2\log4j-docker\src\main\java\org\apache\logging\log4j\docker\model\Container.java
[2025-10-20 03:41:19] [javac-extractor-14904] Processing file C:\Sidd all in one\Unsafe\Lab6\Repos\logging-log4j2\log4j-docker\src\main\java\org\apache\logging\log4j\docker\model\PortDefinition.java
[2025-10-20 03:41:19] [javac-extractor-14904] Processing file C:\Sidd all in one\Unsafe\Lab6\Repos\logging-log4j2\log4j-docker\src\main\java\org\apache\logging\log4j\docker\model\HostConfig.java
[2025-10-20 03:41:19] [javac-extractor-14904] Processing file C:\Sidd all in one\Unsafe\Lab6\Repos\logging-log4j2\log4j-docker\src\main\java\org\apache\logging\log4j\docker\model\NetworkSettings.java
[2025-10-20 03:41:19] [javac-extractor-14904] Processing file C:\Sidd all in one\Unsafe\Lab6\Repos\logging-log4j2\log4j-docker\src\main\java\org\apache\logging\log4j\docker\model\Mount.java
[2025-10-20 03:41:19] [javac-extractor-14904] Processing file C:\Sidd all in one\Unsafe\Lab6\Repos\logging-log4j2\log4j-docker\src\main\java\org\apache\logging\log4j\docker\model\Network.java
[2025-10-20 03:41:19] [javac-extractor-14904] Processing file C:\Sidd all in one\Unsafe\Lab6\Repos\logging-log4j2\log4j-docker\src\main\java\org\apache\logging\log4j\docker\model\IPAMConfig.java
[2025-10-20 03:41:19] [javac-extractor-14904] Javac init time: 2.5s
[2025-10-20 03:41:19] [javac-extractor-14904] Javac attr time: 0.3s
[2025-10-20 03:41:19] [javac-extractor-14904] Extractor time: 0.7s
[2025-10-20 03:41:19] [javac-extractor-14904] Other time: 0.3s
[2025-10-20 03:41:19] [javac-extractor-14904] Total time: 3.9s
