[2025-10-20 03:49:24] [javac-extractor-28448] Starting extraction for:
                                              sun.java.command=com.semmle.extractor.java.JavaExtractor --jdk-version 17 --javac-args @@@C:\Sidd all in one\Unsafe\Lab6\CodeQL-Databases\log4j-codeql-db\log\ext\javac-71.args
                                              user.dir=C:\Sidd all in one\Unsafe\Lab6\Repos\logging-log4j2
[2025-10-20 03:49:24] [javac-extractor-28448] Compilation name C:/Sidd all in one/Unsafe/Lab6/CodeQL-Databases/log4j-codeql-db/trap/java/diagnostics/diagnostic-71.trap.gz
[2025-10-20 03:49:24] [javac-extractor-28448] [WARN] Appending source destination directory C:\Sidd all in one\Unsafe\Lab6\Repos\logging-log4j2\log4j-mongodb\target\generated-sources\annotations to sourcepath
[2025-10-20 03:49:26] [javac-extractor-28448] Annotation processor class 'lombok.launch.AnnotationProcessorHider$AnnotationProcessor' initialized.
[2025-10-20 03:49:26] [javac-extractor-28448] Annotation processor class 'lombok.launch.AnnotationProcessorHider$ClaimingProcessor' initialized.
[2025-10-20 03:49:26] [javac-extractor-28448] 2 files will be passed to the attrib/flow phase
[2025-10-20 03:49:26] [javac-extractor-28448] Processing file C:\Sidd all in one\Unsafe\Lab6\Repos\logging-log4j2\log4j-mongodb\src\main\java\org\apache\logging\log4j\mongodb\MongoDbProvider.java
[2025-10-20 03:49:26] [javac-extractor-28448] [WARN] Not rewriting trap file for C:\Sidd all in one\Unsafe\Lab6\CodeQL-Databases\log4j-codeql-db\trap\java\classes\org\apache\logging\log4j\core\Core.members\Core.members#52.0-1758198736000-java.trap.gz as C:\Sidd all in one\Unsafe\Lab6\CodeQL-Databases\log4j-codeql-db\trap\java\classes\org\apache\logging\log4j\core\Core.members\Core.members#0.0-1760887950305-java.trap.gz exists
[2025-10-20 03:49:26] [javac-extractor-28448] [WARN] Not rewriting trap file for C:\Sidd all in one\Unsafe\Lab6\CodeQL-Databases\log4j-codeql-db\trap\java\classes\org\apache\logging\log4j\core\appender\nosql\NoSqlProvider.members\NoSqlProvider.members#52.0-1758198736000-java.trap.gz as C:\Sidd all in one\Unsafe\Lab6\CodeQL-Databases\log4j-codeql-db\trap\java\classes\org\apache\logging\log4j\core\appender\nosql\NoSqlProvider.members\NoSqlProvider.members#0.0-1760887950362-java.trap.gz exists
[2025-10-20 03:49:26] [javac-extractor-28448] [WARN] Not rewriting trap file for C:\Sidd all in one\Unsafe\Lab6\CodeQL-Databases\log4j-codeql-db\trap\java\classes\org\apache\logging\log4j\core\config\plugins\Plugin.members\Plugin.members#52.0-1758198736000-java.trap.gz as C:\Sidd all in one\Unsafe\Lab6\CodeQL-Databases\log4j-codeql-db\trap\java\classes\org\apache\logging\log4j\core\config\plugins\Plugin.members\Plugin.members#0.0-1760887950498-java.trap.gz exists
[2025-10-20 03:49:26] [javac-extractor-28448] [WARN] Not rewriting trap file for C:\Sidd all in one\Unsafe\Lab6\CodeQL-Databases\log4j-codeql-db\trap\java\classes\org\apache\logging\log4j\core\config\plugins\PluginBuilderFactory.members\PluginBuilderFactory.members#52.0-1758198736000-java.trap.gz as C:\Sidd all in one\Unsafe\Lab6\CodeQL-Databases\log4j-codeql-db\trap\java\classes\org\apache\logging\log4j\core\config\plugins\PluginBuilderFactory.members\PluginBuilderFactory.members#0.0-1760887950500-java.trap.gz exists
[2025-10-20 03:49:26] [javac-extractor-28448] [WARN] Not rewriting trap file for C:\Sidd all in one\Unsafe\Lab6\CodeQL-Databases\log4j-codeql-db\trap\java\classes\org\apache\logging\log4j\mongodb4\MongoDb4Connection.members\MongoDb4Connection.members#52.0-1758198736000-java.trap.gz as C:\Sidd all in one\Unsafe\Lab6\CodeQL-Databases\log4j-codeql-db\trap\java\classes\org\apache\logging\log4j\mongodb4\MongoDb4Connection.members\MongoDb4Connection.members#0.0-1760887951211-java.trap.gz exists
[2025-10-20 03:49:26] [javac-extractor-28448] [WARN] Not rewriting trap file for C:\Sidd all in one\Unsafe\Lab6\CodeQL-Databases\log4j-codeql-db\trap\java\classes\org\apache\logging\log4j\mongodb4\MongoDb4Provider.members\MongoDb4Provider.members#52.0-1758198736000-java.trap.gz as C:\Sidd all in one\Unsafe\Lab6\CodeQL-Databases\log4j-codeql-db\trap\java\classes\org\apache\logging\log4j\mongodb4\MongoDb4Provider.members\MongoDb4Provider.members#0.0-1760887951214-java.trap.gz exists
[2025-10-20 03:49:26] [javac-extractor-28448] [WARN] Not rewriting trap file for C:\Sidd all in one\Unsafe\Lab6\CodeQL-Databases\log4j-codeql-db\trap\java\classes\org\apache\logging\log4j\mongodb4\MongoDb4Provider$Builder.members\MongoDb4Provider$Builder.members#52.0-1758198736000-java.trap.gz as C:\Sidd all in one\Unsafe\Lab6\CodeQL-Databases\log4j-codeql-db\trap\java\classes\org\apache\logging\log4j\mongodb4\MongoDb4Provider$Builder.members\MongoDb4Provider$Builder.members#0.0-1760887951214-java.trap.gz exists
[2025-10-20 03:49:26] [javac-extractor-28448] [WARN] Not rewriting trap file for C:\Sidd all in one\Unsafe\Lab6\CodeQL-Databases\log4j-codeql-db\trap\java\classes\org\apache\logging\log4j\core\filter\AbstractFilterable$Builder.members\AbstractFilterable$Builder.members#52.0-1758198736000-java.trap.gz as C:\Sidd all in one\Unsafe\Lab6\CodeQL-Databases\log4j-codeql-db\trap\java\classes\org\apache\logging\log4j\core\filter\AbstractFilterable$Builder.members\AbstractFilterable$Builder.members#0.0-1760887950567-java.trap.gz exists
[2025-10-20 03:49:26] [javac-extractor-28448] [WARN] Not rewriting trap file for C:\Sidd all in one\Unsafe\Lab6\CodeQL-Databases\log4j-codeql-db\trap\java\classes\org\apache\logging\log4j\core\filter\AbstractFilterable.members\AbstractFilterable.members#52.0-1758198736000-java.trap.gz as C:\Sidd all in one\Unsafe\Lab6\CodeQL-Databases\log4j-codeql-db\trap\java\classes\org\apache\logging\log4j\core\filter\AbstractFilterable.members\AbstractFilterable.members#0.0-1760887950567-java.trap.gz exists
[2025-10-20 03:49:26] [javac-extractor-28448] [WARN] Not rewriting trap file for C:\Sidd all in one\Unsafe\Lab6\CodeQL-Databases\log4j-codeql-db\trap\java\classes\org\apache\logging\log4j\core\util\Builder.members\Builder.members#52.0-1758198736000-java.trap.gz as C:\Sidd all in one\Unsafe\Lab6\CodeQL-Databases\log4j-codeql-db\trap\java\classes\org\apache\logging\log4j\core\util\Builder.members\Builder.members#0.0-1760887950774-java.trap.gz exists
[2025-10-20 03:49:26] [javac-extractor-28448] [WARN] Not rewriting trap file for C:\Sidd all in one\Unsafe\Lab6\CodeQL-Databases\log4j-codeql-db\trap\java\classes\org\apache\logging\log4j\core\Filter.members\Filter.members#52.0-1758198736000-java.trap.gz as C:\Sidd all in one\Unsafe\Lab6\CodeQL-Databases\log4j-codeql-db\trap\java\classes\org\apache\logging\log4j\core\Filter.members\Filter.members#0.0-1760887950307-java.trap.gz exists
[2025-10-20 03:49:26] [javac-extractor-28448] [WARN] Not rewriting trap file for C:\Sidd all in one\Unsafe\Lab6\CodeQL-Databases\log4j-codeql-db\trap\java\classes\org\apache\logging\log4j\core\config\Property.members\Property.members#52.0-1758198736000-java.trap.gz as C:\Sidd all in one\Unsafe\Lab6\CodeQL-Databases\log4j-codeql-db\trap\java\classes\org\apache\logging\log4j\core\config\Property.members\Property.members#0.0-1760887950453-java.trap.gz exists
[2025-10-20 03:49:26] [javac-extractor-28448] [WARN] Not rewriting trap file for C:\Sidd all in one\Unsafe\Lab6\CodeQL-Databases\log4j-codeql-db\trap\java\classes\org\apache\logging\log4j\core\appender\nosql\NoSqlConnection.members\NoSqlConnection.members#52.0-1758198736000-java.trap.gz as C:\Sidd all in one\Unsafe\Lab6\CodeQL-Databases\log4j-codeql-db\trap\java\classes\org\apache\logging\log4j\core\appender\nosql\NoSqlConnection.members\NoSqlConnection.members#0.0-1760887950361-java.trap.gz exists
[2025-10-20 03:49:27] [javac-extractor-28448] Processing JAR file: C:/Sidd all in one/Unsafe/Lab6/Repos/logging-log4j2/log4j-mongodb4/target/log4j-mongodb4-2.26.0-SNAPSHOT.jar
[2025-10-20 03:49:27] [javac-extractor-28448] Javac init time: 1.8s
[2025-10-20 03:49:27] [javac-extractor-28448] Javac attr time: 0.1s
[2025-10-20 03:49:27] [javac-extractor-28448] Extractor time: 0.2s
[2025-10-20 03:49:27] [javac-extractor-28448] Other time: 0.3s
[2025-10-20 03:49:27] [javac-extractor-28448] Total time: 2.4s
