[2025-10-20 03:44:10] [javac-output-7152] warning: [options] source value 8 is obsolete and will be removed in a future release
[2025-10-20 03:44:10] [javac-output-7152] warning: [options] target value 8 is obsolete and will be removed in a future release
[2025-10-20 03:44:10] [javac-output-7152] warning: [options] To suppress warnings about obsolete options, use -Xlint:-options.
[2025-10-20 03:44:12] [javac-output-7152] C:\Sidd all in one\Unsafe\Lab6\Repos\logging-log4j2\log4j-jpa\src\test\java\org\apache\logging\log4j\core\appender\db\jpa\TestBaseEntity.java:40: warning: [deprecation] ThrowableProxy in org.apache.logging.log4j.core.impl has been deprecated
[2025-10-20 03:44:12] [javac-output-7152] import org.apache.logging.log4j.core.impl.ThrowableProxy;
[2025-10-20 03:44:12] [javac-output-7152]                                          ^
[2025-10-20 03:44:12] [javac-output-7152] C:\Sidd all in one\Unsafe\Lab6\Repos\logging-log4j2\log4j-jpa\src\test\java\org\apache\logging\log4j\core\appender\db\jpa\LogEventEntityTest.java:26: warning: [deprecation] ThrowableProxy in org.apache.logging.log4j.core.impl has been deprecated
[2025-10-20 03:44:12] [javac-output-7152] import org.apache.logging.log4j.core.impl.ThrowableProxy;
[2025-10-20 03:44:12] [javac-output-7152]                                          ^
[2025-10-20 03:44:12] [javac-output-7152] warning: [processing] No processor claimed any of these annotations: javax.persistence.Entity,org.junit.jupiter.api.BeforeEach,org.junit.jupiter.api.Test,javax.persistence.Basic,javax.persistence.Column,org.apache.logging.log4j.test.junit.UsingThreadContextStack,javax.persistence.Table,javax.persistence.GeneratedValue,javax.persistence.Temporal,javax.persistence.Transient,org.junit.jupiter.api.Tag,javax.persistence.Convert,javax.persistence.Id
[2025-10-20 03:44:12] [javac-output-7152] C:\Sidd all in one\Unsafe\Lab6\Repos\logging-log4j2\log4j-jpa\src\test\java\org\apache\logging\log4j\core\appender\db\jpa\TestBaseEntity.java:40: warning: [deprecation] ThrowableProxy in org.apache.logging.log4j.core.impl has been deprecated
[2025-10-20 03:44:12] [javac-output-7152] import org.apache.logging.log4j.core.impl.ThrowableProxy;
[2025-10-20 03:44:12] [javac-output-7152]                                          ^
[2025-10-20 03:44:12] [javac-output-7152] C:\Sidd all in one\Unsafe\Lab6\Repos\logging-log4j2\log4j-jpa\src\test\java\org\apache\logging\log4j\core\appender\db\jpa\LogEventEntityTest.java:26: warning: [deprecation] ThrowableProxy in org.apache.logging.log4j.core.impl has been deprecated
[2025-10-20 03:44:12] [javac-output-7152] import org.apache.logging.log4j.core.impl.ThrowableProxy;
[2025-10-20 03:44:12] [javac-output-7152]                                          ^
[2025-10-20 03:44:12] [javac-output-7152] C:\Sidd all in one\Unsafe\Lab6\Repos\logging-log4j2\log4j-jpa\src\test\java\org\apache\logging\log4j\core\appender\db\jpa\TestBaseEntity.java:40: warning: [deprecation] ThrowableProxy in org.apache.logging.log4j.core.impl has been deprecated
[2025-10-20 03:44:12] [javac-output-7152] import org.apache.logging.log4j.core.impl.ThrowableProxy;
[2025-10-20 03:44:12] [javac-output-7152]                                          ^
[2025-10-20 03:44:12] [javac-output-7152] C:\Sidd all in one\Unsafe\Lab6\Repos\logging-log4j2\log4j-jpa\src\test\java\org\apache\logging\log4j\core\appender\db\jpa\LogEventEntityTest.java:26: warning: [deprecation] ThrowableProxy in org.apache.logging.log4j.core.impl has been deprecated
[2025-10-20 03:44:12] [javac-output-7152] import org.apache.logging.log4j.core.impl.ThrowableProxy;
[2025-10-20 03:44:12] [javac-output-7152]                                          ^
[2025-10-20 03:44:12] [javac-output-7152] C:\Sidd all in one\Unsafe\Lab6\Repos\logging-log4j2\log4j-jpa\src\test\java\org\apache\logging\log4j\core\appender\db\jpa\TestBaseEntity.java:40: warning: [deprecation] ThrowableProxy in org.apache.logging.log4j.core.impl has been deprecated
[2025-10-20 03:44:12] [javac-output-7152] import org.apache.logging.log4j.core.impl.ThrowableProxy;
[2025-10-20 03:44:12] [javac-output-7152]                                          ^
[2025-10-20 03:44:12] [javac-output-7152] C:\Sidd all in one\Unsafe\Lab6\Repos\logging-log4j2\log4j-jpa\src\test\java\org\apache\logging\log4j\core\appender\db\jpa\LogEventEntityTest.java:26: warning: [deprecation] ThrowableProxy in org.apache.logging.log4j.core.impl has been deprecated
[2025-10-20 03:44:12] [javac-output-7152] import org.apache.logging.log4j.core.impl.ThrowableProxy;
[2025-10-20 03:44:12] [javac-output-7152]                                          ^
[2025-10-20 03:44:12] [javac-output-7152] C:\Sidd all in one\Unsafe\Lab6\Repos\logging-log4j2\log4j-jpa\src\test\java\org\apache\logging\log4j\core\appender\db\jpa\TestBaseEntity.java:40: warning: [deprecation] ThrowableProxy in org.apache.logging.log4j.core.impl has been deprecated
[2025-10-20 03:44:12] [javac-output-7152] import org.apache.logging.log4j.core.impl.ThrowableProxy;
[2025-10-20 03:44:12] [javac-output-7152]                                          ^
[2025-10-20 03:44:12] [javac-output-7152] C:\Sidd all in one\Unsafe\Lab6\Repos\logging-log4j2\log4j-jpa\src\test\java\org\apache\logging\log4j\core\appender\db\jpa\LogEventEntityTest.java:26: warning: [deprecation] ThrowableProxy in org.apache.logging.log4j.core.impl has been deprecated
[2025-10-20 03:44:12] [javac-output-7152] import org.apache.logging.log4j.core.impl.ThrowableProxy;
[2025-10-20 03:44:12] [javac-output-7152]                                          ^
[2025-10-20 03:44:13] [javac-output-7152] C:\Sidd all in one\Unsafe\Lab6\Repos\logging-log4j2\log4j-jpa\src\test\java\org\apache\logging\log4j\core\appender\db\jpa\TestBaseEntity.java:158: warning: [deprecation] getThrownProxy() in LogEvent has been deprecated
[2025-10-20 03:44:13] [javac-output-7152]     public ThrowableProxy getThrownProxy() {
[2025-10-20 03:44:13] [javac-output-7152]                           ^
[2025-10-20 03:44:13] [javac-output-7152] C:\Sidd all in one\Unsafe\Lab6\Repos\logging-log4j2\log4j-jpa\src\test\java\org\apache\logging\log4j\core\appender\db\jpa\TestBaseEntity.java:158: warning: [deprecation] ThrowableProxy in org.apache.logging.log4j.core.impl has been deprecated
[2025-10-20 03:44:13] [javac-output-7152]     public ThrowableProxy getThrownProxy() {
[2025-10-20 03:44:13] [javac-output-7152]            ^
[2025-10-20 03:44:13] [javac-output-7152] C:\Sidd all in one\Unsafe\Lab6\Repos\logging-log4j2\log4j-jpa\src\test\java\org\apache\logging\log4j\core\appender\db\jpa\TestBaseEntity.java:158: warning: [deprecation] ThrowableProxy in org.apache.logging.log4j.core.impl has been deprecated
[2025-10-20 03:44:13] [javac-output-7152]     public ThrowableProxy getThrownProxy() {
[2025-10-20 03:44:13] [javac-output-7152]            ^
[2025-10-20 03:44:13] [javac-output-7152] C:\Sidd all in one\Unsafe\Lab6\Repos\logging-log4j2\log4j-jpa\src\test\java\org\apache\logging\log4j\core\appender\db\jpa\TestBaseEntity.java:158: warning: [deprecation] ThrowableProxy in org.apache.logging.log4j.core.impl has been deprecated
[2025-10-20 03:44:13] [javac-output-7152]     public ThrowableProxy getThrownProxy() {
[2025-10-20 03:44:13] [javac-output-7152]            ^
[2025-10-20 03:44:13] [javac-output-7152] C:\Sidd all in one\Unsafe\Lab6\Repos\logging-log4j2\log4j-jpa\src\test\java\org\apache\logging\log4j\core\appender\db\jpa\TestBaseEntity.java:158: warning: [deprecation] ThrowableProxy in org.apache.logging.log4j.core.impl has been deprecated
[2025-10-20 03:44:13] [javac-output-7152]     public ThrowableProxy getThrownProxy() {
[2025-10-20 03:44:13] [javac-output-7152]            ^
[2025-10-20 03:44:13] [javac-output-7152] C:\Sidd all in one\Unsafe\Lab6\Repos\logging-log4j2\log4j-jpa\src\test\java\org\apache\logging\log4j\core\appender\db\jpa\TestBaseEntity.java:158: warning: [deprecation] ThrowableProxy in org.apache.logging.log4j.core.impl has been deprecated
[2025-10-20 03:44:13] [javac-output-7152]     public ThrowableProxy getThrownProxy() {
[2025-10-20 03:44:13] [javac-output-7152]            ^
[2025-10-20 03:44:13] [javac-output-7152] C:\Sidd all in one\Unsafe\Lab6\Repos\logging-log4j2\log4j-jpa\src\test\java\org\apache\logging\log4j\core\appender\db\jpa\TestBaseEntity.java:159: warning: [deprecation] getThrownProxy() in LogEvent has been deprecated
[2025-10-20 03:44:13] [javac-output-7152]         return this.getWrappedEvent().getThrownProxy();
[2025-10-20 03:44:13] [javac-output-7152]                                      ^
[2025-10-20 03:44:14] [javac-output-7152] C:\Sidd all in one\Unsafe\Lab6\Repos\logging-log4j2\log4j-jpa\src\test\java\org\apache\logging\log4j\core\appender\db\jpa\LogEventEntityTest.java:111: warning: [deprecation] getThrownProxy() in LogEvent has been deprecated
[2025-10-20 03:44:14] [javac-output-7152]             public ThrowableProxy getThrownProxy() {
[2025-10-20 03:44:14] [javac-output-7152]                                   ^
[2025-10-20 03:44:14] [javac-output-7152] C:\Sidd all in one\Unsafe\Lab6\Repos\logging-log4j2\log4j-jpa\src\test\java\org\apache\logging\log4j\core\appender\db\jpa\LogEventEntityTest.java:41: warning: [deprecation] getContextMap() in LogEvent has been deprecated
[2025-10-20 03:44:14] [javac-output-7152]             public Map<String, String> getContextMap() {
[2025-10-20 03:44:14] [javac-output-7152]                                        ^
[2025-10-20 03:44:14] [javac-output-7152] C:\Sidd all in one\Unsafe\Lab6\Repos\logging-log4j2\log4j-jpa\src\test\java\org\apache\logging\log4j\core\appender\db\jpa\LogEventEntityTest.java:111: warning: [deprecation] ThrowableProxy in org.apache.logging.log4j.core.impl has been deprecated
[2025-10-20 03:44:14] [javac-output-7152]             public ThrowableProxy getThrownProxy() {
[2025-10-20 03:44:14] [javac-output-7152]                    ^
