[2025-10-20 03:50:04] [javac-extractor-9288] Starting extraction for:
                                             sun.java.command=com.semmle.extractor.java.JavaExtractor --jdk-version 17 --javac-args @@@C:\Sidd all in one\Unsafe\Lab6\CodeQL-Databases\log4j-codeql-db\log\ext\javac-76.args
                                             user.dir=C:\Sidd all in one\Unsafe\Lab6\Repos\logging-log4j2
[2025-10-20 03:50:04] [javac-extractor-9288] Compilation name C:/Sidd all in one/Unsafe/Lab6/CodeQL-Databases/log4j-codeql-db/trap/java/diagnostics/diagnostic-76.trap.gz
[2025-10-20 03:50:04] [javac-extractor-9288] [WARN] Appending source destination directory C:\Sidd all in one\Unsafe\Lab6\Repos\logging-log4j2\log4j-to-jul\target\generated-test-sources\test-annotations to sourcepath
[2025-10-20 03:50:06] [javac-extractor-9288] Annotation processor class 'lombok.launch.AnnotationProcessorHider$AnnotationProcessor' initialized.
[2025-10-20 03:50:07] [javac-extractor-9288] Annotation processor class 'lombok.launch.AnnotationProcessorHider$ClaimingProcessor' initialized.
[2025-10-20 03:50:07] [javac-extractor-9288] 2 files will be passed to the attrib/flow phase
[2025-10-20 03:50:07] [javac-extractor-9288] Processing file C:\Sidd all in one\Unsafe\Lab6\Repos\logging-log4j2\log4j-to-jul\src\test\java\org\apache\logging\log4j\tojul\JULLoggerTest.java
[2025-10-20 03:50:07] [javac-extractor-9288] [WARN] Not rewriting trap file for C:\Sidd all in one\Unsafe\Lab6\CodeQL-Databases\log4j-codeql-db\trap\java\classes\org\apache\logging\log4j\Level.members\Level.members#52.0-1758198736000-java.trap.gz as C:\Sidd all in one\Unsafe\Lab6\CodeQL-Databases\log4j-codeql-db\trap\java\classes\org\apache\logging\log4j\Level.members\Level.members#0.0-1760887949247-java.trap.gz exists
[2025-10-20 03:50:07] [javac-extractor-9288] [WARN] Not rewriting trap file for C:\Sidd all in one\Unsafe\Lab6\CodeQL-Databases\log4j-codeql-db\trap\java\classes\org\apache\logging\log4j\tojul\JULLogger.members\JULLogger.members#52.0-1760912397336-java.trap.gz as C:\Sidd all in one\Unsafe\Lab6\CodeQL-Databases\log4j-codeql-db\trap\java\classes\org\apache\logging\log4j\tojul\JULLogger.members\JULLogger.members#0.0-1760887952113-java.trap.gz exists
[2025-10-20 03:50:08] [javac-extractor-9288] Processing file C:\Sidd all in one\Unsafe\Lab6\Repos\logging-log4j2\log4j-to-jul\src\test\java\org\apache\logging\log4j\tojul\LoggerTest.java
[2025-10-20 03:50:09] [javac-extractor-9288] [WARN] Not rewriting trap file for C:\Sidd all in one\Unsafe\Lab6\CodeQL-Databases\log4j-codeql-db\trap\java\classes\org\apache\logging\log4j\LogManager.members\LogManager.members#52.0-1758198736000-java.trap.gz as C:\Sidd all in one\Unsafe\Lab6\CodeQL-Databases\log4j-codeql-db\trap\java\classes\org\apache\logging\log4j\LogManager.members\LogManager.members#0.0-1760887949250-java.trap.gz exists
[2025-10-20 03:50:09] [javac-extractor-9288] [WARN] Not rewriting trap file for C:\Sidd all in one\Unsafe\Lab6\CodeQL-Databases\log4j-codeql-db\trap\java\classes\org\apache\logging\log4j\Logger.members\Logger.members#52.0-1758198736000-java.trap.gz as C:\Sidd all in one\Unsafe\Lab6\CodeQL-Databases\log4j-codeql-db\trap\java\classes\org\apache\logging\log4j\Logger.members\Logger.members#0.0-1760887949252-java.trap.gz exists
[2025-10-20 03:50:09] [javac-extractor-9288] [WARN] Not rewriting trap file for C:\Sidd all in one\Unsafe\Lab6\CodeQL-Databases\log4j-codeql-db\trap\java\classes\org\apache\logging\log4j\tojul\JULLogger.members\JULLogger.members#52.0-1760912397336-java.trap.gz as C:\Sidd all in one\Unsafe\Lab6\CodeQL-Databases\log4j-codeql-db\trap\java\classes\org\apache\logging\log4j\tojul\JULLogger.members\JULLogger.members#0.0-1760887952113-java.trap.gz exists
[2025-10-20 03:50:09] [javac-extractor-9288] [WARN] Not rewriting trap file for C:\Sidd all in one\Unsafe\Lab6\CodeQL-Databases\log4j-codeql-db\trap\java\classes\org\apache\logging\log4j\LogBuilder.members\LogBuilder.members#52.0-1758198736000-java.trap.gz as C:\Sidd all in one\Unsafe\Lab6\CodeQL-Databases\log4j-codeql-db\trap\java\classes\org\apache\logging\log4j\LogBuilder.members\LogBuilder.members#0.0-1760887949250-java.trap.gz exists
[2025-10-20 03:50:09] [javac-extractor-9288] [WARN] Not rewriting trap file for C:\Sidd all in one\Unsafe\Lab6\CodeQL-Databases\log4j-codeql-db\trap\java\classes\com\google\common\annotations\GwtCompatible.members\GwtCompatible.members#52.0-318191400000-java.trap.gz as the trap-old exists
[2025-10-20 03:50:09] [javac-extractor-9288] Processing JAR file: C:/Users/Siddhesh/.m2/repository/com/google/guava/guava-testlib/33.4.8-jre/guava-testlib-33.4.8-jre.jar
[2025-10-20 03:50:09] [javac-extractor-9288] Javac init time: 2.5s
[2025-10-20 03:50:09] [javac-extractor-9288] Javac attr time: 0.8s
[2025-10-20 03:50:09] [javac-extractor-9288] Extractor time: 1.2s
[2025-10-20 03:50:09] [javac-extractor-9288] Other time: 0.3s
[2025-10-20 03:50:09] [javac-extractor-9288] Total time: 4.8s
