[2025-10-20 03:44:37] [javac-extractor-14980] Starting extraction for:
                                              sun.java.command=com.semmle.extractor.java.JavaExtractor --jdk-version 17 --javac-args @@@C:\Sidd all in one\Unsafe\Lab6\CodeQL-Databases\log4j-codeql-db\log\ext\javac-52.args
                                              user.dir=C:\Sidd all in one\Unsafe\Lab6\Repos\logging-log4j2
[2025-10-20 03:44:37] [javac-extractor-14980] Compilation name C:/Sidd all in one/Unsafe/Lab6/CodeQL-Databases/log4j-codeql-db/trap/java/diagnostics/diagnostic-52.trap.gz
[2025-10-20 03:44:37] [javac-extractor-14980] [WARN] Appending source destination directory C:\Sidd all in one\Unsafe\Lab6\Repos\logging-log4j2\log4j-jpl\target\generated-test-sources\test-annotations to sourcepath
[2025-10-20 03:44:40] [javac-extractor-14980] Annotation processor class 'lombok.launch.AnnotationProcessorHider$AnnotationProcessor' initialized.
[2025-10-20 03:44:40] [javac-extractor-14980] Annotation processor class 'lombok.launch.AnnotationProcessorHider$ClaimingProcessor' initialized.
[2025-10-20 03:44:40] [javac-extractor-14980] 1 files will be passed to the attrib/flow phase
[2025-10-20 03:44:40] [javac-extractor-14980] Processing file C:\Sidd all in one\Unsafe\Lab6\Repos\logging-log4j2\log4j-jpl\src\test\java\org\apache\logging\log4j\jpl\Log4jSystemLoggerTest.java
[2025-10-20 03:44:40] [javac-extractor-14980] [WARN] Not rewriting trap file for C:\Sidd all in one\Unsafe\Lab6\CodeQL-Databases\log4j-codeql-db\trap\java\classes\org\apache\logging\log4j\Level.members\Level.members#52.0-1758198736000-java.trap.gz as C:\Sidd all in one\Unsafe\Lab6\CodeQL-Databases\log4j-codeql-db\trap\java\classes\org\apache\logging\log4j\Level.members\Level.members#0.0-1760887949247-java.trap.gz exists
[2025-10-20 03:44:40] [javac-extractor-14980] [WARN] Not rewriting trap file for C:\Sidd all in one\Unsafe\Lab6\CodeQL-Databases\log4j-codeql-db\trap\java\classes\org\apache\logging\log4j\core\LogEvent.members\LogEvent.members#52.0-1758198736000-java.trap.gz as C:\Sidd all in one\Unsafe\Lab6\CodeQL-Databases\log4j-codeql-db\trap\java\classes\org\apache\logging\log4j\core\LogEvent.members\LogEvent.members#0.0-1760887950308-java.trap.gz exists
[2025-10-20 03:44:40] [javac-extractor-14980] [WARN] Not rewriting trap file for C:\Sidd all in one\Unsafe\Lab6\CodeQL-Databases\log4j-codeql-db\trap\java\classes\org\apache\logging\log4j\core\impl\Log4jLogEvent.members\Log4jLogEvent.members#52.0-1758198736000-java.trap.gz as C:\Sidd all in one\Unsafe\Lab6\CodeQL-Databases\log4j-codeql-db\trap\java\classes\org\apache\logging\log4j\core\impl\Log4jLogEvent.members\Log4jLogEvent.members#0.0-1760887950594-java.trap.gz exists
[2025-10-20 03:44:40] [javac-extractor-14980] [WARN] Not rewriting trap file for C:\Sidd all in one\Unsafe\Lab6\CodeQL-Databases\log4j-codeql-db\trap\java\classes\org\apache\logging\log4j\core\test\appender\ListAppender.members\ListAppender.members#52.0-1758198736000-java.trap.gz as C:\Sidd all in one\Unsafe\Lab6\CodeQL-Databases\log4j-codeql-db\trap\java\classes\org\apache\logging\log4j\core\test\appender\ListAppender.members\ListAppender.members#0.0-1760887949452-java.trap.gz exists
[2025-10-20 03:44:40] [javac-extractor-14980] [WARN] Not rewriting trap file for C:\Sidd all in one\Unsafe\Lab6\CodeQL-Databases\log4j-codeql-db\trap\java\classes\org\apache\logging\log4j\jpl\Log4jSystemLogger.members\Log4jSystemLogger.members#55.0-1760912071891-java.trap.gz as C:\Sidd all in one\Unsafe\Lab6\CodeQL-Databases\log4j-codeql-db\trap\java\classes\org\apache\logging\log4j\jpl\Log4jSystemLogger.members\Log4jSystemLogger.members#0.0-1760887951029-java.trap.gz exists
[2025-10-20 03:44:40] [javac-extractor-14980] [WARN] Not rewriting trap file for C:\Sidd all in one\Unsafe\Lab6\CodeQL-Databases\log4j-codeql-db\trap\java\classes\org\apache\logging\log4j\message\Message.members\Message.members#52.0-1758198736000-java.trap.gz as C:\Sidd all in one\Unsafe\Lab6\CodeQL-Databases\log4j-codeql-db\trap\java\classes\org\apache\logging\log4j\message\Message.members\Message.members#0.0-1760887949269-java.trap.gz exists
[2025-10-20 03:44:40] [javac-extractor-14980] Javac init time: 2.4s
[2025-10-20 03:44:40] [javac-extractor-14980] Javac attr time: 0.2s
[2025-10-20 03:44:40] [javac-extractor-14980] Extractor time: 0.3s
[2025-10-20 03:44:40] [javac-extractor-14980] Other time: 0.3s
[2025-10-20 03:44:40] [javac-extractor-14980] Total time: 3.1s
