[2025-10-20 03:43:31] [javac-extractor-21544] Starting extraction for:
                                              sun.java.command=com.semmle.extractor.java.JavaExtractor --jdk-version 17 --javac-args @@@C:\Sidd all in one\Unsafe\Lab6\CodeQL-Databases\log4j-codeql-db\log\ext\javac-45.args
                                              user.dir=C:\Sidd all in one\Unsafe\Lab6\Repos\logging-log4j2
[2025-10-20 03:43:31] [javac-extractor-21544] Compilation name C:/Sidd all in one/Unsafe/Lab6/CodeQL-Databases/log4j-codeql-db/trap/java/diagnostics/diagnostic-45.trap.gz
[2025-10-20 03:43:31] [javac-extractor-21544] [WARN] Appending source destination directory C:\Sidd all in one\Unsafe\Lab6\Repos\logging-log4j2\log4j-jcl\target\generated-sources\annotations to sourcepath
[2025-10-20 03:43:33] [javac-extractor-21544] Annotation processor class 'lombok.launch.AnnotationProcessorHider$AnnotationProcessor' initialized.
[2025-10-20 03:43:33] [javac-extractor-21544] Annotation processor class 'lombok.launch.AnnotationProcessorHider$ClaimingProcessor' initialized.
[2025-10-20 03:43:34] [javac-extractor-21544] 4 files will be passed to the attrib/flow phase
[2025-10-20 03:43:34] [javac-extractor-21544] Processing file C:\Sidd all in one\Unsafe\Lab6\Repos\logging-log4j2\log4j-jcl\src\main\java\org\apache\logging\log4j\jcl\Log4jLog.java
[2025-10-20 03:43:34] [javac-extractor-21544] [WARN] Not rewriting trap file for C:\Sidd all in one\Unsafe\Lab6\CodeQL-Databases\log4j-codeql-db\trap\java\classes\org\apache\logging\log4j\Level.members\Level.members#52.0-1758198736000-java.trap.gz as C:\Sidd all in one\Unsafe\Lab6\CodeQL-Databases\log4j-codeql-db\trap\java\classes\org\apache\logging\log4j\Level.members\Level.members#0.0-1760887949247-java.trap.gz exists
[2025-10-20 03:43:34] [javac-extractor-21544] [WARN] Not rewriting trap file for C:\Sidd all in one\Unsafe\Lab6\CodeQL-Databases\log4j-codeql-db\trap\java\classes\org\apache\logging\log4j\spi\ExtendedLogger.members\ExtendedLogger.members#52.0-1758198736000-java.trap.gz as C:\Sidd all in one\Unsafe\Lab6\CodeQL-Databases\log4j-codeql-db\trap\java\classes\org\apache\logging\log4j\spi\ExtendedLogger.members\ExtendedLogger.members#0.0-1760887949302-java.trap.gz exists
[2025-10-20 03:43:34] [javac-extractor-21544] [WARN] Not rewriting trap file for C:\Sidd all in one\Unsafe\Lab6\CodeQL-Databases\log4j-codeql-db\trap\java\classes\org\apache\logging\log4j\Marker.members\Marker.members#52.0-1758198736000-java.trap.gz as C:\Sidd all in one\Unsafe\Lab6\CodeQL-Databases\log4j-codeql-db\trap\java\classes\org\apache\logging\log4j\Marker.members\Marker.members#0.0-1760887949253-java.trap.gz exists
[2025-10-20 03:43:34] [javac-extractor-21544] Processing file C:\Sidd all in one\Unsafe\Lab6\Repos\logging-log4j2\log4j-jcl\src\main\java\org\apache\logging\log4j\jcl\LogAdapter.java
[2025-10-20 03:43:34] [javac-extractor-21544] [WARN] Not rewriting trap file for C:\Sidd all in one\Unsafe\Lab6\CodeQL-Databases\log4j-codeql-db\trap\java\classes\org\apache\logging\log4j\LogManager.members\LogManager.members#52.0-1758198736000-java.trap.gz as C:\Sidd all in one\Unsafe\Lab6\CodeQL-Databases\log4j-codeql-db\trap\java\classes\org\apache\logging\log4j\LogManager.members\LogManager.members#0.0-1760887949250-java.trap.gz exists
[2025-10-20 03:43:34] [javac-extractor-21544] [WARN] Not rewriting trap file for C:\Sidd all in one\Unsafe\Lab6\CodeQL-Databases\log4j-codeql-db\trap\java\classes\org\apache\logging\log4j\spi\AbstractLoggerAdapter.members\AbstractLoggerAdapter.members#52.0-1758198736000-java.trap.gz as C:\Sidd all in one\Unsafe\Lab6\CodeQL-Databases\log4j-codeql-db\trap\java\classes\org\apache\logging\log4j\spi\AbstractLoggerAdapter.members\AbstractLoggerAdapter.members#0.0-1760887949298-java.trap.gz exists
[2025-10-20 03:43:34] [javac-extractor-21544] [WARN] Not rewriting trap file for C:\Sidd all in one\Unsafe\Lab6\CodeQL-Databases\log4j-codeql-db\trap\java\classes\org\apache\logging\log4j\spi\LoggerContext.members\LoggerContext.members#52.0-1758198736000-java.trap.gz as C:\Sidd all in one\Unsafe\Lab6\CodeQL-Databases\log4j-codeql-db\trap\java\classes\org\apache\logging\log4j\spi\LoggerContext.members\LoggerContext.members#0.0-1760887949306-java.trap.gz exists
[2025-10-20 03:43:34] [javac-extractor-21544] [WARN] Not rewriting trap file for C:\Sidd all in one\Unsafe\Lab6\CodeQL-Databases\log4j-codeql-db\trap\java\classes\org\apache\logging\log4j\util\StackLocatorUtil.members\StackLocatorUtil.members#52.0-1758198736000-java.trap.gz as C:\Sidd all in one\Unsafe\Lab6\CodeQL-Databases\log4j-codeql-db\trap\java\classes\org\apache\logging\log4j\util\StackLocatorUtil.members\StackLocatorUtil.members#0.0-1760887949338-java.trap.gz exists
[2025-10-20 03:43:34] [javac-extractor-21544] [WARN] Not rewriting trap file for C:\Sidd all in one\Unsafe\Lab6\CodeQL-Databases\log4j-codeql-db\trap\java\classes\org\apache\logging\log4j\spi\LoggerAdapter.members\LoggerAdapter.members#52.0-1758198736000-java.trap.gz as C:\Sidd all in one\Unsafe\Lab6\CodeQL-Databases\log4j-codeql-db\trap\java\classes\org\apache\logging\log4j\spi\LoggerAdapter.members\LoggerAdapter.members#0.0-1760887949304-java.trap.gz exists
[2025-10-20 03:43:34] [javac-extractor-21544] [WARN] Not rewriting trap file for C:\Sidd all in one\Unsafe\Lab6\CodeQL-Databases\log4j-codeql-db\trap\java\classes\org\apache\logging\log4j\spi\LoggerContextShutdownAware.members\LoggerContextShutdownAware.members#52.0-1758198736000-java.trap.gz as C:\Sidd all in one\Unsafe\Lab6\CodeQL-Databases\log4j-codeql-db\trap\java\classes\org\apache\logging\log4j\spi\LoggerContextShutdownAware.members\LoggerContextShutdownAware.members#0.0-1760887949307-java.trap.gz exists
[2025-10-20 03:43:34] [javac-extractor-21544] [WARN] Not rewriting trap file for C:\Sidd all in one\Unsafe\Lab6\CodeQL-Databases\log4j-codeql-db\trap\java\classes\org\apache\logging\log4j\spi\ExtendedLogger.members\ExtendedLogger.members#52.0-1758198736000-java.trap.gz as C:\Sidd all in one\Unsafe\Lab6\CodeQL-Databases\log4j-codeql-db\trap\java\classes\org\apache\logging\log4j\spi\ExtendedLogger.members\ExtendedLogger.members#0.0-1760887949302-java.trap.gz exists
[2025-10-20 03:43:34] [javac-extractor-21544] [WARN] Not rewriting trap file for C:\Sidd all in one\Unsafe\Lab6\CodeQL-Databases\log4j-codeql-db\trap\java\classes\org\apache\logging\log4j\spi\LoggerContextFactory.members\LoggerContextFactory.members#52.0-1758198736000-java.trap.gz as C:\Sidd all in one\Unsafe\Lab6\CodeQL-Databases\log4j-codeql-db\trap\java\classes\org\apache\logging\log4j\spi\LoggerContextFactory.members\LoggerContextFactory.members#0.0-1760887949306-java.trap.gz exists
[2025-10-20 03:43:34] [javac-extractor-21544] Processing file C:\Sidd all in one\Unsafe\Lab6\Repos\logging-log4j2\log4j-jcl\src\main\java\org\apache\logging\log4j\jcl\LogFactoryImpl.java
[2025-10-20 03:43:34] [javac-extractor-21544] [WARN] Not rewriting trap file for C:\Sidd all in one\Unsafe\Lab6\CodeQL-Databases\log4j-codeql-db\trap\java\classes\org\apache\logging\log4j\spi\LoggerAdapter.members\LoggerAdapter.members#52.0-1758198736000-java.trap.gz as C:\Sidd all in one\Unsafe\Lab6\CodeQL-Databases\log4j-codeql-db\trap\java\classes\org\apache\logging\log4j\spi\LoggerAdapter.members\LoggerAdapter.members#0.0-1760887949304-java.trap.gz exists
[2025-10-20 03:43:34] [javac-extractor-21544] [WARN] Not rewriting trap file for C:\Sidd all in one\Unsafe\Lab6\CodeQL-Databases\log4j-codeql-db\trap\java\classes\org\apache\logging\log4j\util\Strings.members\Strings.members#52.0-1758198736000-java.trap.gz as C:\Sidd all in one\Unsafe\Lab6\CodeQL-Databases\log4j-codeql-db\trap\java\classes\org\apache\logging\log4j\util\Strings.members\Strings.members#0.0-1760887949340-java.trap.gz exists
[2025-10-20 03:43:34] [javac-extractor-21544] Javac init time: 2.0s
[2025-10-20 03:43:34] [javac-extractor-21544] Javac attr time: 0.2s
[2025-10-20 03:43:34] [javac-extractor-21544] Extractor time: 0.5s
[2025-10-20 03:43:34] [javac-extractor-21544] Other time: 0.3s
[2025-10-20 03:43:34] [javac-extractor-21544] Total time: 3.0s
