[2025-10-20 03:38:28] [javac-extractor-26400] Starting extraction for:
                                              sun.java.command=com.semmle.extractor.java.JavaExtractor --jdk-version 17 --javac-args @@@C:\Sidd all in one\Unsafe\Lab6\CodeQL-Databases\log4j-codeql-db\log\ext\javac-16.args
                                              user.dir=C:\Sidd all in one\Unsafe\Lab6\Repos\logging-log4j2
[2025-10-20 03:38:28] [javac-extractor-26400] Compilation name C:/Sidd all in one/Unsafe/Lab6/CodeQL-Databases/log4j-codeql-db/trap/java/diagnostics/diagnostic-16.trap.gz
[2025-10-20 03:38:28] [javac-extractor-26400] [WARN] Appending source destination directory C:\Sidd all in one\Unsafe\Lab6\Repos\logging-log4j2\log4j-appserver\target\generated-sources\annotations to sourcepath
[2025-10-20 03:38:30] [javac-extractor-26400] Annotation processor class 'lombok.launch.AnnotationProcessorHider$AnnotationProcessor' initialized.
[2025-10-20 03:38:30] [javac-extractor-26400] Annotation processor class 'lombok.launch.AnnotationProcessorHider$ClaimingProcessor' initialized.
[2025-10-20 03:38:30] [javac-extractor-26400] 4 files will be passed to the attrib/flow phase
[2025-10-20 03:38:30] [javac-extractor-26400] Processing file C:\Sidd all in one\Unsafe\Lab6\Repos\logging-log4j2\log4j-appserver\src\main\java\org\apache\logging\log4j\appserver\jetty\Log4j2Logger.java
[2025-10-20 03:38:30] [javac-extractor-26400] [WARN] Not rewriting trap file for C:\Sidd all in one\Unsafe\Lab6\CodeQL-Databases\log4j-codeql-db\trap\java\classes\org\apache\logging\log4j\Level.members\Level.members#52.0-1758198736000-java.trap.gz as C:\Sidd all in one\Unsafe\Lab6\CodeQL-Databases\log4j-codeql-db\trap\java\classes\org\apache\logging\log4j\Level.members\Level.members#0.0-1760887949247-java.trap.gz exists
[2025-10-20 03:38:30] [javac-extractor-26400] [WARN] Not rewriting trap file for C:\Sidd all in one\Unsafe\Lab6\CodeQL-Databases\log4j-codeql-db\trap\java\classes\org\apache\logging\log4j\LogManager.members\LogManager.members#52.0-1758198736000-java.trap.gz as C:\Sidd all in one\Unsafe\Lab6\CodeQL-Databases\log4j-codeql-db\trap\java\classes\org\apache\logging\log4j\LogManager.members\LogManager.members#0.0-1760887949250-java.trap.gz exists
[2025-10-20 03:38:30] [javac-extractor-26400] [WARN] Not rewriting trap file for C:\Sidd all in one\Unsafe\Lab6\CodeQL-Databases\log4j-codeql-db\trap\java\classes\org\apache\logging\log4j\spi\ExtendedLogger.members\ExtendedLogger.members#52.0-1758198736000-java.trap.gz as C:\Sidd all in one\Unsafe\Lab6\CodeQL-Databases\log4j-codeql-db\trap\java\classes\org\apache\logging\log4j\spi\ExtendedLogger.members\ExtendedLogger.members#0.0-1760887949302-java.trap.gz exists
[2025-10-20 03:38:30] [javac-extractor-26400] [WARN] Not rewriting trap file for C:\Sidd all in one\Unsafe\Lab6\CodeQL-Databases\log4j-codeql-db\trap\java\classes\org\apache\logging\log4j\spi\LoggerContext.members\LoggerContext.members#52.0-1758198736000-java.trap.gz as C:\Sidd all in one\Unsafe\Lab6\CodeQL-Databases\log4j-codeql-db\trap\java\classes\org\apache\logging\log4j\spi\LoggerContext.members\LoggerContext.members#0.0-1760887949306-java.trap.gz exists
[2025-10-20 03:38:30] [javac-extractor-26400] [WARN] Not rewriting trap file for C:\Sidd all in one\Unsafe\Lab6\CodeQL-Databases\log4j-codeql-db\trap\java\classes\org\apache\logging\log4j\Marker.members\Marker.members#52.0-1758198736000-java.trap.gz as C:\Sidd all in one\Unsafe\Lab6\CodeQL-Databases\log4j-codeql-db\trap\java\classes\org\apache\logging\log4j\Marker.members\Marker.members#0.0-1760887949253-java.trap.gz exists
[2025-10-20 03:38:30] [javac-extractor-26400] [WARN] Not rewriting trap file for C:\Sidd all in one\Unsafe\Lab6\CodeQL-Databases\log4j-codeql-db\trap\java\classes\org\apache\logging\log4j\Logger.members\Logger.members#52.0-1758198736000-java.trap.gz as C:\Sidd all in one\Unsafe\Lab6\CodeQL-Databases\log4j-codeql-db\trap\java\classes\org\apache\logging\log4j\Logger.members\Logger.members#0.0-1760887949252-java.trap.gz exists
[2025-10-20 03:38:30] [javac-extractor-26400] Processing JAR file: C:/Users/Siddhesh/.m2/repository/org/eclipse/jetty/jetty-util/9.4.57.v20241219/jetty-util-9.4.57.v20241219.jar
[2025-10-20 03:38:30] [javac-extractor-26400] Processing file C:\Sidd all in one\Unsafe\Lab6\Repos\logging-log4j2\log4j-appserver\src\main\java\org\apache\logging\log4j\appserver\tomcat\TomcatLogger.java
[2025-10-20 03:38:30] [javac-extractor-26400] [WARN] Not rewriting trap file for C:\Sidd all in one\Unsafe\Lab6\CodeQL-Databases\log4j-codeql-db\trap\java\classes\org\apache\logging\log4j\Level.members\Level.members#52.0-1758198736000-java.trap.gz as C:\Sidd all in one\Unsafe\Lab6\CodeQL-Databases\log4j-codeql-db\trap\java\classes\org\apache\logging\log4j\Level.members\Level.members#0.0-1760887949247-java.trap.gz exists
[2025-10-20 03:38:30] [javac-extractor-26400] [WARN] Not rewriting trap file for C:\Sidd all in one\Unsafe\Lab6\CodeQL-Databases\log4j-codeql-db\trap\java\classes\org\apache\logging\log4j\LogManager.members\LogManager.members#52.0-1758198736000-java.trap.gz as C:\Sidd all in one\Unsafe\Lab6\CodeQL-Databases\log4j-codeql-db\trap\java\classes\org\apache\logging\log4j\LogManager.members\LogManager.members#0.0-1760887949250-java.trap.gz exists
[2025-10-20 03:38:30] [javac-extractor-26400] [WARN] Not rewriting trap file for C:\Sidd all in one\Unsafe\Lab6\CodeQL-Databases\log4j-codeql-db\trap\java\classes\org\apache\logging\log4j\spi\ExtendedLogger.members\ExtendedLogger.members#52.0-1758198736000-java.trap.gz as C:\Sidd all in one\Unsafe\Lab6\CodeQL-Databases\log4j-codeql-db\trap\java\classes\org\apache\logging\log4j\spi\ExtendedLogger.members\ExtendedLogger.members#0.0-1760887949302-java.trap.gz exists
[2025-10-20 03:38:30] [javac-extractor-26400] [WARN] Not rewriting trap file for C:\Sidd all in one\Unsafe\Lab6\CodeQL-Databases\log4j-codeql-db\trap\java\classes\org\apache\logging\log4j\spi\LoggerContext.members\LoggerContext.members#52.0-1758198736000-java.trap.gz as C:\Sidd all in one\Unsafe\Lab6\CodeQL-Databases\log4j-codeql-db\trap\java\classes\org\apache\logging\log4j\spi\LoggerContext.members\LoggerContext.members#0.0-1760887949306-java.trap.gz exists
[2025-10-20 03:38:30] [javac-extractor-26400] [WARN] Not rewriting trap file for C:\Sidd all in one\Unsafe\Lab6\CodeQL-Databases\log4j-codeql-db\trap\java\classes\org\apache\logging\log4j\Logger.members\Logger.members#52.0-1758198736000-java.trap.gz as C:\Sidd all in one\Unsafe\Lab6\CodeQL-Databases\log4j-codeql-db\trap\java\classes\org\apache\logging\log4j\Logger.members\Logger.members#0.0-1760887949252-java.trap.gz exists
[2025-10-20 03:38:30] [javac-extractor-26400] [WARN] Not rewriting trap file for C:\Sidd all in one\Unsafe\Lab6\CodeQL-Databases\log4j-codeql-db\trap\java\classes\org\apache\logging\log4j\Marker.members\Marker.members#52.0-1758198736000-java.trap.gz as C:\Sidd all in one\Unsafe\Lab6\CodeQL-Databases\log4j-codeql-db\trap\java\classes\org\apache\logging\log4j\Marker.members\Marker.members#0.0-1760887949253-java.trap.gz exists
[2025-10-20 03:38:30] [javac-extractor-26400] Processing JAR file: C:/Users/Siddhesh/.m2/repository/org/apache/tomcat/tomcat-juli/10.0.27/tomcat-juli-10.0.27.jar
[2025-10-20 03:38:31] [javac-extractor-26400] Javac init time: 1.9s
[2025-10-20 03:38:31] [javac-extractor-26400] Javac attr time: 0.2s
[2025-10-20 03:38:31] [javac-extractor-26400] Extractor time: 0.5s
[2025-10-20 03:38:31] [javac-extractor-26400] Other time: 0.2s
[2025-10-20 03:38:31] [javac-extractor-26400] Total time: 2.8s
