[2025-10-20 03:53:25] [javac-extractor-24428] Starting extraction for:
                                              sun.java.command=com.semmle.extractor.java.JavaExtractor --jdk-version 17 --javac-args @@@C:\Sidd all in one\Unsafe\Lab6\CodeQL-Databases\log4j-codeql-db\log\ext\javac-87.args
                                              user.dir=C:\Sidd all in one\Unsafe\Lab6\Repos\logging-log4j2
[2025-10-20 03:53:25] [javac-extractor-24428] Compilation name C:/Sidd all in one/Unsafe/Lab6/CodeQL-Databases/log4j-codeql-db/trap/java/diagnostics/diagnostic-87.trap.gz
[2025-10-20 03:53:25] [javac-extractor-24428] [WARN] Appending source destination directory C:\Sidd all in one\Unsafe\Lab6\Repos\logging-log4j2\log4j-spring-cloud-config-client\target\generated-sources\annotations to sourcepath
[2025-10-20 03:53:27] [javac-extractor-24428] Annotation processor class 'lombok.launch.AnnotationProcessorHider$AnnotationProcessor' initialized.
[2025-10-20 03:53:27] [javac-extractor-24428] Annotation processor class 'lombok.launch.AnnotationProcessorHider$ClaimingProcessor' initialized.
[2025-10-20 03:53:27] [javac-extractor-24428] 3 files will be passed to the attrib/flow phase
[2025-10-20 03:53:28] [javac-extractor-24428] Processing file C:\Sidd all in one\Unsafe\Lab6\Repos\logging-log4j2\log4j-spring-cloud-config-client\src\main\java\org\apache\logging\log4j\spring\cloud\config\client\Log4j2EventListener.java
[2025-10-20 03:53:28] [javac-extractor-24428] [WARN] Not rewriting trap file for C:\Sidd all in one\Unsafe\Lab6\CodeQL-Databases\log4j-codeql-db\trap\java\classes\org\apache\logging\log4j\LogManager.members\LogManager.members#52.0-1758198736000-java.trap.gz as C:\Sidd all in one\Unsafe\Lab6\CodeQL-Databases\log4j-codeql-db\trap\java\classes\org\apache\logging\log4j\LogManager.members\LogManager.members#0.0-1760887949250-java.trap.gz exists
[2025-10-20 03:53:28] [javac-extractor-24428] [WARN] Not rewriting trap file for C:\Sidd all in one\Unsafe\Lab6\CodeQL-Databases\log4j-codeql-db\trap\java\classes\org\apache\logging\log4j\Logger.members\Logger.members#52.0-1758198736000-java.trap.gz as C:\Sidd all in one\Unsafe\Lab6\CodeQL-Databases\log4j-codeql-db\trap\java\classes\org\apache\logging\log4j\Logger.members\Logger.members#0.0-1760887949252-java.trap.gz exists
[2025-10-20 03:53:28] [javac-extractor-24428] [WARN] Not rewriting trap file for C:\Sidd all in one\Unsafe\Lab6\CodeQL-Databases\log4j-codeql-db\trap\java\classes\org\apache\logging\log4j\core\util\WatchEventService.members\WatchEventService.members#52.0-1758198736000-java.trap.gz as C:\Sidd all in one\Unsafe\Lab6\CodeQL-Databases\log4j-codeql-db\trap\java\classes\org\apache\logging\log4j\core\util\WatchEventService.members\WatchEventService.members#0.0-1760887950800-java.trap.gz exists
[2025-10-20 03:53:28] [javac-extractor-24428] [WARN] Not rewriting trap file for C:\Sidd all in one\Unsafe\Lab6\CodeQL-Databases\log4j-codeql-db\trap\java\classes\org\apache\logging\log4j\core\util\WatchManager.members\WatchManager.members#52.0-1758198736000-java.trap.gz as C:\Sidd all in one\Unsafe\Lab6\CodeQL-Databases\log4j-codeql-db\trap\java\classes\org\apache\logging\log4j\core\util\WatchManager.members\WatchManager.members#0.0-1760887950801-java.trap.gz exists
[2025-10-20 03:53:28] [javac-extractor-24428] Processing JAR file: C:/Users/Siddhesh/.m2/repository/org/springframework/cloud/spring-cloud-context/4.3.0/spring-cloud-context-4.3.0.jar
[2025-10-20 03:53:28] [javac-extractor-24428] Processing file C:\Sidd all in one\Unsafe\Lab6\Repos\logging-log4j2\log4j-spring-cloud-config-client\src\main\java\org\apache\logging\log4j\spring\cloud\config\client\WatchEventManager.java
[2025-10-20 03:53:28] [javac-extractor-24428] [WARN] Not rewriting trap file for C:\Sidd all in one\Unsafe\Lab6\CodeQL-Databases\log4j-codeql-db\trap\java\classes\org\apache\logging\log4j\core\util\WatchEventService.members\WatchEventService.members#52.0-1758198736000-java.trap.gz as C:\Sidd all in one\Unsafe\Lab6\CodeQL-Databases\log4j-codeql-db\trap\java\classes\org\apache\logging\log4j\core\util\WatchEventService.members\WatchEventService.members#0.0-1760887950800-java.trap.gz exists
[2025-10-20 03:53:28] [javac-extractor-24428] [WARN] Not rewriting trap file for C:\Sidd all in one\Unsafe\Lab6\CodeQL-Databases\log4j-codeql-db\trap\java\classes\org\apache\logging\log4j\core\util\WatchManager.members\WatchManager.members#52.0-1758198736000-java.trap.gz as C:\Sidd all in one\Unsafe\Lab6\CodeQL-Databases\log4j-codeql-db\trap\java\classes\org\apache\logging\log4j\core\util\WatchManager.members\WatchManager.members#0.0-1760887950801-java.trap.gz exists
[2025-10-20 03:53:28] [javac-extractor-24428] Javac init time: 2.4s
[2025-10-20 03:53:28] [javac-extractor-24428] Javac attr time: 0.2s
[2025-10-20 03:53:28] [javac-extractor-24428] Extractor time: 0.7s
[2025-10-20 03:53:28] [javac-extractor-24428] Other time: 0.3s
[2025-10-20 03:53:28] [javac-extractor-24428] Total time: 3.6s
