[2025-10-20 03:43:37] [javac-extractor-13168] Starting extraction for:
                                              sun.java.command=com.semmle.extractor.java.JavaExtractor --jdk-version 17 --javac-args @@@C:\Sidd all in one\Unsafe\Lab6\CodeQL-Databases\log4j-codeql-db\log\ext\javac-46.args
                                              user.dir=C:\Sidd all in one\Unsafe\Lab6\Repos\logging-log4j2
[2025-10-20 03:43:37] [javac-extractor-13168] Compilation name C:/Sidd all in one/Unsafe/Lab6/CodeQL-Databases/log4j-codeql-db/trap/java/diagnostics/diagnostic-46.trap.gz
[2025-10-20 03:43:37] [javac-extractor-13168] [WARN] Appending source destination directory C:\Sidd all in one\Unsafe\Lab6\Repos\logging-log4j2\log4j-jcl\target\generated-test-sources\test-annotations to sourcepath
[2025-10-20 03:43:40] [javac-extractor-13168] Annotation processor class 'lombok.launch.AnnotationProcessorHider$AnnotationProcessor' initialized.
[2025-10-20 03:43:40] [javac-extractor-13168] Annotation processor class 'lombok.launch.AnnotationProcessorHider$ClaimingProcessor' initialized.
[2025-10-20 03:43:40] [javac-extractor-13168] 2 files will be passed to the attrib/flow phase
[2025-10-20 03:43:40] [javac-extractor-13168] Processing file C:\Sidd all in one\Unsafe\Lab6\Repos\logging-log4j2\log4j-jcl\src\test\java\org\apache\logging\log4j\jcl\CallerInformationTest.java
[2025-10-20 03:43:40] [javac-extractor-13168] [WARN] Not rewriting trap file for C:\Sidd all in one\Unsafe\Lab6\CodeQL-Databases\log4j-codeql-db\trap\java\classes\org\apache\logging\log4j\core\LoggerContext.members\LoggerContext.members#52.0-1758198736000-java.trap.gz as C:\Sidd all in one\Unsafe\Lab6\CodeQL-Databases\log4j-codeql-db\trap\java\classes\org\apache\logging\log4j\core\LoggerContext.members\LoggerContext.members#0.0-1760887950310-java.trap.gz exists
[2025-10-20 03:43:40] [javac-extractor-13168] [WARN] Not rewriting trap file for C:\Sidd all in one\Unsafe\Lab6\CodeQL-Databases\log4j-codeql-db\trap\java\classes\org\apache\logging\log4j\core\test\appender\ListAppender.members\ListAppender.members#52.0-1758198736000-java.trap.gz as C:\Sidd all in one\Unsafe\Lab6\CodeQL-Databases\log4j-codeql-db\trap\java\classes\org\apache\logging\log4j\core\test\appender\ListAppender.members\ListAppender.members#0.0-1760887949452-java.trap.gz exists
[2025-10-20 03:43:40] [javac-extractor-13168] [WARN] Not rewriting trap file for C:\Sidd all in one\Unsafe\Lab6\CodeQL-Databases\log4j-codeql-db\trap\java\classes\org\apache\logging\log4j\core\test\junit\LoggerContextSource.members\LoggerContextSource.members#52.0-1758198736000-java.trap.gz as C:\Sidd all in one\Unsafe\Lab6\CodeQL-Databases\log4j-codeql-db\trap\java\classes\org\apache\logging\log4j\core\test\junit\LoggerContextSource.members\LoggerContextSource.members#0.0-1760887949472-java.trap.gz exists
[2025-10-20 03:43:40] [javac-extractor-13168] [WARN] Not rewriting trap file for C:\Sidd all in one\Unsafe\Lab6\CodeQL-Databases\log4j-codeql-db\trap\java\classes\org\apache\logging\log4j\core\test\junit\ReconfigurationPolicy.members\ReconfigurationPolicy.members#52.0-1758198736000-java.trap.gz as C:\Sidd all in one\Unsafe\Lab6\CodeQL-Databases\log4j-codeql-db\trap\java\classes\org\apache\logging\log4j\core\test\junit\ReconfigurationPolicy.members\ReconfigurationPolicy.members#0.0-1760887949474-java.trap.gz exists
[2025-10-20 03:43:40] [javac-extractor-13168] [WARN] Not rewriting trap file for C:\Sidd all in one\Unsafe\Lab6\CodeQL-Databases\log4j-codeql-db\trap\java\classes\org\apache\logging\log4j\core\config\Configuration.members\Configuration.members#52.0-1758198736000-java.trap.gz as C:\Sidd all in one\Unsafe\Lab6\CodeQL-Databases\log4j-codeql-db\trap\java\classes\org\apache\logging\log4j\core\config\Configuration.members\Configuration.members#0.0-1760887950429-java.trap.gz exists
[2025-10-20 03:43:40] [javac-extractor-13168] [WARN] Not rewriting trap file for C:\Sidd all in one\Unsafe\Lab6\CodeQL-Databases\log4j-codeql-db\trap\java\classes\org\apache\logging\log4j\core\Appender.members\Appender.members#52.0-1758198736000-java.trap.gz as C:\Sidd all in one\Unsafe\Lab6\CodeQL-Databases\log4j-codeql-db\trap\java\classes\org\apache\logging\log4j\core\Appender.members\Appender.members#0.0-1760887950304-java.trap.gz exists
[2025-10-20 03:43:41] [javac-extractor-13168] Processing file C:\Sidd all in one\Unsafe\Lab6\Repos\logging-log4j2\log4j-jcl\src\test\java\org\apache\logging\log4j\jcl\LoggerTest.java
[2025-10-20 03:43:41] [javac-extractor-13168] [WARN] Not rewriting trap file for C:\Sidd all in one\Unsafe\Lab6\CodeQL-Databases\log4j-codeql-db\trap\java\classes\org\apache\logging\log4j\core\LoggerContext.members\LoggerContext.members#52.0-1758198736000-java.trap.gz as C:\Sidd all in one\Unsafe\Lab6\CodeQL-Databases\log4j-codeql-db\trap\java\classes\org\apache\logging\log4j\core\LoggerContext.members\LoggerContext.members#0.0-1760887950310-java.trap.gz exists
[2025-10-20 03:43:41] [javac-extractor-13168] [WARN] Not rewriting trap file for C:\Sidd all in one\Unsafe\Lab6\CodeQL-Databases\log4j-codeql-db\trap\java\classes\org\apache\logging\log4j\core\test\appender\ListAppender.members\ListAppender.members#52.0-1758198736000-java.trap.gz as C:\Sidd all in one\Unsafe\Lab6\CodeQL-Databases\log4j-codeql-db\trap\java\classes\org\apache\logging\log4j\core\test\appender\ListAppender.members\ListAppender.members#0.0-1760887949452-java.trap.gz exists
[2025-10-20 03:43:41] [javac-extractor-13168] [WARN] Not rewriting trap file for C:\Sidd all in one\Unsafe\Lab6\CodeQL-Databases\log4j-codeql-db\trap\java\classes\org\apache\logging\log4j\core\test\junit\LoggerContextSource.members\LoggerContextSource.members#52.0-1758198736000-java.trap.gz as C:\Sidd all in one\Unsafe\Lab6\CodeQL-Databases\log4j-codeql-db\trap\java\classes\org\apache\logging\log4j\core\test\junit\LoggerContextSource.members\LoggerContextSource.members#0.0-1760887949472-java.trap.gz exists
[2025-10-20 03:43:41] [javac-extractor-13168] [WARN] Not rewriting trap file for C:\Sidd all in one\Unsafe\Lab6\CodeQL-Databases\log4j-codeql-db\trap\java\classes\org\apache\logging\log4j\util\Strings.members\Strings.members#52.0-1758198736000-java.trap.gz as C:\Sidd all in one\Unsafe\Lab6\CodeQL-Databases\log4j-codeql-db\trap\java\classes\org\apache\logging\log4j\util\Strings.members\Strings.members#0.0-1760887949340-java.trap.gz exists
[2025-10-20 03:43:41] [javac-extractor-13168] [WARN] Not rewriting trap file for C:\Sidd all in one\Unsafe\Lab6\CodeQL-Databases\log4j-codeql-db\trap\java\classes\org\apache\logging\log4j\core\test\junit\ReconfigurationPolicy.members\ReconfigurationPolicy.members#52.0-1758198736000-java.trap.gz as C:\Sidd all in one\Unsafe\Lab6\CodeQL-Databases\log4j-codeql-db\trap\java\classes\org\apache\logging\log4j\core\test\junit\ReconfigurationPolicy.members\ReconfigurationPolicy.members#0.0-1760887949474-java.trap.gz exists
[2025-10-20 03:43:41] [javac-extractor-13168] [WARN] Not rewriting trap file for C:\Sidd all in one\Unsafe\Lab6\CodeQL-Databases\log4j-codeql-db\trap\java\classes\org\apache\logging\log4j\jcl\LogFactoryImpl.members\LogFactoryImpl.members#52.0-1760912011078-java.trap.gz as C:\Sidd all in one\Unsafe\Lab6\CodeQL-Databases\log4j-codeql-db\trap\java\classes\org\apache\logging\log4j\jcl\LogFactoryImpl.members\LogFactoryImpl.members#0.0-1760887950948-java.trap.gz exists
[2025-10-20 03:43:41] [javac-extractor-13168] [WARN] Not rewriting trap file for C:\Sidd all in one\Unsafe\Lab6\CodeQL-Databases\log4j-codeql-db\trap\java\classes\org\apache\logging\log4j\core\config\Configuration.members\Configuration.members#52.0-1758198736000-java.trap.gz as C:\Sidd all in one\Unsafe\Lab6\CodeQL-Databases\log4j-codeql-db\trap\java\classes\org\apache\logging\log4j\core\config\Configuration.members\Configuration.members#0.0-1760887950429-java.trap.gz exists
[2025-10-20 03:43:41] [javac-extractor-13168] [WARN] Not rewriting trap file for C:\Sidd all in one\Unsafe\Lab6\CodeQL-Databases\log4j-codeql-db\trap\java\classes\org\apache\logging\log4j\core\Appender.members\Appender.members#52.0-1758198736000-java.trap.gz as C:\Sidd all in one\Unsafe\Lab6\CodeQL-Databases\log4j-codeql-db\trap\java\classes\org\apache\logging\log4j\core\Appender.members\Appender.members#0.0-1760887950304-java.trap.gz exists
[2025-10-20 03:43:41] [javac-extractor-13168] Javac init time: 2.5s
[2025-10-20 03:43:41] [javac-extractor-13168] Javac attr time: 0.4s
[2025-10-20 03:43:41] [javac-extractor-13168] Extractor time: 0.9s
[2025-10-20 03:43:41] [javac-extractor-13168] Other time: 0.3s
[2025-10-20 03:43:41] [javac-extractor-13168] Total time: 4.1s
