[2025-10-20 03:33:21] [javac-extractor-6292] Starting extraction for:
                                             sun.java.command=com.semmle.extractor.java.JavaExtractor --jdk-version 17 --javac-args @@@C:\Sidd all in one\Unsafe\Lab6\CodeQL-Databases\log4j-codeql-db\log\ext\javac-6.args
                                             user.dir=C:\Sidd all in one\Unsafe\Lab6\Repos\logging-log4j2
[2025-10-20 03:33:21] [javac-extractor-6292] Compilation name C:/Sidd all in one/Unsafe/Lab6/CodeQL-Databases/log4j-codeql-db/trap/java/diagnostics/diagnostic-6.trap.gz
[2025-10-20 03:33:21] [javac-extractor-6292] [WARN] Appending source destination directory C:\Sidd all in one\Unsafe\Lab6\Repos\logging-log4j2\log4j-api-test\target\generated-sources\annotations to sourcepath
[2025-10-20 03:33:25] [javac-extractor-6292] Annotation processor class 'lombok.launch.AnnotationProcessorHider$AnnotationProcessor' initialized.
[2025-10-20 03:33:25] [javac-extractor-6292] Annotation processor class 'lombok.launch.AnnotationProcessorHider$ClaimingProcessor' initialized.
[2025-10-20 03:33:25] [javac-extractor-6292] 51 files will be passed to the attrib/flow phase
[2025-10-20 03:33:26] [javac-extractor-6292] Processing file C:\Sidd all in one\Unsafe\Lab6\Repos\logging-log4j2\log4j-api-test\src\main\java\org\apache\logging\log4j\test\SerializableMatchers.java
[2025-10-20 03:33:26] [javac-extractor-6292] Processing JAR file: C:/Users/Siddhesh/.m2/repository/org/hamcrest/hamcrest/3.0/hamcrest-3.0.jar
[2025-10-20 03:33:26] [javac-extractor-6292] Processing file C:\Sidd all in one\Unsafe\Lab6\Repos\logging-log4j2\log4j-api-test\src\main\java\org\apache\logging\log4j\test\AbstractSerializationTest.java
[2025-10-20 03:33:26] [javac-extractor-6292] Processing JAR file: C:/Users/Siddhesh/.m2/repository/junit/junit/4.13.2/junit-4.13.2.jar
[2025-10-20 03:33:26] [javac-extractor-6292] Processing file C:\Sidd all in one\Unsafe\Lab6\Repos\logging-log4j2\log4j-api-test\src\main\java\org\apache\logging\log4j\test\ListStatusListener.java
[2025-10-20 03:33:26] [javac-extractor-6292] [WARN] Not rewriting trap file for C:\Sidd all in one\Unsafe\Lab6\CodeQL-Databases\log4j-codeql-db\trap\java\classes\org\apache\logging\log4j\Level.members\Level.members#52.0-1758198736000-java.trap.gz as C:\Sidd all in one\Unsafe\Lab6\CodeQL-Databases\log4j-codeql-db\trap\java\classes\org\apache\logging\log4j\Level.members\Level.members#0.0-1760887949247-java.trap.gz exists
[2025-10-20 03:33:26] [javac-extractor-6292] [WARN] Not rewriting trap file for C:\Sidd all in one\Unsafe\Lab6\CodeQL-Databases\log4j-codeql-db\trap\java\classes\org\apache\logging\log4j\status\StatusData.members\StatusData.members#52.0-1758198736000-java.trap.gz as C:\Sidd all in one\Unsafe\Lab6\CodeQL-Databases\log4j-codeql-db\trap\java\classes\org\apache\logging\log4j\status\StatusData.members\StatusData.members#0.0-1760887949318-java.trap.gz exists
[2025-10-20 03:33:26] [javac-extractor-6292] [WARN] Not rewriting trap file for C:\Sidd all in one\Unsafe\Lab6\CodeQL-Databases\log4j-codeql-db\trap\java\classes\org\apache\logging\log4j\status\StatusListener.members\StatusListener.members#52.0-1758198736000-java.trap.gz as C:\Sidd all in one\Unsafe\Lab6\CodeQL-Databases\log4j-codeql-db\trap\java\classes\org\apache\logging\log4j\status\StatusListener.members\StatusListener.members#0.0-1760887949318-java.trap.gz exists
[2025-10-20 03:33:26] [javac-extractor-6292] [WARN] Not rewriting trap file for C:\Sidd all in one\Unsafe\Lab6\CodeQL-Databases\log4j-codeql-db\trap\java\classes\org\apache\logging\log4j\message\Message.members\Message.members#52.0-1758198736000-java.trap.gz as C:\Sidd all in one\Unsafe\Lab6\CodeQL-Databases\log4j-codeql-db\trap\java\classes\org\apache\logging\log4j\message\Message.members\Message.members#0.0-1760887949269-java.trap.gz exists
[2025-10-20 03:33:27] [javac-extractor-6292] Processing file C:\Sidd all in one\Unsafe\Lab6\Repos\logging-log4j2\log4j-api-test\src\main\java\org\apache\logging\log4j\test\TestLogger.java
[2025-10-20 03:33:27] [javac-extractor-6292] [WARN] Not rewriting trap file for C:\Sidd all in one\Unsafe\Lab6\CodeQL-Databases\log4j-codeql-db\trap\java\classes\org\apache\logging\log4j\Level.members\Level.members#52.0-1758198736000-java.trap.gz as C:\Sidd all in one\Unsafe\Lab6\CodeQL-Databases\log4j-codeql-db\trap\java\classes\org\apache\logging\log4j\Level.members\Level.members#0.0-1760887949247-java.trap.gz exists
[2025-10-20 03:33:27] [javac-extractor-6292] [WARN] Not rewriting trap file for C:\Sidd all in one\Unsafe\Lab6\CodeQL-Databases\log4j-codeql-db\trap\java\classes\org\apache\logging\log4j\Marker.members\Marker.members#52.0-1758198736000-java.trap.gz as C:\Sidd all in one\Unsafe\Lab6\CodeQL-Databases\log4j-codeql-db\trap\java\classes\org\apache\logging\log4j\Marker.members\Marker.members#0.0-1760887949253-java.trap.gz exists
[2025-10-20 03:33:27] [javac-extractor-6292] [WARN] Not rewriting trap file for C:\Sidd all in one\Unsafe\Lab6\CodeQL-Databases\log4j-codeql-db\trap\java\classes\org\apache\logging\log4j\ThreadContext.members\ThreadContext.members#52.0-1758198736000-java.trap.gz as C:\Sidd all in one\Unsafe\Lab6\CodeQL-Databases\log4j-codeql-db\trap\java\classes\org\apache\logging\log4j\ThreadContext.members\ThreadContext.members#0.0-1760887949253-java.trap.gz exists
[2025-10-20 03:33:27] [javac-extractor-6292] [WARN] Not rewriting trap file for C:\Sidd all in one\Unsafe\Lab6\CodeQL-Databases\log4j-codeql-db\trap\java\classes\org\apache\logging\log4j\message\Message.members\Message.members#52.0-1758198736000-java.trap.gz as C:\Sidd all in one\Unsafe\Lab6\CodeQL-Databases\log4j-codeql-db\trap\java\classes\org\apache\logging\log4j\message\Message.members\Message.members#0.0-1760887949269-java.trap.gz exists
[2025-10-20 03:33:27] [javac-extractor-6292] [WARN] Not rewriting trap file for C:\Sidd all in one\Unsafe\Lab6\CodeQL-Databases\log4j-codeql-db\trap\java\classes\org\apache\logging\log4j\message\MessageFactory.members\MessageFactory.members#52.0-1758198736000-java.trap.gz as C:\Sidd all in one\Unsafe\Lab6\CodeQL-Databases\log4j-codeql-db\trap\java\classes\org\apache\logging\log4j\message\MessageFactory.members\MessageFactory.members#0.0-1760887949269-java.trap.gz exists
[2025-10-20 03:33:27] [javac-extractor-6292] [WARN] Not rewriting trap file for C:\Sidd all in one\Unsafe\Lab6\CodeQL-Databases\log4j-codeql-db\trap\java\classes\org\apache\logging\log4j\spi\AbstractLogger.members\AbstractLogger.members#52.0-1758198736000-java.trap.gz as C:\Sidd all in one\Unsafe\Lab6\CodeQL-Databases\log4j-codeql-db\trap\java\classes\org\apache\logging\log4j\spi\AbstractLogger.members\AbstractLogger.members#0.0-1760887949297-java.trap.gz exists
[2025-10-20 03:33:27] [javac-extractor-6292] Processing file C:\Sidd all in one\Unsafe\Lab6\Repos\logging-log4j2\log4j-api-test\src\main\java\org\apache\logging\log4j\test\TestLoggerContext.java
[2025-10-20 03:33:27] [javac-extractor-6292] [WARN] Not rewriting trap file for C:\Sidd all in one\Unsafe\Lab6\CodeQL-Databases\log4j-codeql-db\trap\java\classes\org\apache\logging\log4j\message\MessageFactory.members\MessageFactory.members#52.0-1758198736000-java.trap.gz as C:\Sidd all in one\Unsafe\Lab6\CodeQL-Databases\log4j-codeql-db\trap\java\classes\org\apache\logging\log4j\message\MessageFactory.members\MessageFactory.members#0.0-1760887949269-java.trap.gz exists
[2025-10-20 03:33:27] [javac-extractor-6292] [WARN] Not rewriting trap file for C:\Sidd all in one\Unsafe\Lab6\CodeQL-Databases\log4j-codeql-db\trap\java\classes\org\apache\logging\log4j\spi\ExtendedLogger.members\ExtendedLogger.members#52.0-1758198736000-java.trap.gz as C:\Sidd all in one\Unsafe\Lab6\CodeQL-Databases\log4j-codeql-db\trap\java\classes\org\apache\logging\log4j\spi\ExtendedLogger.members\ExtendedLogger.members#0.0-1760887949302-java.trap.gz exists
[2025-10-20 03:33:27] [javac-extractor-6292] [WARN] Not rewriting trap file for C:\Sidd all in one\Unsafe\Lab6\CodeQL-Databases\log4j-codeql-db\trap\java\classes\org\apache\logging\log4j\spi\LoggerContext.members\LoggerContext.members#52.0-1758198736000-java.trap.gz as C:\Sidd all in one\Unsafe\Lab6\CodeQL-Databases\log4j-codeql-db\trap\java\classes\org\apache\logging\log4j\spi\LoggerContext.members\LoggerContext.members#0.0-1760887949306-java.trap.gz exists
[2025-10-20 03:33:27] [javac-extractor-6292] Processing file C:\Sidd all in one\Unsafe\Lab6\Repos\logging-log4j2\log4j-api-test\src\main\java\org\apache\logging\log4j\test\TestLoggerContextFactory.java
[2025-10-20 03:33:27] [javac-extractor-6292] [WARN] Not rewriting trap file for C:\Sidd all in one\Unsafe\Lab6\CodeQL-Databases\log4j-codeql-db\trap\java\classes\org\apache\logging\log4j\spi\LoggerContext.members\LoggerContext.members#52.0-1758198736000-java.trap.gz as C:\Sidd all in one\Unsafe\Lab6\CodeQL-Databases\log4j-codeql-db\trap\java\classes\org\apache\logging\log4j\spi\LoggerContext.members\LoggerContext.members#0.0-1760887949306-java.trap.gz exists
[2025-10-20 03:33:27] [javac-extractor-6292] [WARN] Not rewriting trap file for C:\Sidd all in one\Unsafe\Lab6\CodeQL-Databases\log4j-codeql-db\trap\java\classes\org\apache\logging\log4j\spi\LoggerContextFactory.members\LoggerContextFactory.members#52.0-1758198736000-java.trap.gz as C:\Sidd all in one\Unsafe\Lab6\CodeQL-Databases\log4j-codeql-db\trap\java\classes\org\apache\logging\log4j\spi\LoggerContextFactory.members\LoggerContextFactory.members#0.0-1760887949306-java.trap.gz exists
[2025-10-20 03:33:27] [javac-extractor-6292] Processing file C:\Sidd all in one\Unsafe\Lab6\Repos\logging-log4j2\log4j-api-test\src\main\java\org\apache\logging\log4j\test\TestProperties.java
[2025-10-20 03:33:27] [javac-extractor-6292] Processing file C:\Sidd all in one\Unsafe\Lab6\Repos\logging-log4j2\log4j-api-test\src\main\java\org\apache\logging\log4j\test\ThreadContextHolder.java
[2025-10-20 03:33:27] [javac-extractor-6292] [WARN] Not rewriting trap file for C:\Sidd all in one\Unsafe\Lab6\CodeQL-Databases\log4j-codeql-db\trap\java\classes\org\apache\logging\log4j\ThreadContext.members\ThreadContext.members#52.0-1758198736000-java.trap.gz as C:\Sidd all in one\Unsafe\Lab6\CodeQL-Databases\log4j-codeql-db\trap\java\classes\org\apache\logging\log4j\ThreadContext.members\ThreadContext.members#0.0-1760887949253-java.trap.gz exists
[2025-10-20 03:33:27] [javac-extractor-6292] [WARN] Not rewriting trap file for C:\Sidd all in one\Unsafe\Lab6\CodeQL-Databases\log4j-codeql-db\trap\java\classes\org\apache\logging\log4j\ThreadContext$ContextStack.members\ThreadContext$ContextStack.members#52.0-1758198736000-java.trap.gz as C:\Sidd all in one\Unsafe\Lab6\CodeQL-Databases\log4j-codeql-db\trap\java\classes\org\apache\logging\log4j\ThreadContext$ContextStack.members\ThreadContext$ContextStack.members#0.0-1760887949253-java.trap.gz exists
[2025-10-20 03:33:27] [javac-extractor-6292] Processing file C:\Sidd all in one\Unsafe\Lab6\Repos\logging-log4j2\log4j-api-test\src\main\java\org\apache\logging\log4j\test\ThreadContextUtilityClass.java
[2025-10-20 03:33:27] [javac-extractor-6292] [WARN] Not rewriting trap file for C:\Sidd all in one\Unsafe\Lab6\CodeQL-Databases\log4j-codeql-db\trap\java\classes\org\apache\logging\log4j\ThreadContext.members\ThreadContext.members#52.0-1758198736000-java.trap.gz as C:\Sidd all in one\Unsafe\Lab6\CodeQL-Databases\log4j-codeql-db\trap\java\classes\org\apache\logging\log4j\ThreadContext.members\ThreadContext.members#0.0-1760887949253-java.trap.gz exists
[2025-10-20 03:33:27] [javac-extractor-6292] [WARN] Not rewriting trap file for C:\Sidd all in one\Unsafe\Lab6\CodeQL-Databases\log4j-codeql-db\trap\java\classes\org\apache\logging\log4j\util\Timer.members\Timer.members#52.0-1758198736000-java.trap.gz as C:\Sidd all in one\Unsafe\Lab6\CodeQL-Databases\log4j-codeql-db\trap\java\classes\org\apache\logging\log4j\util\Timer.members\Timer.members#0.0-1760887949340-java.trap.gz exists
[2025-10-20 03:33:27] [javac-extractor-6292] [WARN] Not rewriting trap file for C:\Sidd all in one\Unsafe\Lab6\CodeQL-Databases\log4j-codeql-db\trap\java\classes\org\apache\logging\log4j\ThreadContext$ContextStack.members\ThreadContext$ContextStack.members#52.0-1758198736000-java.trap.gz as C:\Sidd all in one\Unsafe\Lab6\CodeQL-Databases\log4j-codeql-db\trap\java\classes\org\apache\logging\log4j\ThreadContext$ContextStack.members\ThreadContext$ContextStack.members#0.0-1760887949253-java.trap.gz exists
[2025-10-20 03:33:27] [javac-extractor-6292] Processing file C:\Sidd all in one\Unsafe\Lab6\Repos\logging-log4j2\log4j-api-test\src\main\java\org\apache\logging\log4j\test\junit\AbstractFileCleaner.java
[2025-10-20 03:33:28] [javac-extractor-6292] Processing file C:\Sidd all in one\Unsafe\Lab6\Repos\logging-log4j2\log4j-api-test\src\main\java\org\apache\logging\log4j\test\junit\BundleTestInfo.java
[2025-10-20 03:33:29] [javac-extractor-6292] Processing JAR file: C:/Users/Siddhesh/.m2/repository/org/apache/maven/maven-model/3.9.10/maven-model-3.9.10.jar
[2025-10-20 03:33:29] [javac-extractor-6292] Processing JAR file: C:/Users/Siddhesh/.m2/repository/org/apache/maven/maven-core/3.9.10/maven-core-3.9.10.jar
[2025-10-20 03:33:29] [javac-extractor-6292] Processing JAR file: C:/Users/Siddhesh/.m2/repository/org/codehaus/plexus/plexus-utils/3.6.0/plexus-utils-3.6.0.jar
[2025-10-20 03:33:29] [javac-extractor-6292] Processing JAR file: C:/Users/Siddhesh/.m2/repository/org/apache/maven/maven-artifact/3.9.10/maven-artifact-3.9.10.jar
[2025-10-20 03:33:29] [javac-extractor-6292] Processing JAR file: C:/Users/Siddhesh/.m2/repository/org/apache/maven/resolver/maven-resolver-api/1.9.23/maven-resolver-api-1.9.23.jar
[2025-10-20 03:33:29] [javac-extractor-6292] Processing JAR file: C:/Users/Siddhesh/.m2/repository/org/codehaus/plexus/plexus-classworlds/2.9.0/plexus-classworlds-2.9.0.jar
[2025-10-20 03:33:29] [javac-extractor-6292] Processing JAR file: C:/Users/Siddhesh/.m2/repository/org/apache/maven/maven-model-builder/3.9.10/maven-model-builder-3.9.10.jar
[2025-10-20 03:33:29] [javac-extractor-6292] Processing file C:\Sidd all in one\Unsafe\Lab6\Repos\logging-log4j2\log4j-api-test\src\main\java\org\apache\logging\log4j\test\junit\CleanUpDirectories.java
[2025-10-20 03:33:29] [javac-extractor-6292] Processing file C:\Sidd all in one\Unsafe\Lab6\Repos\logging-log4j2\log4j-api-test\src\main\java\org\apache\logging\log4j\test\junit\CleanUpFiles.java
[2025-10-20 03:33:29] [javac-extractor-6292] Processing file C:\Sidd all in one\Unsafe\Lab6\Repos\logging-log4j2\log4j-api-test\src\main\java\org\apache\logging\log4j\test\junit\DirectoryCleaner.java
[2025-10-20 03:33:29] [javac-extractor-6292] Processing file C:\Sidd all in one\Unsafe\Lab6\Repos\logging-log4j2\log4j-api-test\src\main\java\org\apache\logging\log4j\test\junit\ExtensionContextAnchor.java
[2025-10-20 03:33:30] [javac-extractor-6292] Processing file C:\Sidd all in one\Unsafe\Lab6\Repos\logging-log4j2\log4j-api-test\src\main\java\org\apache\logging\log4j\test\junit\FileCleaner.java
[2025-10-20 03:33:30] [javac-extractor-6292] Processing file C:\Sidd all in one\Unsafe\Lab6\Repos\logging-log4j2\log4j-api-test\src\main\java\org\apache\logging\log4j\test\junit\InitializesThreadContext.java
[2025-10-20 03:33:30] [javac-extractor-6292] [WARN] Not rewriting trap file for C:\Sidd all in one\Unsafe\Lab6\CodeQL-Databases\log4j-codeql-db\trap\java\classes\org\apache\logging\log4j\ThreadContext.members\ThreadContext.members#52.0-1758198736000-java.trap.gz as C:\Sidd all in one\Unsafe\Lab6\CodeQL-Databases\log4j-codeql-db\trap\java\classes\org\apache\logging\log4j\ThreadContext.members\ThreadContext.members#0.0-1760887949253-java.trap.gz exists
[2025-10-20 03:33:30] [javac-extractor-6292] Processing file C:\Sidd all in one\Unsafe\Lab6\Repos\logging-log4j2\log4j-api-test\src\main\java\org\apache\logging\log4j\test\junit\Log4jStaticResources.java
[2025-10-20 03:33:30] [javac-extractor-6292] Processing file C:\Sidd all in one\Unsafe\Lab6\Repos\logging-log4j2\log4j-api-test\src\main\java\org\apache\logging\log4j\test\junit\LogManagerLoggerContextFactoryRule.java
[2025-10-20 03:33:30] [javac-extractor-6292] [WARN] Not rewriting trap file for C:\Sidd all in one\Unsafe\Lab6\CodeQL-Databases\log4j-codeql-db\trap\java\classes\org\apache\logging\log4j\LogManager.members\LogManager.members#52.0-1758198736000-java.trap.gz as C:\Sidd all in one\Unsafe\Lab6\CodeQL-Databases\log4j-codeql-db\trap\java\classes\org\apache\logging\log4j\LogManager.members\LogManager.members#0.0-1760887949250-java.trap.gz exists
[2025-10-20 03:33:30] [javac-extractor-6292] [WARN] Not rewriting trap file for C:\Sidd all in one\Unsafe\Lab6\CodeQL-Databases\log4j-codeql-db\trap\java\classes\org\apache\logging\log4j\spi\LoggerContextFactory.members\LoggerContextFactory.members#52.0-1758198736000-java.trap.gz as C:\Sidd all in one\Unsafe\Lab6\CodeQL-Databases\log4j-codeql-db\trap\java\classes\org\apache\logging\log4j\spi\LoggerContextFactory.members\LoggerContextFactory.members#0.0-1760887949306-java.trap.gz exists
[2025-10-20 03:33:30] [javac-extractor-6292] Processing file C:\Sidd all in one\Unsafe\Lab6\Repos\logging-log4j2\log4j-api-test\src\main\java\org\apache\logging\log4j\test\junit\LoggerContextFactoryExtension.java
[2025-10-20 03:33:30] [javac-extractor-6292] [WARN] Not rewriting trap file for C:\Sidd all in one\Unsafe\Lab6\CodeQL-Databases\log4j-codeql-db\trap\java\classes\org\apache\logging\log4j\LogManager.members\LogManager.members#52.0-1758198736000-java.trap.gz as C:\Sidd all in one\Unsafe\Lab6\CodeQL-Databases\log4j-codeql-db\trap\java\classes\org\apache\logging\log4j\LogManager.members\LogManager.members#0.0-1760887949250-java.trap.gz exists
[2025-10-20 03:33:30] [javac-extractor-6292] [WARN] Not rewriting trap file for C:\Sidd all in one\Unsafe\Lab6\CodeQL-Databases\log4j-codeql-db\trap\java\classes\org\apache\logging\log4j\spi\LoggerContextFactory.members\LoggerContextFactory.members#52.0-1758198736000-java.trap.gz as C:\Sidd all in one\Unsafe\Lab6\CodeQL-Databases\log4j-codeql-db\trap\java\classes\org\apache\logging\log4j\spi\LoggerContextFactory.members\LoggerContextFactory.members#0.0-1760887949306-java.trap.gz exists
[2025-10-20 03:33:30] [javac-extractor-6292] Processing file C:\Sidd all in one\Unsafe\Lab6\Repos\logging-log4j2\log4j-api-test\src\main\java\org\apache\logging\log4j\test\junit\Mutable.java
[2025-10-20 03:33:30] [javac-extractor-6292] Processing file C:\Sidd all in one\Unsafe\Lab6\Repos\logging-log4j2\log4j-api-test\src\main\java\org\apache\logging\log4j\test\junit\SecurityManagerTestRule.java
[2025-10-20 03:33:30] [javac-extractor-6292] Processing file C:\Sidd all in one\Unsafe\Lab6\Repos\logging-log4j2\log4j-api-test\src\main\java\org\apache\logging\log4j\test\junit\SerialUtil.java
[2025-10-20 03:33:30] [javac-extractor-6292] [WARN] Not rewriting trap file for C:\Sidd all in one\Unsafe\Lab6\CodeQL-Databases\log4j-codeql-db\trap\java\classes\org\apache\logging\log4j\util\Constants.members\Constants.members#52.0-1758198736000-java.trap.gz as C:\Sidd all in one\Unsafe\Lab6\CodeQL-Databases\log4j-codeql-db\trap\java\classes\org\apache\logging\log4j\util\Constants.members\Constants.members#0.0-1760887949324-java.trap.gz exists
[2025-10-20 03:33:30] [javac-extractor-6292] [WARN] Not rewriting trap file for C:\Sidd all in one\Unsafe\Lab6\CodeQL-Databases\log4j-codeql-db\trap\java\classes\org\apache\logging\log4j\util\FilteredObjectInputStream.members\FilteredObjectInputStream.members#52.0-1758198736000-java.trap.gz as C:\Sidd all in one\Unsafe\Lab6\CodeQL-Databases\log4j-codeql-db\trap\java\classes\org\apache\logging\log4j\util\FilteredObjectInputStream.members\FilteredObjectInputStream.members#0.0-1760887949324-java.trap.gz exists
[2025-10-20 03:33:30] [javac-extractor-6292] Processing file C:\Sidd all in one\Unsafe\Lab6\Repos\logging-log4j2\log4j-api-test\src\main\java\org\apache\logging\log4j\test\junit\SetTestProperty.java
[2025-10-20 03:33:30] [javac-extractor-6292] Processing JAR file: C:/Users/Siddhesh/.m2/repository/org/junit-pioneer/junit-pioneer/1.9.1/junit-pioneer-1.9.1.jar
[2025-10-20 03:33:30] [javac-extractor-6292] Processing file C:\Sidd all in one\Unsafe\Lab6\Repos\logging-log4j2\log4j-api-test\src\main\java\org\apache\logging\log4j\test\junit\StatusListenerExtension.java
[2025-10-20 03:33:30] [javac-extractor-6292] [WARN] Not rewriting trap file for C:\Sidd all in one\Unsafe\Lab6\CodeQL-Databases\log4j-codeql-db\trap\java\classes\org\apache\logging\log4j\Level.members\Level.members#52.0-1758198736000-java.trap.gz as C:\Sidd all in one\Unsafe\Lab6\CodeQL-Databases\log4j-codeql-db\trap\java\classes\org\apache\logging\log4j\Level.members\Level.members#0.0-1760887949247-java.trap.gz exists
[2025-10-20 03:33:30] [javac-extractor-6292] [WARN] Not rewriting trap file for C:\Sidd all in one\Unsafe\Lab6\CodeQL-Databases\log4j-codeql-db\trap\java\classes\org\apache\logging\log4j\message\ParameterizedMessage.members\ParameterizedMessage.members#52.0-1758198736000-java.trap.gz as C:\Sidd all in one\Unsafe\Lab6\CodeQL-Databases\log4j-codeql-db\trap\java\classes\org\apache\logging\log4j\message\ParameterizedMessage.members\ParameterizedMessage.members#0.0-1760887949278-java.trap.gz exists
[2025-10-20 03:33:30] [javac-extractor-6292] [WARN] Not rewriting trap file for C:\Sidd all in one\Unsafe\Lab6\CodeQL-Databases\log4j-codeql-db\trap\java\classes\org\apache\logging\log4j\status\StatusConsoleListener.members\StatusConsoleListener.members#52.0-1758198736000-java.trap.gz as C:\Sidd all in one\Unsafe\Lab6\CodeQL-Databases\log4j-codeql-db\trap\java\classes\org\apache\logging\log4j\status\StatusConsoleListener.members\StatusConsoleListener.members#0.0-1760887949317-java.trap.gz exists
[2025-10-20 03:33:30] [javac-extractor-6292] [WARN] Not rewriting trap file for C:\Sidd all in one\Unsafe\Lab6\CodeQL-Databases\log4j-codeql-db\trap\java\classes\org\apache\logging\log4j\status\StatusData.members\StatusData.members#52.0-1758198736000-java.trap.gz as C:\Sidd all in one\Unsafe\Lab6\CodeQL-Databases\log4j-codeql-db\trap\java\classes\org\apache\logging\log4j\status\StatusData.members\StatusData.members#0.0-1760887949318-java.trap.gz exists
[2025-10-20 03:33:30] [javac-extractor-6292] [WARN] Not rewriting trap file for C:\Sidd all in one\Unsafe\Lab6\CodeQL-Databases\log4j-codeql-db\trap\java\classes\org\apache\logging\log4j\status\StatusListener.members\StatusListener.members#52.0-1758198736000-java.trap.gz as C:\Sidd all in one\Unsafe\Lab6\CodeQL-Databases\log4j-codeql-db\trap\java\classes\org\apache\logging\log4j\status\StatusListener.members\StatusListener.members#0.0-1760887949318-java.trap.gz exists
[2025-10-20 03:33:30] [javac-extractor-6292] [WARN] Not rewriting trap file for C:\Sidd all in one\Unsafe\Lab6\CodeQL-Databases\log4j-codeql-db\trap\java\classes\org\apache\logging\log4j\status\StatusLogger.members\StatusLogger.members#52.0-1758198736000-java.trap.gz as C:\Sidd all in one\Unsafe\Lab6\CodeQL-Databases\log4j-codeql-db\trap\java\classes\org\apache\logging\log4j\status\StatusLogger.members\StatusLogger.members#0.0-1760887949319-java.trap.gz exists
[2025-10-20 03:33:30] [javac-extractor-6292] [WARN] Not rewriting trap file for C:\Sidd all in one\Unsafe\Lab6\CodeQL-Databases\log4j-codeql-db\trap\java\classes\org\apache\logging\log4j\message\Message.members\Message.members#52.0-1758198736000-java.trap.gz as C:\Sidd all in one\Unsafe\Lab6\CodeQL-Databases\log4j-codeql-db\trap\java\classes\org\apache\logging\log4j\message\Message.members\Message.members#0.0-1760887949269-java.trap.gz exists
[2025-10-20 03:33:30] [javac-extractor-6292] Processing file C:\Sidd all in one\Unsafe\Lab6\Repos\logging-log4j2\log4j-api-test\src\main\java\org\apache\logging\log4j\test\junit\TypeBasedParameterResolver.java
[2025-10-20 03:33:30] [javac-extractor-6292] Processing file C:\Sidd all in one\Unsafe\Lab6\Repos\logging-log4j2\log4j-api-test\src\main\java\org\apache\logging\log4j\test\junit\StatusLoggerLevel.java
[2025-10-20 03:33:30] [javac-extractor-6292] Processing file C:\Sidd all in one\Unsafe\Lab6\Repos\logging-log4j2\log4j-api-test\src\main\java\org\apache\logging\log4j\test\junit\StatusLoggerLevelExtension.java
[2025-10-20 03:33:30] [javac-extractor-6292] [WARN] Not rewriting trap file for C:\Sidd all in one\Unsafe\Lab6\CodeQL-Databases\log4j-codeql-db\trap\java\classes\org\apache\logging\log4j\Level.members\Level.members#52.0-1758198736000-java.trap.gz as C:\Sidd all in one\Unsafe\Lab6\CodeQL-Databases\log4j-codeql-db\trap\java\classes\org\apache\logging\log4j\Level.members\Level.members#0.0-1760887949247-java.trap.gz exists
[2025-10-20 03:33:30] [javac-extractor-6292] [WARN] Not rewriting trap file for C:\Sidd all in one\Unsafe\Lab6\CodeQL-Databases\log4j-codeql-db\trap\java\classes\org\apache\logging\log4j\status\StatusLogger.members\StatusLogger.members#52.0-1758198736000-java.trap.gz as C:\Sidd all in one\Unsafe\Lab6\CodeQL-Databases\log4j-codeql-db\trap\java\classes\org\apache\logging\log4j\status\StatusLogger.members\StatusLogger.members#0.0-1760887949319-java.trap.gz exists
[2025-10-20 03:33:30] [javac-extractor-6292] Processing file C:\Sidd all in one\Unsafe\Lab6\Repos\logging-log4j2\log4j-api-test\src\main\java\org\apache\logging\log4j\test\junit\StatusLoggerMockExtension.java
[2025-10-20 03:33:30] [javac-extractor-6292] [WARN] Not rewriting trap file for C:\Sidd all in one\Unsafe\Lab6\CodeQL-Databases\log4j-codeql-db\trap\java\classes\org\apache\logging\log4j\status\StatusConsoleListener.members\StatusConsoleListener.members#52.0-1758198736000-java.trap.gz as C:\Sidd all in one\Unsafe\Lab6\CodeQL-Databases\log4j-codeql-db\trap\java\classes\org\apache\logging\log4j\status\StatusConsoleListener.members\StatusConsoleListener.members#0.0-1760887949317-java.trap.gz exists
[2025-10-20 03:33:30] [javac-extractor-6292] [WARN] Not rewriting trap file for C:\Sidd all in one\Unsafe\Lab6\CodeQL-Databases\log4j-codeql-db\trap\java\classes\org\apache\logging\log4j\status\StatusLogger.members\StatusLogger.members#52.0-1758198736000-java.trap.gz as C:\Sidd all in one\Unsafe\Lab6\CodeQL-Databases\log4j-codeql-db\trap\java\classes\org\apache\logging\log4j\status\StatusLogger.members\StatusLogger.members#0.0-1760887949319-java.trap.gz exists
[2025-10-20 03:33:31] [javac-extractor-6292] Processing JAR file: C:/Users/Siddhesh/.m2/repository/org/mockito/mockito-core/4.11.0/mockito-core-4.11.0.jar
[2025-10-20 03:33:31] [javac-extractor-6292] Processing file C:\Sidd all in one\Unsafe\Lab6\Repos\logging-log4j2\log4j-api-test\src\main\java\org\apache\logging\log4j\test\junit\StatusLoggerRule.java
[2025-10-20 03:33:31] [javac-extractor-6292] [WARN] Not rewriting trap file for C:\Sidd all in one\Unsafe\Lab6\CodeQL-Databases\log4j-codeql-db\trap\java\classes\org\apache\logging\log4j\Level.members\Level.members#52.0-1758198736000-java.trap.gz as C:\Sidd all in one\Unsafe\Lab6\CodeQL-Databases\log4j-codeql-db\trap\java\classes\org\apache\logging\log4j\Level.members\Level.members#0.0-1760887949247-java.trap.gz exists
[2025-10-20 03:33:31] [javac-extractor-6292] [WARN] Not rewriting trap file for C:\Sidd all in one\Unsafe\Lab6\CodeQL-Databases\log4j-codeql-db\trap\java\classes\org\apache\logging\log4j\status\StatusLogger.members\StatusLogger.members#52.0-1758198736000-java.trap.gz as C:\Sidd all in one\Unsafe\Lab6\CodeQL-Databases\log4j-codeql-db\trap\java\classes\org\apache\logging\log4j\status\StatusLogger.members\StatusLogger.members#0.0-1760887949319-java.trap.gz exists
[2025-10-20 03:33:31] [javac-extractor-6292] Processing file C:\Sidd all in one\Unsafe\Lab6\Repos\logging-log4j2\log4j-api-test\src\main\java\org\apache\logging\log4j\test\junit\TempLoggingDir.java
[2025-10-20 03:33:31] [javac-extractor-6292] Processing file C:\Sidd all in one\Unsafe\Lab6\Repos\logging-log4j2\log4j-api-test\src\main\java\org\apache\logging\log4j\test\junit\TempLoggingDirectory.java
[2025-10-20 03:33:31] [javac-extractor-6292] [WARN] Not rewriting trap file for C:\Sidd all in one\Unsafe\Lab6\CodeQL-Databases\log4j-codeql-db\trap\java\classes\org\apache\logging\log4j\status\StatusLogger.members\StatusLogger.members#52.0-1758198736000-java.trap.gz as C:\Sidd all in one\Unsafe\Lab6\CodeQL-Databases\log4j-codeql-db\trap\java\classes\org\apache\logging\log4j\status\StatusLogger.members\StatusLogger.members#0.0-1760887949319-java.trap.gz exists
[2025-10-20 03:33:31] [javac-extractor-6292] [WARN] Not rewriting trap file for C:\Sidd all in one\Unsafe\Lab6\CodeQL-Databases\log4j-codeql-db\trap\java\classes\org\apache\logging\log4j\spi\AbstractLogger.members\AbstractLogger.members#52.0-1758198736000-java.trap.gz as C:\Sidd all in one\Unsafe\Lab6\CodeQL-Databases\log4j-codeql-db\trap\java\classes\org\apache\logging\log4j\spi\AbstractLogger.members\AbstractLogger.members#0.0-1760887949297-java.trap.gz exists
[2025-10-20 03:33:31] [javac-extractor-6292] [WARN] Not rewriting trap file for C:\Sidd all in one\Unsafe\Lab6\CodeQL-Databases\log4j-codeql-db\trap\java\classes\org\apache\logging\log4j\util\PropertySource.members\PropertySource.members#52.0-1758198736000-java.trap.gz as C:\Sidd all in one\Unsafe\Lab6\CodeQL-Databases\log4j-codeql-db\trap\java\classes\org\apache\logging\log4j\util\PropertySource.members\PropertySource.members#0.0-1760887949130-java.trap-old.gz exists
[2025-10-20 03:33:31] [javac-extractor-6292] Processing file C:\Sidd all in one\Unsafe\Lab6\Repos\logging-log4j2\log4j-api-test\src\main\java\org\apache\logging\log4j\test\junit\TestPropertyResolver.java
[2025-10-20 03:33:31] [javac-extractor-6292] Processing file C:\Sidd all in one\Unsafe\Lab6\Repos\logging-log4j2\log4j-api-test\src\main\java\org\apache\logging\log4j\test\junit\TestPropertySource.java
[2025-10-20 03:33:31] [javac-extractor-6292] [WARN] Not rewriting trap file for C:\Sidd all in one\Unsafe\Lab6\CodeQL-Databases\log4j-codeql-db\trap\java\classes\org\apache\logging\log4j\util\PropertySource.members\PropertySource.members#52.0-1758198736000-java.trap.gz as C:\Sidd all in one\Unsafe\Lab6\CodeQL-Databases\log4j-codeql-db\trap\java\classes\org\apache\logging\log4j\util\PropertySource.members\PropertySource.members#0.0-1760887949130-java.trap-old.gz exists
[2025-10-20 03:33:31] [javac-extractor-6292] [WARN] Not rewriting trap file for C:\Sidd all in one\Unsafe\Lab6\CodeQL-Databases\log4j-codeql-db\trap\java\classes\org\apache\logging\log4j\util\PropertySource$Util.members\PropertySource$Util.members#52.0-1758198736000-java.trap.gz as C:\Sidd all in one\Unsafe\Lab6\CodeQL-Databases\log4j-codeql-db\trap\java\classes\org\apache\logging\log4j\util\PropertySource$Util.members\PropertySource$Util.members#0.0-1760887949334-java.trap.gz exists
[2025-10-20 03:33:31] [javac-extractor-6292] Processing file C:\Sidd all in one\Unsafe\Lab6\Repos\logging-log4j2\log4j-api-test\src\main\java\org\apache\logging\log4j\test\junit\ThreadContextExtension.java
[2025-10-20 03:33:31] [javac-extractor-6292] [WARN] Not rewriting trap file for C:\Sidd all in one\Unsafe\Lab6\CodeQL-Databases\log4j-codeql-db\trap\java\classes\org\apache\logging\log4j\ThreadContext.members\ThreadContext.members#52.0-1758198736000-java.trap.gz as C:\Sidd all in one\Unsafe\Lab6\CodeQL-Databases\log4j-codeql-db\trap\java\classes\org\apache\logging\log4j\ThreadContext.members\ThreadContext.members#0.0-1760887949253-java.trap.gz exists
[2025-10-20 03:33:32] [javac-extractor-6292] Processing file C:\Sidd all in one\Unsafe\Lab6\Repos\logging-log4j2\log4j-api-test\src\main\java\org\apache\logging\log4j\test\junit\ThreadContextInitializer.java
[2025-10-20 03:33:32] [javac-extractor-6292] [WARN] Not rewriting trap file for C:\Sidd all in one\Unsafe\Lab6\CodeQL-Databases\log4j-codeql-db\trap\java\classes\org\apache\logging\log4j\ThreadContext.members\ThreadContext.members#52.0-1758198736000-java.trap.gz as C:\Sidd all in one\Unsafe\Lab6\CodeQL-Databases\log4j-codeql-db\trap\java\classes\org\apache\logging\log4j\ThreadContext.members\ThreadContext.members#0.0-1760887949253-java.trap.gz exists
[2025-10-20 03:33:32] [javac-extractor-6292] Processing file C:\Sidd all in one\Unsafe\Lab6\Repos\logging-log4j2\log4j-api-test\src\main\java\org\apache\logging\log4j\test\junit\ThreadContextMapExtension.java
[2025-10-20 03:33:32] [javac-extractor-6292] [WARN] Not rewriting trap file for C:\Sidd all in one\Unsafe\Lab6\CodeQL-Databases\log4j-codeql-db\trap\java\classes\org\apache\logging\log4j\ThreadContext.members\ThreadContext.members#52.0-1758198736000-java.trap.gz as C:\Sidd all in one\Unsafe\Lab6\CodeQL-Databases\log4j-codeql-db\trap\java\classes\org\apache\logging\log4j\ThreadContext.members\ThreadContext.members#0.0-1760887949253-java.trap.gz exists
[2025-10-20 03:33:32] [javac-extractor-6292] Processing file C:\Sidd all in one\Unsafe\Lab6\Repos\logging-log4j2\log4j-api-test\src\main\java\org\apache\logging\log4j\test\junit\ThreadContextMapRule.java
[2025-10-20 03:33:32] [javac-extractor-6292] Processing file C:\Sidd all in one\Unsafe\Lab6\Repos\logging-log4j2\log4j-api-test\src\main\java\org\apache\logging\log4j\test\junit\ThreadContextRule.java
[2025-10-20 03:33:32] [javac-extractor-6292] [WARN] Not rewriting trap file for C:\Sidd all in one\Unsafe\Lab6\CodeQL-Databases\log4j-codeql-db\trap\java\classes\org\apache\logging\log4j\ThreadContext.members\ThreadContext.members#52.0-1758198736000-java.trap.gz as C:\Sidd all in one\Unsafe\Lab6\CodeQL-Databases\log4j-codeql-db\trap\java\classes\org\apache\logging\log4j\ThreadContext.members\ThreadContext.members#0.0-1760887949253-java.trap.gz exists
[2025-10-20 03:33:32] [javac-extractor-6292] Processing file C:\Sidd all in one\Unsafe\Lab6\Repos\logging-log4j2\log4j-api-test\src\main\java\org\apache\logging\log4j\test\junit\ThreadContextStackRule.java
[2025-10-20 03:33:32] [javac-extractor-6292] Processing file C:\Sidd all in one\Unsafe\Lab6\Repos\logging-log4j2\log4j-api-test\src\main\java\org\apache\logging\log4j\test\junit\UsingAnyThreadContext.java
[2025-10-20 03:33:32] [javac-extractor-6292] Processing file C:\Sidd all in one\Unsafe\Lab6\Repos\logging-log4j2\log4j-api-test\src\main\java\org\apache\logging\log4j\test\junit\UsingStatusListener.java
[2025-10-20 03:33:32] [javac-extractor-6292] [WARN] Not rewriting trap file for C:\Sidd all in one\Unsafe\Lab6\CodeQL-Databases\log4j-codeql-db\trap\java\classes\org\apache\logging\log4j\status\StatusListener.members\StatusListener.members#52.0-1758198736000-java.trap.gz as C:\Sidd all in one\Unsafe\Lab6\CodeQL-Databases\log4j-codeql-db\trap\java\classes\org\apache\logging\log4j\status\StatusListener.members\StatusListener.members#0.0-1760887949318-java.trap.gz exists
[2025-10-20 03:33:32] [javac-extractor-6292] Processing file C:\Sidd all in one\Unsafe\Lab6\Repos\logging-log4j2\log4j-api-test\src\main\java\org\apache\logging\log4j\test\junit\UsingStatusLoggerMock.java
[2025-10-20 03:33:32] [javac-extractor-6292] Processing file C:\Sidd all in one\Unsafe\Lab6\Repos\logging-log4j2\log4j-api-test\src\main\java\org\apache\logging\log4j\test\junit\UsingTestProperties.java
[2025-10-20 03:33:32] [javac-extractor-6292] Processing file C:\Sidd all in one\Unsafe\Lab6\Repos\logging-log4j2\log4j-api-test\src\main\java\org\apache\logging\log4j\test\junit\UsingThreadContextMap.java
[2025-10-20 03:33:32] [javac-extractor-6292] Processing file C:\Sidd all in one\Unsafe\Lab6\Repos\logging-log4j2\log4j-api-test\src\main\java\org\apache\logging\log4j\test\junit\UsingThreadContextStack.java
[2025-10-20 03:33:32] [javac-extractor-6292] Processing file C:\Sidd all in one\Unsafe\Lab6\Repos\logging-log4j2\log4j-api-test\src\main\java\org\apache\logging\log4j\test\spi\ThreadContextMapSuite.java
[2025-10-20 03:33:33] [javac-extractor-6292] [WARN] Not rewriting trap file for C:\Sidd all in one\Unsafe\Lab6\CodeQL-Databases\log4j-codeql-db\trap\java\classes\org\apache\logging\log4j\spi\ThreadContextMap.members\ThreadContextMap.members#52.0-1758198736000-java.trap.gz as C:\Sidd all in one\Unsafe\Lab6\CodeQL-Databases\log4j-codeql-db\trap\java\classes\org\apache\logging\log4j\spi\ThreadContextMap.members\ThreadContextMap.members#0.0-1760887949313-java.trap.gz exists
[2025-10-20 03:33:39] [javac-extractor-6292] Processing JAR file: C:/Users/Siddhesh/.m2/repository/org/assertj/assertj-core/3.27.3/assertj-core-3.27.3.jar
[2025-10-20 03:33:39] [javac-extractor-6292] Processing file C:\Sidd all in one\Unsafe\Lab6\Repos\logging-log4j2\log4j-api-test\src\main\java\org\apache\logging\log4j\test\util\OsgiServiceLocatorTest.java
[2025-10-20 03:33:39] [javac-extractor-6292] [WARN] Not rewriting trap file for C:\Sidd all in one\Unsafe\Lab6\CodeQL-Databases\log4j-codeql-db\trap\java\classes\org\apache\logging\log4j\spi\Provider.members\Provider.members#52.0-1758198736000-java.trap.gz as C:\Sidd all in one\Unsafe\Lab6\CodeQL-Databases\log4j-codeql-db\trap\java\classes\org\apache\logging\log4j\spi\Provider.members\Provider.members#0.0-1760887949123-java.trap-old.gz exists
[2025-10-20 03:33:39] [javac-extractor-6292] [WARN] Not rewriting trap file for C:\Sidd all in one\Unsafe\Lab6\CodeQL-Databases\log4j-codeql-db\trap\java\classes\org\apache\logging\log4j\util\OsgiServiceLocator.members\OsgiServiceLocator.members#52.0-1758198736000-java.trap.gz as C:\Sidd all in one\Unsafe\Lab6\CodeQL-Databases\log4j-codeql-db\trap\java\classes\org\apache\logging\log4j\util\OsgiServiceLocator.members\OsgiServiceLocator.members#0.0-1760887949330-java.trap.gz exists
[2025-10-20 03:33:39] [javac-extractor-6292] [WARN] Not rewriting trap file for C:\Sidd all in one\Unsafe\Lab6\CodeQL-Databases\log4j-codeql-db\trap\java\classes\org\apache\logging\log4j\util\PropertySource.members\PropertySource.members#52.0-1758198736000-java.trap.gz as C:\Sidd all in one\Unsafe\Lab6\CodeQL-Databases\log4j-codeql-db\trap\java\classes\org\apache\logging\log4j\util\PropertySource.members\PropertySource.members#0.0-1760887949130-java.trap-old.gz exists
[2025-10-20 03:33:39] [javac-extractor-6292] Javac init time: 3.6s
[2025-10-20 03:33:39] [javac-extractor-6292] Javac attr time: 0.9s
[2025-10-20 03:33:39] [javac-extractor-6292] Extractor time: 12.4s
[2025-10-20 03:33:39] [javac-extractor-6292] Other time: 0.4s
[2025-10-20 03:33:39] [javac-extractor-6292] Total time: 17.3s
[2025-10-20 03:49:02] [javac-extractor-6292] Starting extraction for:
                                             sun.java.command=com.semmle.extractor.java.JavaExtractor --jdk-version 17 --javac-args @@@C:\Sidd all in one\Unsafe\Lab6\CodeQL-Databases\log4j-codeql-db\log\ext\javac-69.args
                                             user.dir=C:\Sidd all in one\Unsafe\Lab6\Repos\logging-log4j2
[2025-10-20 03:49:02] [javac-extractor-6292] Compilation name C:/Sidd all in one/Unsafe/Lab6/CodeQL-Databases/log4j-codeql-db/trap/java/diagnostics/diagnostic-69.trap.gz
[2025-10-20 03:49:02] [javac-extractor-6292] [WARN] Appending source destination directory C:\Sidd all in one\Unsafe\Lab6\Repos\logging-log4j2\log4j-mongodb4\target\generated-test-sources\test-annotations to sourcepath
[2025-10-20 03:49:05] [javac-extractor-6292] Annotation processor class 'lombok.launch.AnnotationProcessorHider$AnnotationProcessor' initialized.
[2025-10-20 03:49:05] [javac-extractor-6292] Annotation processor class 'lombok.launch.AnnotationProcessorHider$ClaimingProcessor' initialized.
[2025-10-20 03:49:05] [javac-extractor-6292] 14 files will be passed to the attrib/flow phase
[2025-10-20 03:49:06] [javac-extractor-6292] Processing file C:\Sidd all in one\Unsafe\Lab6\Repos\logging-log4j2\log4j-mongodb4\src\test\java\org\apache\logging\log4j\mongodb4\AbstractMongoDb4CappedIT.java
[2025-10-20 03:49:06] [javac-extractor-6292] [WARN] Not rewriting trap file for C:\Sidd all in one\Unsafe\Lab6\CodeQL-Databases\log4j-codeql-db\trap\java\classes\org\apache\logging\log4j\Logger.members\Logger.members#52.0-1758198736000-java.trap.gz as C:\Sidd all in one\Unsafe\Lab6\CodeQL-Databases\log4j-codeql-db\trap\java\classes\org\apache\logging\log4j\Logger.members\Logger.members#0.0-1760887949252-java.trap.gz exists
[2025-10-20 03:49:06] [javac-extractor-6292] [WARN] Not rewriting trap file for C:\Sidd all in one\Unsafe\Lab6\CodeQL-Databases\log4j-codeql-db\trap\java\classes\org\apache\logging\log4j\core\LoggerContext.members\LoggerContext.members#52.0-1758198736000-java.trap.gz as C:\Sidd all in one\Unsafe\Lab6\CodeQL-Databases\log4j-codeql-db\trap\java\classes\org\apache\logging\log4j\core\LoggerContext.members\LoggerContext.members#0.0-1760887950310-java.trap.gz exists
[2025-10-20 03:49:06] [javac-extractor-6292] [WARN] Not rewriting trap file for C:\Sidd all in one\Unsafe\Lab6\CodeQL-Databases\log4j-codeql-db\trap\java\classes\org\apache\logging\log4j\status\StatusLogger.members\StatusLogger.members#52.0-1758198736000-java.trap.gz as C:\Sidd all in one\Unsafe\Lab6\CodeQL-Databases\log4j-codeql-db\trap\java\classes\org\apache\logging\log4j\status\StatusLogger.members\StatusLogger.members#0.0-1760887949319-java.trap.gz exists
[2025-10-20 03:49:06] [javac-extractor-6292] [WARN] Not rewriting trap file for C:\Sidd all in one\Unsafe\Lab6\CodeQL-Databases\log4j-codeql-db\trap\java\classes\org\apache\logging\log4j\spi\ExtendedLogger.members\ExtendedLogger.members#52.0-1758198736000-java.trap.gz as C:\Sidd all in one\Unsafe\Lab6\CodeQL-Databases\log4j-codeql-db\trap\java\classes\org\apache\logging\log4j\spi\ExtendedLogger.members\ExtendedLogger.members#0.0-1760887949302-java.trap.gz exists
[2025-10-20 03:49:06] [javac-extractor-6292] [WARN] Not rewriting trap file for C:\Sidd all in one\Unsafe\Lab6\CodeQL-Databases\log4j-codeql-db\trap\java\classes\org\apache\logging\log4j\spi\LoggerContext.members\LoggerContext.members#52.0-1758198736000-java.trap.gz as C:\Sidd all in one\Unsafe\Lab6\CodeQL-Databases\log4j-codeql-db\trap\java\classes\org\apache\logging\log4j\spi\LoggerContext.members\LoggerContext.members#0.0-1760887949306-java.trap.gz exists
[2025-10-20 03:49:06] [javac-extractor-6292] [WARN] Not rewriting trap file for C:\Sidd all in one\Unsafe\Lab6\CodeQL-Databases\log4j-codeql-db\trap\java\classes\org\apache\logging\log4j\spi\AbstractLogger.members\AbstractLogger.members#52.0-1758198736000-java.trap.gz as C:\Sidd all in one\Unsafe\Lab6\CodeQL-Databases\log4j-codeql-db\trap\java\classes\org\apache\logging\log4j\spi\AbstractLogger.members\AbstractLogger.members#0.0-1760887949297-java.trap.gz exists
[2025-10-20 03:49:06] [javac-extractor-6292] Processing file C:\Sidd all in one\Unsafe\Lab6\Repos\logging-log4j2\log4j-mongodb4\src\test\java\org\apache\logging\log4j\mongodb4\MongoDb4AdditionalFieldsIT.java
[2025-10-20 03:49:06] [javac-extractor-6292] [WARN] Not rewriting trap file for C:\Sidd all in one\Unsafe\Lab6\CodeQL-Databases\log4j-codeql-db\trap\java\classes\org\apache\logging\log4j\Logger.members\Logger.members#52.0-1758198736000-java.trap.gz as C:\Sidd all in one\Unsafe\Lab6\CodeQL-Databases\log4j-codeql-db\trap\java\classes\org\apache\logging\log4j\Logger.members\Logger.members#0.0-1760887949252-java.trap.gz exists
[2025-10-20 03:49:06] [javac-extractor-6292] [WARN] Not rewriting trap file for C:\Sidd all in one\Unsafe\Lab6\CodeQL-Databases\log4j-codeql-db\trap\java\classes\org\apache\logging\log4j\core\LoggerContext.members\LoggerContext.members#52.0-1758198736000-java.trap.gz as C:\Sidd all in one\Unsafe\Lab6\CodeQL-Databases\log4j-codeql-db\trap\java\classes\org\apache\logging\log4j\core\LoggerContext.members\LoggerContext.members#0.0-1760887950310-java.trap.gz exists
[2025-10-20 03:49:06] [javac-extractor-6292] [WARN] Not rewriting trap file for C:\Sidd all in one\Unsafe\Lab6\CodeQL-Databases\log4j-codeql-db\trap\java\classes\org\apache\logging\log4j\core\test\junit\LoggerContextSource.members\LoggerContextSource.members#52.0-1758198736000-java.trap.gz as C:\Sidd all in one\Unsafe\Lab6\CodeQL-Databases\log4j-codeql-db\trap\java\classes\org\apache\logging\log4j\core\test\junit\LoggerContextSource.members\LoggerContextSource.members#0.0-1760887949472-java.trap.gz exists
[2025-10-20 03:49:06] [javac-extractor-6292] [WARN] Not rewriting trap file for C:\Sidd all in one\Unsafe\Lab6\CodeQL-Databases\log4j-codeql-db\trap\java\classes\org\apache\logging\log4j\test\junit\UsingStatusListener.members\UsingStatusListener.members#52.0-1758198736000-java.trap.gz as C:\Sidd all in one\Unsafe\Lab6\CodeQL-Databases\log4j-codeql-db\trap\java\classes\org\apache\logging\log4j\test\junit\UsingStatusListener.members\UsingStatusListener.members#0.0-1760887949160-java.trap.gz exists
[2025-10-20 03:49:06] [javac-extractor-6292] [WARN] Not rewriting trap file for C:\Sidd all in one\Unsafe\Lab6\CodeQL-Databases\log4j-codeql-db\trap\java\classes\org\apache\logging\log4j\spi\ExtendedLogger.members\ExtendedLogger.members#52.0-1758198736000-java.trap.gz as C:\Sidd all in one\Unsafe\Lab6\CodeQL-Databases\log4j-codeql-db\trap\java\classes\org\apache\logging\log4j\spi\ExtendedLogger.members\ExtendedLogger.members#0.0-1760887949302-java.trap.gz exists
[2025-10-20 03:49:06] [javac-extractor-6292] [WARN] Not rewriting trap file for C:\Sidd all in one\Unsafe\Lab6\CodeQL-Databases\log4j-codeql-db\trap\java\classes\org\apache\logging\log4j\spi\LoggerContext.members\LoggerContext.members#52.0-1758198736000-java.trap.gz as C:\Sidd all in one\Unsafe\Lab6\CodeQL-Databases\log4j-codeql-db\trap\java\classes\org\apache\logging\log4j\spi\LoggerContext.members\LoggerContext.members#0.0-1760887949306-java.trap.gz exists
[2025-10-20 03:49:06] [javac-extractor-6292] [WARN] Not rewriting trap file for C:\Sidd all in one\Unsafe\Lab6\CodeQL-Databases\log4j-codeql-db\trap\java\classes\org\apache\logging\log4j\core\test\junit\ReconfigurationPolicy.members\ReconfigurationPolicy.members#52.0-1758198736000-java.trap.gz as C:\Sidd all in one\Unsafe\Lab6\CodeQL-Databases\log4j-codeql-db\trap\java\classes\org\apache\logging\log4j\core\test\junit\ReconfigurationPolicy.members\ReconfigurationPolicy.members#0.0-1760887949474-java.trap.gz exists
[2025-10-20 03:49:06] [javac-extractor-6292] [WARN] Not rewriting trap file for C:\Sidd all in one\Unsafe\Lab6\CodeQL-Databases\log4j-codeql-db\trap\java\classes\org\apache\logging\log4j\test\junit\ExtensionContextAnchor.members\ExtensionContextAnchor.members#52.0-1758198736000-java.trap.gz as C:\Sidd all in one\Unsafe\Lab6\CodeQL-Databases\log4j-codeql-db\trap\java\classes\org\apache\logging\log4j\test\junit\ExtensionContextAnchor.members\ExtensionContextAnchor.members#0.0-1760887949146-java.trap.gz exists
[2025-10-20 03:49:06] [javac-extractor-6292] [WARN] Not rewriting trap file for C:\Sidd all in one\Unsafe\Lab6\CodeQL-Databases\log4j-codeql-db\trap\java\classes\org\apache\logging\log4j\test\junit\TypeBasedParameterResolver.members\TypeBasedParameterResolver.members#52.0-1758198736000-java.trap.gz as C:\Sidd all in one\Unsafe\Lab6\CodeQL-Databases\log4j-codeql-db\trap\java\classes\org\apache\logging\log4j\test\junit\TypeBasedParameterResolver.members\TypeBasedParameterResolver.members#0.0-1760887949159-java.trap.gz exists
[2025-10-20 03:49:06] [javac-extractor-6292] Processing file C:\Sidd all in one\Unsafe\Lab6\Repos\logging-log4j2\log4j-mongodb4\src\test\java\org\apache\logging\log4j\mongodb4\UsingMongoDb4.java
[2025-10-20 03:49:06] [javac-extractor-6292] [WARN] Not rewriting trap file for C:\Sidd all in one\Unsafe\Lab6\CodeQL-Databases\log4j-codeql-db\trap\java\classes\org\apache\logging\log4j\test\junit\ExtensionContextAnchor.members\ExtensionContextAnchor.members#52.0-1758198736000-java.trap.gz as C:\Sidd all in one\Unsafe\Lab6\CodeQL-Databases\log4j-codeql-db\trap\java\classes\org\apache\logging\log4j\test\junit\ExtensionContextAnchor.members\ExtensionContextAnchor.members#0.0-1760887949146-java.trap.gz exists
[2025-10-20 03:49:06] [javac-extractor-6292] Processing file C:\Sidd all in one\Unsafe\Lab6\Repos\logging-log4j2\log4j-mongodb4\src\test\java\org\apache\logging\log4j\mongodb4\MongoDb4AuthFailureIT.java
[2025-10-20 03:49:06] [javac-extractor-6292] [WARN] Not rewriting trap file for C:\Sidd all in one\Unsafe\Lab6\CodeQL-Databases\log4j-codeql-db\trap\java\classes\org\apache\logging\log4j\Logger.members\Logger.members#52.0-1758198736000-java.trap.gz as C:\Sidd all in one\Unsafe\Lab6\CodeQL-Databases\log4j-codeql-db\trap\java\classes\org\apache\logging\log4j\Logger.members\Logger.members#0.0-1760887949252-java.trap.gz exists
[2025-10-20 03:49:06] [javac-extractor-6292] [WARN] Not rewriting trap file for C:\Sidd all in one\Unsafe\Lab6\CodeQL-Databases\log4j-codeql-db\trap\java\classes\org\apache\logging\log4j\core\LoggerContext.members\LoggerContext.members#52.0-1758198736000-java.trap.gz as C:\Sidd all in one\Unsafe\Lab6\CodeQL-Databases\log4j-codeql-db\trap\java\classes\org\apache\logging\log4j\core\LoggerContext.members\LoggerContext.members#0.0-1760887950310-java.trap.gz exists
[2025-10-20 03:49:06] [javac-extractor-6292] [WARN] Not rewriting trap file for C:\Sidd all in one\Unsafe\Lab6\CodeQL-Databases\log4j-codeql-db\trap\java\classes\org\apache\logging\log4j\core\test\junit\LoggerContextSource.members\LoggerContextSource.members#52.0-1758198736000-java.trap.gz as C:\Sidd all in one\Unsafe\Lab6\CodeQL-Databases\log4j-codeql-db\trap\java\classes\org\apache\logging\log4j\core\test\junit\LoggerContextSource.members\LoggerContextSource.members#0.0-1760887949472-java.trap.gz exists
[2025-10-20 03:49:06] [javac-extractor-6292] [WARN] Not rewriting trap file for C:\Sidd all in one\Unsafe\Lab6\CodeQL-Databases\log4j-codeql-db\trap\java\classes\org\apache\logging\log4j\test\junit\UsingStatusListener.members\UsingStatusListener.members#52.0-1758198736000-java.trap.gz as C:\Sidd all in one\Unsafe\Lab6\CodeQL-Databases\log4j-codeql-db\trap\java\classes\org\apache\logging\log4j\test\junit\UsingStatusListener.members\UsingStatusListener.members#0.0-1760887949160-java.trap.gz exists
[2025-10-20 03:49:06] [javac-extractor-6292] [WARN] Not rewriting trap file for C:\Sidd all in one\Unsafe\Lab6\CodeQL-Databases\log4j-codeql-db\trap\java\classes\org\apache\logging\log4j\spi\ExtendedLogger.members\ExtendedLogger.members#52.0-1758198736000-java.trap.gz as C:\Sidd all in one\Unsafe\Lab6\CodeQL-Databases\log4j-codeql-db\trap\java\classes\org\apache\logging\log4j\spi\ExtendedLogger.members\ExtendedLogger.members#0.0-1760887949302-java.trap.gz exists
[2025-10-20 03:49:06] [javac-extractor-6292] [WARN] Not rewriting trap file for C:\Sidd all in one\Unsafe\Lab6\CodeQL-Databases\log4j-codeql-db\trap\java\classes\org\apache\logging\log4j\spi\LoggerContext.members\LoggerContext.members#52.0-1758198736000-java.trap.gz as C:\Sidd all in one\Unsafe\Lab6\CodeQL-Databases\log4j-codeql-db\trap\java\classes\org\apache\logging\log4j\spi\LoggerContext.members\LoggerContext.members#0.0-1760887949306-java.trap.gz exists
[2025-10-20 03:49:06] [javac-extractor-6292] [WARN] Not rewriting trap file for C:\Sidd all in one\Unsafe\Lab6\CodeQL-Databases\log4j-codeql-db\trap\java\classes\org\apache\logging\log4j\core\test\junit\ReconfigurationPolicy.members\ReconfigurationPolicy.members#52.0-1758198736000-java.trap.gz as C:\Sidd all in one\Unsafe\Lab6\CodeQL-Databases\log4j-codeql-db\trap\java\classes\org\apache\logging\log4j\core\test\junit\ReconfigurationPolicy.members\ReconfigurationPolicy.members#0.0-1760887949474-java.trap.gz exists
[2025-10-20 03:49:06] [javac-extractor-6292] Processing file C:\Sidd all in one\Unsafe\Lab6\Repos\logging-log4j2\log4j-mongodb4\src\test\java\org\apache\logging\log4j\mongodb4\MongoDb4CappedIntIT.java
[2025-10-20 03:49:06] [javac-extractor-6292] [WARN] Not rewriting trap file for C:\Sidd all in one\Unsafe\Lab6\CodeQL-Databases\log4j-codeql-db\trap\java\classes\org\apache\logging\log4j\core\LoggerContext.members\LoggerContext.members#52.0-1758198736000-java.trap.gz as C:\Sidd all in one\Unsafe\Lab6\CodeQL-Databases\log4j-codeql-db\trap\java\classes\org\apache\logging\log4j\core\LoggerContext.members\LoggerContext.members#0.0-1760887950310-java.trap.gz exists
[2025-10-20 03:49:06] [javac-extractor-6292] [WARN] Not rewriting trap file for C:\Sidd all in one\Unsafe\Lab6\CodeQL-Databases\log4j-codeql-db\trap\java\classes\org\apache\logging\log4j\core\test\junit\LoggerContextSource.members\LoggerContextSource.members#52.0-1758198736000-java.trap.gz as C:\Sidd all in one\Unsafe\Lab6\CodeQL-Databases\log4j-codeql-db\trap\java\classes\org\apache\logging\log4j\core\test\junit\LoggerContextSource.members\LoggerContextSource.members#0.0-1760887949472-java.trap.gz exists
[2025-10-20 03:49:06] [javac-extractor-6292] [WARN] Not rewriting trap file for C:\Sidd all in one\Unsafe\Lab6\CodeQL-Databases\log4j-codeql-db\trap\java\classes\org\apache\logging\log4j\test\junit\UsingStatusListener.members\UsingStatusListener.members#52.0-1758198736000-java.trap.gz as C:\Sidd all in one\Unsafe\Lab6\CodeQL-Databases\log4j-codeql-db\trap\java\classes\org\apache\logging\log4j\test\junit\UsingStatusListener.members\UsingStatusListener.members#0.0-1760887949160-java.trap.gz exists
[2025-10-20 03:49:06] [javac-extractor-6292] [WARN] Not rewriting trap file for C:\Sidd all in one\Unsafe\Lab6\CodeQL-Databases\log4j-codeql-db\trap\java\classes\org\apache\logging\log4j\core\test\junit\ReconfigurationPolicy.members\ReconfigurationPolicy.members#52.0-1758198736000-java.trap.gz as C:\Sidd all in one\Unsafe\Lab6\CodeQL-Databases\log4j-codeql-db\trap\java\classes\org\apache\logging\log4j\core\test\junit\ReconfigurationPolicy.members\ReconfigurationPolicy.members#0.0-1760887949474-java.trap.gz exists
[2025-10-20 03:49:07] [javac-extractor-6292] Processing file C:\Sidd all in one\Unsafe\Lab6\Repos\logging-log4j2\log4j-mongodb4\src\test\java\org\apache\logging\log4j\mongodb4\MongoDb4CappedLongIT.java
[2025-10-20 03:49:07] [javac-extractor-6292] [WARN] Not rewriting trap file for C:\Sidd all in one\Unsafe\Lab6\CodeQL-Databases\log4j-codeql-db\trap\java\classes\org\apache\logging\log4j\core\LoggerContext.members\LoggerContext.members#52.0-1758198736000-java.trap.gz as C:\Sidd all in one\Unsafe\Lab6\CodeQL-Databases\log4j-codeql-db\trap\java\classes\org\apache\logging\log4j\core\LoggerContext.members\LoggerContext.members#0.0-1760887950310-java.trap.gz exists
[2025-10-20 03:49:07] [javac-extractor-6292] [WARN] Not rewriting trap file for C:\Sidd all in one\Unsafe\Lab6\CodeQL-Databases\log4j-codeql-db\trap\java\classes\org\apache\logging\log4j\core\test\junit\LoggerContextSource.members\LoggerContextSource.members#52.0-1758198736000-java.trap.gz as C:\Sidd all in one\Unsafe\Lab6\CodeQL-Databases\log4j-codeql-db\trap\java\classes\org\apache\logging\log4j\core\test\junit\LoggerContextSource.members\LoggerContextSource.members#0.0-1760887949472-java.trap.gz exists
[2025-10-20 03:49:07] [javac-extractor-6292] [WARN] Not rewriting trap file for C:\Sidd all in one\Unsafe\Lab6\CodeQL-Databases\log4j-codeql-db\trap\java\classes\org\apache\logging\log4j\test\junit\UsingStatusListener.members\UsingStatusListener.members#52.0-1758198736000-java.trap.gz as C:\Sidd all in one\Unsafe\Lab6\CodeQL-Databases\log4j-codeql-db\trap\java\classes\org\apache\logging\log4j\test\junit\UsingStatusListener.members\UsingStatusListener.members#0.0-1760887949160-java.trap.gz exists
[2025-10-20 03:49:07] [javac-extractor-6292] [WARN] Not rewriting trap file for C:\Sidd all in one\Unsafe\Lab6\CodeQL-Databases\log4j-codeql-db\trap\java\classes\org\apache\logging\log4j\core\test\junit\ReconfigurationPolicy.members\ReconfigurationPolicy.members#52.0-1758198736000-java.trap.gz as C:\Sidd all in one\Unsafe\Lab6\CodeQL-Databases\log4j-codeql-db\trap\java\classes\org\apache\logging\log4j\core\test\junit\ReconfigurationPolicy.members\ReconfigurationPolicy.members#0.0-1760887949474-java.trap.gz exists
[2025-10-20 03:49:07] [javac-extractor-6292] Processing file C:\Sidd all in one\Unsafe\Lab6\Repos\logging-log4j2\log4j-mongodb4\src\test\java\org\apache\logging\log4j\mongodb4\MongoDb4CollectionNameIT.java
[2025-10-20 03:49:07] [javac-extractor-6292] [WARN] Not rewriting trap file for C:\Sidd all in one\Unsafe\Lab6\CodeQL-Databases\log4j-codeql-db\trap\java\classes\org\apache\logging\log4j\core\LoggerContext.members\LoggerContext.members#52.0-1758198736000-java.trap.gz as C:\Sidd all in one\Unsafe\Lab6\CodeQL-Databases\log4j-codeql-db\trap\java\classes\org\apache\logging\log4j\core\LoggerContext.members\LoggerContext.members#0.0-1760887950310-java.trap.gz exists
[2025-10-20 03:49:07] [javac-extractor-6292] [WARN] Not rewriting trap file for C:\Sidd all in one\Unsafe\Lab6\CodeQL-Databases\log4j-codeql-db\trap\java\classes\org\apache\logging\log4j\core\test\junit\LoggerContextSource.members\LoggerContextSource.members#52.0-1758198736000-java.trap.gz as C:\Sidd all in one\Unsafe\Lab6\CodeQL-Databases\log4j-codeql-db\trap\java\classes\org\apache\logging\log4j\core\test\junit\LoggerContextSource.members\LoggerContextSource.members#0.0-1760887949472-java.trap.gz exists
[2025-10-20 03:49:07] [javac-extractor-6292] [WARN] Not rewriting trap file for C:\Sidd all in one\Unsafe\Lab6\CodeQL-Databases\log4j-codeql-db\trap\java\classes\org\apache\logging\log4j\test\junit\UsingStatusListener.members\UsingStatusListener.members#52.0-1758198736000-java.trap.gz as C:\Sidd all in one\Unsafe\Lab6\CodeQL-Databases\log4j-codeql-db\trap\java\classes\org\apache\logging\log4j\test\junit\UsingStatusListener.members\UsingStatusListener.members#0.0-1760887949160-java.trap.gz exists
[2025-10-20 03:49:07] [javac-extractor-6292] [WARN] Not rewriting trap file for C:\Sidd all in one\Unsafe\Lab6\CodeQL-Databases\log4j-codeql-db\trap\java\classes\org\apache\logging\log4j\core\test\junit\ReconfigurationPolicy.members\ReconfigurationPolicy.members#52.0-1758198736000-java.trap.gz as C:\Sidd all in one\Unsafe\Lab6\CodeQL-Databases\log4j-codeql-db\trap\java\classes\org\apache\logging\log4j\core\test\junit\ReconfigurationPolicy.members\ReconfigurationPolicy.members#0.0-1760887949474-java.trap.gz exists
[2025-10-20 03:49:07] [javac-extractor-6292] Processing file C:\Sidd all in one\Unsafe\Lab6\Repos\logging-log4j2\log4j-mongodb4\src\test\java\org\apache\logging\log4j\mongodb4\MongoDb4DatabaseAndCollectionNameIT.java
[2025-10-20 03:49:07] [javac-extractor-6292] [WARN] Not rewriting trap file for C:\Sidd all in one\Unsafe\Lab6\CodeQL-Databases\log4j-codeql-db\trap\java\classes\org\apache\logging\log4j\core\LoggerContext.members\LoggerContext.members#52.0-1758198736000-java.trap.gz as C:\Sidd all in one\Unsafe\Lab6\CodeQL-Databases\log4j-codeql-db\trap\java\classes\org\apache\logging\log4j\core\LoggerContext.members\LoggerContext.members#0.0-1760887950310-java.trap.gz exists
[2025-10-20 03:49:07] [javac-extractor-6292] [WARN] Not rewriting trap file for C:\Sidd all in one\Unsafe\Lab6\CodeQL-Databases\log4j-codeql-db\trap\java\classes\org\apache\logging\log4j\core\test\junit\LoggerContextSource.members\LoggerContextSource.members#52.0-1758198736000-java.trap.gz as C:\Sidd all in one\Unsafe\Lab6\CodeQL-Databases\log4j-codeql-db\trap\java\classes\org\apache\logging\log4j\core\test\junit\LoggerContextSource.members\LoggerContextSource.members#0.0-1760887949472-java.trap.gz exists
[2025-10-20 03:49:07] [javac-extractor-6292] [WARN] Not rewriting trap file for C:\Sidd all in one\Unsafe\Lab6\CodeQL-Databases\log4j-codeql-db\trap\java\classes\org\apache\logging\log4j\test\junit\UsingStatusListener.members\UsingStatusListener.members#52.0-1758198736000-java.trap.gz as C:\Sidd all in one\Unsafe\Lab6\CodeQL-Databases\log4j-codeql-db\trap\java\classes\org\apache\logging\log4j\test\junit\UsingStatusListener.members\UsingStatusListener.members#0.0-1760887949160-java.trap.gz exists
[2025-10-20 03:49:07] [javac-extractor-6292] [WARN] Not rewriting trap file for C:\Sidd all in one\Unsafe\Lab6\CodeQL-Databases\log4j-codeql-db\trap\java\classes\org\apache\logging\log4j\core\test\junit\ReconfigurationPolicy.members\ReconfigurationPolicy.members#52.0-1758198736000-java.trap.gz as C:\Sidd all in one\Unsafe\Lab6\CodeQL-Databases\log4j-codeql-db\trap\java\classes\org\apache\logging\log4j\core\test\junit\ReconfigurationPolicy.members\ReconfigurationPolicy.members#0.0-1760887949474-java.trap.gz exists
[2025-10-20 03:49:07] [javac-extractor-6292] Processing file C:\Sidd all in one\Unsafe\Lab6\Repos\logging-log4j2\log4j-mongodb4\src\test\java\org\apache\logging\log4j\mongodb4\MongoDb4IT.java
[2025-10-20 03:49:07] [javac-extractor-6292] [WARN] Not rewriting trap file for C:\Sidd all in one\Unsafe\Lab6\CodeQL-Databases\log4j-codeql-db\trap\java\classes\org\apache\logging\log4j\Logger.members\Logger.members#52.0-1758198736000-java.trap.gz as C:\Sidd all in one\Unsafe\Lab6\CodeQL-Databases\log4j-codeql-db\trap\java\classes\org\apache\logging\log4j\Logger.members\Logger.members#0.0-1760887949252-java.trap.gz exists
[2025-10-20 03:49:07] [javac-extractor-6292] [WARN] Not rewriting trap file for C:\Sidd all in one\Unsafe\Lab6\CodeQL-Databases\log4j-codeql-db\trap\java\classes\org\apache\logging\log4j\core\LoggerContext.members\LoggerContext.members#52.0-1758198736000-java.trap.gz as C:\Sidd all in one\Unsafe\Lab6\CodeQL-Databases\log4j-codeql-db\trap\java\classes\org\apache\logging\log4j\core\LoggerContext.members\LoggerContext.members#0.0-1760887950310-java.trap.gz exists
[2025-10-20 03:49:07] [javac-extractor-6292] [WARN] Not rewriting trap file for C:\Sidd all in one\Unsafe\Lab6\CodeQL-Databases\log4j-codeql-db\trap\java\classes\org\apache\logging\log4j\core\test\junit\LoggerContextSource.members\LoggerContextSource.members#52.0-1758198736000-java.trap.gz as C:\Sidd all in one\Unsafe\Lab6\CodeQL-Databases\log4j-codeql-db\trap\java\classes\org\apache\logging\log4j\core\test\junit\LoggerContextSource.members\LoggerContextSource.members#0.0-1760887949472-java.trap.gz exists
[2025-10-20 03:49:07] [javac-extractor-6292] [WARN] Not rewriting trap file for C:\Sidd all in one\Unsafe\Lab6\CodeQL-Databases\log4j-codeql-db\trap\java\classes\org\apache\logging\log4j\test\junit\UsingStatusListener.members\UsingStatusListener.members#52.0-1758198736000-java.trap.gz as C:\Sidd all in one\Unsafe\Lab6\CodeQL-Databases\log4j-codeql-db\trap\java\classes\org\apache\logging\log4j\test\junit\UsingStatusListener.members\UsingStatusListener.members#0.0-1760887949160-java.trap.gz exists
[2025-10-20 03:49:07] [javac-extractor-6292] [WARN] Not rewriting trap file for C:\Sidd all in one\Unsafe\Lab6\CodeQL-Databases\log4j-codeql-db\trap\java\classes\org\apache\logging\log4j\spi\ExtendedLogger.members\ExtendedLogger.members#52.0-1758198736000-java.trap.gz as C:\Sidd all in one\Unsafe\Lab6\CodeQL-Databases\log4j-codeql-db\trap\java\classes\org\apache\logging\log4j\spi\ExtendedLogger.members\ExtendedLogger.members#0.0-1760887949302-java.trap.gz exists
[2025-10-20 03:49:07] [javac-extractor-6292] [WARN] Not rewriting trap file for C:\Sidd all in one\Unsafe\Lab6\CodeQL-Databases\log4j-codeql-db\trap\java\classes\org\apache\logging\log4j\spi\LoggerContext.members\LoggerContext.members#52.0-1758198736000-java.trap.gz as C:\Sidd all in one\Unsafe\Lab6\CodeQL-Databases\log4j-codeql-db\trap\java\classes\org\apache\logging\log4j\spi\LoggerContext.members\LoggerContext.members#0.0-1760887949306-java.trap.gz exists
[2025-10-20 03:49:07] [javac-extractor-6292] [WARN] Not rewriting trap file for C:\Sidd all in one\Unsafe\Lab6\CodeQL-Databases\log4j-codeql-db\trap\java\classes\org\apache\logging\log4j\core\test\junit\ReconfigurationPolicy.members\ReconfigurationPolicy.members#52.0-1758198736000-java.trap.gz as C:\Sidd all in one\Unsafe\Lab6\CodeQL-Databases\log4j-codeql-db\trap\java\classes\org\apache\logging\log4j\core\test\junit\ReconfigurationPolicy.members\ReconfigurationPolicy.members#0.0-1760887949474-java.trap.gz exists
[2025-10-20 03:49:07] [javac-extractor-6292] Processing file C:\Sidd all in one\Unsafe\Lab6\Repos\logging-log4j2\log4j-mongodb4\src\test\java\org\apache\logging\log4j\mongodb4\MongoDb4MapMessageIT.java
[2025-10-20 03:49:07] [javac-extractor-6292] [WARN] Not rewriting trap file for C:\Sidd all in one\Unsafe\Lab6\CodeQL-Databases\log4j-codeql-db\trap\java\classes\org\apache\logging\log4j\Logger.members\Logger.members#52.0-1758198736000-java.trap.gz as C:\Sidd all in one\Unsafe\Lab6\CodeQL-Databases\log4j-codeql-db\trap\java\classes\org\apache\logging\log4j\Logger.members\Logger.members#0.0-1760887949252-java.trap.gz exists
[2025-10-20 03:49:07] [javac-extractor-6292] [WARN] Not rewriting trap file for C:\Sidd all in one\Unsafe\Lab6\CodeQL-Databases\log4j-codeql-db\trap\java\classes\org\apache\logging\log4j\core\LoggerContext.members\LoggerContext.members#52.0-1758198736000-java.trap.gz as C:\Sidd all in one\Unsafe\Lab6\CodeQL-Databases\log4j-codeql-db\trap\java\classes\org\apache\logging\log4j\core\LoggerContext.members\LoggerContext.members#0.0-1760887950310-java.trap.gz exists
[2025-10-20 03:49:07] [javac-extractor-6292] [WARN] Not rewriting trap file for C:\Sidd all in one\Unsafe\Lab6\CodeQL-Databases\log4j-codeql-db\trap\java\classes\org\apache\logging\log4j\core\test\junit\LoggerContextSource.members\LoggerContextSource.members#52.0-1758198736000-java.trap.gz as C:\Sidd all in one\Unsafe\Lab6\CodeQL-Databases\log4j-codeql-db\trap\java\classes\org\apache\logging\log4j\core\test\junit\LoggerContextSource.members\LoggerContextSource.members#0.0-1760887949472-java.trap.gz exists
[2025-10-20 03:49:07] [javac-extractor-6292] [WARN] Not rewriting trap file for C:\Sidd all in one\Unsafe\Lab6\CodeQL-Databases\log4j-codeql-db\trap\java\classes\org\apache\logging\log4j\message\MapMessage.members\MapMessage.members#52.0-1758198736000-java.trap.gz as C:\Sidd all in one\Unsafe\Lab6\CodeQL-Databases\log4j-codeql-db\trap\java\classes\org\apache\logging\log4j\message\MapMessage.members\MapMessage.members#0.0-1760887949267-java.trap.gz exists
[2025-10-20 03:49:07] [javac-extractor-6292] [WARN] Not rewriting trap file for C:\Sidd all in one\Unsafe\Lab6\CodeQL-Databases\log4j-codeql-db\trap\java\classes\org\apache\logging\log4j\test\junit\UsingStatusListener.members\UsingStatusListener.members#52.0-1758198736000-java.trap.gz as C:\Sidd all in one\Unsafe\Lab6\CodeQL-Databases\log4j-codeql-db\trap\java\classes\org\apache\logging\log4j\test\junit\UsingStatusListener.members\UsingStatusListener.members#0.0-1760887949160-java.trap.gz exists
[2025-10-20 03:49:07] [javac-extractor-6292] [WARN] Not rewriting trap file for C:\Sidd all in one\Unsafe\Lab6\CodeQL-Databases\log4j-codeql-db\trap\java\classes\org\apache\logging\log4j\spi\ExtendedLogger.members\ExtendedLogger.members#52.0-1758198736000-java.trap.gz as C:\Sidd all in one\Unsafe\Lab6\CodeQL-Databases\log4j-codeql-db\trap\java\classes\org\apache\logging\log4j\spi\ExtendedLogger.members\ExtendedLogger.members#0.0-1760887949302-java.trap.gz exists
[2025-10-20 03:49:07] [javac-extractor-6292] [WARN] Not rewriting trap file for C:\Sidd all in one\Unsafe\Lab6\CodeQL-Databases\log4j-codeql-db\trap\java\classes\org\apache\logging\log4j\spi\LoggerContext.members\LoggerContext.members#52.0-1758198736000-java.trap.gz as C:\Sidd all in one\Unsafe\Lab6\CodeQL-Databases\log4j-codeql-db\trap\java\classes\org\apache\logging\log4j\spi\LoggerContext.members\LoggerContext.members#0.0-1760887949306-java.trap.gz exists
[2025-10-20 03:49:07] [javac-extractor-6292] [WARN] Not rewriting trap file for C:\Sidd all in one\Unsafe\Lab6\CodeQL-Databases\log4j-codeql-db\trap\java\classes\org\apache\logging\log4j\util\MultiFormatStringBuilderFormattable.members\MultiFormatStringBuilderFormattable.members#52.0-1758198736000-java.trap.gz as C:\Sidd all in one\Unsafe\Lab6\CodeQL-Databases\log4j-codeql-db\trap\java\classes\org\apache\logging\log4j\util\MultiFormatStringBuilderFormattable.members\MultiFormatStringBuilderFormattable.members#0.0-1760887949330-java.trap.gz exists
[2025-10-20 03:49:07] [javac-extractor-6292] [WARN] Not rewriting trap file for C:\Sidd all in one\Unsafe\Lab6\CodeQL-Databases\log4j-codeql-db\trap\java\classes\org\apache\logging\log4j\message\AsynchronouslyFormattable.members\AsynchronouslyFormattable.members#52.0-1758198736000-java.trap.gz as C:\Sidd all in one\Unsafe\Lab6\CodeQL-Databases\log4j-codeql-db\trap\java\classes\org\apache\logging\log4j\message\AsynchronouslyFormattable.members\AsynchronouslyFormattable.members#0.0-1760887949260-java.trap.gz exists
[2025-10-20 03:49:07] [javac-extractor-6292] [WARN] Not rewriting trap file for C:\Sidd all in one\Unsafe\Lab6\CodeQL-Databases\log4j-codeql-db\trap\java\classes\org\apache\logging\log4j\util\PerformanceSensitive.members\PerformanceSensitive.members#52.0-1758198736000-java.trap.gz as C:\Sidd all in one\Unsafe\Lab6\CodeQL-Databases\log4j-codeql-db\trap\java\classes\org\apache\logging\log4j\util\PerformanceSensitive.members\PerformanceSensitive.members#0.0-1760887949332-java.trap.gz exists
[2025-10-20 03:49:07] [javac-extractor-6292] [WARN] Not rewriting trap file for C:\Sidd all in one\Unsafe\Lab6\CodeQL-Databases\log4j-codeql-db\trap\java\classes\org\apache\logging\log4j\util\TriConsumer.members\TriConsumer.members#52.0-1758198736000-java.trap.gz as C:\Sidd all in one\Unsafe\Lab6\CodeQL-Databases\log4j-codeql-db\trap\java\classes\org\apache\logging\log4j\util\TriConsumer.members\TriConsumer.members#0.0-1760887949343-java.trap.gz exists
[2025-10-20 03:49:07] [javac-extractor-6292] [WARN] Not rewriting trap file for C:\Sidd all in one\Unsafe\Lab6\CodeQL-Databases\log4j-codeql-db\trap\java\classes\org\apache\logging\log4j\util\BiConsumer.members\BiConsumer.members#52.0-1758198736000-java.trap.gz as C:\Sidd all in one\Unsafe\Lab6\CodeQL-Databases\log4j-codeql-db\trap\java\classes\org\apache\logging\log4j\util\BiConsumer.members\BiConsumer.members#0.0-1760887949321-java.trap.gz exists
[2025-10-20 03:49:07] [javac-extractor-6292] [WARN] Not rewriting trap file for C:\Sidd all in one\Unsafe\Lab6\CodeQL-Databases\log4j-codeql-db\trap\java\classes\org\apache\logging\log4j\util\IndexedReadOnlyStringMap.members\IndexedReadOnlyStringMap.members#52.0-1758198736000-java.trap.gz as C:\Sidd all in one\Unsafe\Lab6\CodeQL-Databases\log4j-codeql-db\trap\java\classes\org\apache\logging\log4j\util\IndexedReadOnlyStringMap.members\IndexedReadOnlyStringMap.members#0.0-1760887949326-java.trap.gz exists
[2025-10-20 03:49:07] [javac-extractor-6292] [WARN] Not rewriting trap file for C:\Sidd all in one\Unsafe\Lab6\CodeQL-Databases\log4j-codeql-db\trap\java\classes\org\apache\logging\log4j\message\Message.members\Message.members#52.0-1758198736000-java.trap.gz as C:\Sidd all in one\Unsafe\Lab6\CodeQL-Databases\log4j-codeql-db\trap\java\classes\org\apache\logging\log4j\message\Message.members\Message.members#0.0-1760887949269-java.trap.gz exists
[2025-10-20 03:49:07] [javac-extractor-6292] [WARN] Not rewriting trap file for C:\Sidd all in one\Unsafe\Lab6\CodeQL-Databases\log4j-codeql-db\trap\java\classes\org\apache\logging\log4j\core\test\junit\ReconfigurationPolicy.members\ReconfigurationPolicy.members#52.0-1758198736000-java.trap.gz as C:\Sidd all in one\Unsafe\Lab6\CodeQL-Databases\log4j-codeql-db\trap\java\classes\org\apache\logging\log4j\core\test\junit\ReconfigurationPolicy.members\ReconfigurationPolicy.members#0.0-1760887949474-java.trap.gz exists
[2025-10-20 03:49:07] [javac-extractor-6292] Processing file C:\Sidd all in one\Unsafe\Lab6\Repos\logging-log4j2\log4j-mongodb4\src\test\java\org\apache\logging\log4j\mongodb4\MongoDb4ProviderTest.java
[2025-10-20 03:49:08] [javac-extractor-6292] [WARN] Not rewriting trap file for C:\Sidd all in one\Unsafe\Lab6\CodeQL-Databases\log4j-codeql-db\trap\java\classes\org\apache\logging\log4j\mongodb4\MongoDb4Provider.members\MongoDb4Provider.members#52.0-1760912327676-java.trap.gz as C:\Sidd all in one\Unsafe\Lab6\CodeQL-Databases\log4j-codeql-db\trap\java\classes\org\apache\logging\log4j\mongodb4\MongoDb4Provider.members\MongoDb4Provider.members#0.0-1760887951214-java.trap.gz exists
[2025-10-20 03:49:08] [javac-extractor-6292] [WARN] Not rewriting trap file for C:\Sidd all in one\Unsafe\Lab6\CodeQL-Databases\log4j-codeql-db\trap\java\classes\org\apache\logging\log4j\mongodb4\MongoDb4Provider$Builder.members\MongoDb4Provider$Builder.members#52.0-1760912327674-java.trap.gz as C:\Sidd all in one\Unsafe\Lab6\CodeQL-Databases\log4j-codeql-db\trap\java\classes\org\apache\logging\log4j\mongodb4\MongoDb4Provider$Builder.members\MongoDb4Provider$Builder.members#0.0-1760887951214-java.trap.gz exists
[2025-10-20 03:49:08] [javac-extractor-6292] [WARN] Not rewriting trap file for C:\Sidd all in one\Unsafe\Lab6\CodeQL-Databases\log4j-codeql-db\trap\java\classes\org\apache\logging\log4j\core\filter\AbstractFilterable$Builder.members\AbstractFilterable$Builder.members#52.0-1758198736000-java.trap.gz as C:\Sidd all in one\Unsafe\Lab6\CodeQL-Databases\log4j-codeql-db\trap\java\classes\org\apache\logging\log4j\core\filter\AbstractFilterable$Builder.members\AbstractFilterable$Builder.members#0.0-1760887950567-java.trap.gz exists
[2025-10-20 03:49:08] [javac-extractor-6292] [WARN] Not rewriting trap file for C:\Sidd all in one\Unsafe\Lab6\CodeQL-Databases\log4j-codeql-db\trap\java\classes\org\apache\logging\log4j\core\filter\AbstractFilterable.members\AbstractFilterable.members#52.0-1758198736000-java.trap.gz as C:\Sidd all in one\Unsafe\Lab6\CodeQL-Databases\log4j-codeql-db\trap\java\classes\org\apache\logging\log4j\core\filter\AbstractFilterable.members\AbstractFilterable.members#0.0-1760887950567-java.trap.gz exists
[2025-10-20 03:49:08] [javac-extractor-6292] [WARN] Not rewriting trap file for C:\Sidd all in one\Unsafe\Lab6\CodeQL-Databases\log4j-codeql-db\trap\java\classes\org\apache\logging\log4j\core\util\Builder.members\Builder.members#52.0-1758198736000-java.trap.gz as C:\Sidd all in one\Unsafe\Lab6\CodeQL-Databases\log4j-codeql-db\trap\java\classes\org\apache\logging\log4j\core\util\Builder.members\Builder.members#0.0-1760887950774-java.trap.gz exists
[2025-10-20 03:49:08] [javac-extractor-6292] [WARN] Not rewriting trap file for C:\Sidd all in one\Unsafe\Lab6\CodeQL-Databases\log4j-codeql-db\trap\java\classes\org\apache\logging\log4j\core\Filter.members\Filter.members#52.0-1758198736000-java.trap.gz as C:\Sidd all in one\Unsafe\Lab6\CodeQL-Databases\log4j-codeql-db\trap\java\classes\org\apache\logging\log4j\core\Filter.members\Filter.members#0.0-1760887950307-java.trap.gz exists
[2025-10-20 03:49:08] [javac-extractor-6292] [WARN] Not rewriting trap file for C:\Sidd all in one\Unsafe\Lab6\CodeQL-Databases\log4j-codeql-db\trap\java\classes\org\apache\logging\log4j\core\config\Property.members\Property.members#52.0-1758198736000-java.trap.gz as C:\Sidd all in one\Unsafe\Lab6\CodeQL-Databases\log4j-codeql-db\trap\java\classes\org\apache\logging\log4j\core\config\Property.members\Property.members#0.0-1760887950453-java.trap.gz exists
[2025-10-20 03:49:08] [javac-extractor-6292] [WARN] Not rewriting trap file for C:\Sidd all in one\Unsafe\Lab6\CodeQL-Databases\log4j-codeql-db\trap\java\classes\org\apache\logging\log4j\mongodb4\MongoDb4Connection.members\MongoDb4Connection.members#52.0-1760912327667-java.trap.gz as C:\Sidd all in one\Unsafe\Lab6\CodeQL-Databases\log4j-codeql-db\trap\java\classes\org\apache\logging\log4j\mongodb4\MongoDb4Connection.members\MongoDb4Connection.members#0.0-1760887951211-java.trap.gz exists
[2025-10-20 03:49:08] [javac-extractor-6292] Processing file C:\Sidd all in one\Unsafe\Lab6\Repos\logging-log4j2\log4j-mongodb4\src\test\java\org\apache\logging\log4j\mongodb4\MongoDb4Resolver.java
[2025-10-20 03:49:08] [javac-extractor-6292] [WARN] Not rewriting trap file for C:\Sidd all in one\Unsafe\Lab6\CodeQL-Databases\log4j-codeql-db\trap\java\classes\org\apache\logging\log4j\test\junit\ExtensionContextAnchor.members\ExtensionContextAnchor.members#52.0-1758198736000-java.trap.gz as C:\Sidd all in one\Unsafe\Lab6\CodeQL-Databases\log4j-codeql-db\trap\java\classes\org\apache\logging\log4j\test\junit\ExtensionContextAnchor.members\ExtensionContextAnchor.members#0.0-1760887949146-java.trap.gz exists
[2025-10-20 03:49:08] [javac-extractor-6292] [WARN] Not rewriting trap file for C:\Sidd all in one\Unsafe\Lab6\CodeQL-Databases\log4j-codeql-db\trap\java\classes\org\apache\logging\log4j\test\junit\TypeBasedParameterResolver.members\TypeBasedParameterResolver.members#52.0-1758198736000-java.trap.gz as C:\Sidd all in one\Unsafe\Lab6\CodeQL-Databases\log4j-codeql-db\trap\java\classes\org\apache\logging\log4j\test\junit\TypeBasedParameterResolver.members\TypeBasedParameterResolver.members#0.0-1760887949159-java.trap.gz exists
[2025-10-20 03:49:08] [javac-extractor-6292] [WARN] Not rewriting trap file for C:\Sidd all in one\Unsafe\Lab6\CodeQL-Databases\log4j-codeql-db\trap\java\classes\org\apache\logging\log4j\util\PropertiesUtil.members\PropertiesUtil.members#52.0-1758198736000-java.trap.gz as C:\Sidd all in one\Unsafe\Lab6\CodeQL-Databases\log4j-codeql-db\trap\java\classes\org\apache\logging\log4j\util\PropertiesUtil.members\PropertiesUtil.members#0.0-1760887949333-java.trap.gz exists
[2025-10-20 03:49:08] [javac-extractor-6292] Processing file C:\Sidd all in one\Unsafe\Lab6\Repos\logging-log4j2\log4j-mongodb4\src\test\java\org\apache\logging\log4j\mongodb4\MongoDb4ResolverIT.java
[2025-10-20 03:49:08] [javac-extractor-6292] [WARN] Not rewriting trap file for C:\Sidd all in one\Unsafe\Lab6\CodeQL-Databases\log4j-codeql-db\trap\java\classes\org\apache\logging\log4j\test\junit\UsingStatusListener.members\UsingStatusListener.members#52.0-1758198736000-java.trap.gz as C:\Sidd all in one\Unsafe\Lab6\CodeQL-Databases\log4j-codeql-db\trap\java\classes\org\apache\logging\log4j\test\junit\UsingStatusListener.members\UsingStatusListener.members#0.0-1760887949160-java.trap.gz exists
[2025-10-20 03:49:08] [javac-extractor-6292] Processing file C:\Sidd all in one\Unsafe\Lab6\Repos\logging-log4j2\log4j-mongodb4\src\test\java\org\apache\logging\log4j\mongodb4\MongoDb4TestConstants.java
[2025-10-20 03:49:08] [javac-extractor-6292] Javac init time: 2.9s
[2025-10-20 03:49:08] [javac-extractor-6292] Javac attr time: 0.6s
[2025-10-20 03:49:08] [javac-extractor-6292] Extractor time: 2.1s
[2025-10-20 03:49:08] [javac-extractor-6292] Other time: 0.3s
[2025-10-20 03:49:08] [javac-extractor-6292] Total time: 5.9s
