[2025-10-20 03:46:40] [javac-extractor-25344] Starting extraction for:
                                              sun.java.command=com.semmle.extractor.java.JavaExtractor --jdk-version 17 --javac-args @@@C:\Sidd all in one\Unsafe\Lab6\CodeQL-Databases\log4j-codeql-db\log\ext\javac-63.args
                                              user.dir=C:\Sidd all in one\Unsafe\Lab6\Repos\logging-log4j2
[2025-10-20 03:46:40] [javac-extractor-25344] Compilation name C:/Sidd all in one/Unsafe/Lab6/CodeQL-Databases/log4j-codeql-db/trap/java/diagnostics/diagnostic-63.trap.gz
[2025-10-20 03:46:40] [javac-extractor-25344] [WARN] Appending source destination directory C:\Sidd all in one\Unsafe\Lab6\Repos\logging-log4j2\log4j-layout-template-json-test\target\generated-sources\annotations to sourcepath
[2025-10-20 03:46:42] [javac-extractor-25344] Annotation processor class 'lombok.launch.AnnotationProcessorHider$AnnotationProcessor' initialized.
[2025-10-20 03:46:42] [javac-extractor-25344] Annotation processor class 'lombok.launch.AnnotationProcessorHider$ClaimingProcessor' initialized.
[2025-10-20 03:46:42] [javac-extractor-25344] 2 files will be passed to the attrib/flow phase
[2025-10-20 03:46:43] [javac-extractor-25344] Processing file C:\Sidd all in one\Unsafe\Lab6\Repos\logging-log4j2\log4j-layout-template-json-test\src\main\java\org\apache\logging\log4j\layout\template\json\BlackHoleByteBufferDestination.java
[2025-10-20 03:46:43] [javac-extractor-25344] [WARN] Not rewriting trap file for C:\Sidd all in one\Unsafe\Lab6\CodeQL-Databases\log4j-codeql-db\trap\java\classes\org\apache\logging\log4j\core\layout\ByteBufferDestination.members\ByteBufferDestination.members#52.0-1758198736000-java.trap.gz as C:\Sidd all in one\Unsafe\Lab6\CodeQL-Databases\log4j-codeql-db\trap\java\classes\org\apache\logging\log4j\core\layout\ByteBufferDestination.members\ByteBufferDestination.members#0.0-1760887950637-java.trap.gz exists
[2025-10-20 03:46:43] [javac-extractor-25344] [WARN] Not rewriting trap file for C:\Sidd all in one\Unsafe\Lab6\CodeQL-Databases\log4j-codeql-db\trap\java\classes\org\apache\logging\log4j\core\layout\ByteBufferDestinationHelper.members\ByteBufferDestinationHelper.members#52.0-1758198736000-java.trap.gz as C:\Sidd all in one\Unsafe\Lab6\CodeQL-Databases\log4j-codeql-db\trap\java\classes\org\apache\logging\log4j\core\layout\ByteBufferDestinationHelper.members\ByteBufferDestinationHelper.members#0.0-1760887950638-java.trap.gz exists
[2025-10-20 03:46:43] [javac-extractor-25344] Processing file C:\Sidd all in one\Unsafe\Lab6\Repos\logging-log4j2\log4j-layout-template-json-test\src\main\java\org\apache\logging\log4j\layout\template\json\LogEventFixture.java
[2025-10-20 03:46:43] [javac-extractor-25344] [WARN] Not rewriting trap file for C:\Sidd all in one\Unsafe\Lab6\CodeQL-Databases\log4j-codeql-db\trap\java\classes\org\apache\logging\log4j\Level.members\Level.members#52.0-1758198736000-java.trap.gz as C:\Sidd all in one\Unsafe\Lab6\CodeQL-Databases\log4j-codeql-db\trap\java\classes\org\apache\logging\log4j\Level.members\Level.members#0.0-1760887949247-java.trap.gz exists
[2025-10-20 03:46:43] [javac-extractor-25344] [WARN] Not rewriting trap file for C:\Sidd all in one\Unsafe\Lab6\CodeQL-Databases\log4j-codeql-db\trap\java\classes\org\apache\logging\log4j\core\LogEvent.members\LogEvent.members#52.0-1758198736000-java.trap.gz as C:\Sidd all in one\Unsafe\Lab6\CodeQL-Databases\log4j-codeql-db\trap\java\classes\org\apache\logging\log4j\core\LogEvent.members\LogEvent.members#0.0-1760887950308-java.trap.gz exists
[2025-10-20 03:46:43] [javac-extractor-25344] [WARN] Not rewriting trap file for C:\Sidd all in one\Unsafe\Lab6\CodeQL-Databases\log4j-codeql-db\trap\java\classes\org\apache\logging\log4j\core\impl\ContextDataFactory.members\ContextDataFactory.members#52.0-1758198736000-java.trap.gz as C:\Sidd all in one\Unsafe\Lab6\CodeQL-Databases\log4j-codeql-db\trap\java\classes\org\apache\logging\log4j\core\impl\ContextDataFactory.members\ContextDataFactory.members#0.0-1760887950588-java.trap.gz exists
[2025-10-20 03:46:43] [javac-extractor-25344] [WARN] Not rewriting trap file for C:\Sidd all in one\Unsafe\Lab6\CodeQL-Databases\log4j-codeql-db\trap\java\classes\org\apache\logging\log4j\core\impl\Log4jLogEvent.members\Log4jLogEvent.members#52.0-1758198736000-java.trap.gz as C:\Sidd all in one\Unsafe\Lab6\CodeQL-Databases\log4j-codeql-db\trap\java\classes\org\apache\logging\log4j\core\impl\Log4jLogEvent.members\Log4jLogEvent.members#0.0-1760887950594-java.trap.gz exists
[2025-10-20 03:46:43] [javac-extractor-25344] [WARN] Not rewriting trap file for C:\Sidd all in one\Unsafe\Lab6\CodeQL-Databases\log4j-codeql-db\trap\java\classes\org\apache\logging\log4j\message\SimpleMessage.members\SimpleMessage.members#52.0-1758198736000-java.trap.gz as C:\Sidd all in one\Unsafe\Lab6\CodeQL-Databases\log4j-codeql-db\trap\java\classes\org\apache\logging\log4j\message\SimpleMessage.members\SimpleMessage.members#0.0-1760887949284-java.trap.gz exists
[2025-10-20 03:46:43] [javac-extractor-25344] [WARN] Not rewriting trap file for C:\Sidd all in one\Unsafe\Lab6\CodeQL-Databases\log4j-codeql-db\trap\java\classes\org\apache\logging\log4j\spi\MutableThreadContextStack.members\MutableThreadContextStack.members#52.0-1758198736000-java.trap.gz as C:\Sidd all in one\Unsafe\Lab6\CodeQL-Databases\log4j-codeql-db\trap\java\classes\org\apache\logging\log4j\spi\MutableThreadContextStack.members\MutableThreadContextStack.members#0.0-1760887949308-java.trap.gz exists
[2025-10-20 03:46:43] [javac-extractor-25344] [WARN] Not rewriting trap file for C:\Sidd all in one\Unsafe\Lab6\CodeQL-Databases\log4j-codeql-db\trap\java\classes\org\apache\logging\log4j\spi\ThreadContextStack.members\ThreadContextStack.members#52.0-1758198736000-java.trap.gz as C:\Sidd all in one\Unsafe\Lab6\CodeQL-Databases\log4j-codeql-db\trap\java\classes\org\apache\logging\log4j\spi\ThreadContextStack.members\ThreadContextStack.members#0.0-1760887949316-java.trap.gz exists
[2025-10-20 03:46:43] [javac-extractor-25344] [WARN] Not rewriting trap file for C:\Sidd all in one\Unsafe\Lab6\CodeQL-Databases\log4j-codeql-db\trap\java\classes\org\apache\logging\log4j\util\StringMap.members\StringMap.members#52.0-1758198736000-java.trap.gz as C:\Sidd all in one\Unsafe\Lab6\CodeQL-Databases\log4j-codeql-db\trap\java\classes\org\apache\logging\log4j\util\StringMap.members\StringMap.members#0.0-1760887949338-java.trap.gz exists
[2025-10-20 03:46:43] [javac-extractor-25344] [WARN] Not rewriting trap file for C:\Sidd all in one\Unsafe\Lab6\CodeQL-Databases\log4j-codeql-db\trap\java\classes\org\apache\logging\log4j\core\impl\Log4jLogEvent$Builder.members\Log4jLogEvent$Builder.members#52.0-1758198736000-java.trap.gz as C:\Sidd all in one\Unsafe\Lab6\CodeQL-Databases\log4j-codeql-db\trap\java\classes\org\apache\logging\log4j\core\impl\Log4jLogEvent$Builder.members\Log4jLogEvent$Builder.members#0.0-1760887950594-java.trap.gz exists
[2025-10-20 03:46:43] [javac-extractor-25344] [WARN] Not rewriting trap file for C:\Sidd all in one\Unsafe\Lab6\CodeQL-Databases\log4j-codeql-db\trap\java\classes\org\apache\logging\log4j\message\Message.members\Message.members#52.0-1758198736000-java.trap.gz as C:\Sidd all in one\Unsafe\Lab6\CodeQL-Databases\log4j-codeql-db\trap\java\classes\org\apache\logging\log4j\message\Message.members\Message.members#0.0-1760887949269-java.trap.gz exists
[2025-10-20 03:46:43] [javac-extractor-25344] [WARN] Not rewriting trap file for C:\Sidd all in one\Unsafe\Lab6\CodeQL-Databases\log4j-codeql-db\trap\java\classes\org\apache\logging\log4j\ThreadContext$ContextStack.members\ThreadContext$ContextStack.members#52.0-1758198736000-java.trap.gz as C:\Sidd all in one\Unsafe\Lab6\CodeQL-Databases\log4j-codeql-db\trap\java\classes\org\apache\logging\log4j\ThreadContext$ContextStack.members\ThreadContext$ContextStack.members#0.0-1760887949253-java.trap.gz exists
[2025-10-20 03:46:43] [javac-extractor-25344] Javac init time: 1.9s
[2025-10-20 03:46:43] [javac-extractor-25344] Javac attr time: 0.1s
[2025-10-20 03:46:43] [javac-extractor-25344] Extractor time: 0.3s
[2025-10-20 03:46:43] [javac-extractor-25344] Other time: 0.3s
[2025-10-20 03:46:43] [javac-extractor-25344] Total time: 2.6s
