[2025-10-20 00:23:20] This is codeql database create results\zxing-codeql-db --language=java --source-root=./Repos/zxing --overwrite
[2025-10-20 00:23:20] Log file was started late.
[2025-10-20 00:23:20] [PROGRESS] database create> Initializing database at C:\Sidd all in one\Unsafe\Lab6\results\zxing-codeql-db.
[2025-10-20 00:23:20] Running plumbing command: codeql database init --overwrite --language=java --extractor-options-verbosity=1 --qlconfig-file=C:\Sidd all in one\Unsafe\Lab6\qlconfig.yml --source-root=C:\Sidd all in one\Unsafe\Lab6\Repos\zxing --allow-missing-source-root=false --allow-already-existing -- C:\Sidd all in one\Unsafe\Lab6\results\zxing-codeql-db
[2025-10-20 00:23:20] Calling plumbing command: codeql resolve languages --extractor-options-verbosity=1 --format=betterjson
[2025-10-20 00:23:20] [DETAILS] resolve languages> Scanning for [codeql-extractor.yml] from C:\Sidd all in one\Unsafe\Lab6\Tools\codeql\.codeqlmanifest.json
[2025-10-20 00:23:20] [DETAILS] resolve languages> Parsing C:\Sidd all in one\Unsafe\Lab6\Tools\codeql\actions\codeql-extractor.yml.
[2025-10-20 00:23:21] [DETAILS] resolve languages> Parsing C:\Sidd all in one\Unsafe\Lab6\Tools\codeql\cpp\codeql-extractor.yml.
[2025-10-20 00:23:21] [DETAILS] resolve languages> Parsing C:\Sidd all in one\Unsafe\Lab6\Tools\codeql\csharp\codeql-extractor.yml.
[2025-10-20 00:23:21] [DETAILS] resolve languages> Parsing C:\Sidd all in one\Unsafe\Lab6\Tools\codeql\csv\codeql-extractor.yml.
[2025-10-20 00:23:21] [DETAILS] resolve languages> Parsing C:\Sidd all in one\Unsafe\Lab6\Tools\codeql\go\codeql-extractor.yml.
[2025-10-20 00:23:21] [DETAILS] resolve languages> Parsing C:\Sidd all in one\Unsafe\Lab6\Tools\codeql\html\codeql-extractor.yml.
[2025-10-20 00:23:21] [DETAILS] resolve languages> Parsing C:\Sidd all in one\Unsafe\Lab6\Tools\codeql\java\codeql-extractor.yml.
[2025-10-20 00:23:21] [DETAILS] resolve languages> Parsing C:\Sidd all in one\Unsafe\Lab6\Tools\codeql\javascript\codeql-extractor.yml.
[2025-10-20 00:23:21] [DETAILS] resolve languages> Parsing C:\Sidd all in one\Unsafe\Lab6\Tools\codeql\properties\codeql-extractor.yml.
[2025-10-20 00:23:21] [DETAILS] resolve languages> Parsing C:\Sidd all in one\Unsafe\Lab6\Tools\codeql\python\codeql-extractor.yml.
[2025-10-20 00:23:21] [DETAILS] resolve languages> Parsing C:\Sidd all in one\Unsafe\Lab6\Tools\codeql\ruby\codeql-extractor.yml.
[2025-10-20 00:23:21] [DETAILS] resolve languages> Parsing C:\Sidd all in one\Unsafe\Lab6\Tools\codeql\rust\codeql-extractor.yml.
[2025-10-20 00:23:21] [DETAILS] resolve languages> Parsing C:\Sidd all in one\Unsafe\Lab6\Tools\codeql\swift\codeql-extractor.yml.
[2025-10-20 00:23:21] [DETAILS] resolve languages> Parsing C:\Sidd all in one\Unsafe\Lab6\Tools\codeql\xml\codeql-extractor.yml.
[2025-10-20 00:23:21] [DETAILS] resolve languages> Parsing C:\Sidd all in one\Unsafe\Lab6\Tools\codeql\yaml\codeql-extractor.yml.
[2025-10-20 00:23:21] Plumbing command codeql resolve languages completed:
                      {
                        "aliases" : {
                          "c" : "cpp",
                          "c++" : "cpp",
                          "c-c++" : "cpp",
                          "c-cpp" : "cpp",
                          "c#" : "csharp",
                          "java-kotlin" : "java",
                          "kotlin" : "java",
                          "javascript-typescript" : "javascript",
                          "typescript" : "javascript"
                        },
                        "extractors" : {
                          "actions" : [
                            {
                              "extractor_root" : "C:\\Sidd all in one\\Unsafe\\Lab6\\Tools\\codeql\\actions",
                              "extractor_options" : { }
                            }
                          ],
                          "cpp" : [
                            {
                              "extractor_root" : "C:\\Sidd all in one\\Unsafe\\Lab6\\Tools\\codeql\\cpp",
                              "extractor_options" : {
                                "scale_timeouts" : {
                                  "title" : "Value to scale compiler introspection timeouts with",
                                  "description" : "The extractor attempts to determine what compiler the source code being extracted is compiled with. To this end the extractor makes additional calls to the compiler, some of which are expected to return within a certain fixed time (either 10s or 15s). On some systems that are under high load this time might be too short, and can be scaled up using this option.\n",
                                  "type" : "string",
                                  "pattern" : "[0-9]+"
                                },
                                "log_verbosity" : {
                                  "title" : "Verbosity of the extractor logging",
                                  "description" : "Set the verbosity of the extractor logging to 'quiet' (0), 'normal' (1), 'chatty' (2), or 'noisy' (3). The default is 'normal'.\n",
                                  "type" : "string",
                                  "pattern" : "[0-3]"
                                }
                              }
                            }
                          ],
                          "csharp" : [
                            {
                              "extractor_root" : "C:\\Sidd all in one\\Unsafe\\Lab6\\Tools\\codeql\\csharp",
                              "extractor_options" : {
                                "trap" : {
                                  "title" : "Options pertaining to TRAP.",
                                  "description" : "Options pertaining to TRAP.",
                                  "type" : "object",
                                  "properties" : {
                                    "compression" : {
                                      "title" : "Controls compression for the TRAP files written by the extractor.",
                                      "description" : "This option is only intended for use in debugging the extractor. Accepted values are 'brotli' (the default, to write brotli-compressed TRAP), 'gzip', and 'none' (to write uncompressed TRAP).\n",
                                      "type" : "string",
                                      "pattern" : "^(none|gzip|brotli)$"
                                    }
                                  }
                                },
                                "buildless" : {
                                  "title" : "DEPRECATED - Whether to use buildless (standalone) extraction.",
                                  "description" : "DEPRECATED: Use `--build-mode none` instead.\nA value indicating, which type of extraction the autobuilder should perform. If 'true', then the standalone extractor will be used, otherwise tracing extraction will be performed. The default is 'false'. Note that buildless extraction will generally yield less accurate analysis results, and should only be used in cases where it is not possible to build the code (for example if it uses inaccessible dependencies).\n",
                                  "type" : "string",
                                  "pattern" : "^(false|true)$"
                                },
                                "logging" : {
                                  "title" : "Options pertaining to logging.",
                                  "description" : "Options pertaining to logging.",
                                  "type" : "object",
                                  "properties" : {
                                    "verbosity" : {
                                      "title" : "Extractor logging verbosity level.",
                                      "description" : "Controls the level of verbosity of the extractor. The supported levels are (in order of increasing verbosity):\n  - off\n  - errors\n  - warnings\n  - info or progress\n  - debug or progress+\n  - trace or progress++\n  - progress+++\n",
                                      "type" : "string",
                                      "pattern" : "^(off|errors|warnings|(info|progress)|(debug|progress\\+)|(trace|progress\\+\\+)|progress\\+\\+\\+)$"
                                    }
                                  }
                                },
                                "binlog" : {
                                  "title" : "Binlog",
                                  "description" : "[EXPERIMENTAL] The value is a path to the MsBuild binary log file that should be extracted. This option only works when `--build-mode none` is also specified.\n",
                                  "type" : "array"
                                }
                              }
                            }
                          ],
                          "csv" : [
                            {
                              "extractor_root" : "C:\\Sidd all in one\\Unsafe\\Lab6\\Tools\\codeql\\csv"
                            }
                          ],
                          "go" : [
                            {
                              "extractor_root" : "C:\\Sidd all in one\\Unsafe\\Lab6\\Tools\\codeql\\go",
                              "extractor_options" : {
                                "extract_tests" : {
                                  "title" : "Whether to include Go test files in the CodeQL database.",
                                  "description" : "A value indicating whether Go test files should be included in the CodeQL database. The default is 'false'.\n",
                                  "type" : "string",
                                  "pattern" : "^(false|true)$"
                                },
                                "extract_vendor_dirs" : {
                                  "title" : "Whether to include Go vendor directories in the CodeQL database.",
                                  "description" : "A value indicating whether Go vendor directories should be included in the CodeQL database. The default is 'false'.\n",
                                  "type" : "string",
                                  "pattern" : "^(false|true)$"
                                }
                              }
                            }
                          ],
                          "html" : [
                            {
                              "extractor_root" : "C:\\Sidd all in one\\Unsafe\\Lab6\\Tools\\codeql\\html"
                            }
                          ],
                          "java" : [
                            {
                              "extractor_root" : "C:\\Sidd all in one\\Unsafe\\Lab6\\Tools\\codeql\\java",
                              "extractor_options" : {
                                "exclude" : {
                                  "title" : "A glob excluding files from analysis.",
                                  "description" : "A glob indicating what files to exclude from the analysis. This accepts glob patterns that are supported by Java's 'getPathMatcher' implementation.\n",
                                  "type" : "string"
                                },
                                "add_prefer_source" : {
                                  "title" : "Whether to always prefer source files over class files.",
                                  "description" : "A value indicating whether source files should be preferred over class files. If set to 'true', the extraction adds '-Xprefer:source' to the javac command line. If set to 'false', the extraction uses the default javac behavior ('-Xprefer:newer'). The default is 'true'.\n",
                                  "type" : "string",
                                  "pattern" : "^(false|true)$"
                                },
                                "buildless" : {
                                  "title" : "Whether to use buildless (standalone) extraction (experimental).",
                                  "description" : "A value indicating, which type of extraction the autobuilder should perform. If 'true', then the standalone extractor will be used, otherwise tracing extraction will be performed. The default is 'false'. Note that buildless extraction will generally yield less accurate analysis results, and should only be used in cases where it is not possible to build the code (for example if it uses inaccessible dependencies).\n",
                                  "type" : "string",
                                  "pattern" : "^(false|true)$"
                                },
                                "buildless_dependency_dir" : {
                                  "title" : "The path where buildless (standalone) extraction should keep dependencies.",
                                  "description" : "If set, the buildless (standalone) extractor will store dependencies in this directory.\n",
                                  "type" : "string"
                                },
                                "minimize_dependency_jars" : {
                                  "title" : "Whether to rewrite and minimize downloaded JAR dependencies (experimental).",
                                  "description" : "If 'true', JAR dependencies downloaded during extraction will be rewritten to remove unneeded data, such as method bodies. The default is 'false'.\n",
                                  "type" : "string",
                                  "pattern" : "^(false|true)$"
                                }
                              }
                            }
                          ],
                          "javascript" : [
                            {
                              "extractor_root" : "C:\\Sidd all in one\\Unsafe\\Lab6\\Tools\\codeql\\javascript",
                              "extractor_options" : {
                                "skip_types" : {
                                  "title" : "Skip type extraction for TypeScript",
                                  "description" : "Whether to skip the extraction of types in a TypeScript application",
                                  "type" : "string",
                                  "pattern" : "^(false|true)$"
                                }
                              }
                            }
                          ],
                          "properties" : [
                            {
                              "extractor_root" : "C:\\Sidd all in one\\Unsafe\\Lab6\\Tools\\codeql\\properties"
                            }
                          ],
                          "python" : [
                            {
                              "extractor_root" : "C:\\Sidd all in one\\Unsafe\\Lab6\\Tools\\codeql\\python",
                              "extractor_options" : {
                                "logging" : {
                                  "title" : "Options pertaining to logging.",
                                  "description" : "Options pertaining to logging.",
                                  "type" : "object",
                                  "properties" : {
                                    "verbosity" : {
                                      "title" : "Python extractor logging verbosity level.",
                                      "description" : "Controls the level of verbosity of the CodeQL Python extractor.\nThe supported levels are (in order of increasing verbosity):\n\n  - off\n  - errors\n  - warnings\n  - info or progress\n  - debug or progress+\n  - trace or progress++\n  - progress+++\n",
                                      "type" : "string",
                                      "pattern" : "^(off|errors|warnings|(info|progress)|(debug|progress\\+)|(trace|progress\\+\\+)|progress\\+\\+\\+)$"
                                    }
                                  }
                                },
                                "python_executable_name" : {
                                  "title" : "Controls the name of the Python executable used by the Python extractor.",
                                  "description" : "The Python extractor uses platform-dependent heuristics to determine the name of the Python executable to use. Specifying a value for this option overrides the name of the Python executable used by the extractor. Accepted values are py, python and python3. Use this setting with caution, the Python extractor requires Python 3 to run.\n",
                                  "type" : "string",
                                  "pattern" : "^(py|python|python3)$"
                                }
                              }
                            }
                          ],
                          "ruby" : [
                            {
                              "extractor_root" : "C:\\Sidd all in one\\Unsafe\\Lab6\\Tools\\codeql\\ruby",
                              "extractor_options" : {
                                "trap" : {
                                  "title" : "Options pertaining to TRAP.",
                                  "description" : "Options pertaining to TRAP.",
                                  "type" : "object",
                                  "properties" : {
                                    "compression" : {
                                      "title" : "Controls compression for the TRAP files written by the extractor.",
                                      "description" : "This option is only intended for use in debugging the extractor. Accepted values are 'gzip' (the default, to write gzip-compressed TRAP) 'zstd' (to write Zstandard-compressed TRAP) and 'none' (to write uncompressed TRAP).\n",
                                      "type" : "string",
                                      "pattern" : "^(none|gzip|zstd)$"
                                    }
                                  }
                                }
                              }
                            }
                          ],
                          "rust" : [
                            {
                              "extractor_root" : "C:\\Sidd all in one\\Unsafe\\Lab6\\Tools\\codeql\\rust",
                              "extractor_options" : {
                                "trap" : {
                                  "title" : "Options pertaining to TRAP.",
                                  "description" : "Options pertaining to TRAP.",
                                  "type" : "object",
                                  "properties" : {
                                    "compression" : {
                                      "title" : "Controls compression for the TRAP files written by the extractor.",
                                      "description" : "This option is only intended for use in debugging the extractor. Accepted values are 'gzip' (to write gzip-compressed TRAP) 'zstd' (to write Zstandard-compressed TRAP) and 'none' (the default, to write uncompressed TRAP).\n",
                                      "type" : "string",
                                      "pattern" : "^(none|gzip|zstd)$"
                                    }
                                  }
                                },
                                "cargo_target_dir" : {
                                  "title" : "Directory to use for cargo output files.",
                                  "description" : "This value is an optional path to use as `CARGO_TARGET_DIR` for the internal cargo commands the extractor uses. Pointing it to a persistent directory may reduce execution time of consecutive extractor runs. By default, a new scratch directory is used for each run.\n",
                                  "type" : "string"
                                },
                                "cargo_target" : {
                                  "title" : "Target architecture",
                                  "description" : "Target architecture to use for analysis, analogous to `cargo --target`. By default the host architecture is used.\n",
                                  "type" : "string"
                                },
                                "cargo_features" : {
                                  "title" : "Cargo features to turn on",
                                  "description" : "Comma-separated list of features to turn on. By default all features are enabled. If any features are specified, then only those features are enabled. The `default` feature must be explicitly specified if only default features are desired. Can be repeated.\n",
                                  "type" : "array"
                                },
                                "cargo_cfg_overrides" : {
                                  "title" : "Cargo cfg overrides",
                                  "description" : "Comma-separated list of cfg settings to enable, or disable if prefixed with `-`. Can be repeated.\n",
                                  "type" : "array"
                                },
                                "logging" : {
                                  "title" : "Options pertaining to logging.",
                                  "description" : "Options pertaining to logging.",
                                  "type" : "object",
                                  "properties" : {
                                    "verbosity" : {
                                      "title" : "Extractor logging verbosity level.",
                                      "description" : "Controls the level of verbosity of the extractor. The supported levels are (in order of increasing verbosity):\n  - off\n  - errors\n  - warnings\n  - info or progress\n  - debug or progress+\n  - trace or progress++\n  - progress+++\n",
                                      "type" : "string",
                                      "pattern" : "^(off|errors|warnings|(info|progress)|(debug|progress\\+)|(trace|progress\\+\\+)|progress\\+\\+\\+)$"
                                    },
                                    "flamegraph" : {
                                      "title" : "[Experimental] File path for write flame graph log",
                                      "description" : "Collect flame graph data using the `tracing-flame` crate. To render a flame graph or chart, run the `inferno-flamegraph` command. See also: https://crates.io/crates/tracing-flame\n",
                                      "type" : "string"
                                    }
                                  }
                                },
                                "extract_dependencies_as_source" : {
                                  "title" : "Extract dependencies as source code",
                                  "description" : "Extract the full source code of dependencies instead of only extracting signatures.\n",
                                  "type" : "string",
                                  "pattern" : "^(false|true)$"
                                }
                              }
                            }
                          ],
                          "swift" : [
                            {
                              "extractor_root" : "C:\\Sidd all in one\\Unsafe\\Lab6\\Tools\\codeql\\swift"
                            }
                          ],
                          "xml" : [
                            {
                              "extractor_root" : "C:\\Sidd all in one\\Unsafe\\Lab6\\Tools\\codeql\\xml"
                            }
                          ],
                          "yaml" : [
                            {
                              "extractor_root" : "C:\\Sidd all in one\\Unsafe\\Lab6\\Tools\\codeql\\yaml"
                            }
                          ]
                        }
                      }
[2025-10-20 00:23:21] [PROGRESS] database init> Calculating baseline information in C:\Sidd all in one\Unsafe\Lab6\Repos\zxing
[2025-10-20 00:23:21] [SPAMMY] database init> Ignoring the following directories when processing baseline information: .git, .hg, .svn.
[2025-10-20 00:23:21] [DETAILS] database init> Running command in C:\Sidd all in one\Unsafe\Lab6\Repos\zxing: C:\Sidd all in one\Unsafe\Lab6\Tools\codeql\tools\win64\scc.exe --by-file --exclude-dir .git,.hg,.svn --format json --no-large --no-min .
[2025-10-20 00:23:21] Using configure-baseline script C:\Sidd all in one\Unsafe\Lab6\Tools\codeql\actions\tools\configure-baseline.cmd.
[2025-10-20 00:23:21] [PROGRESS] database init> Running command in C:\Sidd all in one\Unsafe\Lab6\Repos\zxing: [C:\Sidd all in one\Unsafe\Lab6\Tools\codeql\actions\tools\configure-baseline.cmd]
[2025-10-20 00:23:21] Exception caught at top level: IOException while executing process with args: [C:\Sidd all in one\Unsafe\Lab6\Tools\codeql\tools\runner.exe, cmd.exe, /C, type, NUL, &&, C:\Sidd all in one\Unsafe\Lab6\Tools\codeql\actions\tools\configure-baseline.cmd]
                      (eventual cause: IOException "CreateProcess error=2, The system cannot find the file specified")
                      com.semmle.util.process.AbstractProcessBuilder.execute(AbstractProcessBuilder.java:177)
                      com.semmle.util.process.AbstractProcessBuilder.execute(AbstractProcessBuilder.java:114)
                      com.semmle.cli2.Commandline.executeAndCheckResult(Commandline.java:165)
                      com.semmle.cli2.Commandline.runWithReturn(Commandline.java:78)
                      com.semmle.cli2.database.baseline.BaselineConfig.lambda$getConfigForLanguage$0(BaselineConfig.java:49)
                      java.base/java.util.Optional.flatMap(Unknown Source)
                      com.semmle.cli2.database.baseline.BaselineConfig.getConfigForLanguage(BaselineConfig.java:38)
                      com.semmle.cli2.database.baseline.SccBaseline.lambda$getBaselineConfigForLanguage$6(SccBaseline.java:200)
                      java.base/java.util.HashMap.computeIfAbsent(Unknown Source)
                      com.semmle.cli2.database.baseline.SccBaseline.getBaselineConfigForLanguage(SccBaseline.java:199)
                      com.semmle.cli2.database.baseline.SccBaseline.populateBaselineForLanguage(SccBaseline.java:206)
                      com.semmle.cli2.database.baseline.SccBaseline.lambda$run$12(SccBaseline.java:257)
                      java.base/java.util.Optional.map(Unknown Source)
                      com.semmle.cli2.database.baseline.SccBaseline.run(SccBaseline.java:245)
                      com.semmle.cli2.database.baseline.SccBaseline.calculate(SccBaseline.java:285)
                      com.semmle.cli2.database.InitCommand.executeSubcommand(InitCommand.java:229)
                      com.semmle.cli2.picocli.SubcommandCommon.lambda$executeSubcommandWithMessages$5(SubcommandCommon.java:892)
                      com.semmle.cli2.picocli.SubcommandCommon.withCompilationMessages(SubcommandCommon.java:444)
                      com.semmle.cli2.picocli.SubcommandCommon.executeSubcommandWithMessages(SubcommandCommon.java:890)
                      com.semmle.cli2.picocli.PlumbingRunner.run(PlumbingRunner.java:119)
                      com.semmle.cli2.picocli.SubcommandCommon.runPlumbingInProcess(SubcommandCommon.java:201)
                      com.semmle.cli2.database.CreateCommand.executeSubcommand(CreateCommand.java:113)
                      com.semmle.cli2.picocli.SubcommandCommon.lambda$executeSubcommandWithMessages$5(SubcommandCommon.java:892)
                      com.semmle.cli2.picocli.SubcommandCommon.withCompilationMessages(SubcommandCommon.java:444)
                      com.semmle.cli2.picocli.SubcommandCommon.executeSubcommandWithMessages(SubcommandCommon.java:890)
                      com.semmle.cli2.picocli.SubcommandCommon.toplevelMain(SubcommandCommon.java:777)
                      com.semmle.cli2.picocli.SubcommandCommon.call(SubcommandCommon.java:757)
                      com.semmle.cli2.picocli.SubcommandMaker.runMain(SubcommandMaker.java:238)
                      com.semmle.cli2.picocli.SubcommandMaker.runMain(SubcommandMaker.java:259)
                      com.semmle.cli2.CodeQL.main(CodeQL.java:113)
                      
                       ... caused by:
                      
                      java.io.IOException: Cannot run program "C:\Sidd all in one\Unsafe\Lab6\Tools\codeql\tools\runner.exe" (in directory "C:\Sidd all in one\Unsafe\Lab6\Repos\zxing"): CreateProcess error=2, The system cannot find the file specified
                      java.base/java.lang.ProcessBuilder.start(Unknown Source)
                      java.base/java.lang.ProcessBuilder.start(Unknown Source)
                      com.semmle.util.process.AbstractProcessBuilder.execute(AbstractProcessBuilder.java:146)
                      com.semmle.util.process.AbstractProcessBuilder.execute(AbstractProcessBuilder.java:114)
                      com.semmle.cli2.Commandline.executeAndCheckResult(Commandline.java:165)
                      com.semmle.cli2.Commandline.runWithReturn(Commandline.java:78)
                      com.semmle.cli2.database.baseline.BaselineConfig.lambda$getConfigForLanguage$0(BaselineConfig.java:49)
                      java.base/java.util.Optional.flatMap(Unknown Source)
                      com.semmle.cli2.database.baseline.BaselineConfig.getConfigForLanguage(BaselineConfig.java:38)
                      com.semmle.cli2.database.baseline.SccBaseline.lambda$getBaselineConfigForLanguage$6(SccBaseline.java:200)
                      java.base/java.util.HashMap.computeIfAbsent(Unknown Source)
                      com.semmle.cli2.database.baseline.SccBaseline.getBaselineConfigForLanguage(SccBaseline.java:199)
                      com.semmle.cli2.database.baseline.SccBaseline.populateBaselineForLanguage(SccBaseline.java:206)
                      com.semmle.cli2.database.baseline.SccBaseline.lambda$run$12(SccBaseline.java:257)
                      java.base/java.util.Optional.map(Unknown Source)
                      com.semmle.cli2.database.baseline.SccBaseline.run(SccBaseline.java:245)
                      com.semmle.cli2.database.baseline.SccBaseline.calculate(SccBaseline.java:285)
                      com.semmle.cli2.database.InitCommand.executeSubcommand(InitCommand.java:229)
                      com.semmle.cli2.picocli.SubcommandCommon.lambda$executeSubcommandWithMessages$5(SubcommandCommon.java:892)
                      com.semmle.cli2.picocli.SubcommandCommon.withCompilationMessages(SubcommandCommon.java:444)
                      com.semmle.cli2.picocli.SubcommandCommon.executeSubcommandWithMessages(SubcommandCommon.java:890)
                      com.semmle.cli2.picocli.PlumbingRunner.run(PlumbingRunner.java:119)
                      com.semmle.cli2.picocli.SubcommandCommon.runPlumbingInProcess(SubcommandCommon.java:201)
                      com.semmle.cli2.database.CreateCommand.executeSubcommand(CreateCommand.java:113)
                      com.semmle.cli2.picocli.SubcommandCommon.lambda$executeSubcommandWithMessages$5(SubcommandCommon.java:892)
                      com.semmle.cli2.picocli.SubcommandCommon.withCompilationMessages(SubcommandCommon.java:444)
                      com.semmle.cli2.picocli.SubcommandCommon.executeSubcommandWithMessages(SubcommandCommon.java:890)
                      com.semmle.cli2.picocli.SubcommandCommon.toplevelMain(SubcommandCommon.java:777)
                      com.semmle.cli2.picocli.SubcommandCommon.call(SubcommandCommon.java:757)
                      com.semmle.cli2.picocli.SubcommandMaker.runMain(SubcommandMaker.java:238)
                      com.semmle.cli2.picocli.SubcommandMaker.runMain(SubcommandMaker.java:259)
                      com.semmle.cli2.CodeQL.main(CodeQL.java:113)
                      
                       ... caused by:
                      
                      java.io.IOException: CreateProcess error=2, The system cannot find the file specified
                      java.base/java.lang.ProcessImpl.create(Native Method)
                      java.base/java.lang.ProcessImpl.<init>(Unknown Source)
                      java.base/java.lang.ProcessImpl.start(Unknown Source)
                      java.base/java.lang.ProcessBuilder.start(Unknown Source)
                      java.base/java.lang.ProcessBuilder.start(Unknown Source)
                      com.semmle.util.process.AbstractProcessBuilder.execute(AbstractProcessBuilder.java:146)
                      com.semmle.util.process.AbstractProcessBuilder.execute(AbstractProcessBuilder.java:114)
                      com.semmle.cli2.Commandline.executeAndCheckResult(Commandline.java:165)
                      com.semmle.cli2.Commandline.runWithReturn(Commandline.java:78)
                      com.semmle.cli2.database.baseline.BaselineConfig.lambda$getConfigForLanguage$0(BaselineConfig.java:49)
                      java.base/java.util.Optional.flatMap(Unknown Source)
                      com.semmle.cli2.database.baseline.BaselineConfig.getConfigForLanguage(BaselineConfig.java:38)
                      com.semmle.cli2.database.baseline.SccBaseline.lambda$getBaselineConfigForLanguage$6(SccBaseline.java:200)
                      java.base/java.util.HashMap.computeIfAbsent(Unknown Source)
                      com.semmle.cli2.database.baseline.SccBaseline.getBaselineConfigForLanguage(SccBaseline.java:199)
                      com.semmle.cli2.database.baseline.SccBaseline.populateBaselineForLanguage(SccBaseline.java:206)
                      com.semmle.cli2.database.baseline.SccBaseline.lambda$run$12(SccBaseline.java:257)
                      java.base/java.util.Optional.map(Unknown Source)
                      com.semmle.cli2.database.baseline.SccBaseline.run(SccBaseline.java:245)
                      com.semmle.cli2.database.baseline.SccBaseline.calculate(SccBaseline.java:285)
                      com.semmle.cli2.database.InitCommand.executeSubcommand(InitCommand.java:229)
                      com.semmle.cli2.picocli.SubcommandCommon.lambda$executeSubcommandWithMessages$5(SubcommandCommon.java:892)
                      com.semmle.cli2.picocli.SubcommandCommon.withCompilationMessages(SubcommandCommon.java:444)
                      com.semmle.cli2.picocli.SubcommandCommon.executeSubcommandWithMessages(SubcommandCommon.java:890)
                      com.semmle.cli2.picocli.PlumbingRunner.run(PlumbingRunner.java:119)
                      com.semmle.cli2.picocli.SubcommandCommon.runPlumbingInProcess(SubcommandCommon.java:201)
                      com.semmle.cli2.database.CreateCommand.executeSubcommand(CreateCommand.java:113)
                      com.semmle.cli2.picocli.SubcommandCommon.lambda$executeSubcommandWithMessages$5(SubcommandCommon.java:892)
                      com.semmle.cli2.picocli.SubcommandCommon.withCompilationMessages(SubcommandCommon.java:444)
                      com.semmle.cli2.picocli.SubcommandCommon.executeSubcommandWithMessages(SubcommandCommon.java:890)
                      com.semmle.cli2.picocli.SubcommandCommon.toplevelMain(SubcommandCommon.java:777)
                      com.semmle.cli2.picocli.SubcommandCommon.call(SubcommandCommon.java:757)
                      com.semmle.cli2.picocli.SubcommandMaker.runMain(SubcommandMaker.java:238)
                      com.semmle.cli2.picocli.SubcommandMaker.runMain(SubcommandMaker.java:259)
                      com.semmle.cli2.CodeQL.main(CodeQL.java:113)
