[2025-10-20 03:17:31] This is codeql database index-files --include-extension=.properties --size-limit=5m --language properties -- C:\Sidd all in one\Unsafe\Lab6\CodeQL-Databases\zxing-codeql-db
[2025-10-20 03:17:31] Log file was started late.
[2025-10-20 03:17:31] Using index-files script C:\Sidd all in one\Unsafe\Lab6\Tools\codeql\properties\tools\index-files.cmd.
[2025-10-20 03:17:31] [PROGRESS] database index-files> Scanning for files in C:\Sidd all in one\Unsafe\Lab6\Repos\zxing...
[2025-10-20 03:17:31] Calling plumbing command: codeql resolve files --include-extension=.properties --size-limit=5m C:\Sidd all in one\Unsafe\Lab6\Repos\zxing --format=json
[2025-10-20 03:17:31] [PROGRESS] resolve files> Scanning C:\Sidd all in one\Unsafe\Lab6\Repos\zxing...
[2025-10-20 03:17:31] [PROGRESS] resolve files> Scanning C:\Sidd all in one\Unsafe\Lab6\Repos\zxing\.git...
[2025-10-20 03:17:31] [PROGRESS] resolve files> Scanning C:\Sidd all in one\Unsafe\Lab6\Repos\zxing\.git\hooks...
[2025-10-20 03:17:31] [PROGRESS] resolve files> Scanning C:\Sidd all in one\Unsafe\Lab6\Repos\zxing\.git\info...
[2025-10-20 03:17:31] [PROGRESS] resolve files> Scanning C:\Sidd all in one\Unsafe\Lab6\Repos\zxing\.git\logs...
[2025-10-20 03:17:31] [PROGRESS] resolve files> Scanning C:\Sidd all in one\Unsafe\Lab6\Repos\zxing\.git\logs\refs...
[2025-10-20 03:17:31] [PROGRESS] resolve files> Scanning C:\Sidd all in one\Unsafe\Lab6\Repos\zxing\.git\logs\refs\heads...
[2025-10-20 03:17:31] [PROGRESS] resolve files> Scanning C:\Sidd all in one\Unsafe\Lab6\Repos\zxing\.git\logs\refs\remotes...
[2025-10-20 03:17:31] [PROGRESS] resolve files> Scanning C:\Sidd all in one\Unsafe\Lab6\Repos\zxing\.git\logs\refs\remotes\origin...
[2025-10-20 03:17:31] [PROGRESS] resolve files> Scanning C:\Sidd all in one\Unsafe\Lab6\Repos\zxing\.git\objects...
[2025-10-20 03:17:31] [PROGRESS] resolve files> Scanning C:\Sidd all in one\Unsafe\Lab6\Repos\zxing\.git\objects\info...
[2025-10-20 03:17:31] [PROGRESS] resolve files> Scanning C:\Sidd all in one\Unsafe\Lab6\Repos\zxing\.git\objects\pack...
[2025-10-20 03:17:31] [PROGRESS] resolve files> Scanning C:\Sidd all in one\Unsafe\Lab6\Repos\zxing\.git\refs...
[2025-10-20 03:17:31] [PROGRESS] resolve files> Scanning C:\Sidd all in one\Unsafe\Lab6\Repos\zxing\.git\refs\heads...
[2025-10-20 03:17:31] [PROGRESS] resolve files> Scanning C:\Sidd all in one\Unsafe\Lab6\Repos\zxing\.git\refs\remotes...
[2025-10-20 03:17:31] [PROGRESS] resolve files> Scanning C:\Sidd all in one\Unsafe\Lab6\Repos\zxing\.git\refs\remotes\origin...
[2025-10-20 03:17:31] [PROGRESS] resolve files> Scanning C:\Sidd all in one\Unsafe\Lab6\Repos\zxing\.git\refs\tags...
[2025-10-20 03:17:31] [PROGRESS] resolve files> Scanning C:\Sidd all in one\Unsafe\Lab6\Repos\zxing\.github...
[2025-10-20 03:17:31] [PROGRESS] resolve files> Scanning C:\Sidd all in one\Unsafe\Lab6\Repos\zxing\.github\workflows...
[2025-10-20 03:17:31] [PROGRESS] resolve files> Scanning C:\Sidd all in one\Unsafe\Lab6\Repos\zxing\.reuse...
[2025-10-20 03:17:31] [PROGRESS] resolve files> Scanning C:\Sidd all in one\Unsafe\Lab6\Repos\zxing\android...
[2025-10-20 03:17:31] [PROGRESS] resolve files> Scanning C:\Sidd all in one\Unsafe\Lab6\Repos\zxing\android\assets...
[2025-10-20 03:17:31] [PROGRESS] resolve files> Scanning C:\Sidd all in one\Unsafe\Lab6\Repos\zxing\android\assets\html...
[2025-10-20 03:17:31] [PROGRESS] resolve files> Scanning C:\Sidd all in one\Unsafe\Lab6\Repos\zxing\android\assets\html-de...
[2025-10-20 03:17:31] [PROGRESS] resolve files> Scanning C:\Sidd all in one\Unsafe\Lab6\Repos\zxing\android\assets\html-en...
[2025-10-20 03:17:31] [PROGRESS] resolve files> Scanning C:\Sidd all in one\Unsafe\Lab6\Repos\zxing\android\assets\html-es...
[2025-10-20 03:17:31] [PROGRESS] resolve files> Scanning C:\Sidd all in one\Unsafe\Lab6\Repos\zxing\android\assets\html-fa...
[2025-10-20 03:17:31] [PROGRESS] resolve files> Scanning C:\Sidd all in one\Unsafe\Lab6\Repos\zxing\android\assets\html-fr...
[2025-10-20 03:17:31] [PROGRESS] resolve files> Scanning C:\Sidd all in one\Unsafe\Lab6\Repos\zxing\android\assets\html-it...
[2025-10-20 03:17:31] [PROGRESS] resolve files> Scanning C:\Sidd all in one\Unsafe\Lab6\Repos\zxing\android\assets\html-ja...
[2025-10-20 03:17:31] [PROGRESS] resolve files> Scanning C:\Sidd all in one\Unsafe\Lab6\Repos\zxing\android\assets\html-ko...
[2025-10-20 03:17:31] [PROGRESS] resolve files> Scanning C:\Sidd all in one\Unsafe\Lab6\Repos\zxing\android\assets\html-nl...
[2025-10-20 03:17:31] [PROGRESS] resolve files> Scanning C:\Sidd all in one\Unsafe\Lab6\Repos\zxing\android\assets\html-pt...
[2025-10-20 03:17:31] [PROGRESS] resolve files> Scanning C:\Sidd all in one\Unsafe\Lab6\Repos\zxing\android\assets\html-ru...
[2025-10-20 03:17:31] [PROGRESS] resolve files> Scanning C:\Sidd all in one\Unsafe\Lab6\Repos\zxing\android\assets\html-uk...
[2025-10-20 03:17:31] [PROGRESS] resolve files> Scanning C:\Sidd all in one\Unsafe\Lab6\Repos\zxing\android\assets\html-zh...
[2025-10-20 03:17:31] [PROGRESS] resolve files> Scanning C:\Sidd all in one\Unsafe\Lab6\Repos\zxing\android\assets\html-zh-rCN...
[2025-10-20 03:17:31] [PROGRESS] resolve files> Scanning C:\Sidd all in one\Unsafe\Lab6\Repos\zxing\android\assets\images...
[2025-10-20 03:17:31] [PROGRESS] resolve files> Scanning C:\Sidd all in one\Unsafe\Lab6\Repos\zxing\android\res...
[2025-10-20 03:17:31] [PROGRESS] resolve files> Scanning C:\Sidd all in one\Unsafe\Lab6\Repos\zxing\android\res\drawable...
[2025-10-20 03:17:31] [PROGRESS] resolve files> Scanning C:\Sidd all in one\Unsafe\Lab6\Repos\zxing\android\res\drawable-hdpi...
[2025-10-20 03:17:31] [PROGRESS] resolve files> Scanning C:\Sidd all in one\Unsafe\Lab6\Repos\zxing\android\res\drawable-xhdpi...
[2025-10-20 03:17:31] [PROGRESS] resolve files> Scanning C:\Sidd all in one\Unsafe\Lab6\Repos\zxing\android\res\drawable-xxhdpi...
[2025-10-20 03:17:31] [PROGRESS] resolve files> Scanning C:\Sidd all in one\Unsafe\Lab6\Repos\zxing\android\res\layout...
[2025-10-20 03:17:31] [PROGRESS] resolve files> Scanning C:\Sidd all in one\Unsafe\Lab6\Repos\zxing\android\res\layout-land...
[2025-10-20 03:17:31] [PROGRESS] resolve files> Scanning C:\Sidd all in one\Unsafe\Lab6\Repos\zxing\android\res\layout-ldpi...
[2025-10-20 03:17:31] [PROGRESS] resolve files> Scanning C:\Sidd all in one\Unsafe\Lab6\Repos\zxing\android\res\menu...
[2025-10-20 03:17:31] [PROGRESS] resolve files> Scanning C:\Sidd all in one\Unsafe\Lab6\Repos\zxing\android\res\raw...
[2025-10-20 03:17:31] [PROGRESS] resolve files> Scanning C:\Sidd all in one\Unsafe\Lab6\Repos\zxing\android\res\values...
[2025-10-20 03:17:31] [PROGRESS] resolve files> Scanning C:\Sidd all in one\Unsafe\Lab6\Repos\zxing\android\res\values-ar...
[2025-10-20 03:17:31] [PROGRESS] resolve files> Scanning C:\Sidd all in one\Unsafe\Lab6\Repos\zxing\android\res\values-bg...
[2025-10-20 03:17:31] [PROGRESS] resolve files> Scanning C:\Sidd all in one\Unsafe\Lab6\Repos\zxing\android\res\values-ca...
[2025-10-20 03:17:31] [PROGRESS] resolve files> Scanning C:\Sidd all in one\Unsafe\Lab6\Repos\zxing\android\res\values-cs...
[2025-10-20 03:17:31] [PROGRESS] resolve files> Scanning C:\Sidd all in one\Unsafe\Lab6\Repos\zxing\android\res\values-da...
[2025-10-20 03:17:31] [PROGRESS] resolve files> Scanning C:\Sidd all in one\Unsafe\Lab6\Repos\zxing\android\res\values-de...
[2025-10-20 03:17:31] [PROGRESS] resolve files> Scanning C:\Sidd all in one\Unsafe\Lab6\Repos\zxing\android\res\values-el...
[2025-10-20 03:17:31] [PROGRESS] resolve files> Scanning C:\Sidd all in one\Unsafe\Lab6\Repos\zxing\android\res\values-es...
[2025-10-20 03:17:31] [PROGRESS] resolve files> Scanning C:\Sidd all in one\Unsafe\Lab6\Repos\zxing\android\res\values-eu...
[2025-10-20 03:17:31] [PROGRESS] resolve files> Scanning C:\Sidd all in one\Unsafe\Lab6\Repos\zxing\android\res\values-fa...
[2025-10-20 03:17:31] [PROGRESS] resolve files> Scanning C:\Sidd all in one\Unsafe\Lab6\Repos\zxing\android\res\values-fi...
[2025-10-20 03:17:31] [PROGRESS] resolve files> Scanning C:\Sidd all in one\Unsafe\Lab6\Repos\zxing\android\res\values-fr...
[2025-10-20 03:17:31] [PROGRESS] resolve files> Scanning C:\Sidd all in one\Unsafe\Lab6\Repos\zxing\android\res\values-hi...
[2025-10-20 03:17:31] [PROGRESS] resolve files> Scanning C:\Sidd all in one\Unsafe\Lab6\Repos\zxing\android\res\values-hu...
[2025-10-20 03:17:31] [PROGRESS] resolve files> Scanning C:\Sidd all in one\Unsafe\Lab6\Repos\zxing\android\res\values-in...
[2025-10-20 03:17:31] [PROGRESS] resolve files> Scanning C:\Sidd all in one\Unsafe\Lab6\Repos\zxing\android\res\values-it...
[2025-10-20 03:17:31] [PROGRESS] resolve files> Scanning C:\Sidd all in one\Unsafe\Lab6\Repos\zxing\android\res\values-iw...
[2025-10-20 03:17:31] [PROGRESS] resolve files> Scanning C:\Sidd all in one\Unsafe\Lab6\Repos\zxing\android\res\values-ja...
[2025-10-20 03:17:31] [PROGRESS] resolve files> Scanning C:\Sidd all in one\Unsafe\Lab6\Repos\zxing\android\res\values-ko...
[2025-10-20 03:17:31] [PROGRESS] resolve files> Scanning C:\Sidd all in one\Unsafe\Lab6\Repos\zxing\android\res\values-nl...
[2025-10-20 03:17:31] [PROGRESS] resolve files> Scanning C:\Sidd all in one\Unsafe\Lab6\Repos\zxing\android\res\values-no...
[2025-10-20 03:17:31] [PROGRESS] resolve files> Scanning C:\Sidd all in one\Unsafe\Lab6\Repos\zxing\android\res\values-pl...
[2025-10-20 03:17:31] [PROGRESS] resolve files> Scanning C:\Sidd all in one\Unsafe\Lab6\Repos\zxing\android\res\values-pt...
[2025-10-20 03:17:31] [PROGRESS] resolve files> Scanning C:\Sidd all in one\Unsafe\Lab6\Repos\zxing\android\res\values-ro...
[2025-10-20 03:17:31] [PROGRESS] resolve files> Scanning C:\Sidd all in one\Unsafe\Lab6\Repos\zxing\android\res\values-ru...
[2025-10-20 03:17:31] [PROGRESS] resolve files> Scanning C:\Sidd all in one\Unsafe\Lab6\Repos\zxing\android\res\values-sk...
[2025-10-20 03:17:31] [PROGRESS] resolve files> Scanning C:\Sidd all in one\Unsafe\Lab6\Repos\zxing\android\res\values-sl...
[2025-10-20 03:17:31] [PROGRESS] resolve files> Scanning C:\Sidd all in one\Unsafe\Lab6\Repos\zxing\android\res\values-sv...
[2025-10-20 03:17:31] [PROGRESS] resolve files> Scanning C:\Sidd all in one\Unsafe\Lab6\Repos\zxing\android\res\values-th...
[2025-10-20 03:17:31] [PROGRESS] resolve files> Scanning C:\Sidd all in one\Unsafe\Lab6\Repos\zxing\android\res\values-tr...
[2025-10-20 03:17:31] [PROGRESS] resolve files> Scanning C:\Sidd all in one\Unsafe\Lab6\Repos\zxing\android\res\values-uk...
[2025-10-20 03:17:31] [PROGRESS] resolve files> Scanning C:\Sidd all in one\Unsafe\Lab6\Repos\zxing\android\res\values-zh...
[2025-10-20 03:17:31] [PROGRESS] resolve files> Scanning C:\Sidd all in one\Unsafe\Lab6\Repos\zxing\android\res\values-zh-rCN...
[2025-10-20 03:17:31] [PROGRESS] resolve files> Scanning C:\Sidd all in one\Unsafe\Lab6\Repos\zxing\android\res\xml...
[2025-10-20 03:17:31] [PROGRESS] resolve files> Scanning C:\Sidd all in one\Unsafe\Lab6\Repos\zxing\android\src...
[2025-10-20 03:17:31] [PROGRESS] resolve files> Scanning C:\Sidd all in one\Unsafe\Lab6\Repos\zxing\android\src\com...
[2025-10-20 03:17:31] [PROGRESS] resolve files> Scanning C:\Sidd all in one\Unsafe\Lab6\Repos\zxing\android\src\com\google...
[2025-10-20 03:17:31] [PROGRESS] resolve files> Scanning C:\Sidd all in one\Unsafe\Lab6\Repos\zxing\android\src\com\google\zxing...
[2025-10-20 03:17:31] [PROGRESS] resolve files> Scanning C:\Sidd all in one\Unsafe\Lab6\Repos\zxing\android\src\com\google\zxing\client...
[2025-10-20 03:17:31] [PROGRESS] resolve files> Scanning C:\Sidd all in one\Unsafe\Lab6\Repos\zxing\android\src\com\google\zxing\client\android...
[2025-10-20 03:17:31] [PROGRESS] resolve files> Scanning C:\Sidd all in one\Unsafe\Lab6\Repos\zxing\android\src\com\google\zxing\client\android\book...
[2025-10-20 03:17:31] [PROGRESS] resolve files> Scanning C:\Sidd all in one\Unsafe\Lab6\Repos\zxing\android\src\com\google\zxing\client\android\camera...
[2025-10-20 03:17:31] [PROGRESS] resolve files> Scanning C:\Sidd all in one\Unsafe\Lab6\Repos\zxing\android\src\com\google\zxing\client\android\camera\open...
[2025-10-20 03:17:31] [PROGRESS] resolve files> Scanning C:\Sidd all in one\Unsafe\Lab6\Repos\zxing\android\src\com\google\zxing\client\android\clipboard...
[2025-10-20 03:17:31] [PROGRESS] resolve files> Scanning C:\Sidd all in one\Unsafe\Lab6\Repos\zxing\android\src\com\google\zxing\client\android\encode...
[2025-10-20 03:17:31] [PROGRESS] resolve files> Scanning C:\Sidd all in one\Unsafe\Lab6\Repos\zxing\android\src\com\google\zxing\client\android\history...
[2025-10-20 03:17:31] [PROGRESS] resolve files> Scanning C:\Sidd all in one\Unsafe\Lab6\Repos\zxing\android\src\com\google\zxing\client\android\result...
[2025-10-20 03:17:31] [PROGRESS] resolve files> Scanning C:\Sidd all in one\Unsafe\Lab6\Repos\zxing\android\src\com\google\zxing\client\android\result\supplement...
[2025-10-20 03:17:31] [PROGRESS] resolve files> Scanning C:\Sidd all in one\Unsafe\Lab6\Repos\zxing\android\src\com\google\zxing\client\android\share...
[2025-10-20 03:17:31] [PROGRESS] resolve files> Scanning C:\Sidd all in one\Unsafe\Lab6\Repos\zxing\android\src\com\google\zxing\client\android\wifi...
[2025-10-20 03:17:31] [PROGRESS] resolve files> Scanning C:\Sidd all in one\Unsafe\Lab6\Repos\zxing\android-core...
[2025-10-20 03:17:31] [PROGRESS] resolve files> Scanning C:\Sidd all in one\Unsafe\Lab6\Repos\zxing\android-core\src...
[2025-10-20 03:17:31] [PROGRESS] resolve files> Scanning C:\Sidd all in one\Unsafe\Lab6\Repos\zxing\android-core\src\main...
[2025-10-20 03:17:31] [PROGRESS] resolve files> Scanning C:\Sidd all in one\Unsafe\Lab6\Repos\zxing\android-core\src\main\java...
[2025-10-20 03:17:31] [PROGRESS] resolve files> Scanning C:\Sidd all in one\Unsafe\Lab6\Repos\zxing\android-core\src\main\java\com...
[2025-10-20 03:17:31] [PROGRESS] resolve files> Scanning C:\Sidd all in one\Unsafe\Lab6\Repos\zxing\android-core\src\main\java\com\google...
[2025-10-20 03:17:31] [PROGRESS] resolve files> Scanning C:\Sidd all in one\Unsafe\Lab6\Repos\zxing\android-core\src\main\java\com\google\zxing...
[2025-10-20 03:17:31] [PROGRESS] resolve files> Scanning C:\Sidd all in one\Unsafe\Lab6\Repos\zxing\android-core\src\main\java\com\google\zxing\client...
[2025-10-20 03:17:31] [PROGRESS] resolve files> Scanning C:\Sidd all in one\Unsafe\Lab6\Repos\zxing\android-core\src\main\java\com\google\zxing\client\android...
[2025-10-20 03:17:31] [PROGRESS] resolve files> Scanning C:\Sidd all in one\Unsafe\Lab6\Repos\zxing\android-core\src\main\java\com\google\zxing\client\android\camera...
[2025-10-20 03:17:31] [PROGRESS] resolve files> Scanning C:\Sidd all in one\Unsafe\Lab6\Repos\zxing\android-integration...
[2025-10-20 03:17:31] [PROGRESS] resolve files> Scanning C:\Sidd all in one\Unsafe\Lab6\Repos\zxing\android-integration\src...
[2025-10-20 03:17:31] [PROGRESS] resolve files> Scanning C:\Sidd all in one\Unsafe\Lab6\Repos\zxing\android-integration\src\main...
[2025-10-20 03:17:31] [PROGRESS] resolve files> Scanning C:\Sidd all in one\Unsafe\Lab6\Repos\zxing\android-integration\src\main\java...
[2025-10-20 03:17:31] [PROGRESS] resolve files> Scanning C:\Sidd all in one\Unsafe\Lab6\Repos\zxing\android-integration\src\main\java\com...
[2025-10-20 03:17:31] [PROGRESS] resolve files> Scanning C:\Sidd all in one\Unsafe\Lab6\Repos\zxing\android-integration\src\main\java\com\google...
[2025-10-20 03:17:31] [PROGRESS] resolve files> Scanning C:\Sidd all in one\Unsafe\Lab6\Repos\zxing\android-integration\src\main\java\com\google\zxing...
[2025-10-20 03:17:31] [PROGRESS] resolve files> Scanning C:\Sidd all in one\Unsafe\Lab6\Repos\zxing\android-integration\src\main\java\com\google\zxing\integration...
[2025-10-20 03:17:31] [PROGRESS] resolve files> Scanning C:\Sidd all in one\Unsafe\Lab6\Repos\zxing\android-integration\src\main\java\com\google\zxing\integration\android...
[2025-10-20 03:17:31] [PROGRESS] resolve files> Scanning C:\Sidd all in one\Unsafe\Lab6\Repos\zxing\core...
[2025-10-20 03:17:31] [PROGRESS] resolve files> Scanning C:\Sidd all in one\Unsafe\Lab6\Repos\zxing\core\src...
[2025-10-20 03:17:31] [PROGRESS] resolve files> Scanning C:\Sidd all in one\Unsafe\Lab6\Repos\zxing\core\src\main...
[2025-10-20 03:17:31] [PROGRESS] resolve files> Scanning C:\Sidd all in one\Unsafe\Lab6\Repos\zxing\core\src\main\java...
[2025-10-20 03:17:31] [PROGRESS] resolve files> Scanning C:\Sidd all in one\Unsafe\Lab6\Repos\zxing\core\src\main\java\com...
[2025-10-20 03:17:31] [PROGRESS] resolve files> Scanning C:\Sidd all in one\Unsafe\Lab6\Repos\zxing\core\src\main\java\com\google...
[2025-10-20 03:17:31] [PROGRESS] resolve files> Scanning C:\Sidd all in one\Unsafe\Lab6\Repos\zxing\core\src\main\java\com\google\zxing...
[2025-10-20 03:17:31] [PROGRESS] resolve files> Scanning C:\Sidd all in one\Unsafe\Lab6\Repos\zxing\core\src\main\java\com\google\zxing\aztec...
[2025-10-20 03:17:31] [PROGRESS] resolve files> Scanning C:\Sidd all in one\Unsafe\Lab6\Repos\zxing\core\src\main\java\com\google\zxing\aztec\decoder...
[2025-10-20 03:17:31] [PROGRESS] resolve files> Scanning C:\Sidd all in one\Unsafe\Lab6\Repos\zxing\core\src\main\java\com\google\zxing\aztec\detector...
[2025-10-20 03:17:31] [PROGRESS] resolve files> Scanning C:\Sidd all in one\Unsafe\Lab6\Repos\zxing\core\src\main\java\com\google\zxing\aztec\encoder...
[2025-10-20 03:17:31] [PROGRESS] resolve files> Scanning C:\Sidd all in one\Unsafe\Lab6\Repos\zxing\core\src\main\java\com\google\zxing\client...
[2025-10-20 03:17:31] [PROGRESS] resolve files> Scanning C:\Sidd all in one\Unsafe\Lab6\Repos\zxing\core\src\main\java\com\google\zxing\client\result...
[2025-10-20 03:17:31] [PROGRESS] resolve files> Scanning C:\Sidd all in one\Unsafe\Lab6\Repos\zxing\core\src\main\java\com\google\zxing\common...
[2025-10-20 03:17:31] [PROGRESS] resolve files> Scanning C:\Sidd all in one\Unsafe\Lab6\Repos\zxing\core\src\main\java\com\google\zxing\common\detector...
[2025-10-20 03:17:31] [PROGRESS] resolve files> Scanning C:\Sidd all in one\Unsafe\Lab6\Repos\zxing\core\src\main\java\com\google\zxing\common\reedsolomon...
[2025-10-20 03:17:31] [PROGRESS] resolve files> Scanning C:\Sidd all in one\Unsafe\Lab6\Repos\zxing\core\src\main\java\com\google\zxing\datamatrix...
[2025-10-20 03:17:31] [PROGRESS] resolve files> Scanning C:\Sidd all in one\Unsafe\Lab6\Repos\zxing\core\src\main\java\com\google\zxing\datamatrix\decoder...
[2025-10-20 03:17:31] [PROGRESS] resolve files> Scanning C:\Sidd all in one\Unsafe\Lab6\Repos\zxing\core\src\main\java\com\google\zxing\datamatrix\detector...
[2025-10-20 03:17:31] [PROGRESS] resolve files> Scanning C:\Sidd all in one\Unsafe\Lab6\Repos\zxing\core\src\main\java\com\google\zxing\datamatrix\encoder...
[2025-10-20 03:17:31] [PROGRESS] resolve files> Scanning C:\Sidd all in one\Unsafe\Lab6\Repos\zxing\core\src\main\java\com\google\zxing\maxicode...
[2025-10-20 03:17:31] [PROGRESS] resolve files> Scanning C:\Sidd all in one\Unsafe\Lab6\Repos\zxing\core\src\main\java\com\google\zxing\maxicode\decoder...
[2025-10-20 03:17:31] [PROGRESS] resolve files> Scanning C:\Sidd all in one\Unsafe\Lab6\Repos\zxing\core\src\main\java\com\google\zxing\multi...
[2025-10-20 03:17:31] [PROGRESS] resolve files> Scanning C:\Sidd all in one\Unsafe\Lab6\Repos\zxing\core\src\main\java\com\google\zxing\multi\qrcode...
[2025-10-20 03:17:31] [PROGRESS] resolve files> Scanning C:\Sidd all in one\Unsafe\Lab6\Repos\zxing\core\src\main\java\com\google\zxing\multi\qrcode\detector...
[2025-10-20 03:17:31] [PROGRESS] resolve files> Scanning C:\Sidd all in one\Unsafe\Lab6\Repos\zxing\core\src\main\java\com\google\zxing\oned...
[2025-10-20 03:17:31] [PROGRESS] resolve files> Scanning C:\Sidd all in one\Unsafe\Lab6\Repos\zxing\core\src\main\java\com\google\zxing\oned\rss...
[2025-10-20 03:17:31] [PROGRESS] resolve files> Scanning C:\Sidd all in one\Unsafe\Lab6\Repos\zxing\core\src\main\java\com\google\zxing\oned\rss\expanded...
[2025-10-20 03:17:31] [PROGRESS] resolve files> Scanning C:\Sidd all in one\Unsafe\Lab6\Repos\zxing\core\src\main\java\com\google\zxing\oned\rss\expanded\decoders...
[2025-10-20 03:17:31] [PROGRESS] resolve files> Scanning C:\Sidd all in one\Unsafe\Lab6\Repos\zxing\core\src\main\java\com\google\zxing\pdf417...
[2025-10-20 03:17:31] [PROGRESS] resolve files> Scanning C:\Sidd all in one\Unsafe\Lab6\Repos\zxing\core\src\main\java\com\google\zxing\pdf417\decoder...
[2025-10-20 03:17:31] [PROGRESS] resolve files> Scanning C:\Sidd all in one\Unsafe\Lab6\Repos\zxing\core\src\main\java\com\google\zxing\pdf417\decoder\ec...
[2025-10-20 03:17:31] [PROGRESS] resolve files> Scanning C:\Sidd all in one\Unsafe\Lab6\Repos\zxing\core\src\main\java\com\google\zxing\pdf417\detector...
[2025-10-20 03:17:31] [PROGRESS] resolve files> Scanning C:\Sidd all in one\Unsafe\Lab6\Repos\zxing\core\src\main\java\com\google\zxing\pdf417\encoder...
[2025-10-20 03:17:31] [PROGRESS] resolve files> Scanning C:\Sidd all in one\Unsafe\Lab6\Repos\zxing\core\src\main\java\com\google\zxing\qrcode...
[2025-10-20 03:17:31] [PROGRESS] resolve files> Scanning C:\Sidd all in one\Unsafe\Lab6\Repos\zxing\core\src\main\java\com\google\zxing\qrcode\decoder...
[2025-10-20 03:17:31] [PROGRESS] resolve files> Scanning C:\Sidd all in one\Unsafe\Lab6\Repos\zxing\core\src\main\java\com\google\zxing\qrcode\detector...
[2025-10-20 03:17:31] [PROGRESS] resolve files> Scanning C:\Sidd all in one\Unsafe\Lab6\Repos\zxing\core\src\main\java\com\google\zxing\qrcode\encoder...
[2025-10-20 03:17:31] [PROGRESS] resolve files> Scanning C:\Sidd all in one\Unsafe\Lab6\Repos\zxing\core\src\test...
[2025-10-20 03:17:31] [PROGRESS] resolve files> Scanning C:\Sidd all in one\Unsafe\Lab6\Repos\zxing\core\src\test\java...
[2025-10-20 03:17:31] [PROGRESS] resolve files> Scanning C:\Sidd all in one\Unsafe\Lab6\Repos\zxing\core\src\test\java\com...
[2025-10-20 03:17:31] [PROGRESS] resolve files> Scanning C:\Sidd all in one\Unsafe\Lab6\Repos\zxing\core\src\test\java\com\google...
[2025-10-20 03:17:31] [PROGRESS] resolve files> Scanning C:\Sidd all in one\Unsafe\Lab6\Repos\zxing\core\src\test\java\com\google\zxing...
[2025-10-20 03:17:31] [PROGRESS] resolve files> Scanning C:\Sidd all in one\Unsafe\Lab6\Repos\zxing\core\src\test\java\com\google\zxing\aztec...
[2025-10-20 03:17:31] [PROGRESS] resolve files> Scanning C:\Sidd all in one\Unsafe\Lab6\Repos\zxing\core\src\test\java\com\google\zxing\aztec\decoder...
[2025-10-20 03:17:31] [PROGRESS] resolve files> Scanning C:\Sidd all in one\Unsafe\Lab6\Repos\zxing\core\src\test\java\com\google\zxing\aztec\detector...
[2025-10-20 03:17:31] [PROGRESS] resolve files> Scanning C:\Sidd all in one\Unsafe\Lab6\Repos\zxing\core\src\test\java\com\google\zxing\aztec\encoder...
[2025-10-20 03:17:31] [PROGRESS] resolve files> Scanning C:\Sidd all in one\Unsafe\Lab6\Repos\zxing\core\src\test\java\com\google\zxing\client...
[2025-10-20 03:17:31] [PROGRESS] resolve files> Scanning C:\Sidd all in one\Unsafe\Lab6\Repos\zxing\core\src\test\java\com\google\zxing\client\result...
[2025-10-20 03:17:31] [PROGRESS] resolve files> Scanning C:\Sidd all in one\Unsafe\Lab6\Repos\zxing\core\src\test\java\com\google\zxing\common...
[2025-10-20 03:17:31] [PROGRESS] resolve files> Scanning C:\Sidd all in one\Unsafe\Lab6\Repos\zxing\core\src\test\java\com\google\zxing\common\detector...
[2025-10-20 03:17:31] [PROGRESS] resolve files> Scanning C:\Sidd all in one\Unsafe\Lab6\Repos\zxing\core\src\test\java\com\google\zxing\common\reedsolomon...
[2025-10-20 03:17:31] [PROGRESS] resolve files> Scanning C:\Sidd all in one\Unsafe\Lab6\Repos\zxing\core\src\test\java\com\google\zxing\datamatrix...
[2025-10-20 03:17:31] [PROGRESS] resolve files> Scanning C:\Sidd all in one\Unsafe\Lab6\Repos\zxing\core\src\test\java\com\google\zxing\datamatrix\decoder...
[2025-10-20 03:17:31] [PROGRESS] resolve files> Scanning C:\Sidd all in one\Unsafe\Lab6\Repos\zxing\core\src\test\java\com\google\zxing\datamatrix\encoder...
[2025-10-20 03:17:31] [PROGRESS] resolve files> Scanning C:\Sidd all in one\Unsafe\Lab6\Repos\zxing\core\src\test\java\com\google\zxing\inverted...
[2025-10-20 03:17:31] [PROGRESS] resolve files> Scanning C:\Sidd all in one\Unsafe\Lab6\Repos\zxing\core\src\test\java\com\google\zxing\maxicode...
[2025-10-20 03:17:31] [PROGRESS] resolve files> Scanning C:\Sidd all in one\Unsafe\Lab6\Repos\zxing\core\src\test\java\com\google\zxing\multi...
[2025-10-20 03:17:31] [PROGRESS] resolve files> Scanning C:\Sidd all in one\Unsafe\Lab6\Repos\zxing\core\src\test\java\com\google\zxing\multi\qrcode...
[2025-10-20 03:17:31] [PROGRESS] resolve files> Scanning C:\Sidd all in one\Unsafe\Lab6\Repos\zxing\core\src\test\java\com\google\zxing\negative...
[2025-10-20 03:17:31] [PROGRESS] resolve files> Scanning C:\Sidd all in one\Unsafe\Lab6\Repos\zxing\core\src\test\java\com\google\zxing\oned...
[2025-10-20 03:17:31] [PROGRESS] resolve files> Scanning C:\Sidd all in one\Unsafe\Lab6\Repos\zxing\core\src\test\java\com\google\zxing\oned\rss...
[2025-10-20 03:17:31] [PROGRESS] resolve files> Scanning C:\Sidd all in one\Unsafe\Lab6\Repos\zxing\core\src\test\java\com\google\zxing\oned\rss\expanded...
[2025-10-20 03:17:31] [PROGRESS] resolve files> Scanning C:\Sidd all in one\Unsafe\Lab6\Repos\zxing\core\src\test\java\com\google\zxing\oned\rss\expanded\decoders...
[2025-10-20 03:17:31] [PROGRESS] resolve files> Scanning C:\Sidd all in one\Unsafe\Lab6\Repos\zxing\core\src\test\java\com\google\zxing\pdf417...
[2025-10-20 03:17:31] [PROGRESS] resolve files> Scanning C:\Sidd all in one\Unsafe\Lab6\Repos\zxing\core\src\test\java\com\google\zxing\pdf417\decoder...
[2025-10-20 03:17:31] [PROGRESS] resolve files> Scanning C:\Sidd all in one\Unsafe\Lab6\Repos\zxing\core\src\test\java\com\google\zxing\pdf417\decoder\ec...
[2025-10-20 03:17:31] [PROGRESS] resolve files> Scanning C:\Sidd all in one\Unsafe\Lab6\Repos\zxing\core\src\test\java\com\google\zxing\pdf417\encoder...
[2025-10-20 03:17:31] [PROGRESS] resolve files> Scanning C:\Sidd all in one\Unsafe\Lab6\Repos\zxing\core\src\test\java\com\google\zxing\qrcode...
[2025-10-20 03:17:31] [PROGRESS] resolve files> Scanning C:\Sidd all in one\Unsafe\Lab6\Repos\zxing\core\src\test\java\com\google\zxing\qrcode\decoder...
[2025-10-20 03:17:31] [PROGRESS] resolve files> Scanning C:\Sidd all in one\Unsafe\Lab6\Repos\zxing\core\src\test\java\com\google\zxing\qrcode\encoder...
[2025-10-20 03:17:31] [PROGRESS] resolve files> Scanning C:\Sidd all in one\Unsafe\Lab6\Repos\zxing\core\src\test\resources...
[2025-10-20 03:17:31] [PROGRESS] resolve files> Scanning C:\Sidd all in one\Unsafe\Lab6\Repos\zxing\core\src\test\resources\benchmark...
[2025-10-20 03:17:31] [PROGRESS] resolve files> Scanning C:\Sidd all in one\Unsafe\Lab6\Repos\zxing\core\src\test\resources\benchmark\android-1...
[2025-10-20 03:17:31] [PROGRESS] resolve files> Scanning C:\Sidd all in one\Unsafe\Lab6\Repos\zxing\core\src\test\resources\benchmark\android-2...
[2025-10-20 03:17:31] [PROGRESS] resolve files> Scanning C:\Sidd all in one\Unsafe\Lab6\Repos\zxing\core\src\test\resources\blackbox...
[2025-10-20 03:17:31] [PROGRESS] resolve files> Scanning C:\Sidd all in one\Unsafe\Lab6\Repos\zxing\core\src\test\resources\blackbox\aztec-1...
[2025-10-20 03:17:31] [PROGRESS] resolve files> Scanning C:\Sidd all in one\Unsafe\Lab6\Repos\zxing\core\src\test\resources\blackbox\aztec-2...
[2025-10-20 03:17:31] [PROGRESS] resolve files> Scanning C:\Sidd all in one\Unsafe\Lab6\Repos\zxing\core\src\test\resources\blackbox\codabar-1...
[2025-10-20 03:17:31] [PROGRESS] resolve files> Scanning C:\Sidd all in one\Unsafe\Lab6\Repos\zxing\core\src\test\resources\blackbox\code128-1...
[2025-10-20 03:17:31] [PROGRESS] resolve files> Scanning C:\Sidd all in one\Unsafe\Lab6\Repos\zxing\core\src\test\resources\blackbox\code128-2...
[2025-10-20 03:17:31] [PROGRESS] resolve files> Scanning C:\Sidd all in one\Unsafe\Lab6\Repos\zxing\core\src\test\resources\blackbox\code128-3...
[2025-10-20 03:17:31] [PROGRESS] resolve files> Scanning C:\Sidd all in one\Unsafe\Lab6\Repos\zxing\core\src\test\resources\blackbox\code39-1...
[2025-10-20 03:17:31] [PROGRESS] resolve files> Scanning C:\Sidd all in one\Unsafe\Lab6\Repos\zxing\core\src\test\resources\blackbox\code39-2...
[2025-10-20 03:17:31] [PROGRESS] resolve files> Scanning C:\Sidd all in one\Unsafe\Lab6\Repos\zxing\core\src\test\resources\blackbox\code39-3...
[2025-10-20 03:17:31] [PROGRESS] resolve files> Scanning C:\Sidd all in one\Unsafe\Lab6\Repos\zxing\core\src\test\resources\blackbox\code93-1...
[2025-10-20 03:17:31] [PROGRESS] resolve files> Scanning C:\Sidd all in one\Unsafe\Lab6\Repos\zxing\core\src\test\resources\blackbox\datamatrix-1...
[2025-10-20 03:17:31] [PROGRESS] resolve files> Scanning C:\Sidd all in one\Unsafe\Lab6\Repos\zxing\core\src\test\resources\blackbox\datamatrix-2...
[2025-10-20 03:17:31] [PROGRESS] resolve files> Scanning C:\Sidd all in one\Unsafe\Lab6\Repos\zxing\core\src\test\resources\blackbox\datamatrix-3...
[2025-10-20 03:17:31] [PROGRESS] resolve files> Scanning C:\Sidd all in one\Unsafe\Lab6\Repos\zxing\core\src\test\resources\blackbox\ean13-1...
[2025-10-20 03:17:31] [PROGRESS] resolve files> Scanning C:\Sidd all in one\Unsafe\Lab6\Repos\zxing\core\src\test\resources\blackbox\ean13-2...
[2025-10-20 03:17:31] [PROGRESS] resolve files> Scanning C:\Sidd all in one\Unsafe\Lab6\Repos\zxing\core\src\test\resources\blackbox\ean13-3...
[2025-10-20 03:17:31] [PROGRESS] resolve files> Scanning C:\Sidd all in one\Unsafe\Lab6\Repos\zxing\core\src\test\resources\blackbox\ean13-4...
[2025-10-20 03:17:31] [PROGRESS] resolve files> Scanning C:\Sidd all in one\Unsafe\Lab6\Repos\zxing\core\src\test\resources\blackbox\ean13-5...
[2025-10-20 03:17:31] [PROGRESS] resolve files> Scanning C:\Sidd all in one\Unsafe\Lab6\Repos\zxing\core\src\test\resources\blackbox\ean8-1...
[2025-10-20 03:17:31] [PROGRESS] resolve files> Scanning C:\Sidd all in one\Unsafe\Lab6\Repos\zxing\core\src\test\resources\blackbox\falsepositives...
[2025-10-20 03:17:31] [PROGRESS] resolve files> Scanning C:\Sidd all in one\Unsafe\Lab6\Repos\zxing\core\src\test\resources\blackbox\falsepositives-2...
[2025-10-20 03:17:31] [PROGRESS] resolve files> Scanning C:\Sidd all in one\Unsafe\Lab6\Repos\zxing\core\src\test\resources\blackbox\inverted...
[2025-10-20 03:17:31] [PROGRESS] resolve files> Scanning C:\Sidd all in one\Unsafe\Lab6\Repos\zxing\core\src\test\resources\blackbox\itf-1...
[2025-10-20 03:17:31] [PROGRESS] resolve files> Scanning C:\Sidd all in one\Unsafe\Lab6\Repos\zxing\core\src\test\resources\blackbox\itf-2...
[2025-10-20 03:17:31] [PROGRESS] resolve files> Scanning C:\Sidd all in one\Unsafe\Lab6\Repos\zxing\core\src\test\resources\blackbox\maxicode-1...
[2025-10-20 03:17:31] [PROGRESS] resolve files> Scanning C:\Sidd all in one\Unsafe\Lab6\Repos\zxing\core\src\test\resources\blackbox\multi-1...
[2025-10-20 03:17:31] [PROGRESS] resolve files> Scanning C:\Sidd all in one\Unsafe\Lab6\Repos\zxing\core\src\test\resources\blackbox\multi-qrcode-1...
[2025-10-20 03:17:31] [PROGRESS] resolve files> Scanning C:\Sidd all in one\Unsafe\Lab6\Repos\zxing\core\src\test\resources\blackbox\partial...
[2025-10-20 03:17:31] [PROGRESS] resolve files> Scanning C:\Sidd all in one\Unsafe\Lab6\Repos\zxing\core\src\test\resources\blackbox\pdf417-1...
[2025-10-20 03:17:31] [PROGRESS] resolve files> Scanning C:\Sidd all in one\Unsafe\Lab6\Repos\zxing\core\src\test\resources\blackbox\pdf417-2...
[2025-10-20 03:17:31] [PROGRESS] resolve files> Scanning C:\Sidd all in one\Unsafe\Lab6\Repos\zxing\core\src\test\resources\blackbox\pdf417-3...
[2025-10-20 03:17:31] [PROGRESS] resolve files> Scanning C:\Sidd all in one\Unsafe\Lab6\Repos\zxing\core\src\test\resources\blackbox\pdf417-4...
[2025-10-20 03:17:31] [PROGRESS] resolve files> Scanning C:\Sidd all in one\Unsafe\Lab6\Repos\zxing\core\src\test\resources\blackbox\qrcode-1...
[2025-10-20 03:17:31] [PROGRESS] resolve files> Scanning C:\Sidd all in one\Unsafe\Lab6\Repos\zxing\core\src\test\resources\blackbox\qrcode-2...
[2025-10-20 03:17:31] [PROGRESS] resolve files> Scanning C:\Sidd all in one\Unsafe\Lab6\Repos\zxing\core\src\test\resources\blackbox\qrcode-3...
[2025-10-20 03:17:31] [PROGRESS] resolve files> Scanning C:\Sidd all in one\Unsafe\Lab6\Repos\zxing\core\src\test\resources\blackbox\qrcode-4...
[2025-10-20 03:17:31] [PROGRESS] resolve files> Scanning C:\Sidd all in one\Unsafe\Lab6\Repos\zxing\core\src\test\resources\blackbox\qrcode-5...
[2025-10-20 03:17:31] [PROGRESS] resolve files> Scanning C:\Sidd all in one\Unsafe\Lab6\Repos\zxing\core\src\test\resources\blackbox\qrcode-6...
[2025-10-20 03:17:31] [PROGRESS] resolve files> Scanning C:\Sidd all in one\Unsafe\Lab6\Repos\zxing\core\src\test\resources\blackbox\rss14-1...
[2025-10-20 03:17:31] [PROGRESS] resolve files> Scanning C:\Sidd all in one\Unsafe\Lab6\Repos\zxing\core\src\test\resources\blackbox\rss14-2...
[2025-10-20 03:17:31] [PROGRESS] resolve files> Scanning C:\Sidd all in one\Unsafe\Lab6\Repos\zxing\core\src\test\resources\blackbox\rssexpanded-1...
[2025-10-20 03:17:31] [PROGRESS] resolve files> Scanning C:\Sidd all in one\Unsafe\Lab6\Repos\zxing\core\src\test\resources\blackbox\rssexpanded-2...
[2025-10-20 03:17:31] [PROGRESS] resolve files> Scanning C:\Sidd all in one\Unsafe\Lab6\Repos\zxing\core\src\test\resources\blackbox\rssexpanded-3...
[2025-10-20 03:17:31] [PROGRESS] resolve files> Scanning C:\Sidd all in one\Unsafe\Lab6\Repos\zxing\core\src\test\resources\blackbox\rssexpandedstacked-1...
[2025-10-20 03:17:31] [PROGRESS] resolve files> Scanning C:\Sidd all in one\Unsafe\Lab6\Repos\zxing\core\src\test\resources\blackbox\rssexpandedstacked-2...
[2025-10-20 03:17:31] [PROGRESS] resolve files> Scanning C:\Sidd all in one\Unsafe\Lab6\Repos\zxing\core\src\test\resources\blackbox\unsupported...
[2025-10-20 03:17:31] [PROGRESS] resolve files> Scanning C:\Sidd all in one\Unsafe\Lab6\Repos\zxing\core\src\test\resources\blackbox\upca-1...
[2025-10-20 03:17:31] [PROGRESS] resolve files> Scanning C:\Sidd all in one\Unsafe\Lab6\Repos\zxing\core\src\test\resources\blackbox\upca-2...
[2025-10-20 03:17:31] [PROGRESS] resolve files> Scanning C:\Sidd all in one\Unsafe\Lab6\Repos\zxing\core\src\test\resources\blackbox\upca-3...
[2025-10-20 03:17:31] [PROGRESS] resolve files> Scanning C:\Sidd all in one\Unsafe\Lab6\Repos\zxing\core\src\test\resources\blackbox\upca-4...
[2025-10-20 03:17:31] [PROGRESS] resolve files> Scanning C:\Sidd all in one\Unsafe\Lab6\Repos\zxing\core\src\test\resources\blackbox\upca-5...
[2025-10-20 03:17:31] [PROGRESS] resolve files> Scanning C:\Sidd all in one\Unsafe\Lab6\Repos\zxing\core\src\test\resources\blackbox\upca-6...
[2025-10-20 03:17:31] [PROGRESS] resolve files> Scanning C:\Sidd all in one\Unsafe\Lab6\Repos\zxing\core\src\test\resources\blackbox\upce-1...
[2025-10-20 03:17:31] [PROGRESS] resolve files> Scanning C:\Sidd all in one\Unsafe\Lab6\Repos\zxing\core\src\test\resources\blackbox\upce-2...
[2025-10-20 03:17:31] [PROGRESS] resolve files> Scanning C:\Sidd all in one\Unsafe\Lab6\Repos\zxing\core\src\test\resources\blackbox\upce-3...
[2025-10-20 03:17:31] [PROGRESS] resolve files> Scanning C:\Sidd all in one\Unsafe\Lab6\Repos\zxing\core\src\test\resources\blackbox\upcean-extension-1...
[2025-10-20 03:17:31] [PROGRESS] resolve files> Scanning C:\Sidd all in one\Unsafe\Lab6\Repos\zxing\core\src\test\resources\golden...
[2025-10-20 03:17:31] [PROGRESS] resolve files> Scanning C:\Sidd all in one\Unsafe\Lab6\Repos\zxing\core\src\test\resources\golden\qrcode...
[2025-10-20 03:17:31] [PROGRESS] resolve files> Scanning C:\Sidd all in one\Unsafe\Lab6\Repos\zxing\core\target...
[2025-10-20 03:17:31] [PROGRESS] resolve files> Scanning C:\Sidd all in one\Unsafe\Lab6\Repos\zxing\core\target\classes...
[2025-10-20 03:17:31] [PROGRESS] resolve files> Scanning C:\Sidd all in one\Unsafe\Lab6\Repos\zxing\core\target\classes\com...
[2025-10-20 03:17:31] [PROGRESS] resolve files> Scanning C:\Sidd all in one\Unsafe\Lab6\Repos\zxing\core\target\classes\com\google...
[2025-10-20 03:17:31] [PROGRESS] resolve files> Scanning C:\Sidd all in one\Unsafe\Lab6\Repos\zxing\core\target\classes\com\google\zxing...
[2025-10-20 03:17:31] [PROGRESS] resolve files> Scanning C:\Sidd all in one\Unsafe\Lab6\Repos\zxing\core\target\classes\com\google\zxing\aztec...
[2025-10-20 03:17:31] [PROGRESS] resolve files> Scanning C:\Sidd all in one\Unsafe\Lab6\Repos\zxing\core\target\classes\com\google\zxing\aztec\decoder...
[2025-10-20 03:17:31] [PROGRESS] resolve files> Scanning C:\Sidd all in one\Unsafe\Lab6\Repos\zxing\core\target\classes\com\google\zxing\aztec\detector...
[2025-10-20 03:17:31] [PROGRESS] resolve files> Scanning C:\Sidd all in one\Unsafe\Lab6\Repos\zxing\core\target\classes\com\google\zxing\aztec\encoder...
[2025-10-20 03:17:31] [PROGRESS] resolve files> Scanning C:\Sidd all in one\Unsafe\Lab6\Repos\zxing\core\target\classes\com\google\zxing\client...
[2025-10-20 03:17:31] [PROGRESS] resolve files> Scanning C:\Sidd all in one\Unsafe\Lab6\Repos\zxing\core\target\classes\com\google\zxing\client\result...
[2025-10-20 03:17:31] [PROGRESS] resolve files> Scanning C:\Sidd all in one\Unsafe\Lab6\Repos\zxing\core\target\classes\com\google\zxing\common...
[2025-10-20 03:17:31] [PROGRESS] resolve files> Scanning C:\Sidd all in one\Unsafe\Lab6\Repos\zxing\core\target\classes\com\google\zxing\common\detector...
[2025-10-20 03:17:31] [PROGRESS] resolve files> Scanning C:\Sidd all in one\Unsafe\Lab6\Repos\zxing\core\target\classes\com\google\zxing\common\reedsolomon...
[2025-10-20 03:17:31] [PROGRESS] resolve files> Scanning C:\Sidd all in one\Unsafe\Lab6\Repos\zxing\core\target\classes\com\google\zxing\datamatrix...
[2025-10-20 03:17:31] [PROGRESS] resolve files> Scanning C:\Sidd all in one\Unsafe\Lab6\Repos\zxing\core\target\classes\com\google\zxing\datamatrix\decoder...
[2025-10-20 03:17:31] [PROGRESS] resolve files> Scanning C:\Sidd all in one\Unsafe\Lab6\Repos\zxing\core\target\classes\com\google\zxing\datamatrix\detector...
[2025-10-20 03:17:31] [PROGRESS] resolve files> Scanning C:\Sidd all in one\Unsafe\Lab6\Repos\zxing\core\target\classes\com\google\zxing\datamatrix\encoder...
[2025-10-20 03:17:31] [PROGRESS] resolve files> Scanning C:\Sidd all in one\Unsafe\Lab6\Repos\zxing\core\target\classes\com\google\zxing\maxicode...
[2025-10-20 03:17:31] [PROGRESS] resolve files> Scanning C:\Sidd all in one\Unsafe\Lab6\Repos\zxing\core\target\classes\com\google\zxing\maxicode\decoder...
[2025-10-20 03:17:31] [PROGRESS] resolve files> Scanning C:\Sidd all in one\Unsafe\Lab6\Repos\zxing\core\target\classes\com\google\zxing\multi...
[2025-10-20 03:17:31] [PROGRESS] resolve files> Scanning C:\Sidd all in one\Unsafe\Lab6\Repos\zxing\core\target\classes\com\google\zxing\multi\qrcode...
[2025-10-20 03:17:31] [PROGRESS] resolve files> Scanning C:\Sidd all in one\Unsafe\Lab6\Repos\zxing\core\target\classes\com\google\zxing\multi\qrcode\detector...
[2025-10-20 03:17:31] [PROGRESS] resolve files> Scanning C:\Sidd all in one\Unsafe\Lab6\Repos\zxing\core\target\classes\com\google\zxing\oned...
[2025-10-20 03:17:31] [PROGRESS] resolve files> Scanning C:\Sidd all in one\Unsafe\Lab6\Repos\zxing\core\target\classes\com\google\zxing\oned\rss...
[2025-10-20 03:17:31] [PROGRESS] resolve files> Scanning C:\Sidd all in one\Unsafe\Lab6\Repos\zxing\core\target\classes\com\google\zxing\oned\rss\expanded...
[2025-10-20 03:17:31] [PROGRESS] resolve files> Scanning C:\Sidd all in one\Unsafe\Lab6\Repos\zxing\core\target\classes\com\google\zxing\oned\rss\expanded\decoders...
[2025-10-20 03:17:31] [PROGRESS] resolve files> Scanning C:\Sidd all in one\Unsafe\Lab6\Repos\zxing\core\target\classes\com\google\zxing\pdf417...
[2025-10-20 03:17:31] [PROGRESS] resolve files> Scanning C:\Sidd all in one\Unsafe\Lab6\Repos\zxing\core\target\classes\com\google\zxing\pdf417\decoder...
[2025-10-20 03:17:31] [PROGRESS] resolve files> Scanning C:\Sidd all in one\Unsafe\Lab6\Repos\zxing\core\target\classes\com\google\zxing\pdf417\decoder\ec...
[2025-10-20 03:17:31] [PROGRESS] resolve files> Scanning C:\Sidd all in one\Unsafe\Lab6\Repos\zxing\core\target\classes\com\google\zxing\pdf417\detector...
[2025-10-20 03:17:31] [PROGRESS] resolve files> Scanning C:\Sidd all in one\Unsafe\Lab6\Repos\zxing\core\target\classes\com\google\zxing\pdf417\encoder...
[2025-10-20 03:17:31] [PROGRESS] resolve files> Scanning C:\Sidd all in one\Unsafe\Lab6\Repos\zxing\core\target\classes\com\google\zxing\qrcode...
[2025-10-20 03:17:31] [PROGRESS] resolve files> Scanning C:\Sidd all in one\Unsafe\Lab6\Repos\zxing\core\target\classes\com\google\zxing\qrcode\decoder...
[2025-10-20 03:17:31] [PROGRESS] resolve files> Scanning C:\Sidd all in one\Unsafe\Lab6\Repos\zxing\core\target\classes\com\google\zxing\qrcode\detector...
[2025-10-20 03:17:31] [PROGRESS] resolve files> Scanning C:\Sidd all in one\Unsafe\Lab6\Repos\zxing\core\target\classes\com\google\zxing\qrcode\encoder...
[2025-10-20 03:17:31] [PROGRESS] resolve files> Scanning C:\Sidd all in one\Unsafe\Lab6\Repos\zxing\core\target\generated-sources...
[2025-10-20 03:17:31] [PROGRESS] resolve files> Scanning C:\Sidd all in one\Unsafe\Lab6\Repos\zxing\core\target\generated-sources\annotations...
[2025-10-20 03:17:31] [PROGRESS] resolve files> Scanning C:\Sidd all in one\Unsafe\Lab6\Repos\zxing\core\target\maven-status...
[2025-10-20 03:17:31] [PROGRESS] resolve files> Scanning C:\Sidd all in one\Unsafe\Lab6\Repos\zxing\core\target\maven-status\maven-compiler-plugin...
[2025-10-20 03:17:31] [PROGRESS] resolve files> Scanning C:\Sidd all in one\Unsafe\Lab6\Repos\zxing\core\target\maven-status\maven-compiler-plugin\compile...
[2025-10-20 03:17:31] [PROGRESS] resolve files> Scanning C:\Sidd all in one\Unsafe\Lab6\Repos\zxing\core\target\maven-status\maven-compiler-plugin\compile\default-compile...
[2025-10-20 03:17:31] [PROGRESS] resolve files> Scanning C:\Sidd all in one\Unsafe\Lab6\Repos\zxing\docs...
[2025-10-20 03:17:31] [PROGRESS] resolve files> Scanning C:\Sidd all in one\Unsafe\Lab6\Repos\zxing\docs\apidocs...
[2025-10-20 03:17:31] [PROGRESS] resolve files> Scanning C:\Sidd all in one\Unsafe\Lab6\Repos\zxing\docs\apidocs\com...
[2025-10-20 03:17:31] [PROGRESS] resolve files> Scanning C:\Sidd all in one\Unsafe\Lab6\Repos\zxing\docs\apidocs\com\google...
[2025-10-20 03:17:31] [PROGRESS] resolve files> Scanning C:\Sidd all in one\Unsafe\Lab6\Repos\zxing\docs\apidocs\com\google\zxing...
[2025-10-20 03:17:31] [PROGRESS] resolve files> Scanning C:\Sidd all in one\Unsafe\Lab6\Repos\zxing\docs\apidocs\com\google\zxing\aztec...
[2025-10-20 03:17:31] [PROGRESS] resolve files> Scanning C:\Sidd all in one\Unsafe\Lab6\Repos\zxing\docs\apidocs\com\google\zxing\aztec\class-use...
[2025-10-20 03:17:31] [PROGRESS] resolve files> Scanning C:\Sidd all in one\Unsafe\Lab6\Repos\zxing\docs\apidocs\com\google\zxing\aztec\decoder...
[2025-10-20 03:17:31] [PROGRESS] resolve files> Scanning C:\Sidd all in one\Unsafe\Lab6\Repos\zxing\docs\apidocs\com\google\zxing\aztec\decoder\class-use...
[2025-10-20 03:17:31] [PROGRESS] resolve files> Scanning C:\Sidd all in one\Unsafe\Lab6\Repos\zxing\docs\apidocs\com\google\zxing\aztec\detector...
[2025-10-20 03:17:31] [PROGRESS] resolve files> Scanning C:\Sidd all in one\Unsafe\Lab6\Repos\zxing\docs\apidocs\com\google\zxing\aztec\detector\class-use...
[2025-10-20 03:17:31] [PROGRESS] resolve files> Scanning C:\Sidd all in one\Unsafe\Lab6\Repos\zxing\docs\apidocs\com\google\zxing\aztec\encoder...
[2025-10-20 03:17:31] [PROGRESS] resolve files> Scanning C:\Sidd all in one\Unsafe\Lab6\Repos\zxing\docs\apidocs\com\google\zxing\aztec\encoder\class-use...
[2025-10-20 03:17:31] [PROGRESS] resolve files> Scanning C:\Sidd all in one\Unsafe\Lab6\Repos\zxing\docs\apidocs\com\google\zxing\class-use...
[2025-10-20 03:17:31] [PROGRESS] resolve files> Scanning C:\Sidd all in one\Unsafe\Lab6\Repos\zxing\docs\apidocs\com\google\zxing\client...
[2025-10-20 03:17:31] [PROGRESS] resolve files> Scanning C:\Sidd all in one\Unsafe\Lab6\Repos\zxing\docs\apidocs\com\google\zxing\client\j2se...
[2025-10-20 03:17:31] [PROGRESS] resolve files> Scanning C:\Sidd all in one\Unsafe\Lab6\Repos\zxing\docs\apidocs\com\google\zxing\client\j2se\class-use...
[2025-10-20 03:17:31] [PROGRESS] resolve files> Scanning C:\Sidd all in one\Unsafe\Lab6\Repos\zxing\docs\apidocs\com\google\zxing\client\result...
[2025-10-20 03:17:31] [PROGRESS] resolve files> Scanning C:\Sidd all in one\Unsafe\Lab6\Repos\zxing\docs\apidocs\com\google\zxing\client\result\class-use...
[2025-10-20 03:17:31] [PROGRESS] resolve files> Scanning C:\Sidd all in one\Unsafe\Lab6\Repos\zxing\docs\apidocs\com\google\zxing\common...
[2025-10-20 03:17:31] [PROGRESS] resolve files> Scanning C:\Sidd all in one\Unsafe\Lab6\Repos\zxing\docs\apidocs\com\google\zxing\common\class-use...
[2025-10-20 03:17:31] [PROGRESS] resolve files> Scanning C:\Sidd all in one\Unsafe\Lab6\Repos\zxing\docs\apidocs\com\google\zxing\common\detector...
[2025-10-20 03:17:31] [PROGRESS] resolve files> Scanning C:\Sidd all in one\Unsafe\Lab6\Repos\zxing\docs\apidocs\com\google\zxing\common\detector\class-use...
[2025-10-20 03:17:31] [PROGRESS] resolve files> Scanning C:\Sidd all in one\Unsafe\Lab6\Repos\zxing\docs\apidocs\com\google\zxing\common\reedsolomon...
[2025-10-20 03:17:31] [PROGRESS] resolve files> Scanning C:\Sidd all in one\Unsafe\Lab6\Repos\zxing\docs\apidocs\com\google\zxing\common\reedsolomon\class-use...
[2025-10-20 03:17:31] [PROGRESS] resolve files> Scanning C:\Sidd all in one\Unsafe\Lab6\Repos\zxing\docs\apidocs\com\google\zxing\datamatrix...
[2025-10-20 03:17:31] [PROGRESS] resolve files> Scanning C:\Sidd all in one\Unsafe\Lab6\Repos\zxing\docs\apidocs\com\google\zxing\datamatrix\class-use...
[2025-10-20 03:17:31] [PROGRESS] resolve files> Scanning C:\Sidd all in one\Unsafe\Lab6\Repos\zxing\docs\apidocs\com\google\zxing\datamatrix\decoder...
[2025-10-20 03:17:31] [PROGRESS] resolve files> Scanning C:\Sidd all in one\Unsafe\Lab6\Repos\zxing\docs\apidocs\com\google\zxing\datamatrix\decoder\class-use...
[2025-10-20 03:17:31] [PROGRESS] resolve files> Scanning C:\Sidd all in one\Unsafe\Lab6\Repos\zxing\docs\apidocs\com\google\zxing\datamatrix\detector...
[2025-10-20 03:17:31] [PROGRESS] resolve files> Scanning C:\Sidd all in one\Unsafe\Lab6\Repos\zxing\docs\apidocs\com\google\zxing\datamatrix\detector\class-use...
[2025-10-20 03:17:31] [PROGRESS] resolve files> Scanning C:\Sidd all in one\Unsafe\Lab6\Repos\zxing\docs\apidocs\com\google\zxing\datamatrix\encoder...
[2025-10-20 03:17:31] [PROGRESS] resolve files> Scanning C:\Sidd all in one\Unsafe\Lab6\Repos\zxing\docs\apidocs\com\google\zxing\datamatrix\encoder\class-use...
[2025-10-20 03:17:31] [PROGRESS] resolve files> Scanning C:\Sidd all in one\Unsafe\Lab6\Repos\zxing\docs\apidocs\com\google\zxing\integration...
[2025-10-20 03:17:31] [PROGRESS] resolve files> Scanning C:\Sidd all in one\Unsafe\Lab6\Repos\zxing\docs\apidocs\com\google\zxing\integration\android...
[2025-10-20 03:17:31] [PROGRESS] resolve files> Scanning C:\Sidd all in one\Unsafe\Lab6\Repos\zxing\docs\apidocs\com\google\zxing\integration\android\class-use...
[2025-10-20 03:17:31] [PROGRESS] resolve files> Scanning C:\Sidd all in one\Unsafe\Lab6\Repos\zxing\docs\apidocs\com\google\zxing\maxicode...
[2025-10-20 03:17:31] [PROGRESS] resolve files> Scanning C:\Sidd all in one\Unsafe\Lab6\Repos\zxing\docs\apidocs\com\google\zxing\maxicode\class-use...
[2025-10-20 03:17:31] [PROGRESS] resolve files> Scanning C:\Sidd all in one\Unsafe\Lab6\Repos\zxing\docs\apidocs\com\google\zxing\maxicode\decoder...
[2025-10-20 03:17:31] [PROGRESS] resolve files> Scanning C:\Sidd all in one\Unsafe\Lab6\Repos\zxing\docs\apidocs\com\google\zxing\maxicode\decoder\class-use...
[2025-10-20 03:17:31] [PROGRESS] resolve files> Scanning C:\Sidd all in one\Unsafe\Lab6\Repos\zxing\docs\apidocs\com\google\zxing\multi...
[2025-10-20 03:17:31] [PROGRESS] resolve files> Scanning C:\Sidd all in one\Unsafe\Lab6\Repos\zxing\docs\apidocs\com\google\zxing\multi\class-use...
[2025-10-20 03:17:31] [PROGRESS] resolve files> Scanning C:\Sidd all in one\Unsafe\Lab6\Repos\zxing\docs\apidocs\com\google\zxing\multi\qrcode...
[2025-10-20 03:17:31] [PROGRESS] resolve files> Scanning C:\Sidd all in one\Unsafe\Lab6\Repos\zxing\docs\apidocs\com\google\zxing\multi\qrcode\class-use...
[2025-10-20 03:17:31] [PROGRESS] resolve files> Scanning C:\Sidd all in one\Unsafe\Lab6\Repos\zxing\docs\apidocs\com\google\zxing\multi\qrcode\detector...
[2025-10-20 03:17:31] [PROGRESS] resolve files> Scanning C:\Sidd all in one\Unsafe\Lab6\Repos\zxing\docs\apidocs\com\google\zxing\multi\qrcode\detector\class-use...
[2025-10-20 03:17:31] [PROGRESS] resolve files> Scanning C:\Sidd all in one\Unsafe\Lab6\Repos\zxing\docs\apidocs\com\google\zxing\oned...
[2025-10-20 03:17:31] [PROGRESS] resolve files> Scanning C:\Sidd all in one\Unsafe\Lab6\Repos\zxing\docs\apidocs\com\google\zxing\oned\class-use...
[2025-10-20 03:17:31] [PROGRESS] resolve files> Scanning C:\Sidd all in one\Unsafe\Lab6\Repos\zxing\docs\apidocs\com\google\zxing\oned\rss...
[2025-10-20 03:17:31] [PROGRESS] resolve files> Scanning C:\Sidd all in one\Unsafe\Lab6\Repos\zxing\docs\apidocs\com\google\zxing\oned\rss\class-use...
[2025-10-20 03:17:31] [PROGRESS] resolve files> Scanning C:\Sidd all in one\Unsafe\Lab6\Repos\zxing\docs\apidocs\com\google\zxing\oned\rss\expanded...
[2025-10-20 03:17:31] [PROGRESS] resolve files> Scanning C:\Sidd all in one\Unsafe\Lab6\Repos\zxing\docs\apidocs\com\google\zxing\oned\rss\expanded\class-use...
[2025-10-20 03:17:31] [PROGRESS] resolve files> Scanning C:\Sidd all in one\Unsafe\Lab6\Repos\zxing\docs\apidocs\com\google\zxing\oned\rss\expanded\decoders...
[2025-10-20 03:17:31] [PROGRESS] resolve files> Scanning C:\Sidd all in one\Unsafe\Lab6\Repos\zxing\docs\apidocs\com\google\zxing\oned\rss\expanded\decoders\class-use...
[2025-10-20 03:17:31] [PROGRESS] resolve files> Scanning C:\Sidd all in one\Unsafe\Lab6\Repos\zxing\docs\apidocs\com\google\zxing\pdf417...
[2025-10-20 03:17:31] [PROGRESS] resolve files> Scanning C:\Sidd all in one\Unsafe\Lab6\Repos\zxing\docs\apidocs\com\google\zxing\pdf417\class-use...
[2025-10-20 03:17:31] [PROGRESS] resolve files> Scanning C:\Sidd all in one\Unsafe\Lab6\Repos\zxing\docs\apidocs\com\google\zxing\pdf417\decoder...
[2025-10-20 03:17:31] [PROGRESS] resolve files> Scanning C:\Sidd all in one\Unsafe\Lab6\Repos\zxing\docs\apidocs\com\google\zxing\pdf417\decoder\class-use...
[2025-10-20 03:17:31] [PROGRESS] resolve files> Scanning C:\Sidd all in one\Unsafe\Lab6\Repos\zxing\docs\apidocs\com\google\zxing\pdf417\decoder\ec...
[2025-10-20 03:17:31] [PROGRESS] resolve files> Scanning C:\Sidd all in one\Unsafe\Lab6\Repos\zxing\docs\apidocs\com\google\zxing\pdf417\decoder\ec\class-use...
[2025-10-20 03:17:31] [PROGRESS] resolve files> Scanning C:\Sidd all in one\Unsafe\Lab6\Repos\zxing\docs\apidocs\com\google\zxing\pdf417\detector...
[2025-10-20 03:17:31] [PROGRESS] resolve files> Scanning C:\Sidd all in one\Unsafe\Lab6\Repos\zxing\docs\apidocs\com\google\zxing\pdf417\detector\class-use...
[2025-10-20 03:17:31] [PROGRESS] resolve files> Scanning C:\Sidd all in one\Unsafe\Lab6\Repos\zxing\docs\apidocs\com\google\zxing\pdf417\encoder...
[2025-10-20 03:17:31] [PROGRESS] resolve files> Scanning C:\Sidd all in one\Unsafe\Lab6\Repos\zxing\docs\apidocs\com\google\zxing\pdf417\encoder\class-use...
[2025-10-20 03:17:31] [PROGRESS] resolve files> Scanning C:\Sidd all in one\Unsafe\Lab6\Repos\zxing\docs\apidocs\com\google\zxing\qrcode...
[2025-10-20 03:17:31] [PROGRESS] resolve files> Scanning C:\Sidd all in one\Unsafe\Lab6\Repos\zxing\docs\apidocs\com\google\zxing\qrcode\class-use...
[2025-10-20 03:17:31] [PROGRESS] resolve files> Scanning C:\Sidd all in one\Unsafe\Lab6\Repos\zxing\docs\apidocs\com\google\zxing\qrcode\decoder...
[2025-10-20 03:17:31] [PROGRESS] resolve files> Scanning C:\Sidd all in one\Unsafe\Lab6\Repos\zxing\docs\apidocs\com\google\zxing\qrcode\decoder\class-use...
[2025-10-20 03:17:31] [PROGRESS] resolve files> Scanning C:\Sidd all in one\Unsafe\Lab6\Repos\zxing\docs\apidocs\com\google\zxing\qrcode\detector...
[2025-10-20 03:17:31] [PROGRESS] resolve files> Scanning C:\Sidd all in one\Unsafe\Lab6\Repos\zxing\docs\apidocs\com\google\zxing\qrcode\detector\class-use...
[2025-10-20 03:17:31] [PROGRESS] resolve files> Scanning C:\Sidd all in one\Unsafe\Lab6\Repos\zxing\docs\apidocs\com\google\zxing\qrcode\encoder...
[2025-10-20 03:17:31] [PROGRESS] resolve files> Scanning C:\Sidd all in one\Unsafe\Lab6\Repos\zxing\docs\apidocs\com\google\zxing\qrcode\encoder\class-use...
[2025-10-20 03:17:31] [PROGRESS] resolve files> Scanning C:\Sidd all in one\Unsafe\Lab6\Repos\zxing\docs\apidocs\com\google\zxing\web...
[2025-10-20 03:17:31] [PROGRESS] resolve files> Scanning C:\Sidd all in one\Unsafe\Lab6\Repos\zxing\docs\apidocs\com\google\zxing\web\class-use...
[2025-10-20 03:17:31] [PROGRESS] resolve files> Scanning C:\Sidd all in one\Unsafe\Lab6\Repos\zxing\docs\apidocs\legal...
[2025-10-20 03:17:31] [PROGRESS] resolve files> Scanning C:\Sidd all in one\Unsafe\Lab6\Repos\zxing\docs\apidocs\resources...
[2025-10-20 03:17:31] [PROGRESS] resolve files> Scanning C:\Sidd all in one\Unsafe\Lab6\Repos\zxing\docs\apidocs\script-dir...
[2025-10-20 03:17:31] [PROGRESS] resolve files> Scanning C:\Sidd all in one\Unsafe\Lab6\Repos\zxing\docs\css...
[2025-10-20 03:17:31] [PROGRESS] resolve files> Scanning C:\Sidd all in one\Unsafe\Lab6\Repos\zxing\docs\fonts...
[2025-10-20 03:17:31] [PROGRESS] resolve files> Scanning C:\Sidd all in one\Unsafe\Lab6\Repos\zxing\docs\images...
[2025-10-20 03:17:31] [PROGRESS] resolve files> Scanning C:\Sidd all in one\Unsafe\Lab6\Repos\zxing\docs\images\logos...
[2025-10-20 03:17:31] [PROGRESS] resolve files> Scanning C:\Sidd all in one\Unsafe\Lab6\Repos\zxing\docs\images\profiles...
[2025-10-20 03:17:31] [PROGRESS] resolve files> Scanning C:\Sidd all in one\Unsafe\Lab6\Repos\zxing\docs\img...
[2025-10-20 03:17:31] [PROGRESS] resolve files> Scanning C:\Sidd all in one\Unsafe\Lab6\Repos\zxing\docs\js...
[2025-10-20 03:17:31] [PROGRESS] resolve files> Scanning C:\Sidd all in one\Unsafe\Lab6\Repos\zxing\javase...
[2025-10-20 03:17:31] [PROGRESS] resolve files> Scanning C:\Sidd all in one\Unsafe\Lab6\Repos\zxing\javase\src...
[2025-10-20 03:17:31] [PROGRESS] resolve files> Scanning C:\Sidd all in one\Unsafe\Lab6\Repos\zxing\javase\src\main...
[2025-10-20 03:17:31] [PROGRESS] resolve files> Scanning C:\Sidd all in one\Unsafe\Lab6\Repos\zxing\javase\src\main\java...
[2025-10-20 03:17:31] [PROGRESS] resolve files> Scanning C:\Sidd all in one\Unsafe\Lab6\Repos\zxing\javase\src\main\java\com...
[2025-10-20 03:17:31] [PROGRESS] resolve files> Scanning C:\Sidd all in one\Unsafe\Lab6\Repos\zxing\javase\src\main\java\com\google...
[2025-10-20 03:17:31] [PROGRESS] resolve files> Scanning C:\Sidd all in one\Unsafe\Lab6\Repos\zxing\javase\src\main\java\com\google\zxing...
[2025-10-20 03:17:31] [PROGRESS] resolve files> Scanning C:\Sidd all in one\Unsafe\Lab6\Repos\zxing\javase\src\main\java\com\google\zxing\client...
[2025-10-20 03:17:31] [PROGRESS] resolve files> Scanning C:\Sidd all in one\Unsafe\Lab6\Repos\zxing\javase\src\main\java\com\google\zxing\client\j2se...
[2025-10-20 03:17:31] [PROGRESS] resolve files> Scanning C:\Sidd all in one\Unsafe\Lab6\Repos\zxing\javase\src\test...
[2025-10-20 03:17:31] [PROGRESS] resolve files> Scanning C:\Sidd all in one\Unsafe\Lab6\Repos\zxing\javase\src\test\java...
[2025-10-20 03:17:31] [PROGRESS] resolve files> Scanning C:\Sidd all in one\Unsafe\Lab6\Repos\zxing\javase\src\test\java\com...
[2025-10-20 03:17:31] [PROGRESS] resolve files> Scanning C:\Sidd all in one\Unsafe\Lab6\Repos\zxing\javase\src\test\java\com\google...
[2025-10-20 03:17:31] [PROGRESS] resolve files> Scanning C:\Sidd all in one\Unsafe\Lab6\Repos\zxing\javase\src\test\java\com\google\zxing...
[2025-10-20 03:17:31] [PROGRESS] resolve files> Scanning C:\Sidd all in one\Unsafe\Lab6\Repos\zxing\javase\src\test\java\com\google\zxing\client...
[2025-10-20 03:17:31] [PROGRESS] resolve files> Scanning C:\Sidd all in one\Unsafe\Lab6\Repos\zxing\javase\src\test\java\com\google\zxing\client\j2se...
[2025-10-20 03:17:31] [PROGRESS] resolve files> Scanning C:\Sidd all in one\Unsafe\Lab6\Repos\zxing\javase\target...
[2025-10-20 03:17:31] [PROGRESS] resolve files> Scanning C:\Sidd all in one\Unsafe\Lab6\Repos\zxing\javase\target\classes...
[2025-10-20 03:17:31] [PROGRESS] resolve files> Scanning C:\Sidd all in one\Unsafe\Lab6\Repos\zxing\javase\target\classes\com...
[2025-10-20 03:17:31] [PROGRESS] resolve files> Scanning C:\Sidd all in one\Unsafe\Lab6\Repos\zxing\javase\target\classes\com\google...
[2025-10-20 03:17:31] [PROGRESS] resolve files> Scanning C:\Sidd all in one\Unsafe\Lab6\Repos\zxing\javase\target\classes\com\google\zxing...
[2025-10-20 03:17:31] [PROGRESS] resolve files> Scanning C:\Sidd all in one\Unsafe\Lab6\Repos\zxing\javase\target\classes\com\google\zxing\client...
[2025-10-20 03:17:31] [PROGRESS] resolve files> Scanning C:\Sidd all in one\Unsafe\Lab6\Repos\zxing\javase\target\classes\com\google\zxing\client\j2se...
[2025-10-20 03:17:31] [PROGRESS] resolve files> Scanning C:\Sidd all in one\Unsafe\Lab6\Repos\zxing\javase\target\generated-sources...
[2025-10-20 03:17:31] [PROGRESS] resolve files> Scanning C:\Sidd all in one\Unsafe\Lab6\Repos\zxing\javase\target\generated-sources\annotations...
[2025-10-20 03:17:31] [PROGRESS] resolve files> Scanning C:\Sidd all in one\Unsafe\Lab6\Repos\zxing\javase\target\maven-status...
[2025-10-20 03:17:31] [PROGRESS] resolve files> Scanning C:\Sidd all in one\Unsafe\Lab6\Repos\zxing\javase\target\maven-status\maven-compiler-plugin...
[2025-10-20 03:17:31] [PROGRESS] resolve files> Scanning C:\Sidd all in one\Unsafe\Lab6\Repos\zxing\javase\target\maven-status\maven-compiler-plugin\compile...
[2025-10-20 03:17:31] [PROGRESS] resolve files> Scanning C:\Sidd all in one\Unsafe\Lab6\Repos\zxing\javase\target\maven-status\maven-compiler-plugin\compile\default-compile...
[2025-10-20 03:17:31] [PROGRESS] resolve files> Scanning C:\Sidd all in one\Unsafe\Lab6\Repos\zxing\src...
[2025-10-20 03:17:31] [PROGRESS] resolve files> Scanning C:\Sidd all in one\Unsafe\Lab6\Repos\zxing\src\checkstyle...
[2025-10-20 03:17:31] [PROGRESS] resolve files> Scanning C:\Sidd all in one\Unsafe\Lab6\Repos\zxing\src\clirr...
[2025-10-20 03:17:31] [PROGRESS] resolve files> Scanning C:\Sidd all in one\Unsafe\Lab6\Repos\zxing\src\findbugs...
[2025-10-20 03:17:31] [PROGRESS] resolve files> Scanning C:\Sidd all in one\Unsafe\Lab6\Repos\zxing\src\site...
[2025-10-20 03:17:31] [PROGRESS] resolve files> Scanning C:\Sidd all in one\Unsafe\Lab6\Repos\zxing\target...
[2025-10-20 03:17:31] [PROGRESS] resolve files> Scanning C:\Sidd all in one\Unsafe\Lab6\Repos\zxing\zxing.appspot.com...
[2025-10-20 03:17:31] [PROGRESS] resolve files> Scanning C:\Sidd all in one\Unsafe\Lab6\Repos\zxing\zxing.appspot.com\src...
[2025-10-20 03:17:31] [PROGRESS] resolve files> Scanning C:\Sidd all in one\Unsafe\Lab6\Repos\zxing\zxing.appspot.com\src\main...
[2025-10-20 03:17:31] [PROGRESS] resolve files> Scanning C:\Sidd all in one\Unsafe\Lab6\Repos\zxing\zxing.appspot.com\src\main\java...
[2025-10-20 03:17:31] [PROGRESS] resolve files> Scanning C:\Sidd all in one\Unsafe\Lab6\Repos\zxing\zxing.appspot.com\src\main\java\com...
[2025-10-20 03:17:31] [PROGRESS] resolve files> Scanning C:\Sidd all in one\Unsafe\Lab6\Repos\zxing\zxing.appspot.com\src\main\java\com\google...
[2025-10-20 03:17:31] [PROGRESS] resolve files> Scanning C:\Sidd all in one\Unsafe\Lab6\Repos\zxing\zxing.appspot.com\src\main\java\com\google\zxing...
[2025-10-20 03:17:31] [PROGRESS] resolve files> Scanning C:\Sidd all in one\Unsafe\Lab6\Repos\zxing\zxing.appspot.com\src\main\java\com\google\zxing\web...
[2025-10-20 03:17:31] [PROGRESS] resolve files> Scanning C:\Sidd all in one\Unsafe\Lab6\Repos\zxing\zxing.appspot.com\src\main\java\com\google\zxing\web\generator...
[2025-10-20 03:17:31] [PROGRESS] resolve files> Scanning C:\Sidd all in one\Unsafe\Lab6\Repos\zxing\zxing.appspot.com\src\main\java\com\google\zxing\web\generator\client...
[2025-10-20 03:17:31] [PROGRESS] resolve files> Scanning C:\Sidd all in one\Unsafe\Lab6\Repos\zxing\zxing.appspot.com\src\main\resources...
[2025-10-20 03:17:31] [PROGRESS] resolve files> Scanning C:\Sidd all in one\Unsafe\Lab6\Repos\zxing\zxing.appspot.com\src\main\resources\com...
[2025-10-20 03:17:31] [PROGRESS] resolve files> Scanning C:\Sidd all in one\Unsafe\Lab6\Repos\zxing\zxing.appspot.com\src\main\resources\com\google...
[2025-10-20 03:17:31] [PROGRESS] resolve files> Scanning C:\Sidd all in one\Unsafe\Lab6\Repos\zxing\zxing.appspot.com\src\main\resources\com\google\zxing...
[2025-10-20 03:17:31] [PROGRESS] resolve files> Scanning C:\Sidd all in one\Unsafe\Lab6\Repos\zxing\zxing.appspot.com\src\main\resources\com\google\zxing\web...
[2025-10-20 03:17:31] [PROGRESS] resolve files> Scanning C:\Sidd all in one\Unsafe\Lab6\Repos\zxing\zxing.appspot.com\src\main\resources\com\google\zxing\web\generator...
[2025-10-20 03:17:31] [PROGRESS] resolve files> Scanning C:\Sidd all in one\Unsafe\Lab6\Repos\zxing\zxing.appspot.com\src\main\webapp...
[2025-10-20 03:17:31] [PROGRESS] resolve files> Scanning C:\Sidd all in one\Unsafe\Lab6\Repos\zxing\zxing.appspot.com\src\main\webapp\img...
[2025-10-20 03:17:31] [PROGRESS] resolve files> Scanning C:\Sidd all in one\Unsafe\Lab6\Repos\zxing\zxing.appspot.com\src\main\webapp\WEB-INF...
[2025-10-20 03:17:31] [PROGRESS] resolve files> Scanning C:\Sidd all in one\Unsafe\Lab6\Repos\zxing\zxingorg...
[2025-10-20 03:17:31] [PROGRESS] resolve files> Scanning C:\Sidd all in one\Unsafe\Lab6\Repos\zxing\zxingorg\src...
[2025-10-20 03:17:31] [PROGRESS] resolve files> Scanning C:\Sidd all in one\Unsafe\Lab6\Repos\zxing\zxingorg\src\main...
[2025-10-20 03:17:31] [PROGRESS] resolve files> Scanning C:\Sidd all in one\Unsafe\Lab6\Repos\zxing\zxingorg\src\main\java...
[2025-10-20 03:17:31] [PROGRESS] resolve files> Scanning C:\Sidd all in one\Unsafe\Lab6\Repos\zxing\zxingorg\src\main\java\com...
[2025-10-20 03:17:31] [PROGRESS] resolve files> Scanning C:\Sidd all in one\Unsafe\Lab6\Repos\zxing\zxingorg\src\main\java\com\google...
[2025-10-20 03:17:31] [PROGRESS] resolve files> Scanning C:\Sidd all in one\Unsafe\Lab6\Repos\zxing\zxingorg\src\main\java\com\google\zxing...
[2025-10-20 03:17:31] [PROGRESS] resolve files> Scanning C:\Sidd all in one\Unsafe\Lab6\Repos\zxing\zxingorg\src\main\java\com\google\zxing\web...
[2025-10-20 03:17:31] [PROGRESS] resolve files> Scanning C:\Sidd all in one\Unsafe\Lab6\Repos\zxing\zxingorg\src\main\resources...
[2025-10-20 03:17:31] [PROGRESS] resolve files> Scanning C:\Sidd all in one\Unsafe\Lab6\Repos\zxing\zxingorg\src\main\webapp...
[2025-10-20 03:17:31] [PROGRESS] resolve files> Scanning C:\Sidd all in one\Unsafe\Lab6\Repos\zxing\zxingorg\src\main\webapp\w...
[2025-10-20 03:17:31] [PROGRESS] resolve files> Scanning C:\Sidd all in one\Unsafe\Lab6\Repos\zxing\zxingorg\src\test...
[2025-10-20 03:17:31] [PROGRESS] resolve files> Scanning C:\Sidd all in one\Unsafe\Lab6\Repos\zxing\zxingorg\src\test\java...
[2025-10-20 03:17:31] [PROGRESS] resolve files> Scanning C:\Sidd all in one\Unsafe\Lab6\Repos\zxing\zxingorg\src\test\java\com...
[2025-10-20 03:17:31] [PROGRESS] resolve files> Scanning C:\Sidd all in one\Unsafe\Lab6\Repos\zxing\zxingorg\src\test\java\com\google...
[2025-10-20 03:17:31] [PROGRESS] resolve files> Scanning C:\Sidd all in one\Unsafe\Lab6\Repos\zxing\zxingorg\src\test\java\com\google\zxing...
[2025-10-20 03:17:31] [PROGRESS] resolve files> Scanning C:\Sidd all in one\Unsafe\Lab6\Repos\zxing\zxingorg\src\test\java\com\google\zxing\web...
[2025-10-20 03:17:31] [PROGRESS] resolve files> Scanning C:\Sidd all in one\Unsafe\Lab6\Repos\zxing\zxingorg\target...
[2025-10-20 03:17:31] [PROGRESS] resolve files> Scanning C:\Sidd all in one\Unsafe\Lab6\Repos\zxing\zxingorg\target\classes...
[2025-10-20 03:17:31] [PROGRESS] resolve files> Scanning C:\Sidd all in one\Unsafe\Lab6\Repos\zxing\zxingorg\target\classes\com...
[2025-10-20 03:17:31] [PROGRESS] resolve files> Scanning C:\Sidd all in one\Unsafe\Lab6\Repos\zxing\zxingorg\target\classes\com\google...
[2025-10-20 03:17:31] [PROGRESS] resolve files> Scanning C:\Sidd all in one\Unsafe\Lab6\Repos\zxing\zxingorg\target\classes\com\google\zxing...
[2025-10-20 03:17:31] [PROGRESS] resolve files> Scanning C:\Sidd all in one\Unsafe\Lab6\Repos\zxing\zxingorg\target\classes\com\google\zxing\web...
[2025-10-20 03:17:31] [PROGRESS] resolve files> Scanning C:\Sidd all in one\Unsafe\Lab6\Repos\zxing\zxingorg\target\generated-sources...
[2025-10-20 03:17:31] [PROGRESS] resolve files> Scanning C:\Sidd all in one\Unsafe\Lab6\Repos\zxing\zxingorg\target\generated-sources\annotations...
[2025-10-20 03:17:31] [PROGRESS] resolve files> Scanning C:\Sidd all in one\Unsafe\Lab6\Repos\zxing\zxingorg\target\maven-status...
[2025-10-20 03:17:31] [PROGRESS] resolve files> Scanning C:\Sidd all in one\Unsafe\Lab6\Repos\zxing\zxingorg\target\maven-status\maven-compiler-plugin...
[2025-10-20 03:17:31] [PROGRESS] resolve files> Scanning C:\Sidd all in one\Unsafe\Lab6\Repos\zxing\zxingorg\target\maven-status\maven-compiler-plugin\compile...
[2025-10-20 03:17:31] [PROGRESS] resolve files> Scanning C:\Sidd all in one\Unsafe\Lab6\Repos\zxing\zxingorg\target\maven-status\maven-compiler-plugin\compile\default-compile...
[2025-10-20 03:17:31] Plumbing command codeql resolve files completed:
                      [
                        "C:\\Sidd all in one\\Unsafe\\Lab6\\Repos\\zxing\\zxingorg\\src\\main\\resources\\Strings.properties",
                        "C:\\Sidd all in one\\Unsafe\\Lab6\\Repos\\zxing\\zxingorg\\target\\classes\\Strings.properties"
                      ]
[2025-10-20 03:17:31] [DETAILS] database index-files> Found 2 files.
[2025-10-20 03:17:31] [PROGRESS] database index-files> C:\Sidd all in one\Unsafe\Lab6\CodeQL-Databases\zxing-codeql-db: Indexing files in in C:\Sidd all in one\Unsafe\Lab6\Repos\zxing...
[2025-10-20 03:17:31] Using index-files script C:\Sidd all in one\Unsafe\Lab6\Tools\codeql\properties\tools\index-files.cmd.
[2025-10-20 03:17:31] [PROGRESS] database index-files> Running command in C:\Sidd all in one\Unsafe\Lab6\Repos\zxing: [C:\Sidd all in one\Unsafe\Lab6\Tools\codeql\properties\tools\index-files.cmd, C:\Sidd all in one\Unsafe\Lab6\CodeQL-Databases\zxing-codeql-db\working\files-to-index13606260103915501641.list]
[2025-10-20 03:17:32] Terminating normally.
