[2025-10-20 03:17:17] [javac-extractor-29580] Starting extraction for:
                                              sun.java.command=com.semmle.extractor.java.JavaExtractor --jdk-version 21 --javac-args @@@C:\Sidd all in one\Unsafe\Lab6\CodeQL-Databases\zxing-codeql-db\log\ext\javac-2.args
                                              user.dir=C:\Sidd all in one\Unsafe\Lab6\Repos\zxing
[2025-10-20 03:17:17] [javac-extractor-29580] Compilation name C:/Sidd all in one/Unsafe/Lab6/CodeQL-Databases/zxing-codeql-db/trap/java/diagnostics/diagnostic-2.trap.gz
[2025-10-20 03:17:17] [javac-extractor-29580] [WARN] Appending source destination directory C:\Sidd all in one\Unsafe\Lab6\Repos\zxing\zxingorg\target\generated-sources\annotations to sourcepath
[2025-10-20 03:17:20] [javac-extractor-29580] Annotation processor class 'lombok.launch.AnnotationProcessorHider$AnnotationProcessor' initialized.
[2025-10-20 03:17:20] [javac-extractor-29580] Annotation processor class 'lombok.launch.AnnotationProcessorHider$ClaimingProcessor' initialized.
[2025-10-20 03:17:20] [javac-extractor-29580] 14 files will be passed to the attrib/flow phase
[2025-10-20 03:17:21] [javac-extractor-29580] Processing file C:\Sidd all in one\Unsafe\Lab6\Repos\zxing\zxingorg\src\main\java\com\google\zxing\web\AbstractFilter.java
[2025-10-20 03:17:22] [javac-extractor-29580] Processing JAR file: C:/Users/Siddhesh/.m2/repository/com/google/guava/guava/33.5.0-android/guava-33.5.0-android.jar
[2025-10-20 03:17:22] [javac-extractor-29580] Processing JAR file: C:/Users/Siddhesh/.m2/repository/jakarta/platform/jakarta.jakartaee-web-api/10.0.0/jakarta.jakartaee-web-api-10.0.0.jar
[2025-10-20 03:17:22] [javac-extractor-29580] Processing file C:\Sidd all in one\Unsafe\Lab6\Repos\zxing\zxingorg\src\main\java\com\google\zxing\web\ChartDoSFilter.java
[2025-10-20 03:17:22] [javac-extractor-29580] Processing file C:\Sidd all in one\Unsafe\Lab6\Repos\zxing\zxingorg\src\main\java\com\google\zxing\web\DoSFilter.java
[2025-10-20 03:17:22] [javac-extractor-29580] Processing JAR file: C:/Users/Siddhesh/.m2/repository/com/google/errorprone/error_prone_annotations/2.41.0/error_prone_annotations-2.41.0.jar
[2025-10-20 03:17:22] [javac-extractor-29580] Processing file C:\Sidd all in one\Unsafe\Lab6\Repos\zxing\zxingorg\src\main\java\com\google\zxing\web\DoSTracker.java
[2025-10-20 03:17:23] [javac-extractor-29580] Processing file C:\Sidd all in one\Unsafe\Lab6\Repos\zxing\zxingorg\src\main\java\com\google\zxing\web\ChartServlet.java
[2025-10-20 03:17:23] [javac-extractor-29580] [WARN] Not rewriting trap file for C:\Sidd all in one\Unsafe\Lab6\CodeQL-Databases\zxing-codeql-db\trap\java\classes\com\google\zxing\BarcodeFormat.members\BarcodeFormat.members#52.0-1760910352538-java.trap.gz as C:\Sidd all in one\Unsafe\Lab6\CodeQL-Databases\zxing-codeql-db\trap\java\classes\com\google\zxing\BarcodeFormat.members\BarcodeFormat.members#0.0-1760887996289-java.trap.gz exists
[2025-10-20 03:17:23] [javac-extractor-29580] [WARN] Not rewriting trap file for C:\Sidd all in one\Unsafe\Lab6\CodeQL-Databases\zxing-codeql-db\trap\java\classes\com\google\zxing\EncodeHintType.members\EncodeHintType.members#52.0-1760910352823-java.trap.gz as C:\Sidd all in one\Unsafe\Lab6\CodeQL-Databases\zxing-codeql-db\trap\java\classes\com\google\zxing\EncodeHintType.members\EncodeHintType.members#0.0-1760887996294-java.trap.gz exists
[2025-10-20 03:17:23] [javac-extractor-29580] [WARN] Not rewriting trap file for C:\Sidd all in one\Unsafe\Lab6\CodeQL-Databases\zxing-codeql-db\trap\java\classes\com\google\zxing\WriterException.members\WriterException.members#52.0-1760910352930-java.trap.gz as C:\Sidd all in one\Unsafe\Lab6\CodeQL-Databases\zxing-codeql-db\trap\java\classes\com\google\zxing\WriterException.members\WriterException.members#0.0-1760887996302-java.trap.gz exists
[2025-10-20 03:17:23] [javac-extractor-29580] [WARN] Not rewriting trap file for C:\Sidd all in one\Unsafe\Lab6\CodeQL-Databases\zxing-codeql-db\trap\java\classes\com\google\zxing\client\j2se\MatrixToImageWriter.members\MatrixToImageWriter.members#52.0-1760910388086-java.trap.gz as C:\Sidd all in one\Unsafe\Lab6\CodeQL-Databases\zxing-codeql-db\trap\java\classes\com\google\zxing\client\j2se\MatrixToImageWriter.members\MatrixToImageWriter.members#0.0-1760887999683-java.trap.gz exists
[2025-10-20 03:17:23] [javac-extractor-29580] [WARN] Not rewriting trap file for C:\Sidd all in one\Unsafe\Lab6\CodeQL-Databases\zxing-codeql-db\trap\java\classes\com\google\zxing\common\BitMatrix.members\BitMatrix.members#52.0-1760910352771-java.trap.gz as C:\Sidd all in one\Unsafe\Lab6\CodeQL-Databases\zxing-codeql-db\trap\java\classes\com\google\zxing\common\BitMatrix.members\BitMatrix.members#0.0-1760887996340-java.trap.gz exists
[2025-10-20 03:17:23] [javac-extractor-29580] [WARN] Not rewriting trap file for C:\Sidd all in one\Unsafe\Lab6\CodeQL-Databases\zxing-codeql-db\trap\java\classes\com\google\zxing\qrcode\QRCodeWriter.members\QRCodeWriter.members#52.0-1760910355852-java.trap.gz as C:\Sidd all in one\Unsafe\Lab6\CodeQL-Databases\zxing-codeql-db\trap\java\classes\com\google\zxing\qrcode\QRCodeWriter.members\QRCodeWriter.members#0.0-1760887996488-java.trap.gz exists
[2025-10-20 03:17:23] [javac-extractor-29580] [WARN] Not rewriting trap file for C:\Sidd all in one\Unsafe\Lab6\CodeQL-Databases\zxing-codeql-db\trap\java\classes\com\google\zxing\qrcode\decoder\ErrorCorrectionLevel.members\ErrorCorrectionLevel.members#52.0-1760910354645-java.trap.gz as C:\Sidd all in one\Unsafe\Lab6\CodeQL-Databases\zxing-codeql-db\trap\java\classes\com\google\zxing\qrcode\decoder\ErrorCorrectionLevel.members\ErrorCorrectionLevel.members#0.0-1760887996492-java.trap.gz exists
[2025-10-20 03:17:24] [javac-extractor-29580] Processing file C:\Sidd all in one\Unsafe\Lab6\Repos\zxing\zxingorg\src\main\java\com\google\zxing\web\ChartServletRequestParameters.java
[2025-10-20 03:17:24] [javac-extractor-29580] [WARN] Not rewriting trap file for C:\Sidd all in one\Unsafe\Lab6\CodeQL-Databases\zxing-codeql-db\trap\java\classes\com\google\zxing\qrcode\decoder\ErrorCorrectionLevel.members\ErrorCorrectionLevel.members#52.0-1760910354645-java.trap.gz as C:\Sidd all in one\Unsafe\Lab6\CodeQL-Databases\zxing-codeql-db\trap\java\classes\com\google\zxing\qrcode\decoder\ErrorCorrectionLevel.members\ErrorCorrectionLevel.members#0.0-1760887996492-java.trap.gz exists
[2025-10-20 03:17:24] [javac-extractor-29580] Processing file C:\Sidd all in one\Unsafe\Lab6\Repos\zxing\zxingorg\src\main\java\com\google\zxing\web\DecodeDoSFilter.java
[2025-10-20 03:17:24] [javac-extractor-29580] Processing file C:\Sidd all in one\Unsafe\Lab6\Repos\zxing\zxingorg\src\main\java\com\google\zxing\web\DecodeServlet.java
[2025-10-20 03:17:24] [javac-extractor-29580] [WARN] Not rewriting trap file for C:\Sidd all in one\Unsafe\Lab6\CodeQL-Databases\zxing-codeql-db\trap\java\classes\com\google\zxing\BarcodeFormat.members\BarcodeFormat.members#52.0-1760910352538-java.trap.gz as C:\Sidd all in one\Unsafe\Lab6\CodeQL-Databases\zxing-codeql-db\trap\java\classes\com\google\zxing\BarcodeFormat.members\BarcodeFormat.members#0.0-1760887996289-java.trap.gz exists
[2025-10-20 03:17:24] [javac-extractor-29580] [WARN] Not rewriting trap file for C:\Sidd all in one\Unsafe\Lab6\CodeQL-Databases\zxing-codeql-db\trap\java\classes\com\google\zxing\BinaryBitmap.members\BinaryBitmap.members#52.0-1760910352779-java.trap.gz as C:\Sidd all in one\Unsafe\Lab6\CodeQL-Databases\zxing-codeql-db\trap\java\classes\com\google\zxing\BinaryBitmap.members\BinaryBitmap.members#0.0-1760887996291-java.trap.gz exists
[2025-10-20 03:17:24] [javac-extractor-29580] [WARN] Not rewriting trap file for C:\Sidd all in one\Unsafe\Lab6\CodeQL-Databases\zxing-codeql-db\trap\java\classes\com\google\zxing\ChecksumException.members\ChecksumException.members#52.0-1760910352788-java.trap.gz as C:\Sidd all in one\Unsafe\Lab6\CodeQL-Databases\zxing-codeql-db\trap\java\classes\com\google\zxing\ChecksumException.members\ChecksumException.members#0.0-1760887996291-java.trap.gz exists
[2025-10-20 03:17:24] [javac-extractor-29580] [WARN] Not rewriting trap file for C:\Sidd all in one\Unsafe\Lab6\CodeQL-Databases\zxing-codeql-db\trap\java\classes\com\google\zxing\DecodeHintType.members\DecodeHintType.members#52.0-1760910352807-java.trap.gz as C:\Sidd all in one\Unsafe\Lab6\CodeQL-Databases\zxing-codeql-db\trap\java\classes\com\google\zxing\DecodeHintType.members\DecodeHintType.members#0.0-1760887996291-java.trap.gz exists
[2025-10-20 03:17:24] [javac-extractor-29580] [WARN] Not rewriting trap file for C:\Sidd all in one\Unsafe\Lab6\CodeQL-Databases\zxing-codeql-db\trap\java\classes\com\google\zxing\FormatException.members\FormatException.members#52.0-1760910352829-java.trap.gz as C:\Sidd all in one\Unsafe\Lab6\CodeQL-Databases\zxing-codeql-db\trap\java\classes\com\google\zxing\FormatException.members\FormatException.members#0.0-1760887996294-java.trap.gz exists
[2025-10-20 03:17:24] [javac-extractor-29580] [WARN] Not rewriting trap file for C:\Sidd all in one\Unsafe\Lab6\CodeQL-Databases\zxing-codeql-db\trap\java\classes\com\google\zxing\LuminanceSource.members\LuminanceSource.members#52.0-1760910352613-java.trap.gz as C:\Sidd all in one\Unsafe\Lab6\CodeQL-Databases\zxing-codeql-db\trap\java\classes\com\google\zxing\LuminanceSource.members\LuminanceSource.members#0.0-1760887996294-java.trap.gz exists
[2025-10-20 03:17:24] [javac-extractor-29580] [WARN] Not rewriting trap file for C:\Sidd all in one\Unsafe\Lab6\CodeQL-Databases\zxing-codeql-db\trap\java\classes\com\google\zxing\MultiFormatReader.members\MultiFormatReader.members#52.0-1760910352872-java.trap.gz as C:\Sidd all in one\Unsafe\Lab6\CodeQL-Databases\zxing-codeql-db\trap\java\classes\com\google\zxing\MultiFormatReader.members\MultiFormatReader.members#0.0-1760887996294-java.trap.gz exists
[2025-10-20 03:17:24] [javac-extractor-29580] [WARN] Not rewriting trap file for C:\Sidd all in one\Unsafe\Lab6\CodeQL-Databases\zxing-codeql-db\trap\java\classes\com\google\zxing\NotFoundException.members\NotFoundException.members#52.0-1760910352708-java.trap.gz as C:\Sidd all in one\Unsafe\Lab6\CodeQL-Databases\zxing-codeql-db\trap\java\classes\com\google\zxing\NotFoundException.members\NotFoundException.members#0.0-1760887996294-java.trap.gz exists
[2025-10-20 03:17:24] [javac-extractor-29580] [WARN] Not rewriting trap file for C:\Sidd all in one\Unsafe\Lab6\CodeQL-Databases\zxing-codeql-db\trap\java\classes\com\google\zxing\Reader.members\Reader.members#52.0-1760910352876-java.trap.gz as C:\Sidd all in one\Unsafe\Lab6\CodeQL-Databases\zxing-codeql-db\trap\java\classes\com\google\zxing\Reader.members\Reader.members#0.0-1760887996298-java.trap.gz exists
[2025-10-20 03:17:24] [javac-extractor-29580] [WARN] Not rewriting trap file for C:\Sidd all in one\Unsafe\Lab6\CodeQL-Databases\zxing-codeql-db\trap\java\classes\com\google\zxing\ReaderException.members\ReaderException.members#52.0-1760910352712-java.trap.gz as C:\Sidd all in one\Unsafe\Lab6\CodeQL-Databases\zxing-codeql-db\trap\java\classes\com\google\zxing\ReaderException.members\ReaderException.members#0.0-1760887996299-java.trap.gz exists
[2025-10-20 03:17:24] [javac-extractor-29580] [WARN] Not rewriting trap file for C:\Sidd all in one\Unsafe\Lab6\CodeQL-Databases\zxing-codeql-db\trap\java\classes\com\google\zxing\Result.members\Result.members#52.0-1760910352891-java.trap.gz as C:\Sidd all in one\Unsafe\Lab6\CodeQL-Databases\zxing-codeql-db\trap\java\classes\com\google\zxing\Result.members\Result.members#0.0-1760887996299-java.trap.gz exists
[2025-10-20 03:17:24] [javac-extractor-29580] [WARN] Not rewriting trap file for C:\Sidd all in one\Unsafe\Lab6\CodeQL-Databases\zxing-codeql-db\trap\java\classes\com\google\zxing\client\j2se\BufferedImageLuminanceSource.members\BufferedImageLuminanceSource.members#52.0-1760910387818-java.trap.gz as C:\Sidd all in one\Unsafe\Lab6\CodeQL-Databases\zxing-codeql-db\trap\java\classes\com\google\zxing\client\j2se\BufferedImageLuminanceSource.members\BufferedImageLuminanceSource.members#0.0-1760887999679-java.trap.gz exists
[2025-10-20 03:17:24] [javac-extractor-29580] [WARN] Not rewriting trap file for C:\Sidd all in one\Unsafe\Lab6\CodeQL-Databases\zxing-codeql-db\trap\java\classes\com\google\zxing\client\j2se\ImageReader.members\ImageReader.members#52.0-1760910388079-java.trap.gz as C:\Sidd all in one\Unsafe\Lab6\CodeQL-Databases\zxing-codeql-db\trap\java\classes\com\google\zxing\client\j2se\ImageReader.members\ImageReader.members#0.0-1760887999683-java.trap.gz exists
[2025-10-20 03:17:24] [javac-extractor-29580] [WARN] Not rewriting trap file for C:\Sidd all in one\Unsafe\Lab6\CodeQL-Databases\zxing-codeql-db\trap\java\classes\com\google\zxing\common\GlobalHistogramBinarizer.members\GlobalHistogramBinarizer.members#52.0-1760910353752-java.trap.gz as C:\Sidd all in one\Unsafe\Lab6\CodeQL-Databases\zxing-codeql-db\trap\java\classes\com\google\zxing\common\GlobalHistogramBinarizer.members\GlobalHistogramBinarizer.members#0.0-1760887996347-java.trap.gz exists
[2025-10-20 03:17:24] [javac-extractor-29580] [WARN] Not rewriting trap file for C:\Sidd all in one\Unsafe\Lab6\CodeQL-Databases\zxing-codeql-db\trap\java\classes\com\google\zxing\common\HybridBinarizer.members\HybridBinarizer.members#52.0-1760910353767-java.trap.gz as C:\Sidd all in one\Unsafe\Lab6\CodeQL-Databases\zxing-codeql-db\trap\java\classes\com\google\zxing\common\HybridBinarizer.members\HybridBinarizer.members#0.0-1760887996348-java.trap.gz exists
[2025-10-20 03:17:24] [javac-extractor-29580] [WARN] Not rewriting trap file for C:\Sidd all in one\Unsafe\Lab6\CodeQL-Databases\zxing-codeql-db\trap\java\classes\com\google\zxing\multi\GenericMultipleBarcodeReader.members\GenericMultipleBarcodeReader.members#52.0-1760910354486-java.trap.gz as C:\Sidd all in one\Unsafe\Lab6\CodeQL-Databases\zxing-codeql-db\trap\java\classes\com\google\zxing\multi\GenericMultipleBarcodeReader.members\GenericMultipleBarcodeReader.members#0.0-1760887996381-java.trap.gz exists
[2025-10-20 03:17:24] [javac-extractor-29580] [WARN] Not rewriting trap file for C:\Sidd all in one\Unsafe\Lab6\CodeQL-Databases\zxing-codeql-db\trap\java\classes\com\google\zxing\multi\MultipleBarcodeReader.members\MultipleBarcodeReader.members#52.0-1760910354488-java.trap.gz as C:\Sidd all in one\Unsafe\Lab6\CodeQL-Databases\zxing-codeql-db\trap\java\classes\com\google\zxing\multi\MultipleBarcodeReader.members\MultipleBarcodeReader.members#0.0-1760887996381-java.trap.gz exists
[2025-10-20 03:17:24] [javac-extractor-29580] [WARN] Not rewriting trap file for C:\Sidd all in one\Unsafe\Lab6\CodeQL-Databases\zxing-codeql-db\trap\java\classes\com\google\zxing\Binarizer.members\Binarizer.members#52.0-1760910352560-java.trap.gz as C:\Sidd all in one\Unsafe\Lab6\CodeQL-Databases\zxing-codeql-db\trap\java\classes\com\google\zxing\Binarizer.members\Binarizer.members#0.0-1760887996289-java.trap.gz exists
[2025-10-20 03:17:25] [javac-extractor-29580] Processing JAR file: C:/Users/Siddhesh/.m2/repository/org/jspecify/jspecify/1.0.0/jspecify-1.0.0.jar
[2025-10-20 03:17:25] [javac-extractor-29580] Processing file C:\Sidd all in one\Unsafe\Lab6\Repos\zxing\zxingorg\src\main\java\com\google\zxing\web\HTTPSFilter.java
[2025-10-20 03:17:25] [javac-extractor-29580] Processing file C:\Sidd all in one\Unsafe\Lab6\Repos\zxing\zxingorg\src\main\java\com\google\zxing\web\LRUMap.java
[2025-10-20 03:17:25] [javac-extractor-29580] Processing file C:\Sidd all in one\Unsafe\Lab6\Repos\zxing\zxingorg\src\main\java\com\google\zxing\web\OutputUtils.java
[2025-10-20 03:17:25] [javac-extractor-29580] Processing file C:\Sidd all in one\Unsafe\Lab6\Repos\zxing\zxingorg\src\main\java\com\google\zxing\web\ServletContextLogHandler.java
[2025-10-20 03:17:25] [javac-extractor-29580] Processing file C:\Sidd all in one\Unsafe\Lab6\Repos\zxing\zxingorg\src\main\java\com\google\zxing\web\TimeoutFilter.java
[2025-10-20 03:17:25] [javac-extractor-29580] Processing file C:\Sidd all in one\Unsafe\Lab6\Repos\zxing\zxingorg\src\main\java\com\google\zxing\web\WelcomeFilter.java
[2025-10-20 03:17:25] [javac-extractor-29580] Javac init time: 2.9s
[2025-10-20 03:17:25] [javac-extractor-29580] Javac attr time: 0.4s
[2025-10-20 03:17:25] [javac-extractor-29580] Extractor time: 4.4s
[2025-10-20 03:17:25] [javac-extractor-29580] Other time: 0.3s
[2025-10-20 03:17:25] [javac-extractor-29580] Total time: 8.0s
